5: inc a.*
6: dec c.*
\d: jnz c -2.*

{a=12, b=0, c=0, d=0}
1: cpy a d    {a=12, b=0, c=0, d=12}
2: cpy a c    {a=12, b=0, c=12, d=12}
3: dec c      {a=12, b=0, c=11, d=12}
4: mul c d    {a=132, b=0, c=11, d=12}
5: cpy a d    {a=132, b=0, c=11, d=132}
6: dec c      {a=132, b=0, c=10, d=132}
3: jnz c -3   {a=132, b=0, c=10, d=132}
4: mul c d    {a=1320, b=0, c=10, d=132}
5: cpy a d    {a=1320, b=0, c=10, d=1320}
6: dec c      {a=1320, b=0, c=9, d=1320}
3: jnz c -3   {a=1320, b=0, c=9, d=1320}
4: mul c d    {a=11880, b=0, c=9, d=1320}
5: cpy a d    {a=11880, b=0, c=9, d=11880}
6: dec c      {a=11880, b=0, c=8, d=11880}
3: jnz c -3   {a=11880, b=0, c=8, d=11880}
4: mul c d    {a=95040, b=0, c=8, d=11880}
5: cpy a d    {a=95040, b=0, c=8, d=95040}
6: dec c      {a=95040, b=0, c=7, d=95040}
3: jnz c -3   {a=95040, b=0, c=7, d=95040}
4: mul c d    {a=665280, b=0, c=7, d=95040}
5: cpy a d    {a=665280, b=0, c=7, d=665280}
6: dec c      {a=665280, b=0, c=6, d=665280}
3: jnz c -3   {a=665280, b=0, c=6, d=665280}
4: mul c d    {a=3991680, b=0, c=6, d=665280}
5: cpy a d    {a=3991680, b=0, c=6, d=3991680}
6: dec c      {a=3991680, b=0, c=5, d=3991680}
3: jnz c -3   {a=3991680, b=0, c=5, d=3991680}
4: mul c d    {a=19958400, b=0, c=5, d=3991680}
5: cpy a d    {a=19958400, b=0, c=5, d=19958400}
6: dec c      {a=19958400, b=0, c=4, d=19958400}
3: jnz c -3   {a=19958400, b=0, c=4, d=19958400}
4: mul c d    {a=79833600, b=0, c=4, d=19958400}
5: cpy a d    {a=79833600, b=0, c=4, d=79833600}
6: dec c      {a=79833600, b=0, c=3, d=79833600}
3: jnz c -3   {a=79833600, b=0, c=3, d=79833600}
4: mul c d    {a=239500800, b=0, c=3, d=79833600}
5: cpy a d    {a=239500800, b=0, c=3, d=239500800}
6: dec c      {a=239500800, b=0, c=2, d=239500800}
3: jnz c -3   {a=239500800, b=0, c=2, d=239500800}
4: mul c d    {a=479001600, b=0, c=2, d=239500800}
5: cpy a d    {a=479001600, b=0, c=2, d=479001600}
6: dec c      {a=479001600, b=0, c=1, d=479001600}
3: jnz c -3   {a=479001600, b=0, c=1, d=479001600}
4: mul c d    {a=479001600, b=0, c=1, d=479001600}
5: cpy a d    {a=479001600, b=0, c=1, d=479001600}
6: dec c      {a=479001600, b=0, c=0, d=479001600}
7: jnz c -3   {a=479001600, b=0, c=0, d=479001600}
8: cpy 73 c   {a=479001600, b=0, c=73, d=479001600}
9: cpy 80 d   {a=479001600, b=0, c=73, d=80}
10: inc a      {a=479001601, b=0, c=73, d=80}
11: dec d      {a=479001601, b=0, c=73, d=79}
9: jnz d -2   {a=479001601, b=0, c=73, d=79}
10: inc a      {a=479001602, b=0, c=73, d=79}
11: dec d      {a=479001602, b=0, c=73, d=78}
9: jnz d -2   {a=479001602, b=0, c=73, d=78}
10: inc a      {a=479001603, b=0, c=73, d=78}
11: dec d      {a=479001603, b=0, c=73, d=77}
9: jnz d -2   {a=479001603, b=0, c=73, d=77}
10: inc a      {a=479001604, b=0, c=73, d=77}
11: dec d      {a=479001604, b=0, c=73, d=76}
9: jnz d -2   {a=479001604, b=0, c=73, d=76}
10: inc a      {a=479001605, b=0, c=73, d=76}
11: dec d      {a=479001605, b=0, c=73, d=75}
9: jnz d -2   {a=479001605, b=0, c=73, d=75}
10: inc a      {a=479001606, b=0, c=73, d=75}
11: dec d      {a=479001606, b=0, c=73, d=74}
9: jnz d -2   {a=479001606, b=0, c=73, d=74}
10: inc a      {a=479001607, b=0, c=73, d=74}
11: dec d      {a=479001607, b=0, c=73, d=73}
9: jnz d -2   {a=479001607, b=0, c=73, d=73}
10: inc a      {a=479001608, b=0, c=73, d=73}
11: dec d      {a=479001608, b=0, c=73, d=72}
9: jnz d -2   {a=479001608, b=0, c=73, d=72}
10: inc a      {a=479001609, b=0, c=73, d=72}
11: dec d      {a=479001609, b=0, c=73, d=71}
9: jnz d -2   {a=479001609, b=0, c=73, d=71}
10: inc a      {a=479001610, b=0, c=73, d=71}
11: dec d      {a=479001610, b=0, c=73, d=70}
9: jnz d -2   {a=479001610, b=0, c=73, d=70}
10: inc a      {a=479001611, b=0, c=73, d=70}
11: dec d      {a=479001611, b=0, c=73, d=69}
9: jnz d -2   {a=479001611, b=0, c=73, d=69}
10: inc a      {a=479001612, b=0, c=73, d=69}
11: dec d      {a=479001612, b=0, c=73, d=68}
9: jnz d -2   {a=479001612, b=0, c=73, d=68}
10: inc a      {a=479001613, b=0, c=73, d=68}
11: dec d      {a=479001613, b=0, c=73, d=67}
9: jnz d -2   {a=479001613, b=0, c=73, d=67}
10: inc a      {a=479001614, b=0, c=73, d=67}
11: dec d      {a=479001614, b=0, c=73, d=66}
9: jnz d -2   {a=479001614, b=0, c=73, d=66}
10: inc a      {a=479001615, b=0, c=73, d=66}
11: dec d      {a=479001615, b=0, c=73, d=65}
9: jnz d -2   {a=479001615, b=0, c=73, d=65}
10: inc a      {a=479001616, b=0, c=73, d=65}
11: dec d      {a=479001616, b=0, c=73, d=64}
9: jnz d -2   {a=479001616, b=0, c=73, d=64}
10: inc a      {a=479001617, b=0, c=73, d=64}
11: dec d      {a=479001617, b=0, c=73, d=63}
9: jnz d -2   {a=479001617, b=0, c=73, d=63}
10: inc a      {a=479001618, b=0, c=73, d=63}
11: dec d      {a=479001618, b=0, c=73, d=62}
9: jnz d -2   {a=479001618, b=0, c=73, d=62}
10: inc a      {a=479001619, b=0, c=73, d=62}
11: dec d      {a=479001619, b=0, c=73, d=61}
9: jnz d -2   {a=479001619, b=0, c=73, d=61}
10: inc a      {a=479001620, b=0, c=73, d=61}
11: dec d      {a=479001620, b=0, c=73, d=60}
9: jnz d -2   {a=479001620, b=0, c=73, d=60}
10: inc a      {a=479001621, b=0, c=73, d=60}
11: dec d      {a=479001621, b=0, c=73, d=59}
9: jnz d -2   {a=479001621, b=0, c=73, d=59}
10: inc a      {a=479001622, b=0, c=73, d=59}
11: dec d      {a=479001622, b=0, c=73, d=58}
9: jnz d -2   {a=479001622, b=0, c=73, d=58}
10: inc a      {a=479001623, b=0, c=73, d=58}
11: dec d      {a=479001623, b=0, c=73, d=57}
9: jnz d -2   {a=479001623, b=0, c=73, d=57}
10: inc a      {a=479001624, b=0, c=73, d=57}
11: dec d      {a=479001624, b=0, c=73, d=56}
9: jnz d -2   {a=479001624, b=0, c=73, d=56}
10: inc a      {a=479001625, b=0, c=73, d=56}
11: dec d      {a=479001625, b=0, c=73, d=55}
9: jnz d -2   {a=479001625, b=0, c=73, d=55}
10: inc a      {a=479001626, b=0, c=73, d=55}
11: dec d      {a=479001626, b=0, c=73, d=54}
9: jnz d -2   {a=479001626, b=0, c=73, d=54}
10: inc a      {a=479001627, b=0, c=73, d=54}
11: dec d      {a=479001627, b=0, c=73, d=53}
9: jnz d -2   {a=479001627, b=0, c=73, d=53}
10: inc a      {a=479001628, b=0, c=73, d=53}
11: dec d      {a=479001628, b=0, c=73, d=52}
9: jnz d -2   {a=479001628, b=0, c=73, d=52}
10: inc a      {a=479001629, b=0, c=73, d=52}
11: dec d      {a=479001629, b=0, c=73, d=51}
9: jnz d -2   {a=479001629, b=0, c=73, d=51}
10: inc a      {a=479001630, b=0, c=73, d=51}
11: dec d      {a=479001630, b=0, c=73, d=50}
9: jnz d -2   {a=479001630, b=0, c=73, d=50}
10: inc a      {a=479001631, b=0, c=73, d=50}
11: dec d      {a=479001631, b=0, c=73, d=49}
9: jnz d -2   {a=479001631, b=0, c=73, d=49}
10: inc a      {a=479001632, b=0, c=73, d=49}
11: dec d      {a=479001632, b=0, c=73, d=48}
9: jnz d -2   {a=479001632, b=0, c=73, d=48}
10: inc a      {a=479001633, b=0, c=73, d=48}
11: dec d      {a=479001633, b=0, c=73, d=47}
9: jnz d -2   {a=479001633, b=0, c=73, d=47}
10: inc a      {a=479001634, b=0, c=73, d=47}
11: dec d      {a=479001634, b=0, c=73, d=46}
9: jnz d -2   {a=479001634, b=0, c=73, d=46}
10: inc a      {a=479001635, b=0, c=73, d=46}
11: dec d      {a=479001635, b=0, c=73, d=45}
9: jnz d -2   {a=479001635, b=0, c=73, d=45}
10: inc a      {a=479001636, b=0, c=73, d=45}
11: dec d      {a=479001636, b=0, c=73, d=44}
9: jnz d -2   {a=479001636, b=0, c=73, d=44}
10: inc a      {a=479001637, b=0, c=73, d=44}
11: dec d      {a=479001637, b=0, c=73, d=43}
9: jnz d -2   {a=479001637, b=0, c=73, d=43}
10: inc a      {a=479001638, b=0, c=73, d=43}
11: dec d      {a=479001638, b=0, c=73, d=42}
9: jnz d -2   {a=479001638, b=0, c=73, d=42}
10: inc a      {a=479001639, b=0, c=73, d=42}
11: dec d      {a=479001639, b=0, c=73, d=41}
9: jnz d -2   {a=479001639, b=0, c=73, d=41}
10: inc a      {a=479001640, b=0, c=73, d=41}
11: dec d      {a=479001640, b=0, c=73, d=40}
9: jnz d -2   {a=479001640, b=0, c=73, d=40}
10: inc a      {a=479001641, b=0, c=73, d=40}
11: dec d      {a=479001641, b=0, c=73, d=39}
9: jnz d -2   {a=479001641, b=0, c=73, d=39}
10: inc a      {a=479001642, b=0, c=73, d=39}
11: dec d      {a=479001642, b=0, c=73, d=38}
9: jnz d -2   {a=479001642, b=0, c=73, d=38}
10: inc a      {a=479001643, b=0, c=73, d=38}
11: dec d      {a=479001643, b=0, c=73, d=37}
9: jnz d -2   {a=479001643, b=0, c=73, d=37}
10: inc a      {a=479001644, b=0, c=73, d=37}
11: dec d      {a=479001644, b=0, c=73, d=36}
9: jnz d -2   {a=479001644, b=0, c=73, d=36}
10: inc a      {a=479001645, b=0, c=73, d=36}
11: dec d      {a=479001645, b=0, c=73, d=35}
9: jnz d -2   {a=479001645, b=0, c=73, d=35}
10: inc a      {a=479001646, b=0, c=73, d=35}
11: dec d      {a=479001646, b=0, c=73, d=34}
9: jnz d -2   {a=479001646, b=0, c=73, d=34}
10: inc a      {a=479001647, b=0, c=73, d=34}
11: dec d      {a=479001647, b=0, c=73, d=33}
9: jnz d -2   {a=479001647, b=0, c=73, d=33}
10: inc a      {a=479001648, b=0, c=73, d=33}
11: dec d      {a=479001648, b=0, c=73, d=32}
9: jnz d -2   {a=479001648, b=0, c=73, d=32}
10: inc a      {a=479001649, b=0, c=73, d=32}
11: dec d      {a=479001649, b=0, c=73, d=31}
9: jnz d -2   {a=479001649, b=0, c=73, d=31}
10: inc a      {a=479001650, b=0, c=73, d=31}
11: dec d      {a=479001650, b=0, c=73, d=30}
9: jnz d -2   {a=479001650, b=0, c=73, d=30}
10: inc a      {a=479001651, b=0, c=73, d=30}
11: dec d      {a=479001651, b=0, c=73, d=29}
9: jnz d -2   {a=479001651, b=0, c=73, d=29}
10: inc a      {a=479001652, b=0, c=73, d=29}
11: dec d      {a=479001652, b=0, c=73, d=28}
9: jnz d -2   {a=479001652, b=0, c=73, d=28}
10: inc a      {a=479001653, b=0, c=73, d=28}
11: dec d      {a=479001653, b=0, c=73, d=27}
9: jnz d -2   {a=479001653, b=0, c=73, d=27}
10: inc a      {a=479001654, b=0, c=73, d=27}
11: dec d      {a=479001654, b=0, c=73, d=26}
9: jnz d -2   {a=479001654, b=0, c=73, d=26}
10: inc a      {a=479001655, b=0, c=73, d=26}
11: dec d      {a=479001655, b=0, c=73, d=25}
9: jnz d -2   {a=479001655, b=0, c=73, d=25}
10: inc a      {a=479001656, b=0, c=73, d=25}
11: dec d      {a=479001656, b=0, c=73, d=24}
9: jnz d -2   {a=479001656, b=0, c=73, d=24}
10: inc a      {a=479001657, b=0, c=73, d=24}
11: dec d      {a=479001657, b=0, c=73, d=23}
9: jnz d -2   {a=479001657, b=0, c=73, d=23}
10: inc a      {a=479001658, b=0, c=73, d=23}
11: dec d      {a=479001658, b=0, c=73, d=22}
9: jnz d -2   {a=479001658, b=0, c=73, d=22}
10: inc a      {a=479001659, b=0, c=73, d=22}
11: dec d      {a=479001659, b=0, c=73, d=21}
9: jnz d -2   {a=479001659, b=0, c=73, d=21}
10: inc a      {a=479001660, b=0, c=73, d=21}
11: dec d      {a=479001660, b=0, c=73, d=20}
9: jnz d -2   {a=479001660, b=0, c=73, d=20}
10: inc a      {a=479001661, b=0, c=73, d=20}
11: dec d      {a=479001661, b=0, c=73, d=19}
9: jnz d -2   {a=479001661, b=0, c=73, d=19}
10: inc a      {a=479001662, b=0, c=73, d=19}
11: dec d      {a=479001662, b=0, c=73, d=18}
9: jnz d -2   {a=479001662, b=0, c=73, d=18}
10: inc a      {a=479001663, b=0, c=73, d=18}
11: dec d      {a=479001663, b=0, c=73, d=17}
9: jnz d -2   {a=479001663, b=0, c=73, d=17}
10: inc a      {a=479001664, b=0, c=73, d=17}
11: dec d      {a=479001664, b=0, c=73, d=16}
9: jnz d -2   {a=479001664, b=0, c=73, d=16}
10: inc a      {a=479001665, b=0, c=73, d=16}
11: dec d      {a=479001665, b=0, c=73, d=15}
9: jnz d -2   {a=479001665, b=0, c=73, d=15}
10: inc a      {a=479001666, b=0, c=73, d=15}
11: dec d      {a=479001666, b=0, c=73, d=14}
9: jnz d -2   {a=479001666, b=0, c=73, d=14}
10: inc a      {a=479001667, b=0, c=73, d=14}
11: dec d      {a=479001667, b=0, c=73, d=13}
9: jnz d -2   {a=479001667, b=0, c=73, d=13}
10: inc a      {a=479001668, b=0, c=73, d=13}
11: dec d      {a=479001668, b=0, c=73, d=12}
9: jnz d -2   {a=479001668, b=0, c=73, d=12}
10: inc a      {a=479001669, b=0, c=73, d=12}
11: dec d      {a=479001669, b=0, c=73, d=11}
9: jnz d -2   {a=479001669, b=0, c=73, d=11}
10: inc a      {a=479001670, b=0, c=73, d=11}
11: dec d      {a=479001670, b=0, c=73, d=10}
9: jnz d -2   {a=479001670, b=0, c=73, d=10}
10: inc a      {a=479001671, b=0, c=73, d=10}
11: dec d      {a=479001671, b=0, c=73, d=9}
9: jnz d -2   {a=479001671, b=0, c=73, d=9}
10: inc a      {a=479001672, b=0, c=73, d=9}
11: dec d      {a=479001672, b=0, c=73, d=8}
9: jnz d -2   {a=479001672, b=0, c=73, d=8}
10: inc a      {a=479001673, b=0, c=73, d=8}
11: dec d      {a=479001673, b=0, c=73, d=7}
9: jnz d -2   {a=479001673, b=0, c=73, d=7}
10: inc a      {a=479001674, b=0, c=73, d=7}
11: dec d      {a=479001674, b=0, c=73, d=6}
9: jnz d -2   {a=479001674, b=0, c=73, d=6}
10: inc a      {a=479001675, b=0, c=73, d=6}
11: dec d      {a=479001675, b=0, c=73, d=5}
9: jnz d -2   {a=479001675, b=0, c=73, d=5}
10: inc a      {a=479001676, b=0, c=73, d=5}
11: dec d      {a=479001676, b=0, c=73, d=4}
9: jnz d -2   {a=479001676, b=0, c=73, d=4}
10: inc a      {a=479001677, b=0, c=73, d=4}
11: dec d      {a=479001677, b=0, c=73, d=3}
9: jnz d -2   {a=479001677, b=0, c=73, d=3}
10: inc a      {a=479001678, b=0, c=73, d=3}
11: dec d      {a=479001678, b=0, c=73, d=2}
9: jnz d -2   {a=479001678, b=0, c=73, d=2}
10: inc a      {a=479001679, b=0, c=73, d=2}
11: dec d      {a=479001679, b=0, c=73, d=1}
9: jnz d -2   {a=479001679, b=0, c=73, d=1}
10: inc a      {a=479001680, b=0, c=73, d=1}
11: dec d      {a=479001680, b=0, c=73, d=0}
12: jnz d -2   {a=479001680, b=0, c=73, d=0}
13: dec c      {a=479001680, b=0, c=72, d=0}
8: jnz c -5   {a=479001680, b=0, c=72, d=0}
9: cpy 80 d   {a=479001680, b=0, c=72, d=80}
10: inc a      {a=479001681, b=0, c=72, d=80}
11: dec d      {a=479001681, b=0, c=72, d=79}
9: jnz d -2   {a=479001681, b=0, c=72, d=79}
10: inc a      {a=479001682, b=0, c=72, d=79}
11: dec d      {a=479001682, b=0, c=72, d=78}
9: jnz d -2   {a=479001682, b=0, c=72, d=78}
10: inc a      {a=479001683, b=0, c=72, d=78}
11: dec d      {a=479001683, b=0, c=72, d=77}
9: jnz d -2   {a=479001683, b=0, c=72, d=77}
10: inc a      {a=479001684, b=0, c=72, d=77}
11: dec d      {a=479001684, b=0, c=72, d=76}
9: jnz d -2   {a=479001684, b=0, c=72, d=76}
10: inc a      {a=479001685, b=0, c=72, d=76}
11: dec d      {a=479001685, b=0, c=72, d=75}
9: jnz d -2   {a=479001685, b=0, c=72, d=75}
10: inc a      {a=479001686, b=0, c=72, d=75}
11: dec d      {a=479001686, b=0, c=72, d=74}
9: jnz d -2   {a=479001686, b=0, c=72, d=74}
10: inc a      {a=479001687, b=0, c=72, d=74}
11: dec d      {a=479001687, b=0, c=72, d=73}
9: jnz d -2   {a=479001687, b=0, c=72, d=73}
10: inc a      {a=479001688, b=0, c=72, d=73}
11: dec d      {a=479001688, b=0, c=72, d=72}
9: jnz d -2   {a=479001688, b=0, c=72, d=72}
10: inc a      {a=479001689, b=0, c=72, d=72}
11: dec d      {a=479001689, b=0, c=72, d=71}
9: jnz d -2   {a=479001689, b=0, c=72, d=71}
10: inc a      {a=479001690, b=0, c=72, d=71}
11: dec d      {a=479001690, b=0, c=72, d=70}
9: jnz d -2   {a=479001690, b=0, c=72, d=70}
10: inc a      {a=479001691, b=0, c=72, d=70}
11: dec d      {a=479001691, b=0, c=72, d=69}
9: jnz d -2   {a=479001691, b=0, c=72, d=69}
10: inc a      {a=479001692, b=0, c=72, d=69}
11: dec d      {a=479001692, b=0, c=72, d=68}
9: jnz d -2   {a=479001692, b=0, c=72, d=68}
10: inc a      {a=479001693, b=0, c=72, d=68}
11: dec d      {a=479001693, b=0, c=72, d=67}
9: jnz d -2   {a=479001693, b=0, c=72, d=67}
10: inc a      {a=479001694, b=0, c=72, d=67}
11: dec d      {a=479001694, b=0, c=72, d=66}
9: jnz d -2   {a=479001694, b=0, c=72, d=66}
10: inc a      {a=479001695, b=0, c=72, d=66}
11: dec d      {a=479001695, b=0, c=72, d=65}
9: jnz d -2   {a=479001695, b=0, c=72, d=65}
10: inc a      {a=479001696, b=0, c=72, d=65}
11: dec d      {a=479001696, b=0, c=72, d=64}
9: jnz d -2   {a=479001696, b=0, c=72, d=64}
10: inc a      {a=479001697, b=0, c=72, d=64}
11: dec d      {a=479001697, b=0, c=72, d=63}
9: jnz d -2   {a=479001697, b=0, c=72, d=63}
10: inc a      {a=479001698, b=0, c=72, d=63}
11: dec d      {a=479001698, b=0, c=72, d=62}
9: jnz d -2   {a=479001698, b=0, c=72, d=62}
10: inc a      {a=479001699, b=0, c=72, d=62}
11: dec d      {a=479001699, b=0, c=72, d=61}
9: jnz d -2   {a=479001699, b=0, c=72, d=61}
10: inc a      {a=479001700, b=0, c=72, d=61}
11: dec d      {a=479001700, b=0, c=72, d=60}
9: jnz d -2   {a=479001700, b=0, c=72, d=60}
10: inc a      {a=479001701, b=0, c=72, d=60}
11: dec d      {a=479001701, b=0, c=72, d=59}
9: jnz d -2   {a=479001701, b=0, c=72, d=59}
10: inc a      {a=479001702, b=0, c=72, d=59}
11: dec d      {a=479001702, b=0, c=72, d=58}
9: jnz d -2   {a=479001702, b=0, c=72, d=58}
10: inc a      {a=479001703, b=0, c=72, d=58}
11: dec d      {a=479001703, b=0, c=72, d=57}
9: jnz d -2   {a=479001703, b=0, c=72, d=57}
10: inc a      {a=479001704, b=0, c=72, d=57}
11: dec d      {a=479001704, b=0, c=72, d=56}
9: jnz d -2   {a=479001704, b=0, c=72, d=56}
10: inc a      {a=479001705, b=0, c=72, d=56}
11: dec d      {a=479001705, b=0, c=72, d=55}
9: jnz d -2   {a=479001705, b=0, c=72, d=55}
10: inc a      {a=479001706, b=0, c=72, d=55}
11: dec d      {a=479001706, b=0, c=72, d=54}
9: jnz d -2   {a=479001706, b=0, c=72, d=54}
10: inc a      {a=479001707, b=0, c=72, d=54}
11: dec d      {a=479001707, b=0, c=72, d=53}
9: jnz d -2   {a=479001707, b=0, c=72, d=53}
10: inc a      {a=479001708, b=0, c=72, d=53}
11: dec d      {a=479001708, b=0, c=72, d=52}
9: jnz d -2   {a=479001708, b=0, c=72, d=52}
10: inc a      {a=479001709, b=0, c=72, d=52}
11: dec d      {a=479001709, b=0, c=72, d=51}
9: jnz d -2   {a=479001709, b=0, c=72, d=51}
10: inc a      {a=479001710, b=0, c=72, d=51}
11: dec d      {a=479001710, b=0, c=72, d=50}
9: jnz d -2   {a=479001710, b=0, c=72, d=50}
10: inc a      {a=479001711, b=0, c=72, d=50}
11: dec d      {a=479001711, b=0, c=72, d=49}
9: jnz d -2   {a=479001711, b=0, c=72, d=49}
10: inc a      {a=479001712, b=0, c=72, d=49}
11: dec d      {a=479001712, b=0, c=72, d=48}
9: jnz d -2   {a=479001712, b=0, c=72, d=48}
10: inc a      {a=479001713, b=0, c=72, d=48}
11: dec d      {a=479001713, b=0, c=72, d=47}
9: jnz d -2   {a=479001713, b=0, c=72, d=47}
10: inc a      {a=479001714, b=0, c=72, d=47}
11: dec d      {a=479001714, b=0, c=72, d=46}
9: jnz d -2   {a=479001714, b=0, c=72, d=46}
10: inc a      {a=479001715, b=0, c=72, d=46}
11: dec d      {a=479001715, b=0, c=72, d=45}
9: jnz d -2   {a=479001715, b=0, c=72, d=45}
10: inc a      {a=479001716, b=0, c=72, d=45}
11: dec d      {a=479001716, b=0, c=72, d=44}
9: jnz d -2   {a=479001716, b=0, c=72, d=44}
10: inc a      {a=479001717, b=0, c=72, d=44}
11: dec d      {a=479001717, b=0, c=72, d=43}
9: jnz d -2   {a=479001717, b=0, c=72, d=43}
10: inc a      {a=479001718, b=0, c=72, d=43}
11: dec d      {a=479001718, b=0, c=72, d=42}
9: jnz d -2   {a=479001718, b=0, c=72, d=42}
10: inc a      {a=479001719, b=0, c=72, d=42}
11: dec d      {a=479001719, b=0, c=72, d=41}
9: jnz d -2   {a=479001719, b=0, c=72, d=41}
10: inc a      {a=479001720, b=0, c=72, d=41}
11: dec d      {a=479001720, b=0, c=72, d=40}
9: jnz d -2   {a=479001720, b=0, c=72, d=40}
10: inc a      {a=479001721, b=0, c=72, d=40}
11: dec d      {a=479001721, b=0, c=72, d=39}
9: jnz d -2   {a=479001721, b=0, c=72, d=39}
10: inc a      {a=479001722, b=0, c=72, d=39}
11: dec d      {a=479001722, b=0, c=72, d=38}
9: jnz d -2   {a=479001722, b=0, c=72, d=38}
10: inc a      {a=479001723, b=0, c=72, d=38}
11: dec d      {a=479001723, b=0, c=72, d=37}
9: jnz d -2   {a=479001723, b=0, c=72, d=37}
10: inc a      {a=479001724, b=0, c=72, d=37}
11: dec d      {a=479001724, b=0, c=72, d=36}
9: jnz d -2   {a=479001724, b=0, c=72, d=36}
10: inc a      {a=479001725, b=0, c=72, d=36}
11: dec d      {a=479001725, b=0, c=72, d=35}
9: jnz d -2   {a=479001725, b=0, c=72, d=35}
10: inc a      {a=479001726, b=0, c=72, d=35}
11: dec d      {a=479001726, b=0, c=72, d=34}
9: jnz d -2   {a=479001726, b=0, c=72, d=34}
10: inc a      {a=479001727, b=0, c=72, d=34}
11: dec d      {a=479001727, b=0, c=72, d=33}
9: jnz d -2   {a=479001727, b=0, c=72, d=33}
10: inc a      {a=479001728, b=0, c=72, d=33}
11: dec d      {a=479001728, b=0, c=72, d=32}
9: jnz d -2   {a=479001728, b=0, c=72, d=32}
10: inc a      {a=479001729, b=0, c=72, d=32}
11: dec d      {a=479001729, b=0, c=72, d=31}
9: jnz d -2   {a=479001729, b=0, c=72, d=31}
10: inc a      {a=479001730, b=0, c=72, d=31}
11: dec d      {a=479001730, b=0, c=72, d=30}
9: jnz d -2   {a=479001730, b=0, c=72, d=30}
10: inc a      {a=479001731, b=0, c=72, d=30}
11: dec d      {a=479001731, b=0, c=72, d=29}
9: jnz d -2   {a=479001731, b=0, c=72, d=29}
10: inc a      {a=479001732, b=0, c=72, d=29}
11: dec d      {a=479001732, b=0, c=72, d=28}
9: jnz d -2   {a=479001732, b=0, c=72, d=28}
10: inc a      {a=479001733, b=0, c=72, d=28}
11: dec d      {a=479001733, b=0, c=72, d=27}
9: jnz d -2   {a=479001733, b=0, c=72, d=27}
10: inc a      {a=479001734, b=0, c=72, d=27}
11: dec d      {a=479001734, b=0, c=72, d=26}
9: jnz d -2   {a=479001734, b=0, c=72, d=26}
10: inc a      {a=479001735, b=0, c=72, d=26}
11: dec d      {a=479001735, b=0, c=72, d=25}
9: jnz d -2   {a=479001735, b=0, c=72, d=25}
10: inc a      {a=479001736, b=0, c=72, d=25}
11: dec d      {a=479001736, b=0, c=72, d=24}
9: jnz d -2   {a=479001736, b=0, c=72, d=24}
10: inc a      {a=479001737, b=0, c=72, d=24}
11: dec d      {a=479001737, b=0, c=72, d=23}
9: jnz d -2   {a=479001737, b=0, c=72, d=23}
10: inc a      {a=479001738, b=0, c=72, d=23}
11: dec d      {a=479001738, b=0, c=72, d=22}
9: jnz d -2   {a=479001738, b=0, c=72, d=22}
10: inc a      {a=479001739, b=0, c=72, d=22}
11: dec d      {a=479001739, b=0, c=72, d=21}
9: jnz d -2   {a=479001739, b=0, c=72, d=21}
10: inc a      {a=479001740, b=0, c=72, d=21}
11: dec d      {a=479001740, b=0, c=72, d=20}
9: jnz d -2   {a=479001740, b=0, c=72, d=20}
10: inc a      {a=479001741, b=0, c=72, d=20}
11: dec d      {a=479001741, b=0, c=72, d=19}
9: jnz d -2   {a=479001741, b=0, c=72, d=19}
10: inc a      {a=479001742, b=0, c=72, d=19}
11: dec d      {a=479001742, b=0, c=72, d=18}
9: jnz d -2   {a=479001742, b=0, c=72, d=18}
10: inc a      {a=479001743, b=0, c=72, d=18}
11: dec d      {a=479001743, b=0, c=72, d=17}
9: jnz d -2   {a=479001743, b=0, c=72, d=17}
10: inc a      {a=479001744, b=0, c=72, d=17}
11: dec d      {a=479001744, b=0, c=72, d=16}
9: jnz d -2   {a=479001744, b=0, c=72, d=16}
10: inc a      {a=479001745, b=0, c=72, d=16}
11: dec d      {a=479001745, b=0, c=72, d=15}
9: jnz d -2   {a=479001745, b=0, c=72, d=15}
10: inc a      {a=479001746, b=0, c=72, d=15}
11: dec d      {a=479001746, b=0, c=72, d=14}
9: jnz d -2   {a=479001746, b=0, c=72, d=14}
10: inc a      {a=479001747, b=0, c=72, d=14}
11: dec d      {a=479001747, b=0, c=72, d=13}
9: jnz d -2   {a=479001747, b=0, c=72, d=13}
10: inc a      {a=479001748, b=0, c=72, d=13}
11: dec d      {a=479001748, b=0, c=72, d=12}
9: jnz d -2   {a=479001748, b=0, c=72, d=12}
10: inc a      {a=479001749, b=0, c=72, d=12}
11: dec d      {a=479001749, b=0, c=72, d=11}
9: jnz d -2   {a=479001749, b=0, c=72, d=11}
10: inc a      {a=479001750, b=0, c=72, d=11}
11: dec d      {a=479001750, b=0, c=72, d=10}
9: jnz d -2   {a=479001750, b=0, c=72, d=10}
10: inc a      {a=479001751, b=0, c=72, d=10}
11: dec d      {a=479001751, b=0, c=72, d=9}
9: jnz d -2   {a=479001751, b=0, c=72, d=9}
10: inc a      {a=479001752, b=0, c=72, d=9}
11: dec d      {a=479001752, b=0, c=72, d=8}
9: jnz d -2   {a=479001752, b=0, c=72, d=8}
10: inc a      {a=479001753, b=0, c=72, d=8}
11: dec d      {a=479001753, b=0, c=72, d=7}
9: jnz d -2   {a=479001753, b=0, c=72, d=7}
10: inc a      {a=479001754, b=0, c=72, d=7}
11: dec d      {a=479001754, b=0, c=72, d=6}
9: jnz d -2   {a=479001754, b=0, c=72, d=6}
10: inc a      {a=479001755, b=0, c=72, d=6}
11: dec d      {a=479001755, b=0, c=72, d=5}
9: jnz d -2   {a=479001755, b=0, c=72, d=5}
10: inc a      {a=479001756, b=0, c=72, d=5}
11: dec d      {a=479001756, b=0, c=72, d=4}
9: jnz d -2   {a=479001756, b=0, c=72, d=4}
10: inc a      {a=479001757, b=0, c=72, d=4}
11: dec d      {a=479001757, b=0, c=72, d=3}
9: jnz d -2   {a=479001757, b=0, c=72, d=3}
10: inc a      {a=479001758, b=0, c=72, d=3}
11: dec d      {a=479001758, b=0, c=72, d=2}
9: jnz d -2   {a=479001758, b=0, c=72, d=2}
10: inc a      {a=479001759, b=0, c=72, d=2}
11: dec d      {a=479001759, b=0, c=72, d=1}
9: jnz d -2   {a=479001759, b=0, c=72, d=1}
10: inc a      {a=479001760, b=0, c=72, d=1}
11: dec d      {a=479001760, b=0, c=72, d=0}
12: jnz d -2   {a=479001760, b=0, c=72, d=0}
13: dec c      {a=479001760, b=0, c=71, d=0}
8: jnz c -5   {a=479001760, b=0, c=71, d=0}
9: cpy 80 d   {a=479001760, b=0, c=71, d=80}
10: inc a      {a=479001761, b=0, c=71, d=80}
11: dec d      {a=479001761, b=0, c=71, d=79}
9: jnz d -2   {a=479001761, b=0, c=71, d=79}
10: inc a      {a=479001762, b=0, c=71, d=79}
11: dec d      {a=479001762, b=0, c=71, d=78}
9: jnz d -2   {a=479001762, b=0, c=71, d=78}
10: inc a      {a=479001763, b=0, c=71, d=78}
11: dec d      {a=479001763, b=0, c=71, d=77}
9: jnz d -2   {a=479001763, b=0, c=71, d=77}
10: inc a      {a=479001764, b=0, c=71, d=77}
11: dec d      {a=479001764, b=0, c=71, d=76}
9: jnz d -2   {a=479001764, b=0, c=71, d=76}
10: inc a      {a=479001765, b=0, c=71, d=76}
11: dec d      {a=479001765, b=0, c=71, d=75}
9: jnz d -2   {a=479001765, b=0, c=71, d=75}
10: inc a      {a=479001766, b=0, c=71, d=75}
11: dec d      {a=479001766, b=0, c=71, d=74}
9: jnz d -2   {a=479001766, b=0, c=71, d=74}
10: inc a      {a=479001767, b=0, c=71, d=74}
11: dec d      {a=479001767, b=0, c=71, d=73}
9: jnz d -2   {a=479001767, b=0, c=71, d=73}
10: inc a      {a=479001768, b=0, c=71, d=73}
11: dec d      {a=479001768, b=0, c=71, d=72}
9: jnz d -2   {a=479001768, b=0, c=71, d=72}
10: inc a      {a=479001769, b=0, c=71, d=72}
11: dec d      {a=479001769, b=0, c=71, d=71}
9: jnz d -2   {a=479001769, b=0, c=71, d=71}
10: inc a      {a=479001770, b=0, c=71, d=71}
11: dec d      {a=479001770, b=0, c=71, d=70}
9: jnz d -2   {a=479001770, b=0, c=71, d=70}
10: inc a      {a=479001771, b=0, c=71, d=70}
11: dec d      {a=479001771, b=0, c=71, d=69}
9: jnz d -2   {a=479001771, b=0, c=71, d=69}
10: inc a      {a=479001772, b=0, c=71, d=69}
11: dec d      {a=479001772, b=0, c=71, d=68}
9: jnz d -2   {a=479001772, b=0, c=71, d=68}
10: inc a      {a=479001773, b=0, c=71, d=68}
11: dec d      {a=479001773, b=0, c=71, d=67}
9: jnz d -2   {a=479001773, b=0, c=71, d=67}
10: inc a      {a=479001774, b=0, c=71, d=67}
11: dec d      {a=479001774, b=0, c=71, d=66}
9: jnz d -2   {a=479001774, b=0, c=71, d=66}
10: inc a      {a=479001775, b=0, c=71, d=66}
11: dec d      {a=479001775, b=0, c=71, d=65}
9: jnz d -2   {a=479001775, b=0, c=71, d=65}
10: inc a      {a=479001776, b=0, c=71, d=65}
11: dec d      {a=479001776, b=0, c=71, d=64}
9: jnz d -2   {a=479001776, b=0, c=71, d=64}
10: inc a      {a=479001777, b=0, c=71, d=64}
11: dec d      {a=479001777, b=0, c=71, d=63}
9: jnz d -2   {a=479001777, b=0, c=71, d=63}
10: inc a      {a=479001778, b=0, c=71, d=63}
11: dec d      {a=479001778, b=0, c=71, d=62}
9: jnz d -2   {a=479001778, b=0, c=71, d=62}
10: inc a      {a=479001779, b=0, c=71, d=62}
11: dec d      {a=479001779, b=0, c=71, d=61}
9: jnz d -2   {a=479001779, b=0, c=71, d=61}
10: inc a      {a=479001780, b=0, c=71, d=61}
11: dec d      {a=479001780, b=0, c=71, d=60}
9: jnz d -2   {a=479001780, b=0, c=71, d=60}
10: inc a      {a=479001781, b=0, c=71, d=60}
11: dec d      {a=479001781, b=0, c=71, d=59}
9: jnz d -2   {a=479001781, b=0, c=71, d=59}
10: inc a      {a=479001782, b=0, c=71, d=59}
11: dec d      {a=479001782, b=0, c=71, d=58}
9: jnz d -2   {a=479001782, b=0, c=71, d=58}
10: inc a      {a=479001783, b=0, c=71, d=58}
11: dec d      {a=479001783, b=0, c=71, d=57}
9: jnz d -2   {a=479001783, b=0, c=71, d=57}
10: inc a      {a=479001784, b=0, c=71, d=57}
11: dec d      {a=479001784, b=0, c=71, d=56}
9: jnz d -2   {a=479001784, b=0, c=71, d=56}
10: inc a      {a=479001785, b=0, c=71, d=56}
11: dec d      {a=479001785, b=0, c=71, d=55}
9: jnz d -2   {a=479001785, b=0, c=71, d=55}
10: inc a      {a=479001786, b=0, c=71, d=55}
11: dec d      {a=479001786, b=0, c=71, d=54}
9: jnz d -2   {a=479001786, b=0, c=71, d=54}
10: inc a      {a=479001787, b=0, c=71, d=54}
11: dec d      {a=479001787, b=0, c=71, d=53}
9: jnz d -2   {a=479001787, b=0, c=71, d=53}
10: inc a      {a=479001788, b=0, c=71, d=53}
11: dec d      {a=479001788, b=0, c=71, d=52}
9: jnz d -2   {a=479001788, b=0, c=71, d=52}
10: inc a      {a=479001789, b=0, c=71, d=52}
11: dec d      {a=479001789, b=0, c=71, d=51}
9: jnz d -2   {a=479001789, b=0, c=71, d=51}
10: inc a      {a=479001790, b=0, c=71, d=51}
11: dec d      {a=479001790, b=0, c=71, d=50}
9: jnz d -2   {a=479001790, b=0, c=71, d=50}
10: inc a      {a=479001791, b=0, c=71, d=50}
11: dec d      {a=479001791, b=0, c=71, d=49}
9: jnz d -2   {a=479001791, b=0, c=71, d=49}
10: inc a      {a=479001792, b=0, c=71, d=49}
11: dec d      {a=479001792, b=0, c=71, d=48}
9: jnz d -2   {a=479001792, b=0, c=71, d=48}
10: inc a      {a=479001793, b=0, c=71, d=48}
11: dec d      {a=479001793, b=0, c=71, d=47}
9: jnz d -2   {a=479001793, b=0, c=71, d=47}
10: inc a      {a=479001794, b=0, c=71, d=47}
11: dec d      {a=479001794, b=0, c=71, d=46}
9: jnz d -2   {a=479001794, b=0, c=71, d=46}
10: inc a      {a=479001795, b=0, c=71, d=46}
11: dec d      {a=479001795, b=0, c=71, d=45}
9: jnz d -2   {a=479001795, b=0, c=71, d=45}
10: inc a      {a=479001796, b=0, c=71, d=45}
11: dec d      {a=479001796, b=0, c=71, d=44}
9: jnz d -2   {a=479001796, b=0, c=71, d=44}
10: inc a      {a=479001797, b=0, c=71, d=44}
11: dec d      {a=479001797, b=0, c=71, d=43}
9: jnz d -2   {a=479001797, b=0, c=71, d=43}
10: inc a      {a=479001798, b=0, c=71, d=43}
11: dec d      {a=479001798, b=0, c=71, d=42}
9: jnz d -2   {a=479001798, b=0, c=71, d=42}
10: inc a      {a=479001799, b=0, c=71, d=42}
11: dec d      {a=479001799, b=0, c=71, d=41}
9: jnz d -2   {a=479001799, b=0, c=71, d=41}
10: inc a      {a=479001800, b=0, c=71, d=41}
11: dec d      {a=479001800, b=0, c=71, d=40}
9: jnz d -2   {a=479001800, b=0, c=71, d=40}
10: inc a      {a=479001801, b=0, c=71, d=40}
11: dec d      {a=479001801, b=0, c=71, d=39}
9: jnz d -2   {a=479001801, b=0, c=71, d=39}
10: inc a      {a=479001802, b=0, c=71, d=39}
11: dec d      {a=479001802, b=0, c=71, d=38}
9: jnz d -2   {a=479001802, b=0, c=71, d=38}
10: inc a      {a=479001803, b=0, c=71, d=38}
11: dec d      {a=479001803, b=0, c=71, d=37}
9: jnz d -2   {a=479001803, b=0, c=71, d=37}
10: inc a      {a=479001804, b=0, c=71, d=37}
11: dec d      {a=479001804, b=0, c=71, d=36}
9: jnz d -2   {a=479001804, b=0, c=71, d=36}
10: inc a      {a=479001805, b=0, c=71, d=36}
11: dec d      {a=479001805, b=0, c=71, d=35}
9: jnz d -2   {a=479001805, b=0, c=71, d=35}
10: inc a      {a=479001806, b=0, c=71, d=35}
11: dec d      {a=479001806, b=0, c=71, d=34}
9: jnz d -2   {a=479001806, b=0, c=71, d=34}
10: inc a      {a=479001807, b=0, c=71, d=34}
11: dec d      {a=479001807, b=0, c=71, d=33}
9: jnz d -2   {a=479001807, b=0, c=71, d=33}
10: inc a      {a=479001808, b=0, c=71, d=33}
11: dec d      {a=479001808, b=0, c=71, d=32}
9: jnz d -2   {a=479001808, b=0, c=71, d=32}
10: inc a      {a=479001809, b=0, c=71, d=32}
11: dec d      {a=479001809, b=0, c=71, d=31}
9: jnz d -2   {a=479001809, b=0, c=71, d=31}
10: inc a      {a=479001810, b=0, c=71, d=31}
11: dec d      {a=479001810, b=0, c=71, d=30}
9: jnz d -2   {a=479001810, b=0, c=71, d=30}
10: inc a      {a=479001811, b=0, c=71, d=30}
11: dec d      {a=479001811, b=0, c=71, d=29}
9: jnz d -2   {a=479001811, b=0, c=71, d=29}
10: inc a      {a=479001812, b=0, c=71, d=29}
11: dec d      {a=479001812, b=0, c=71, d=28}
9: jnz d -2   {a=479001812, b=0, c=71, d=28}
10: inc a      {a=479001813, b=0, c=71, d=28}
11: dec d      {a=479001813, b=0, c=71, d=27}
9: jnz d -2   {a=479001813, b=0, c=71, d=27}
10: inc a      {a=479001814, b=0, c=71, d=27}
11: dec d      {a=479001814, b=0, c=71, d=26}
9: jnz d -2   {a=479001814, b=0, c=71, d=26}
10: inc a      {a=479001815, b=0, c=71, d=26}
11: dec d      {a=479001815, b=0, c=71, d=25}
9: jnz d -2   {a=479001815, b=0, c=71, d=25}
10: inc a      {a=479001816, b=0, c=71, d=25}
11: dec d      {a=479001816, b=0, c=71, d=24}
9: jnz d -2   {a=479001816, b=0, c=71, d=24}
10: inc a      {a=479001817, b=0, c=71, d=24}
11: dec d      {a=479001817, b=0, c=71, d=23}
9: jnz d -2   {a=479001817, b=0, c=71, d=23}
10: inc a      {a=479001818, b=0, c=71, d=23}
11: dec d      {a=479001818, b=0, c=71, d=22}
9: jnz d -2   {a=479001818, b=0, c=71, d=22}
10: inc a      {a=479001819, b=0, c=71, d=22}
11: dec d      {a=479001819, b=0, c=71, d=21}
9: jnz d -2   {a=479001819, b=0, c=71, d=21}
10: inc a      {a=479001820, b=0, c=71, d=21}
11: dec d      {a=479001820, b=0, c=71, d=20}
9: jnz d -2   {a=479001820, b=0, c=71, d=20}
10: inc a      {a=479001821, b=0, c=71, d=20}
11: dec d      {a=479001821, b=0, c=71, d=19}
9: jnz d -2   {a=479001821, b=0, c=71, d=19}
10: inc a      {a=479001822, b=0, c=71, d=19}
11: dec d      {a=479001822, b=0, c=71, d=18}
9: jnz d -2   {a=479001822, b=0, c=71, d=18}
10: inc a      {a=479001823, b=0, c=71, d=18}
11: dec d      {a=479001823, b=0, c=71, d=17}
9: jnz d -2   {a=479001823, b=0, c=71, d=17}
10: inc a      {a=479001824, b=0, c=71, d=17}
11: dec d      {a=479001824, b=0, c=71, d=16}
9: jnz d -2   {a=479001824, b=0, c=71, d=16}
10: inc a      {a=479001825, b=0, c=71, d=16}
11: dec d      {a=479001825, b=0, c=71, d=15}
9: jnz d -2   {a=479001825, b=0, c=71, d=15}
10: inc a      {a=479001826, b=0, c=71, d=15}
11: dec d      {a=479001826, b=0, c=71, d=14}
9: jnz d -2   {a=479001826, b=0, c=71, d=14}
10: inc a      {a=479001827, b=0, c=71, d=14}
11: dec d      {a=479001827, b=0, c=71, d=13}
9: jnz d -2   {a=479001827, b=0, c=71, d=13}
10: inc a      {a=479001828, b=0, c=71, d=13}
11: dec d      {a=479001828, b=0, c=71, d=12}
9: jnz d -2   {a=479001828, b=0, c=71, d=12}
10: inc a      {a=479001829, b=0, c=71, d=12}
11: dec d      {a=479001829, b=0, c=71, d=11}
9: jnz d -2   {a=479001829, b=0, c=71, d=11}
10: inc a      {a=479001830, b=0, c=71, d=11}
11: dec d      {a=479001830, b=0, c=71, d=10}
9: jnz d -2   {a=479001830, b=0, c=71, d=10}
10: inc a      {a=479001831, b=0, c=71, d=10}
11: dec d      {a=479001831, b=0, c=71, d=9}
9: jnz d -2   {a=479001831, b=0, c=71, d=9}
10: inc a      {a=479001832, b=0, c=71, d=9}
11: dec d      {a=479001832, b=0, c=71, d=8}
9: jnz d -2   {a=479001832, b=0, c=71, d=8}
10: inc a      {a=479001833, b=0, c=71, d=8}
11: dec d      {a=479001833, b=0, c=71, d=7}
9: jnz d -2   {a=479001833, b=0, c=71, d=7}
10: inc a      {a=479001834, b=0, c=71, d=7}
11: dec d      {a=479001834, b=0, c=71, d=6}
9: jnz d -2   {a=479001834, b=0, c=71, d=6}
10: inc a      {a=479001835, b=0, c=71, d=6}
11: dec d      {a=479001835, b=0, c=71, d=5}
9: jnz d -2   {a=479001835, b=0, c=71, d=5}
10: inc a      {a=479001836, b=0, c=71, d=5}
11: dec d      {a=479001836, b=0, c=71, d=4}
9: jnz d -2   {a=479001836, b=0, c=71, d=4}
10: inc a      {a=479001837, b=0, c=71, d=4}
11: dec d      {a=479001837, b=0, c=71, d=3}
9: jnz d -2   {a=479001837, b=0, c=71, d=3}
10: inc a      {a=479001838, b=0, c=71, d=3}
11: dec d      {a=479001838, b=0, c=71, d=2}
9: jnz d -2   {a=479001838, b=0, c=71, d=2}
10: inc a      {a=479001839, b=0, c=71, d=2}
11: dec d      {a=479001839, b=0, c=71, d=1}
9: jnz d -2   {a=479001839, b=0, c=71, d=1}
10: inc a      {a=479001840, b=0, c=71, d=1}
11: dec d      {a=479001840, b=0, c=71, d=0}
12: jnz d -2   {a=479001840, b=0, c=71, d=0}
13: dec c      {a=479001840, b=0, c=70, d=0}
8: jnz c -5   {a=479001840, b=0, c=70, d=0}
9: cpy 80 d   {a=479001840, b=0, c=70, d=80}
10: inc a      {a=479001841, b=0, c=70, d=80}
11: dec d      {a=479001841, b=0, c=70, d=79}
9: jnz d -2   {a=479001841, b=0, c=70, d=79}
10: inc a      {a=479001842, b=0, c=70, d=79}
11: dec d      {a=479001842, b=0, c=70, d=78}
9: jnz d -2   {a=479001842, b=0, c=70, d=78}
10: inc a      {a=479001843, b=0, c=70, d=78}
11: dec d      {a=479001843, b=0, c=70, d=77}
9: jnz d -2   {a=479001843, b=0, c=70, d=77}
10: inc a      {a=479001844, b=0, c=70, d=77}
11: dec d      {a=479001844, b=0, c=70, d=76}
9: jnz d -2   {a=479001844, b=0, c=70, d=76}
10: inc a      {a=479001845, b=0, c=70, d=76}
11: dec d      {a=479001845, b=0, c=70, d=75}
9: jnz d -2   {a=479001845, b=0, c=70, d=75}
10: inc a      {a=479001846, b=0, c=70, d=75}
11: dec d      {a=479001846, b=0, c=70, d=74}
9: jnz d -2   {a=479001846, b=0, c=70, d=74}
10: inc a      {a=479001847, b=0, c=70, d=74}
11: dec d      {a=479001847, b=0, c=70, d=73}
9: jnz d -2   {a=479001847, b=0, c=70, d=73}
10: inc a      {a=479001848, b=0, c=70, d=73}
11: dec d      {a=479001848, b=0, c=70, d=72}
9: jnz d -2   {a=479001848, b=0, c=70, d=72}
10: inc a      {a=479001849, b=0, c=70, d=72}
11: dec d      {a=479001849, b=0, c=70, d=71}
9: jnz d -2   {a=479001849, b=0, c=70, d=71}
10: inc a      {a=479001850, b=0, c=70, d=71}
11: dec d      {a=479001850, b=0, c=70, d=70}
9: jnz d -2   {a=479001850, b=0, c=70, d=70}
10: inc a      {a=479001851, b=0, c=70, d=70}
11: dec d      {a=479001851, b=0, c=70, d=69}
9: jnz d -2   {a=479001851, b=0, c=70, d=69}
10: inc a      {a=479001852, b=0, c=70, d=69}
11: dec d      {a=479001852, b=0, c=70, d=68}
9: jnz d -2   {a=479001852, b=0, c=70, d=68}
10: inc a      {a=479001853, b=0, c=70, d=68}
11: dec d      {a=479001853, b=0, c=70, d=67}
9: jnz d -2   {a=479001853, b=0, c=70, d=67}
10: inc a      {a=479001854, b=0, c=70, d=67}
11: dec d      {a=479001854, b=0, c=70, d=66}
9: jnz d -2   {a=479001854, b=0, c=70, d=66}
10: inc a      {a=479001855, b=0, c=70, d=66}
11: dec d      {a=479001855, b=0, c=70, d=65}
9: jnz d -2   {a=479001855, b=0, c=70, d=65}
10: inc a      {a=479001856, b=0, c=70, d=65}
11: dec d      {a=479001856, b=0, c=70, d=64}
9: jnz d -2   {a=479001856, b=0, c=70, d=64}
10: inc a      {a=479001857, b=0, c=70, d=64}
11: dec d      {a=479001857, b=0, c=70, d=63}
9: jnz d -2   {a=479001857, b=0, c=70, d=63}
10: inc a      {a=479001858, b=0, c=70, d=63}
11: dec d      {a=479001858, b=0, c=70, d=62}
9: jnz d -2   {a=479001858, b=0, c=70, d=62}
10: inc a      {a=479001859, b=0, c=70, d=62}
11: dec d      {a=479001859, b=0, c=70, d=61}
9: jnz d -2   {a=479001859, b=0, c=70, d=61}
10: inc a      {a=479001860, b=0, c=70, d=61}
11: dec d      {a=479001860, b=0, c=70, d=60}
9: jnz d -2   {a=479001860, b=0, c=70, d=60}
10: inc a      {a=479001861, b=0, c=70, d=60}
11: dec d      {a=479001861, b=0, c=70, d=59}
9: jnz d -2   {a=479001861, b=0, c=70, d=59}
10: inc a      {a=479001862, b=0, c=70, d=59}
11: dec d      {a=479001862, b=0, c=70, d=58}
9: jnz d -2   {a=479001862, b=0, c=70, d=58}
10: inc a      {a=479001863, b=0, c=70, d=58}
11: dec d      {a=479001863, b=0, c=70, d=57}
9: jnz d -2   {a=479001863, b=0, c=70, d=57}
10: inc a      {a=479001864, b=0, c=70, d=57}
11: dec d      {a=479001864, b=0, c=70, d=56}
9: jnz d -2   {a=479001864, b=0, c=70, d=56}
10: inc a      {a=479001865, b=0, c=70, d=56}
11: dec d      {a=479001865, b=0, c=70, d=55}
9: jnz d -2   {a=479001865, b=0, c=70, d=55}
10: inc a      {a=479001866, b=0, c=70, d=55}
11: dec d      {a=479001866, b=0, c=70, d=54}
9: jnz d -2   {a=479001866, b=0, c=70, d=54}
10: inc a      {a=479001867, b=0, c=70, d=54}
11: dec d      {a=479001867, b=0, c=70, d=53}
9: jnz d -2   {a=479001867, b=0, c=70, d=53}
10: inc a      {a=479001868, b=0, c=70, d=53}
11: dec d      {a=479001868, b=0, c=70, d=52}
9: jnz d -2   {a=479001868, b=0, c=70, d=52}
10: inc a      {a=479001869, b=0, c=70, d=52}
11: dec d      {a=479001869, b=0, c=70, d=51}
9: jnz d -2   {a=479001869, b=0, c=70, d=51}
10: inc a      {a=479001870, b=0, c=70, d=51}
11: dec d      {a=479001870, b=0, c=70, d=50}
9: jnz d -2   {a=479001870, b=0, c=70, d=50}
10: inc a      {a=479001871, b=0, c=70, d=50}
11: dec d      {a=479001871, b=0, c=70, d=49}
9: jnz d -2   {a=479001871, b=0, c=70, d=49}
10: inc a      {a=479001872, b=0, c=70, d=49}
11: dec d      {a=479001872, b=0, c=70, d=48}
9: jnz d -2   {a=479001872, b=0, c=70, d=48}
10: inc a      {a=479001873, b=0, c=70, d=48}
11: dec d      {a=479001873, b=0, c=70, d=47}
9: jnz d -2   {a=479001873, b=0, c=70, d=47}
10: inc a      {a=479001874, b=0, c=70, d=47}
11: dec d      {a=479001874, b=0, c=70, d=46}
9: jnz d -2   {a=479001874, b=0, c=70, d=46}
10: inc a      {a=479001875, b=0, c=70, d=46}
11: dec d      {a=479001875, b=0, c=70, d=45}
9: jnz d -2   {a=479001875, b=0, c=70, d=45}
10: inc a      {a=479001876, b=0, c=70, d=45}
11: dec d      {a=479001876, b=0, c=70, d=44}
9: jnz d -2   {a=479001876, b=0, c=70, d=44}
10: inc a      {a=479001877, b=0, c=70, d=44}
11: dec d      {a=479001877, b=0, c=70, d=43}
9: jnz d -2   {a=479001877, b=0, c=70, d=43}
10: inc a      {a=479001878, b=0, c=70, d=43}
11: dec d      {a=479001878, b=0, c=70, d=42}
9: jnz d -2   {a=479001878, b=0, c=70, d=42}
10: inc a      {a=479001879, b=0, c=70, d=42}
11: dec d      {a=479001879, b=0, c=70, d=41}
9: jnz d -2   {a=479001879, b=0, c=70, d=41}
10: inc a      {a=479001880, b=0, c=70, d=41}
11: dec d      {a=479001880, b=0, c=70, d=40}
9: jnz d -2   {a=479001880, b=0, c=70, d=40}
10: inc a      {a=479001881, b=0, c=70, d=40}
11: dec d      {a=479001881, b=0, c=70, d=39}
9: jnz d -2   {a=479001881, b=0, c=70, d=39}
10: inc a      {a=479001882, b=0, c=70, d=39}
11: dec d      {a=479001882, b=0, c=70, d=38}
9: jnz d -2   {a=479001882, b=0, c=70, d=38}
10: inc a      {a=479001883, b=0, c=70, d=38}
11: dec d      {a=479001883, b=0, c=70, d=37}
9: jnz d -2   {a=479001883, b=0, c=70, d=37}
10: inc a      {a=479001884, b=0, c=70, d=37}
11: dec d      {a=479001884, b=0, c=70, d=36}
9: jnz d -2   {a=479001884, b=0, c=70, d=36}
10: inc a      {a=479001885, b=0, c=70, d=36}
11: dec d      {a=479001885, b=0, c=70, d=35}
9: jnz d -2   {a=479001885, b=0, c=70, d=35}
10: inc a      {a=479001886, b=0, c=70, d=35}
11: dec d      {a=479001886, b=0, c=70, d=34}
9: jnz d -2   {a=479001886, b=0, c=70, d=34}
10: inc a      {a=479001887, b=0, c=70, d=34}
11: dec d      {a=479001887, b=0, c=70, d=33}
9: jnz d -2   {a=479001887, b=0, c=70, d=33}
10: inc a      {a=479001888, b=0, c=70, d=33}
11: dec d      {a=479001888, b=0, c=70, d=32}
9: jnz d -2   {a=479001888, b=0, c=70, d=32}
10: inc a      {a=479001889, b=0, c=70, d=32}
11: dec d      {a=479001889, b=0, c=70, d=31}
9: jnz d -2   {a=479001889, b=0, c=70, d=31}
10: inc a      {a=479001890, b=0, c=70, d=31}
11: dec d      {a=479001890, b=0, c=70, d=30}
9: jnz d -2   {a=479001890, b=0, c=70, d=30}
10: inc a      {a=479001891, b=0, c=70, d=30}
11: dec d      {a=479001891, b=0, c=70, d=29}
9: jnz d -2   {a=479001891, b=0, c=70, d=29}
10: inc a      {a=479001892, b=0, c=70, d=29}
11: dec d      {a=479001892, b=0, c=70, d=28}
9: jnz d -2   {a=479001892, b=0, c=70, d=28}
10: inc a      {a=479001893, b=0, c=70, d=28}
11: dec d      {a=479001893, b=0, c=70, d=27}
9: jnz d -2   {a=479001893, b=0, c=70, d=27}
10: inc a      {a=479001894, b=0, c=70, d=27}
11: dec d      {a=479001894, b=0, c=70, d=26}
9: jnz d -2   {a=479001894, b=0, c=70, d=26}
10: inc a      {a=479001895, b=0, c=70, d=26}
11: dec d      {a=479001895, b=0, c=70, d=25}
9: jnz d -2   {a=479001895, b=0, c=70, d=25}
10: inc a      {a=479001896, b=0, c=70, d=25}
11: dec d      {a=479001896, b=0, c=70, d=24}
9: jnz d -2   {a=479001896, b=0, c=70, d=24}
10: inc a      {a=479001897, b=0, c=70, d=24}
11: dec d      {a=479001897, b=0, c=70, d=23}
9: jnz d -2   {a=479001897, b=0, c=70, d=23}
10: inc a      {a=479001898, b=0, c=70, d=23}
11: dec d      {a=479001898, b=0, c=70, d=22}
9: jnz d -2   {a=479001898, b=0, c=70, d=22}
10: inc a      {a=479001899, b=0, c=70, d=22}
11: dec d      {a=479001899, b=0, c=70, d=21}
9: jnz d -2   {a=479001899, b=0, c=70, d=21}
10: inc a      {a=479001900, b=0, c=70, d=21}
11: dec d      {a=479001900, b=0, c=70, d=20}
9: jnz d -2   {a=479001900, b=0, c=70, d=20}
10: inc a      {a=479001901, b=0, c=70, d=20}
11: dec d      {a=479001901, b=0, c=70, d=19}
9: jnz d -2   {a=479001901, b=0, c=70, d=19}
10: inc a      {a=479001902, b=0, c=70, d=19}
11: dec d      {a=479001902, b=0, c=70, d=18}
9: jnz d -2   {a=479001902, b=0, c=70, d=18}
10: inc a      {a=479001903, b=0, c=70, d=18}
11: dec d      {a=479001903, b=0, c=70, d=17}
9: jnz d -2   {a=479001903, b=0, c=70, d=17}
10: inc a      {a=479001904, b=0, c=70, d=17}
11: dec d      {a=479001904, b=0, c=70, d=16}
9: jnz d -2   {a=479001904, b=0, c=70, d=16}
10: inc a      {a=479001905, b=0, c=70, d=16}
11: dec d      {a=479001905, b=0, c=70, d=15}
9: jnz d -2   {a=479001905, b=0, c=70, d=15}
10: inc a      {a=479001906, b=0, c=70, d=15}
11: dec d      {a=479001906, b=0, c=70, d=14}
9: jnz d -2   {a=479001906, b=0, c=70, d=14}
10: inc a      {a=479001907, b=0, c=70, d=14}
11: dec d      {a=479001907, b=0, c=70, d=13}
9: jnz d -2   {a=479001907, b=0, c=70, d=13}
10: inc a      {a=479001908, b=0, c=70, d=13}
11: dec d      {a=479001908, b=0, c=70, d=12}
9: jnz d -2   {a=479001908, b=0, c=70, d=12}
10: inc a      {a=479001909, b=0, c=70, d=12}
11: dec d      {a=479001909, b=0, c=70, d=11}
9: jnz d -2   {a=479001909, b=0, c=70, d=11}
10: inc a      {a=479001910, b=0, c=70, d=11}
11: dec d      {a=479001910, b=0, c=70, d=10}
9: jnz d -2   {a=479001910, b=0, c=70, d=10}
10: inc a      {a=479001911, b=0, c=70, d=10}
11: dec d      {a=479001911, b=0, c=70, d=9}
9: jnz d -2   {a=479001911, b=0, c=70, d=9}
10: inc a      {a=479001912, b=0, c=70, d=9}
11: dec d      {a=479001912, b=0, c=70, d=8}
9: jnz d -2   {a=479001912, b=0, c=70, d=8}
10: inc a      {a=479001913, b=0, c=70, d=8}
11: dec d      {a=479001913, b=0, c=70, d=7}
9: jnz d -2   {a=479001913, b=0, c=70, d=7}
10: inc a      {a=479001914, b=0, c=70, d=7}
11: dec d      {a=479001914, b=0, c=70, d=6}
9: jnz d -2   {a=479001914, b=0, c=70, d=6}
10: inc a      {a=479001915, b=0, c=70, d=6}
11: dec d      {a=479001915, b=0, c=70, d=5}
9: jnz d -2   {a=479001915, b=0, c=70, d=5}
10: inc a      {a=479001916, b=0, c=70, d=5}
11: dec d      {a=479001916, b=0, c=70, d=4}
9: jnz d -2   {a=479001916, b=0, c=70, d=4}
10: inc a      {a=479001917, b=0, c=70, d=4}
11: dec d      {a=479001917, b=0, c=70, d=3}
9: jnz d -2   {a=479001917, b=0, c=70, d=3}
10: inc a      {a=479001918, b=0, c=70, d=3}
11: dec d      {a=479001918, b=0, c=70, d=2}
9: jnz d -2   {a=479001918, b=0, c=70, d=2}
10: inc a      {a=479001919, b=0, c=70, d=2}
11: dec d      {a=479001919, b=0, c=70, d=1}
9: jnz d -2   {a=479001919, b=0, c=70, d=1}
10: inc a      {a=479001920, b=0, c=70, d=1}
11: dec d      {a=479001920, b=0, c=70, d=0}
12: jnz d -2   {a=479001920, b=0, c=70, d=0}
13: dec c      {a=479001920, b=0, c=69, d=0}
8: jnz c -5   {a=479001920, b=0, c=69, d=0}
9: cpy 80 d   {a=479001920, b=0, c=69, d=80}
10: inc a      {a=479001921, b=0, c=69, d=80}
11: dec d      {a=479001921, b=0, c=69, d=79}
9: jnz d -2   {a=479001921, b=0, c=69, d=79}
10: inc a      {a=479001922, b=0, c=69, d=79}
11: dec d      {a=479001922, b=0, c=69, d=78}
9: jnz d -2   {a=479001922, b=0, c=69, d=78}
10: inc a      {a=479001923, b=0, c=69, d=78}
11: dec d      {a=479001923, b=0, c=69, d=77}
9: jnz d -2   {a=479001923, b=0, c=69, d=77}
10: inc a      {a=479001924, b=0, c=69, d=77}
11: dec d      {a=479001924, b=0, c=69, d=76}
9: jnz d -2   {a=479001924, b=0, c=69, d=76}
10: inc a      {a=479001925, b=0, c=69, d=76}
11: dec d      {a=479001925, b=0, c=69, d=75}
9: jnz d -2   {a=479001925, b=0, c=69, d=75}
10: inc a      {a=479001926, b=0, c=69, d=75}
11: dec d      {a=479001926, b=0, c=69, d=74}
9: jnz d -2   {a=479001926, b=0, c=69, d=74}
10: inc a      {a=479001927, b=0, c=69, d=74}
11: dec d      {a=479001927, b=0, c=69, d=73}
9: jnz d -2   {a=479001927, b=0, c=69, d=73}
10: inc a      {a=479001928, b=0, c=69, d=73}
11: dec d      {a=479001928, b=0, c=69, d=72}
9: jnz d -2   {a=479001928, b=0, c=69, d=72}
10: inc a      {a=479001929, b=0, c=69, d=72}
11: dec d      {a=479001929, b=0, c=69, d=71}
9: jnz d -2   {a=479001929, b=0, c=69, d=71}
10: inc a      {a=479001930, b=0, c=69, d=71}
11: dec d      {a=479001930, b=0, c=69, d=70}
9: jnz d -2   {a=479001930, b=0, c=69, d=70}
10: inc a      {a=479001931, b=0, c=69, d=70}
11: dec d      {a=479001931, b=0, c=69, d=69}
9: jnz d -2   {a=479001931, b=0, c=69, d=69}
10: inc a      {a=479001932, b=0, c=69, d=69}
11: dec d      {a=479001932, b=0, c=69, d=68}
9: jnz d -2   {a=479001932, b=0, c=69, d=68}
10: inc a      {a=479001933, b=0, c=69, d=68}
11: dec d      {a=479001933, b=0, c=69, d=67}
9: jnz d -2   {a=479001933, b=0, c=69, d=67}
10: inc a      {a=479001934, b=0, c=69, d=67}
11: dec d      {a=479001934, b=0, c=69, d=66}
9: jnz d -2   {a=479001934, b=0, c=69, d=66}
10: inc a      {a=479001935, b=0, c=69, d=66}
11: dec d      {a=479001935, b=0, c=69, d=65}
9: jnz d -2   {a=479001935, b=0, c=69, d=65}
10: inc a      {a=479001936, b=0, c=69, d=65}
11: dec d      {a=479001936, b=0, c=69, d=64}
9: jnz d -2   {a=479001936, b=0, c=69, d=64}
10: inc a      {a=479001937, b=0, c=69, d=64}
11: dec d      {a=479001937, b=0, c=69, d=63}
9: jnz d -2   {a=479001937, b=0, c=69, d=63}
10: inc a      {a=479001938, b=0, c=69, d=63}
11: dec d      {a=479001938, b=0, c=69, d=62}
9: jnz d -2   {a=479001938, b=0, c=69, d=62}
10: inc a      {a=479001939, b=0, c=69, d=62}
11: dec d      {a=479001939, b=0, c=69, d=61}
9: jnz d -2   {a=479001939, b=0, c=69, d=61}
10: inc a      {a=479001940, b=0, c=69, d=61}
11: dec d      {a=479001940, b=0, c=69, d=60}
9: jnz d -2   {a=479001940, b=0, c=69, d=60}
10: inc a      {a=479001941, b=0, c=69, d=60}
11: dec d      {a=479001941, b=0, c=69, d=59}
9: jnz d -2   {a=479001941, b=0, c=69, d=59}
10: inc a      {a=479001942, b=0, c=69, d=59}
11: dec d      {a=479001942, b=0, c=69, d=58}
9: jnz d -2   {a=479001942, b=0, c=69, d=58}
10: inc a      {a=479001943, b=0, c=69, d=58}
11: dec d      {a=479001943, b=0, c=69, d=57}
9: jnz d -2   {a=479001943, b=0, c=69, d=57}
10: inc a      {a=479001944, b=0, c=69, d=57}
11: dec d      {a=479001944, b=0, c=69, d=56}
9: jnz d -2   {a=479001944, b=0, c=69, d=56}
10: inc a      {a=479001945, b=0, c=69, d=56}
11: dec d      {a=479001945, b=0, c=69, d=55}
9: jnz d -2   {a=479001945, b=0, c=69, d=55}
10: inc a      {a=479001946, b=0, c=69, d=55}
11: dec d      {a=479001946, b=0, c=69, d=54}
9: jnz d -2   {a=479001946, b=0, c=69, d=54}
10: inc a      {a=479001947, b=0, c=69, d=54}
11: dec d      {a=479001947, b=0, c=69, d=53}
9: jnz d -2   {a=479001947, b=0, c=69, d=53}
10: inc a      {a=479001948, b=0, c=69, d=53}
11: dec d      {a=479001948, b=0, c=69, d=52}
9: jnz d -2   {a=479001948, b=0, c=69, d=52}
10: inc a      {a=479001949, b=0, c=69, d=52}
11: dec d      {a=479001949, b=0, c=69, d=51}
9: jnz d -2   {a=479001949, b=0, c=69, d=51}
10: inc a      {a=479001950, b=0, c=69, d=51}
11: dec d      {a=479001950, b=0, c=69, d=50}
9: jnz d -2   {a=479001950, b=0, c=69, d=50}
10: inc a      {a=479001951, b=0, c=69, d=50}
11: dec d      {a=479001951, b=0, c=69, d=49}
9: jnz d -2   {a=479001951, b=0, c=69, d=49}
10: inc a      {a=479001952, b=0, c=69, d=49}
11: dec d      {a=479001952, b=0, c=69, d=48}
9: jnz d -2   {a=479001952, b=0, c=69, d=48}
10: inc a      {a=479001953, b=0, c=69, d=48}
11: dec d      {a=479001953, b=0, c=69, d=47}
9: jnz d -2   {a=479001953, b=0, c=69, d=47}
10: inc a      {a=479001954, b=0, c=69, d=47}
11: dec d      {a=479001954, b=0, c=69, d=46}
9: jnz d -2   {a=479001954, b=0, c=69, d=46}
10: inc a      {a=479001955, b=0, c=69, d=46}
11: dec d      {a=479001955, b=0, c=69, d=45}
9: jnz d -2   {a=479001955, b=0, c=69, d=45}
10: inc a      {a=479001956, b=0, c=69, d=45}
11: dec d      {a=479001956, b=0, c=69, d=44}
9: jnz d -2   {a=479001956, b=0, c=69, d=44}
10: inc a      {a=479001957, b=0, c=69, d=44}
11: dec d      {a=479001957, b=0, c=69, d=43}
9: jnz d -2   {a=479001957, b=0, c=69, d=43}
10: inc a      {a=479001958, b=0, c=69, d=43}
11: dec d      {a=479001958, b=0, c=69, d=42}
9: jnz d -2   {a=479001958, b=0, c=69, d=42}
10: inc a      {a=479001959, b=0, c=69, d=42}
11: dec d      {a=479001959, b=0, c=69, d=41}
9: jnz d -2   {a=479001959, b=0, c=69, d=41}
10: inc a      {a=479001960, b=0, c=69, d=41}
11: dec d      {a=479001960, b=0, c=69, d=40}
9: jnz d -2   {a=479001960, b=0, c=69, d=40}
10: inc a      {a=479001961, b=0, c=69, d=40}
11: dec d      {a=479001961, b=0, c=69, d=39}
9: jnz d -2   {a=479001961, b=0, c=69, d=39}
10: inc a      {a=479001962, b=0, c=69, d=39}
11: dec d      {a=479001962, b=0, c=69, d=38}
9: jnz d -2   {a=479001962, b=0, c=69, d=38}
10: inc a      {a=479001963, b=0, c=69, d=38}
11: dec d      {a=479001963, b=0, c=69, d=37}
9: jnz d -2   {a=479001963, b=0, c=69, d=37}
10: inc a      {a=479001964, b=0, c=69, d=37}
11: dec d      {a=479001964, b=0, c=69, d=36}
9: jnz d -2   {a=479001964, b=0, c=69, d=36}
10: inc a      {a=479001965, b=0, c=69, d=36}
11: dec d      {a=479001965, b=0, c=69, d=35}
9: jnz d -2   {a=479001965, b=0, c=69, d=35}
10: inc a      {a=479001966, b=0, c=69, d=35}
11: dec d      {a=479001966, b=0, c=69, d=34}
9: jnz d -2   {a=479001966, b=0, c=69, d=34}
10: inc a      {a=479001967, b=0, c=69, d=34}
11: dec d      {a=479001967, b=0, c=69, d=33}
9: jnz d -2   {a=479001967, b=0, c=69, d=33}
10: inc a      {a=479001968, b=0, c=69, d=33}
11: dec d      {a=479001968, b=0, c=69, d=32}
9: jnz d -2   {a=479001968, b=0, c=69, d=32}
10: inc a      {a=479001969, b=0, c=69, d=32}
11: dec d      {a=479001969, b=0, c=69, d=31}
9: jnz d -2   {a=479001969, b=0, c=69, d=31}
10: inc a      {a=479001970, b=0, c=69, d=31}
11: dec d      {a=479001970, b=0, c=69, d=30}
9: jnz d -2   {a=479001970, b=0, c=69, d=30}
10: inc a      {a=479001971, b=0, c=69, d=30}
11: dec d      {a=479001971, b=0, c=69, d=29}
9: jnz d -2   {a=479001971, b=0, c=69, d=29}
10: inc a      {a=479001972, b=0, c=69, d=29}
11: dec d      {a=479001972, b=0, c=69, d=28}
9: jnz d -2   {a=479001972, b=0, c=69, d=28}
10: inc a      {a=479001973, b=0, c=69, d=28}
11: dec d      {a=479001973, b=0, c=69, d=27}
9: jnz d -2   {a=479001973, b=0, c=69, d=27}
10: inc a      {a=479001974, b=0, c=69, d=27}
11: dec d      {a=479001974, b=0, c=69, d=26}
9: jnz d -2   {a=479001974, b=0, c=69, d=26}
10: inc a      {a=479001975, b=0, c=69, d=26}
11: dec d      {a=479001975, b=0, c=69, d=25}
9: jnz d -2   {a=479001975, b=0, c=69, d=25}
10: inc a      {a=479001976, b=0, c=69, d=25}
11: dec d      {a=479001976, b=0, c=69, d=24}
9: jnz d -2   {a=479001976, b=0, c=69, d=24}
10: inc a      {a=479001977, b=0, c=69, d=24}
11: dec d      {a=479001977, b=0, c=69, d=23}
9: jnz d -2   {a=479001977, b=0, c=69, d=23}
10: inc a      {a=479001978, b=0, c=69, d=23}
11: dec d      {a=479001978, b=0, c=69, d=22}
9: jnz d -2   {a=479001978, b=0, c=69, d=22}
10: inc a      {a=479001979, b=0, c=69, d=22}
11: dec d      {a=479001979, b=0, c=69, d=21}
9: jnz d -2   {a=479001979, b=0, c=69, d=21}
10: inc a      {a=479001980, b=0, c=69, d=21}
11: dec d      {a=479001980, b=0, c=69, d=20}
9: jnz d -2   {a=479001980, b=0, c=69, d=20}
10: inc a      {a=479001981, b=0, c=69, d=20}
11: dec d      {a=479001981, b=0, c=69, d=19}
9: jnz d -2   {a=479001981, b=0, c=69, d=19}
10: inc a      {a=479001982, b=0, c=69, d=19}
11: dec d      {a=479001982, b=0, c=69, d=18}
9: jnz d -2   {a=479001982, b=0, c=69, d=18}
10: inc a      {a=479001983, b=0, c=69, d=18}
11: dec d      {a=479001983, b=0, c=69, d=17}
9: jnz d -2   {a=479001983, b=0, c=69, d=17}
10: inc a      {a=479001984, b=0, c=69, d=17}
11: dec d      {a=479001984, b=0, c=69, d=16}
9: jnz d -2   {a=479001984, b=0, c=69, d=16}
10: inc a      {a=479001985, b=0, c=69, d=16}
11: dec d      {a=479001985, b=0, c=69, d=15}
9: jnz d -2   {a=479001985, b=0, c=69, d=15}
10: inc a      {a=479001986, b=0, c=69, d=15}
11: dec d      {a=479001986, b=0, c=69, d=14}
9: jnz d -2   {a=479001986, b=0, c=69, d=14}
10: inc a      {a=479001987, b=0, c=69, d=14}
11: dec d      {a=479001987, b=0, c=69, d=13}
9: jnz d -2   {a=479001987, b=0, c=69, d=13}
10: inc a      {a=479001988, b=0, c=69, d=13}
11: dec d      {a=479001988, b=0, c=69, d=12}
9: jnz d -2   {a=479001988, b=0, c=69, d=12}
10: inc a      {a=479001989, b=0, c=69, d=12}
11: dec d      {a=479001989, b=0, c=69, d=11}
9: jnz d -2   {a=479001989, b=0, c=69, d=11}
10: inc a      {a=479001990, b=0, c=69, d=11}
11: dec d      {a=479001990, b=0, c=69, d=10}
9: jnz d -2   {a=479001990, b=0, c=69, d=10}
10: inc a      {a=479001991, b=0, c=69, d=10}
11: dec d      {a=479001991, b=0, c=69, d=9}
9: jnz d -2   {a=479001991, b=0, c=69, d=9}
10: inc a      {a=479001992, b=0, c=69, d=9}
11: dec d      {a=479001992, b=0, c=69, d=8}
9: jnz d -2   {a=479001992, b=0, c=69, d=8}
10: inc a      {a=479001993, b=0, c=69, d=8}
11: dec d      {a=479001993, b=0, c=69, d=7}
9: jnz d -2   {a=479001993, b=0, c=69, d=7}
10: inc a      {a=479001994, b=0, c=69, d=7}
11: dec d      {a=479001994, b=0, c=69, d=6}
9: jnz d -2   {a=479001994, b=0, c=69, d=6}
10: inc a      {a=479001995, b=0, c=69, d=6}
11: dec d      {a=479001995, b=0, c=69, d=5}
9: jnz d -2   {a=479001995, b=0, c=69, d=5}
10: inc a      {a=479001996, b=0, c=69, d=5}
11: dec d      {a=479001996, b=0, c=69, d=4}
9: jnz d -2   {a=479001996, b=0, c=69, d=4}
10: inc a      {a=479001997, b=0, c=69, d=4}
11: dec d      {a=479001997, b=0, c=69, d=3}
9: jnz d -2   {a=479001997, b=0, c=69, d=3}
10: inc a      {a=479001998, b=0, c=69, d=3}
11: dec d      {a=479001998, b=0, c=69, d=2}
9: jnz d -2   {a=479001998, b=0, c=69, d=2}
10: inc a      {a=479001999, b=0, c=69, d=2}
11: dec d      {a=479001999, b=0, c=69, d=1}
9: jnz d -2   {a=479001999, b=0, c=69, d=1}
10: inc a      {a=479002000, b=0, c=69, d=1}
11: dec d      {a=479002000, b=0, c=69, d=0}
12: jnz d -2   {a=479002000, b=0, c=69, d=0}
13: dec c      {a=479002000, b=0, c=68, d=0}
8: jnz c -5   {a=479002000, b=0, c=68, d=0}
9: cpy 80 d   {a=479002000, b=0, c=68, d=80}
10: inc a      {a=479002001, b=0, c=68, d=80}
11: dec d      {a=479002001, b=0, c=68, d=79}
9: jnz d -2   {a=479002001, b=0, c=68, d=79}
10: inc a      {a=479002002, b=0, c=68, d=79}
11: dec d      {a=479002002, b=0, c=68, d=78}
9: jnz d -2   {a=479002002, b=0, c=68, d=78}
10: inc a      {a=479002003, b=0, c=68, d=78}
11: dec d      {a=479002003, b=0, c=68, d=77}
9: jnz d -2   {a=479002003, b=0, c=68, d=77}
10: inc a      {a=479002004, b=0, c=68, d=77}
11: dec d      {a=479002004, b=0, c=68, d=76}
9: jnz d -2   {a=479002004, b=0, c=68, d=76}
10: inc a      {a=479002005, b=0, c=68, d=76}
11: dec d      {a=479002005, b=0, c=68, d=75}
9: jnz d -2   {a=479002005, b=0, c=68, d=75}
10: inc a      {a=479002006, b=0, c=68, d=75}
11: dec d      {a=479002006, b=0, c=68, d=74}
9: jnz d -2   {a=479002006, b=0, c=68, d=74}
10: inc a      {a=479002007, b=0, c=68, d=74}
11: dec d      {a=479002007, b=0, c=68, d=73}
9: jnz d -2   {a=479002007, b=0, c=68, d=73}
10: inc a      {a=479002008, b=0, c=68, d=73}
11: dec d      {a=479002008, b=0, c=68, d=72}
9: jnz d -2   {a=479002008, b=0, c=68, d=72}
10: inc a      {a=479002009, b=0, c=68, d=72}
11: dec d      {a=479002009, b=0, c=68, d=71}
9: jnz d -2   {a=479002009, b=0, c=68, d=71}
10: inc a      {a=479002010, b=0, c=68, d=71}
11: dec d      {a=479002010, b=0, c=68, d=70}
9: jnz d -2   {a=479002010, b=0, c=68, d=70}
10: inc a      {a=479002011, b=0, c=68, d=70}
11: dec d      {a=479002011, b=0, c=68, d=69}
9: jnz d -2   {a=479002011, b=0, c=68, d=69}
10: inc a      {a=479002012, b=0, c=68, d=69}
11: dec d      {a=479002012, b=0, c=68, d=68}
9: jnz d -2   {a=479002012, b=0, c=68, d=68}
10: inc a      {a=479002013, b=0, c=68, d=68}
11: dec d      {a=479002013, b=0, c=68, d=67}
9: jnz d -2   {a=479002013, b=0, c=68, d=67}
10: inc a      {a=479002014, b=0, c=68, d=67}
11: dec d      {a=479002014, b=0, c=68, d=66}
9: jnz d -2   {a=479002014, b=0, c=68, d=66}
10: inc a      {a=479002015, b=0, c=68, d=66}
11: dec d      {a=479002015, b=0, c=68, d=65}
9: jnz d -2   {a=479002015, b=0, c=68, d=65}
10: inc a      {a=479002016, b=0, c=68, d=65}
11: dec d      {a=479002016, b=0, c=68, d=64}
9: jnz d -2   {a=479002016, b=0, c=68, d=64}
10: inc a      {a=479002017, b=0, c=68, d=64}
11: dec d      {a=479002017, b=0, c=68, d=63}
9: jnz d -2   {a=479002017, b=0, c=68, d=63}
10: inc a      {a=479002018, b=0, c=68, d=63}
11: dec d      {a=479002018, b=0, c=68, d=62}
9: jnz d -2   {a=479002018, b=0, c=68, d=62}
10: inc a      {a=479002019, b=0, c=68, d=62}
11: dec d      {a=479002019, b=0, c=68, d=61}
9: jnz d -2   {a=479002019, b=0, c=68, d=61}
10: inc a      {a=479002020, b=0, c=68, d=61}
11: dec d      {a=479002020, b=0, c=68, d=60}
9: jnz d -2   {a=479002020, b=0, c=68, d=60}
10: inc a      {a=479002021, b=0, c=68, d=60}
11: dec d      {a=479002021, b=0, c=68, d=59}
9: jnz d -2   {a=479002021, b=0, c=68, d=59}
10: inc a      {a=479002022, b=0, c=68, d=59}
11: dec d      {a=479002022, b=0, c=68, d=58}
9: jnz d -2   {a=479002022, b=0, c=68, d=58}
10: inc a      {a=479002023, b=0, c=68, d=58}
11: dec d      {a=479002023, b=0, c=68, d=57}
9: jnz d -2   {a=479002023, b=0, c=68, d=57}
10: inc a      {a=479002024, b=0, c=68, d=57}
11: dec d      {a=479002024, b=0, c=68, d=56}
9: jnz d -2   {a=479002024, b=0, c=68, d=56}
10: inc a      {a=479002025, b=0, c=68, d=56}
11: dec d      {a=479002025, b=0, c=68, d=55}
9: jnz d -2   {a=479002025, b=0, c=68, d=55}
10: inc a      {a=479002026, b=0, c=68, d=55}
11: dec d      {a=479002026, b=0, c=68, d=54}
9: jnz d -2   {a=479002026, b=0, c=68, d=54}
10: inc a      {a=479002027, b=0, c=68, d=54}
11: dec d      {a=479002027, b=0, c=68, d=53}
9: jnz d -2   {a=479002027, b=0, c=68, d=53}
10: inc a      {a=479002028, b=0, c=68, d=53}
11: dec d      {a=479002028, b=0, c=68, d=52}
9: jnz d -2   {a=479002028, b=0, c=68, d=52}
10: inc a      {a=479002029, b=0, c=68, d=52}
11: dec d      {a=479002029, b=0, c=68, d=51}
9: jnz d -2   {a=479002029, b=0, c=68, d=51}
10: inc a      {a=479002030, b=0, c=68, d=51}
11: dec d      {a=479002030, b=0, c=68, d=50}
9: jnz d -2   {a=479002030, b=0, c=68, d=50}
10: inc a      {a=479002031, b=0, c=68, d=50}
11: dec d      {a=479002031, b=0, c=68, d=49}
9: jnz d -2   {a=479002031, b=0, c=68, d=49}
10: inc a      {a=479002032, b=0, c=68, d=49}
11: dec d      {a=479002032, b=0, c=68, d=48}
9: jnz d -2   {a=479002032, b=0, c=68, d=48}
10: inc a      {a=479002033, b=0, c=68, d=48}
11: dec d      {a=479002033, b=0, c=68, d=47}
9: jnz d -2   {a=479002033, b=0, c=68, d=47}
10: inc a      {a=479002034, b=0, c=68, d=47}
11: dec d      {a=479002034, b=0, c=68, d=46}
9: jnz d -2   {a=479002034, b=0, c=68, d=46}
10: inc a      {a=479002035, b=0, c=68, d=46}
11: dec d      {a=479002035, b=0, c=68, d=45}
9: jnz d -2   {a=479002035, b=0, c=68, d=45}
10: inc a      {a=479002036, b=0, c=68, d=45}
11: dec d      {a=479002036, b=0, c=68, d=44}
9: jnz d -2   {a=479002036, b=0, c=68, d=44}
10: inc a      {a=479002037, b=0, c=68, d=44}
11: dec d      {a=479002037, b=0, c=68, d=43}
9: jnz d -2   {a=479002037, b=0, c=68, d=43}
10: inc a      {a=479002038, b=0, c=68, d=43}
11: dec d      {a=479002038, b=0, c=68, d=42}
9: jnz d -2   {a=479002038, b=0, c=68, d=42}
10: inc a      {a=479002039, b=0, c=68, d=42}
11: dec d      {a=479002039, b=0, c=68, d=41}
9: jnz d -2   {a=479002039, b=0, c=68, d=41}
10: inc a      {a=479002040, b=0, c=68, d=41}
11: dec d      {a=479002040, b=0, c=68, d=40}
9: jnz d -2   {a=479002040, b=0, c=68, d=40}
10: inc a      {a=479002041, b=0, c=68, d=40}
11: dec d      {a=479002041, b=0, c=68, d=39}
9: jnz d -2   {a=479002041, b=0, c=68, d=39}
10: inc a      {a=479002042, b=0, c=68, d=39}
11: dec d      {a=479002042, b=0, c=68, d=38}
9: jnz d -2   {a=479002042, b=0, c=68, d=38}
10: inc a      {a=479002043, b=0, c=68, d=38}
11: dec d      {a=479002043, b=0, c=68, d=37}
9: jnz d -2   {a=479002043, b=0, c=68, d=37}
10: inc a      {a=479002044, b=0, c=68, d=37}
11: dec d      {a=479002044, b=0, c=68, d=36}
9: jnz d -2   {a=479002044, b=0, c=68, d=36}
10: inc a      {a=479002045, b=0, c=68, d=36}
11: dec d      {a=479002045, b=0, c=68, d=35}
9: jnz d -2   {a=479002045, b=0, c=68, d=35}
10: inc a      {a=479002046, b=0, c=68, d=35}
11: dec d      {a=479002046, b=0, c=68, d=34}
9: jnz d -2   {a=479002046, b=0, c=68, d=34}
10: inc a      {a=479002047, b=0, c=68, d=34}
11: dec d      {a=479002047, b=0, c=68, d=33}
9: jnz d -2   {a=479002047, b=0, c=68, d=33}
10: inc a      {a=479002048, b=0, c=68, d=33}
11: dec d      {a=479002048, b=0, c=68, d=32}
9: jnz d -2   {a=479002048, b=0, c=68, d=32}
10: inc a      {a=479002049, b=0, c=68, d=32}
11: dec d      {a=479002049, b=0, c=68, d=31}
9: jnz d -2   {a=479002049, b=0, c=68, d=31}
10: inc a      {a=479002050, b=0, c=68, d=31}
11: dec d      {a=479002050, b=0, c=68, d=30}
9: jnz d -2   {a=479002050, b=0, c=68, d=30}
10: inc a      {a=479002051, b=0, c=68, d=30}
11: dec d      {a=479002051, b=0, c=68, d=29}
9: jnz d -2   {a=479002051, b=0, c=68, d=29}
10: inc a      {a=479002052, b=0, c=68, d=29}
11: dec d      {a=479002052, b=0, c=68, d=28}
9: jnz d -2   {a=479002052, b=0, c=68, d=28}
10: inc a      {a=479002053, b=0, c=68, d=28}
11: dec d      {a=479002053, b=0, c=68, d=27}
9: jnz d -2   {a=479002053, b=0, c=68, d=27}
10: inc a      {a=479002054, b=0, c=68, d=27}
11: dec d      {a=479002054, b=0, c=68, d=26}
9: jnz d -2   {a=479002054, b=0, c=68, d=26}
10: inc a      {a=479002055, b=0, c=68, d=26}
11: dec d      {a=479002055, b=0, c=68, d=25}
9: jnz d -2   {a=479002055, b=0, c=68, d=25}
10: inc a      {a=479002056, b=0, c=68, d=25}
11: dec d      {a=479002056, b=0, c=68, d=24}
9: jnz d -2   {a=479002056, b=0, c=68, d=24}
10: inc a      {a=479002057, b=0, c=68, d=24}
11: dec d      {a=479002057, b=0, c=68, d=23}
9: jnz d -2   {a=479002057, b=0, c=68, d=23}
10: inc a      {a=479002058, b=0, c=68, d=23}
11: dec d      {a=479002058, b=0, c=68, d=22}
9: jnz d -2   {a=479002058, b=0, c=68, d=22}
10: inc a      {a=479002059, b=0, c=68, d=22}
11: dec d      {a=479002059, b=0, c=68, d=21}
9: jnz d -2   {a=479002059, b=0, c=68, d=21}
10: inc a      {a=479002060, b=0, c=68, d=21}
11: dec d      {a=479002060, b=0, c=68, d=20}
9: jnz d -2   {a=479002060, b=0, c=68, d=20}
10: inc a      {a=479002061, b=0, c=68, d=20}
11: dec d      {a=479002061, b=0, c=68, d=19}
9: jnz d -2   {a=479002061, b=0, c=68, d=19}
10: inc a      {a=479002062, b=0, c=68, d=19}
11: dec d      {a=479002062, b=0, c=68, d=18}
9: jnz d -2   {a=479002062, b=0, c=68, d=18}
10: inc a      {a=479002063, b=0, c=68, d=18}
11: dec d      {a=479002063, b=0, c=68, d=17}
9: jnz d -2   {a=479002063, b=0, c=68, d=17}
10: inc a      {a=479002064, b=0, c=68, d=17}
11: dec d      {a=479002064, b=0, c=68, d=16}
9: jnz d -2   {a=479002064, b=0, c=68, d=16}
10: inc a      {a=479002065, b=0, c=68, d=16}
11: dec d      {a=479002065, b=0, c=68, d=15}
9: jnz d -2   {a=479002065, b=0, c=68, d=15}
10: inc a      {a=479002066, b=0, c=68, d=15}
11: dec d      {a=479002066, b=0, c=68, d=14}
9: jnz d -2   {a=479002066, b=0, c=68, d=14}
10: inc a      {a=479002067, b=0, c=68, d=14}
11: dec d      {a=479002067, b=0, c=68, d=13}
9: jnz d -2   {a=479002067, b=0, c=68, d=13}
10: inc a      {a=479002068, b=0, c=68, d=13}
11: dec d      {a=479002068, b=0, c=68, d=12}
9: jnz d -2   {a=479002068, b=0, c=68, d=12}
10: inc a      {a=479002069, b=0, c=68, d=12}
11: dec d      {a=479002069, b=0, c=68, d=11}
9: jnz d -2   {a=479002069, b=0, c=68, d=11}
10: inc a      {a=479002070, b=0, c=68, d=11}
11: dec d      {a=479002070, b=0, c=68, d=10}
9: jnz d -2   {a=479002070, b=0, c=68, d=10}
10: inc a      {a=479002071, b=0, c=68, d=10}
11: dec d      {a=479002071, b=0, c=68, d=9}
9: jnz d -2   {a=479002071, b=0, c=68, d=9}
10: inc a      {a=479002072, b=0, c=68, d=9}
11: dec d      {a=479002072, b=0, c=68, d=8}
9: jnz d -2   {a=479002072, b=0, c=68, d=8}
10: inc a      {a=479002073, b=0, c=68, d=8}
11: dec d      {a=479002073, b=0, c=68, d=7}
9: jnz d -2   {a=479002073, b=0, c=68, d=7}
10: inc a      {a=479002074, b=0, c=68, d=7}
11: dec d      {a=479002074, b=0, c=68, d=6}
9: jnz d -2   {a=479002074, b=0, c=68, d=6}
10: inc a      {a=479002075, b=0, c=68, d=6}
11: dec d      {a=479002075, b=0, c=68, d=5}
9: jnz d -2   {a=479002075, b=0, c=68, d=5}
10: inc a      {a=479002076, b=0, c=68, d=5}
11: dec d      {a=479002076, b=0, c=68, d=4}
9: jnz d -2   {a=479002076, b=0, c=68, d=4}
10: inc a      {a=479002077, b=0, c=68, d=4}
11: dec d      {a=479002077, b=0, c=68, d=3}
9: jnz d -2   {a=479002077, b=0, c=68, d=3}
10: inc a      {a=479002078, b=0, c=68, d=3}
11: dec d      {a=479002078, b=0, c=68, d=2}
9: jnz d -2   {a=479002078, b=0, c=68, d=2}
10: inc a      {a=479002079, b=0, c=68, d=2}
11: dec d      {a=479002079, b=0, c=68, d=1}
9: jnz d -2   {a=479002079, b=0, c=68, d=1}
10: inc a      {a=479002080, b=0, c=68, d=1}
11: dec d      {a=479002080, b=0, c=68, d=0}
12: jnz d -2   {a=479002080, b=0, c=68, d=0}
13: dec c      {a=479002080, b=0, c=67, d=0}
8: jnz c -5   {a=479002080, b=0, c=67, d=0}
9: cpy 80 d   {a=479002080, b=0, c=67, d=80}
10: inc a      {a=479002081, b=0, c=67, d=80}
11: dec d      {a=479002081, b=0, c=67, d=79}
9: jnz d -2   {a=479002081, b=0, c=67, d=79}
10: inc a      {a=479002082, b=0, c=67, d=79}
11: dec d      {a=479002082, b=0, c=67, d=78}
9: jnz d -2   {a=479002082, b=0, c=67, d=78}
10: inc a      {a=479002083, b=0, c=67, d=78}
11: dec d      {a=479002083, b=0, c=67, d=77}
9: jnz d -2   {a=479002083, b=0, c=67, d=77}
10: inc a      {a=479002084, b=0, c=67, d=77}
11: dec d      {a=479002084, b=0, c=67, d=76}
9: jnz d -2   {a=479002084, b=0, c=67, d=76}
10: inc a      {a=479002085, b=0, c=67, d=76}
11: dec d      {a=479002085, b=0, c=67, d=75}
9: jnz d -2   {a=479002085, b=0, c=67, d=75}
10: inc a      {a=479002086, b=0, c=67, d=75}
11: dec d      {a=479002086, b=0, c=67, d=74}
9: jnz d -2   {a=479002086, b=0, c=67, d=74}
10: inc a      {a=479002087, b=0, c=67, d=74}
11: dec d      {a=479002087, b=0, c=67, d=73}
9: jnz d -2   {a=479002087, b=0, c=67, d=73}
10: inc a      {a=479002088, b=0, c=67, d=73}
11: dec d      {a=479002088, b=0, c=67, d=72}
9: jnz d -2   {a=479002088, b=0, c=67, d=72}
10: inc a      {a=479002089, b=0, c=67, d=72}
11: dec d      {a=479002089, b=0, c=67, d=71}
9: jnz d -2   {a=479002089, b=0, c=67, d=71}
10: inc a      {a=479002090, b=0, c=67, d=71}
11: dec d      {a=479002090, b=0, c=67, d=70}
9: jnz d -2   {a=479002090, b=0, c=67, d=70}
10: inc a      {a=479002091, b=0, c=67, d=70}
11: dec d      {a=479002091, b=0, c=67, d=69}
9: jnz d -2   {a=479002091, b=0, c=67, d=69}
10: inc a      {a=479002092, b=0, c=67, d=69}
11: dec d      {a=479002092, b=0, c=67, d=68}
9: jnz d -2   {a=479002092, b=0, c=67, d=68}
10: inc a      {a=479002093, b=0, c=67, d=68}
11: dec d      {a=479002093, b=0, c=67, d=67}
9: jnz d -2   {a=479002093, b=0, c=67, d=67}
10: inc a      {a=479002094, b=0, c=67, d=67}
11: dec d      {a=479002094, b=0, c=67, d=66}
9: jnz d -2   {a=479002094, b=0, c=67, d=66}
10: inc a      {a=479002095, b=0, c=67, d=66}
11: dec d      {a=479002095, b=0, c=67, d=65}
9: jnz d -2   {a=479002095, b=0, c=67, d=65}
10: inc a      {a=479002096, b=0, c=67, d=65}
11: dec d      {a=479002096, b=0, c=67, d=64}
9: jnz d -2   {a=479002096, b=0, c=67, d=64}
10: inc a      {a=479002097, b=0, c=67, d=64}
11: dec d      {a=479002097, b=0, c=67, d=63}
9: jnz d -2   {a=479002097, b=0, c=67, d=63}
10: inc a      {a=479002098, b=0, c=67, d=63}
11: dec d      {a=479002098, b=0, c=67, d=62}
9: jnz d -2   {a=479002098, b=0, c=67, d=62}
10: inc a      {a=479002099, b=0, c=67, d=62}
11: dec d      {a=479002099, b=0, c=67, d=61}
9: jnz d -2   {a=479002099, b=0, c=67, d=61}
10: inc a      {a=479002100, b=0, c=67, d=61}
11: dec d      {a=479002100, b=0, c=67, d=60}
9: jnz d -2   {a=479002100, b=0, c=67, d=60}
10: inc a      {a=479002101, b=0, c=67, d=60}
11: dec d      {a=479002101, b=0, c=67, d=59}
9: jnz d -2   {a=479002101, b=0, c=67, d=59}
10: inc a      {a=479002102, b=0, c=67, d=59}
11: dec d      {a=479002102, b=0, c=67, d=58}
9: jnz d -2   {a=479002102, b=0, c=67, d=58}
10: inc a      {a=479002103, b=0, c=67, d=58}
11: dec d      {a=479002103, b=0, c=67, d=57}
9: jnz d -2   {a=479002103, b=0, c=67, d=57}
10: inc a      {a=479002104, b=0, c=67, d=57}
11: dec d      {a=479002104, b=0, c=67, d=56}
9: jnz d -2   {a=479002104, b=0, c=67, d=56}
10: inc a      {a=479002105, b=0, c=67, d=56}
11: dec d      {a=479002105, b=0, c=67, d=55}
9: jnz d -2   {a=479002105, b=0, c=67, d=55}
10: inc a      {a=479002106, b=0, c=67, d=55}
11: dec d      {a=479002106, b=0, c=67, d=54}
9: jnz d -2   {a=479002106, b=0, c=67, d=54}
10: inc a      {a=479002107, b=0, c=67, d=54}
11: dec d      {a=479002107, b=0, c=67, d=53}
9: jnz d -2   {a=479002107, b=0, c=67, d=53}
10: inc a      {a=479002108, b=0, c=67, d=53}
11: dec d      {a=479002108, b=0, c=67, d=52}
9: jnz d -2   {a=479002108, b=0, c=67, d=52}
10: inc a      {a=479002109, b=0, c=67, d=52}
11: dec d      {a=479002109, b=0, c=67, d=51}
9: jnz d -2   {a=479002109, b=0, c=67, d=51}
10: inc a      {a=479002110, b=0, c=67, d=51}
11: dec d      {a=479002110, b=0, c=67, d=50}
9: jnz d -2   {a=479002110, b=0, c=67, d=50}
10: inc a      {a=479002111, b=0, c=67, d=50}
11: dec d      {a=479002111, b=0, c=67, d=49}
9: jnz d -2   {a=479002111, b=0, c=67, d=49}
10: inc a      {a=479002112, b=0, c=67, d=49}
11: dec d      {a=479002112, b=0, c=67, d=48}
9: jnz d -2   {a=479002112, b=0, c=67, d=48}
10: inc a      {a=479002113, b=0, c=67, d=48}
11: dec d      {a=479002113, b=0, c=67, d=47}
9: jnz d -2   {a=479002113, b=0, c=67, d=47}
10: inc a      {a=479002114, b=0, c=67, d=47}
11: dec d      {a=479002114, b=0, c=67, d=46}
9: jnz d -2   {a=479002114, b=0, c=67, d=46}
10: inc a      {a=479002115, b=0, c=67, d=46}
11: dec d      {a=479002115, b=0, c=67, d=45}
9: jnz d -2   {a=479002115, b=0, c=67, d=45}
10: inc a      {a=479002116, b=0, c=67, d=45}
11: dec d      {a=479002116, b=0, c=67, d=44}
9: jnz d -2   {a=479002116, b=0, c=67, d=44}
10: inc a      {a=479002117, b=0, c=67, d=44}
11: dec d      {a=479002117, b=0, c=67, d=43}
9: jnz d -2   {a=479002117, b=0, c=67, d=43}
10: inc a      {a=479002118, b=0, c=67, d=43}
11: dec d      {a=479002118, b=0, c=67, d=42}
9: jnz d -2   {a=479002118, b=0, c=67, d=42}
10: inc a      {a=479002119, b=0, c=67, d=42}
11: dec d      {a=479002119, b=0, c=67, d=41}
9: jnz d -2   {a=479002119, b=0, c=67, d=41}
10: inc a      {a=479002120, b=0, c=67, d=41}
11: dec d      {a=479002120, b=0, c=67, d=40}
9: jnz d -2   {a=479002120, b=0, c=67, d=40}
10: inc a      {a=479002121, b=0, c=67, d=40}
11: dec d      {a=479002121, b=0, c=67, d=39}
9: jnz d -2   {a=479002121, b=0, c=67, d=39}
10: inc a      {a=479002122, b=0, c=67, d=39}
11: dec d      {a=479002122, b=0, c=67, d=38}
9: jnz d -2   {a=479002122, b=0, c=67, d=38}
10: inc a      {a=479002123, b=0, c=67, d=38}
11: dec d      {a=479002123, b=0, c=67, d=37}
9: jnz d -2   {a=479002123, b=0, c=67, d=37}
10: inc a      {a=479002124, b=0, c=67, d=37}
11: dec d      {a=479002124, b=0, c=67, d=36}
9: jnz d -2   {a=479002124, b=0, c=67, d=36}
10: inc a      {a=479002125, b=0, c=67, d=36}
11: dec d      {a=479002125, b=0, c=67, d=35}
9: jnz d -2   {a=479002125, b=0, c=67, d=35}
10: inc a      {a=479002126, b=0, c=67, d=35}
11: dec d      {a=479002126, b=0, c=67, d=34}
9: jnz d -2   {a=479002126, b=0, c=67, d=34}
10: inc a      {a=479002127, b=0, c=67, d=34}
11: dec d      {a=479002127, b=0, c=67, d=33}
9: jnz d -2   {a=479002127, b=0, c=67, d=33}
10: inc a      {a=479002128, b=0, c=67, d=33}
11: dec d      {a=479002128, b=0, c=67, d=32}
9: jnz d -2   {a=479002128, b=0, c=67, d=32}
10: inc a      {a=479002129, b=0, c=67, d=32}
11: dec d      {a=479002129, b=0, c=67, d=31}
9: jnz d -2   {a=479002129, b=0, c=67, d=31}
10: inc a      {a=479002130, b=0, c=67, d=31}
11: dec d      {a=479002130, b=0, c=67, d=30}
9: jnz d -2   {a=479002130, b=0, c=67, d=30}
10: inc a      {a=479002131, b=0, c=67, d=30}
11: dec d      {a=479002131, b=0, c=67, d=29}
9: jnz d -2   {a=479002131, b=0, c=67, d=29}
10: inc a      {a=479002132, b=0, c=67, d=29}
11: dec d      {a=479002132, b=0, c=67, d=28}
9: jnz d -2   {a=479002132, b=0, c=67, d=28}
10: inc a      {a=479002133, b=0, c=67, d=28}
11: dec d      {a=479002133, b=0, c=67, d=27}
9: jnz d -2   {a=479002133, b=0, c=67, d=27}
10: inc a      {a=479002134, b=0, c=67, d=27}
11: dec d      {a=479002134, b=0, c=67, d=26}
9: jnz d -2   {a=479002134, b=0, c=67, d=26}
10: inc a      {a=479002135, b=0, c=67, d=26}
11: dec d      {a=479002135, b=0, c=67, d=25}
9: jnz d -2   {a=479002135, b=0, c=67, d=25}
10: inc a      {a=479002136, b=0, c=67, d=25}
11: dec d      {a=479002136, b=0, c=67, d=24}
9: jnz d -2   {a=479002136, b=0, c=67, d=24}
10: inc a      {a=479002137, b=0, c=67, d=24}
11: dec d      {a=479002137, b=0, c=67, d=23}
9: jnz d -2   {a=479002137, b=0, c=67, d=23}
10: inc a      {a=479002138, b=0, c=67, d=23}
11: dec d      {a=479002138, b=0, c=67, d=22}
9: jnz d -2   {a=479002138, b=0, c=67, d=22}
10: inc a      {a=479002139, b=0, c=67, d=22}
11: dec d      {a=479002139, b=0, c=67, d=21}
9: jnz d -2   {a=479002139, b=0, c=67, d=21}
10: inc a      {a=479002140, b=0, c=67, d=21}
11: dec d      {a=479002140, b=0, c=67, d=20}
9: jnz d -2   {a=479002140, b=0, c=67, d=20}
10: inc a      {a=479002141, b=0, c=67, d=20}
11: dec d      {a=479002141, b=0, c=67, d=19}
9: jnz d -2   {a=479002141, b=0, c=67, d=19}
10: inc a      {a=479002142, b=0, c=67, d=19}
11: dec d      {a=479002142, b=0, c=67, d=18}
9: jnz d -2   {a=479002142, b=0, c=67, d=18}
10: inc a      {a=479002143, b=0, c=67, d=18}
11: dec d      {a=479002143, b=0, c=67, d=17}
9: jnz d -2   {a=479002143, b=0, c=67, d=17}
10: inc a      {a=479002144, b=0, c=67, d=17}
11: dec d      {a=479002144, b=0, c=67, d=16}
9: jnz d -2   {a=479002144, b=0, c=67, d=16}
10: inc a      {a=479002145, b=0, c=67, d=16}
11: dec d      {a=479002145, b=0, c=67, d=15}
9: jnz d -2   {a=479002145, b=0, c=67, d=15}
10: inc a      {a=479002146, b=0, c=67, d=15}
11: dec d      {a=479002146, b=0, c=67, d=14}
9: jnz d -2   {a=479002146, b=0, c=67, d=14}
10: inc a      {a=479002147, b=0, c=67, d=14}
11: dec d      {a=479002147, b=0, c=67, d=13}
9: jnz d -2   {a=479002147, b=0, c=67, d=13}
10: inc a      {a=479002148, b=0, c=67, d=13}
11: dec d      {a=479002148, b=0, c=67, d=12}
9: jnz d -2   {a=479002148, b=0, c=67, d=12}
10: inc a      {a=479002149, b=0, c=67, d=12}
11: dec d      {a=479002149, b=0, c=67, d=11}
9: jnz d -2   {a=479002149, b=0, c=67, d=11}
10: inc a      {a=479002150, b=0, c=67, d=11}
11: dec d      {a=479002150, b=0, c=67, d=10}
9: jnz d -2   {a=479002150, b=0, c=67, d=10}
10: inc a      {a=479002151, b=0, c=67, d=10}
11: dec d      {a=479002151, b=0, c=67, d=9}
9: jnz d -2   {a=479002151, b=0, c=67, d=9}
10: inc a      {a=479002152, b=0, c=67, d=9}
11: dec d      {a=479002152, b=0, c=67, d=8}
9: jnz d -2   {a=479002152, b=0, c=67, d=8}
10: inc a      {a=479002153, b=0, c=67, d=8}
11: dec d      {a=479002153, b=0, c=67, d=7}
9: jnz d -2   {a=479002153, b=0, c=67, d=7}
10: inc a      {a=479002154, b=0, c=67, d=7}
11: dec d      {a=479002154, b=0, c=67, d=6}
9: jnz d -2   {a=479002154, b=0, c=67, d=6}
10: inc a      {a=479002155, b=0, c=67, d=6}
11: dec d      {a=479002155, b=0, c=67, d=5}
9: jnz d -2   {a=479002155, b=0, c=67, d=5}
10: inc a      {a=479002156, b=0, c=67, d=5}
11: dec d      {a=479002156, b=0, c=67, d=4}
9: jnz d -2   {a=479002156, b=0, c=67, d=4}
10: inc a      {a=479002157, b=0, c=67, d=4}
11: dec d      {a=479002157, b=0, c=67, d=3}
9: jnz d -2   {a=479002157, b=0, c=67, d=3}
10: inc a      {a=479002158, b=0, c=67, d=3}
11: dec d      {a=479002158, b=0, c=67, d=2}
9: jnz d -2   {a=479002158, b=0, c=67, d=2}
10: inc a      {a=479002159, b=0, c=67, d=2}
11: dec d      {a=479002159, b=0, c=67, d=1}
9: jnz d -2   {a=479002159, b=0, c=67, d=1}
10: inc a      {a=479002160, b=0, c=67, d=1}
11: dec d      {a=479002160, b=0, c=67, d=0}
12: jnz d -2   {a=479002160, b=0, c=67, d=0}
13: dec c      {a=479002160, b=0, c=66, d=0}
8: jnz c -5   {a=479002160, b=0, c=66, d=0}
9: cpy 80 d   {a=479002160, b=0, c=66, d=80}
10: inc a      {a=479002161, b=0, c=66, d=80}
11: dec d      {a=479002161, b=0, c=66, d=79}
9: jnz d -2   {a=479002161, b=0, c=66, d=79}
10: inc a      {a=479002162, b=0, c=66, d=79}
11: dec d      {a=479002162, b=0, c=66, d=78}
9: jnz d -2   {a=479002162, b=0, c=66, d=78}
10: inc a      {a=479002163, b=0, c=66, d=78}
11: dec d      {a=479002163, b=0, c=66, d=77}
9: jnz d -2   {a=479002163, b=0, c=66, d=77}
10: inc a      {a=479002164, b=0, c=66, d=77}
11: dec d      {a=479002164, b=0, c=66, d=76}
9: jnz d -2   {a=479002164, b=0, c=66, d=76}
10: inc a      {a=479002165, b=0, c=66, d=76}
11: dec d      {a=479002165, b=0, c=66, d=75}
9: jnz d -2   {a=479002165, b=0, c=66, d=75}
10: inc a      {a=479002166, b=0, c=66, d=75}
11: dec d      {a=479002166, b=0, c=66, d=74}
9: jnz d -2   {a=479002166, b=0, c=66, d=74}
10: inc a      {a=479002167, b=0, c=66, d=74}
11: dec d      {a=479002167, b=0, c=66, d=73}
9: jnz d -2   {a=479002167, b=0, c=66, d=73}
10: inc a      {a=479002168, b=0, c=66, d=73}
11: dec d      {a=479002168, b=0, c=66, d=72}
9: jnz d -2   {a=479002168, b=0, c=66, d=72}
10: inc a      {a=479002169, b=0, c=66, d=72}
11: dec d      {a=479002169, b=0, c=66, d=71}
9: jnz d -2   {a=479002169, b=0, c=66, d=71}
10: inc a      {a=479002170, b=0, c=66, d=71}
11: dec d      {a=479002170, b=0, c=66, d=70}
9: jnz d -2   {a=479002170, b=0, c=66, d=70}
10: inc a      {a=479002171, b=0, c=66, d=70}
11: dec d      {a=479002171, b=0, c=66, d=69}
9: jnz d -2   {a=479002171, b=0, c=66, d=69}
10: inc a      {a=479002172, b=0, c=66, d=69}
11: dec d      {a=479002172, b=0, c=66, d=68}
9: jnz d -2   {a=479002172, b=0, c=66, d=68}
10: inc a      {a=479002173, b=0, c=66, d=68}
11: dec d      {a=479002173, b=0, c=66, d=67}
9: jnz d -2   {a=479002173, b=0, c=66, d=67}
10: inc a      {a=479002174, b=0, c=66, d=67}
11: dec d      {a=479002174, b=0, c=66, d=66}
9: jnz d -2   {a=479002174, b=0, c=66, d=66}
10: inc a      {a=479002175, b=0, c=66, d=66}
11: dec d      {a=479002175, b=0, c=66, d=65}
9: jnz d -2   {a=479002175, b=0, c=66, d=65}
10: inc a      {a=479002176, b=0, c=66, d=65}
11: dec d      {a=479002176, b=0, c=66, d=64}
9: jnz d -2   {a=479002176, b=0, c=66, d=64}
10: inc a      {a=479002177, b=0, c=66, d=64}
11: dec d      {a=479002177, b=0, c=66, d=63}
9: jnz d -2   {a=479002177, b=0, c=66, d=63}
10: inc a      {a=479002178, b=0, c=66, d=63}
11: dec d      {a=479002178, b=0, c=66, d=62}
9: jnz d -2   {a=479002178, b=0, c=66, d=62}
10: inc a      {a=479002179, b=0, c=66, d=62}
11: dec d      {a=479002179, b=0, c=66, d=61}
9: jnz d -2   {a=479002179, b=0, c=66, d=61}
10: inc a      {a=479002180, b=0, c=66, d=61}
11: dec d      {a=479002180, b=0, c=66, d=60}
9: jnz d -2   {a=479002180, b=0, c=66, d=60}
10: inc a      {a=479002181, b=0, c=66, d=60}
11: dec d      {a=479002181, b=0, c=66, d=59}
9: jnz d -2   {a=479002181, b=0, c=66, d=59}
10: inc a      {a=479002182, b=0, c=66, d=59}
11: dec d      {a=479002182, b=0, c=66, d=58}
9: jnz d -2   {a=479002182, b=0, c=66, d=58}
10: inc a      {a=479002183, b=0, c=66, d=58}
11: dec d      {a=479002183, b=0, c=66, d=57}
9: jnz d -2   {a=479002183, b=0, c=66, d=57}
10: inc a      {a=479002184, b=0, c=66, d=57}
11: dec d      {a=479002184, b=0, c=66, d=56}
9: jnz d -2   {a=479002184, b=0, c=66, d=56}
10: inc a      {a=479002185, b=0, c=66, d=56}
11: dec d      {a=479002185, b=0, c=66, d=55}
9: jnz d -2   {a=479002185, b=0, c=66, d=55}
10: inc a      {a=479002186, b=0, c=66, d=55}
11: dec d      {a=479002186, b=0, c=66, d=54}
9: jnz d -2   {a=479002186, b=0, c=66, d=54}
10: inc a      {a=479002187, b=0, c=66, d=54}
11: dec d      {a=479002187, b=0, c=66, d=53}
9: jnz d -2   {a=479002187, b=0, c=66, d=53}
10: inc a      {a=479002188, b=0, c=66, d=53}
11: dec d      {a=479002188, b=0, c=66, d=52}
9: jnz d -2   {a=479002188, b=0, c=66, d=52}
10: inc a      {a=479002189, b=0, c=66, d=52}
11: dec d      {a=479002189, b=0, c=66, d=51}
9: jnz d -2   {a=479002189, b=0, c=66, d=51}
10: inc a      {a=479002190, b=0, c=66, d=51}
11: dec d      {a=479002190, b=0, c=66, d=50}
9: jnz d -2   {a=479002190, b=0, c=66, d=50}
10: inc a      {a=479002191, b=0, c=66, d=50}
11: dec d      {a=479002191, b=0, c=66, d=49}
9: jnz d -2   {a=479002191, b=0, c=66, d=49}
10: inc a      {a=479002192, b=0, c=66, d=49}
11: dec d      {a=479002192, b=0, c=66, d=48}
9: jnz d -2   {a=479002192, b=0, c=66, d=48}
10: inc a      {a=479002193, b=0, c=66, d=48}
11: dec d      {a=479002193, b=0, c=66, d=47}
9: jnz d -2   {a=479002193, b=0, c=66, d=47}
10: inc a      {a=479002194, b=0, c=66, d=47}
11: dec d      {a=479002194, b=0, c=66, d=46}
9: jnz d -2   {a=479002194, b=0, c=66, d=46}
10: inc a      {a=479002195, b=0, c=66, d=46}
11: dec d      {a=479002195, b=0, c=66, d=45}
9: jnz d -2   {a=479002195, b=0, c=66, d=45}
10: inc a      {a=479002196, b=0, c=66, d=45}
11: dec d      {a=479002196, b=0, c=66, d=44}
9: jnz d -2   {a=479002196, b=0, c=66, d=44}
10: inc a      {a=479002197, b=0, c=66, d=44}
11: dec d      {a=479002197, b=0, c=66, d=43}
9: jnz d -2   {a=479002197, b=0, c=66, d=43}
10: inc a      {a=479002198, b=0, c=66, d=43}
11: dec d      {a=479002198, b=0, c=66, d=42}
9: jnz d -2   {a=479002198, b=0, c=66, d=42}
10: inc a      {a=479002199, b=0, c=66, d=42}
11: dec d      {a=479002199, b=0, c=66, d=41}
9: jnz d -2   {a=479002199, b=0, c=66, d=41}
10: inc a      {a=479002200, b=0, c=66, d=41}
11: dec d      {a=479002200, b=0, c=66, d=40}
9: jnz d -2   {a=479002200, b=0, c=66, d=40}
10: inc a      {a=479002201, b=0, c=66, d=40}
11: dec d      {a=479002201, b=0, c=66, d=39}
9: jnz d -2   {a=479002201, b=0, c=66, d=39}
10: inc a      {a=479002202, b=0, c=66, d=39}
11: dec d      {a=479002202, b=0, c=66, d=38}
9: jnz d -2   {a=479002202, b=0, c=66, d=38}
10: inc a      {a=479002203, b=0, c=66, d=38}
11: dec d      {a=479002203, b=0, c=66, d=37}
9: jnz d -2   {a=479002203, b=0, c=66, d=37}
10: inc a      {a=479002204, b=0, c=66, d=37}
11: dec d      {a=479002204, b=0, c=66, d=36}
9: jnz d -2   {a=479002204, b=0, c=66, d=36}
10: inc a      {a=479002205, b=0, c=66, d=36}
11: dec d      {a=479002205, b=0, c=66, d=35}
9: jnz d -2   {a=479002205, b=0, c=66, d=35}
10: inc a      {a=479002206, b=0, c=66, d=35}
11: dec d      {a=479002206, b=0, c=66, d=34}
9: jnz d -2   {a=479002206, b=0, c=66, d=34}
10: inc a      {a=479002207, b=0, c=66, d=34}
11: dec d      {a=479002207, b=0, c=66, d=33}
9: jnz d -2   {a=479002207, b=0, c=66, d=33}
10: inc a      {a=479002208, b=0, c=66, d=33}
11: dec d      {a=479002208, b=0, c=66, d=32}
9: jnz d -2   {a=479002208, b=0, c=66, d=32}
10: inc a      {a=479002209, b=0, c=66, d=32}
11: dec d      {a=479002209, b=0, c=66, d=31}
9: jnz d -2   {a=479002209, b=0, c=66, d=31}
10: inc a      {a=479002210, b=0, c=66, d=31}
11: dec d      {a=479002210, b=0, c=66, d=30}
9: jnz d -2   {a=479002210, b=0, c=66, d=30}
10: inc a      {a=479002211, b=0, c=66, d=30}
11: dec d      {a=479002211, b=0, c=66, d=29}
9: jnz d -2   {a=479002211, b=0, c=66, d=29}
10: inc a      {a=479002212, b=0, c=66, d=29}
11: dec d      {a=479002212, b=0, c=66, d=28}
9: jnz d -2   {a=479002212, b=0, c=66, d=28}
10: inc a      {a=479002213, b=0, c=66, d=28}
11: dec d      {a=479002213, b=0, c=66, d=27}
9: jnz d -2   {a=479002213, b=0, c=66, d=27}
10: inc a      {a=479002214, b=0, c=66, d=27}
11: dec d      {a=479002214, b=0, c=66, d=26}
9: jnz d -2   {a=479002214, b=0, c=66, d=26}
10: inc a      {a=479002215, b=0, c=66, d=26}
11: dec d      {a=479002215, b=0, c=66, d=25}
9: jnz d -2   {a=479002215, b=0, c=66, d=25}
10: inc a      {a=479002216, b=0, c=66, d=25}
11: dec d      {a=479002216, b=0, c=66, d=24}
9: jnz d -2   {a=479002216, b=0, c=66, d=24}
10: inc a      {a=479002217, b=0, c=66, d=24}
11: dec d      {a=479002217, b=0, c=66, d=23}
9: jnz d -2   {a=479002217, b=0, c=66, d=23}
10: inc a      {a=479002218, b=0, c=66, d=23}
11: dec d      {a=479002218, b=0, c=66, d=22}
9: jnz d -2   {a=479002218, b=0, c=66, d=22}
10: inc a      {a=479002219, b=0, c=66, d=22}
11: dec d      {a=479002219, b=0, c=66, d=21}
9: jnz d -2   {a=479002219, b=0, c=66, d=21}
10: inc a      {a=479002220, b=0, c=66, d=21}
11: dec d      {a=479002220, b=0, c=66, d=20}
9: jnz d -2   {a=479002220, b=0, c=66, d=20}
10: inc a      {a=479002221, b=0, c=66, d=20}
11: dec d      {a=479002221, b=0, c=66, d=19}
9: jnz d -2   {a=479002221, b=0, c=66, d=19}
10: inc a      {a=479002222, b=0, c=66, d=19}
11: dec d      {a=479002222, b=0, c=66, d=18}
9: jnz d -2   {a=479002222, b=0, c=66, d=18}
10: inc a      {a=479002223, b=0, c=66, d=18}
11: dec d      {a=479002223, b=0, c=66, d=17}
9: jnz d -2   {a=479002223, b=0, c=66, d=17}
10: inc a      {a=479002224, b=0, c=66, d=17}
11: dec d      {a=479002224, b=0, c=66, d=16}
9: jnz d -2   {a=479002224, b=0, c=66, d=16}
10: inc a      {a=479002225, b=0, c=66, d=16}
11: dec d      {a=479002225, b=0, c=66, d=15}
9: jnz d -2   {a=479002225, b=0, c=66, d=15}
10: inc a      {a=479002226, b=0, c=66, d=15}
11: dec d      {a=479002226, b=0, c=66, d=14}
9: jnz d -2   {a=479002226, b=0, c=66, d=14}
10: inc a      {a=479002227, b=0, c=66, d=14}
11: dec d      {a=479002227, b=0, c=66, d=13}
9: jnz d -2   {a=479002227, b=0, c=66, d=13}
10: inc a      {a=479002228, b=0, c=66, d=13}
11: dec d      {a=479002228, b=0, c=66, d=12}
9: jnz d -2   {a=479002228, b=0, c=66, d=12}
10: inc a      {a=479002229, b=0, c=66, d=12}
11: dec d      {a=479002229, b=0, c=66, d=11}
9: jnz d -2   {a=479002229, b=0, c=66, d=11}
10: inc a      {a=479002230, b=0, c=66, d=11}
11: dec d      {a=479002230, b=0, c=66, d=10}
9: jnz d -2   {a=479002230, b=0, c=66, d=10}
10: inc a      {a=479002231, b=0, c=66, d=10}
11: dec d      {a=479002231, b=0, c=66, d=9}
9: jnz d -2   {a=479002231, b=0, c=66, d=9}
10: inc a      {a=479002232, b=0, c=66, d=9}
11: dec d      {a=479002232, b=0, c=66, d=8}
9: jnz d -2   {a=479002232, b=0, c=66, d=8}
10: inc a      {a=479002233, b=0, c=66, d=8}
11: dec d      {a=479002233, b=0, c=66, d=7}
9: jnz d -2   {a=479002233, b=0, c=66, d=7}
10: inc a      {a=479002234, b=0, c=66, d=7}
11: dec d      {a=479002234, b=0, c=66, d=6}
9: jnz d -2   {a=479002234, b=0, c=66, d=6}
10: inc a      {a=479002235, b=0, c=66, d=6}
11: dec d      {a=479002235, b=0, c=66, d=5}
9: jnz d -2   {a=479002235, b=0, c=66, d=5}
10: inc a      {a=479002236, b=0, c=66, d=5}
11: dec d      {a=479002236, b=0, c=66, d=4}
9: jnz d -2   {a=479002236, b=0, c=66, d=4}
10: inc a      {a=479002237, b=0, c=66, d=4}
11: dec d      {a=479002237, b=0, c=66, d=3}
9: jnz d -2   {a=479002237, b=0, c=66, d=3}
10: inc a      {a=479002238, b=0, c=66, d=3}
11: dec d      {a=479002238, b=0, c=66, d=2}
9: jnz d -2   {a=479002238, b=0, c=66, d=2}
10: inc a      {a=479002239, b=0, c=66, d=2}
11: dec d      {a=479002239, b=0, c=66, d=1}
9: jnz d -2   {a=479002239, b=0, c=66, d=1}
10: inc a      {a=479002240, b=0, c=66, d=1}
11: dec d      {a=479002240, b=0, c=66, d=0}
12: jnz d -2   {a=479002240, b=0, c=66, d=0}
13: dec c      {a=479002240, b=0, c=65, d=0}
8: jnz c -5   {a=479002240, b=0, c=65, d=0}
9: cpy 80 d   {a=479002240, b=0, c=65, d=80}
10: inc a      {a=479002241, b=0, c=65, d=80}
11: dec d      {a=479002241, b=0, c=65, d=79}
9: jnz d -2   {a=479002241, b=0, c=65, d=79}
10: inc a      {a=479002242, b=0, c=65, d=79}
11: dec d      {a=479002242, b=0, c=65, d=78}
9: jnz d -2   {a=479002242, b=0, c=65, d=78}
10: inc a      {a=479002243, b=0, c=65, d=78}
11: dec d      {a=479002243, b=0, c=65, d=77}
9: jnz d -2   {a=479002243, b=0, c=65, d=77}
10: inc a      {a=479002244, b=0, c=65, d=77}
11: dec d      {a=479002244, b=0, c=65, d=76}
9: jnz d -2   {a=479002244, b=0, c=65, d=76}
10: inc a      {a=479002245, b=0, c=65, d=76}
11: dec d      {a=479002245, b=0, c=65, d=75}
9: jnz d -2   {a=479002245, b=0, c=65, d=75}
10: inc a      {a=479002246, b=0, c=65, d=75}
11: dec d      {a=479002246, b=0, c=65, d=74}
9: jnz d -2   {a=479002246, b=0, c=65, d=74}
10: inc a      {a=479002247, b=0, c=65, d=74}
11: dec d      {a=479002247, b=0, c=65, d=73}
9: jnz d -2   {a=479002247, b=0, c=65, d=73}
10: inc a      {a=479002248, b=0, c=65, d=73}
11: dec d      {a=479002248, b=0, c=65, d=72}
9: jnz d -2   {a=479002248, b=0, c=65, d=72}
10: inc a      {a=479002249, b=0, c=65, d=72}
11: dec d      {a=479002249, b=0, c=65, d=71}
9: jnz d -2   {a=479002249, b=0, c=65, d=71}
10: inc a      {a=479002250, b=0, c=65, d=71}
11: dec d      {a=479002250, b=0, c=65, d=70}
9: jnz d -2   {a=479002250, b=0, c=65, d=70}
10: inc a      {a=479002251, b=0, c=65, d=70}
11: dec d      {a=479002251, b=0, c=65, d=69}
9: jnz d -2   {a=479002251, b=0, c=65, d=69}
10: inc a      {a=479002252, b=0, c=65, d=69}
11: dec d      {a=479002252, b=0, c=65, d=68}
9: jnz d -2   {a=479002252, b=0, c=65, d=68}
10: inc a      {a=479002253, b=0, c=65, d=68}
11: dec d      {a=479002253, b=0, c=65, d=67}
9: jnz d -2   {a=479002253, b=0, c=65, d=67}
10: inc a      {a=479002254, b=0, c=65, d=67}
11: dec d      {a=479002254, b=0, c=65, d=66}
9: jnz d -2   {a=479002254, b=0, c=65, d=66}
10: inc a      {a=479002255, b=0, c=65, d=66}
11: dec d      {a=479002255, b=0, c=65, d=65}
9: jnz d -2   {a=479002255, b=0, c=65, d=65}
10: inc a      {a=479002256, b=0, c=65, d=65}
11: dec d      {a=479002256, b=0, c=65, d=64}
9: jnz d -2   {a=479002256, b=0, c=65, d=64}
10: inc a      {a=479002257, b=0, c=65, d=64}
11: dec d      {a=479002257, b=0, c=65, d=63}
9: jnz d -2   {a=479002257, b=0, c=65, d=63}
10: inc a      {a=479002258, b=0, c=65, d=63}
11: dec d      {a=479002258, b=0, c=65, d=62}
9: jnz d -2   {a=479002258, b=0, c=65, d=62}
10: inc a      {a=479002259, b=0, c=65, d=62}
11: dec d      {a=479002259, b=0, c=65, d=61}
9: jnz d -2   {a=479002259, b=0, c=65, d=61}
10: inc a      {a=479002260, b=0, c=65, d=61}
11: dec d      {a=479002260, b=0, c=65, d=60}
9: jnz d -2   {a=479002260, b=0, c=65, d=60}
10: inc a      {a=479002261, b=0, c=65, d=60}
11: dec d      {a=479002261, b=0, c=65, d=59}
9: jnz d -2   {a=479002261, b=0, c=65, d=59}
10: inc a      {a=479002262, b=0, c=65, d=59}
11: dec d      {a=479002262, b=0, c=65, d=58}
9: jnz d -2   {a=479002262, b=0, c=65, d=58}
10: inc a      {a=479002263, b=0, c=65, d=58}
11: dec d      {a=479002263, b=0, c=65, d=57}
9: jnz d -2   {a=479002263, b=0, c=65, d=57}
10: inc a      {a=479002264, b=0, c=65, d=57}
11: dec d      {a=479002264, b=0, c=65, d=56}
9: jnz d -2   {a=479002264, b=0, c=65, d=56}
10: inc a      {a=479002265, b=0, c=65, d=56}
11: dec d      {a=479002265, b=0, c=65, d=55}
9: jnz d -2   {a=479002265, b=0, c=65, d=55}
10: inc a      {a=479002266, b=0, c=65, d=55}
11: dec d      {a=479002266, b=0, c=65, d=54}
9: jnz d -2   {a=479002266, b=0, c=65, d=54}
10: inc a      {a=479002267, b=0, c=65, d=54}
11: dec d      {a=479002267, b=0, c=65, d=53}
9: jnz d -2   {a=479002267, b=0, c=65, d=53}
10: inc a      {a=479002268, b=0, c=65, d=53}
11: dec d      {a=479002268, b=0, c=65, d=52}
9: jnz d -2   {a=479002268, b=0, c=65, d=52}
10: inc a      {a=479002269, b=0, c=65, d=52}
11: dec d      {a=479002269, b=0, c=65, d=51}
9: jnz d -2   {a=479002269, b=0, c=65, d=51}
10: inc a      {a=479002270, b=0, c=65, d=51}
11: dec d      {a=479002270, b=0, c=65, d=50}
9: jnz d -2   {a=479002270, b=0, c=65, d=50}
10: inc a      {a=479002271, b=0, c=65, d=50}
11: dec d      {a=479002271, b=0, c=65, d=49}
9: jnz d -2   {a=479002271, b=0, c=65, d=49}
10: inc a      {a=479002272, b=0, c=65, d=49}
11: dec d      {a=479002272, b=0, c=65, d=48}
9: jnz d -2   {a=479002272, b=0, c=65, d=48}
10: inc a      {a=479002273, b=0, c=65, d=48}
11: dec d      {a=479002273, b=0, c=65, d=47}
9: jnz d -2   {a=479002273, b=0, c=65, d=47}
10: inc a      {a=479002274, b=0, c=65, d=47}
11: dec d      {a=479002274, b=0, c=65, d=46}
9: jnz d -2   {a=479002274, b=0, c=65, d=46}
10: inc a      {a=479002275, b=0, c=65, d=46}
11: dec d      {a=479002275, b=0, c=65, d=45}
9: jnz d -2   {a=479002275, b=0, c=65, d=45}
10: inc a      {a=479002276, b=0, c=65, d=45}
11: dec d      {a=479002276, b=0, c=65, d=44}
9: jnz d -2   {a=479002276, b=0, c=65, d=44}
10: inc a      {a=479002277, b=0, c=65, d=44}
11: dec d      {a=479002277, b=0, c=65, d=43}
9: jnz d -2   {a=479002277, b=0, c=65, d=43}
10: inc a      {a=479002278, b=0, c=65, d=43}
11: dec d      {a=479002278, b=0, c=65, d=42}
9: jnz d -2   {a=479002278, b=0, c=65, d=42}
10: inc a      {a=479002279, b=0, c=65, d=42}
11: dec d      {a=479002279, b=0, c=65, d=41}
9: jnz d -2   {a=479002279, b=0, c=65, d=41}
10: inc a      {a=479002280, b=0, c=65, d=41}
11: dec d      {a=479002280, b=0, c=65, d=40}
9: jnz d -2   {a=479002280, b=0, c=65, d=40}
10: inc a      {a=479002281, b=0, c=65, d=40}
11: dec d      {a=479002281, b=0, c=65, d=39}
9: jnz d -2   {a=479002281, b=0, c=65, d=39}
10: inc a      {a=479002282, b=0, c=65, d=39}
11: dec d      {a=479002282, b=0, c=65, d=38}
9: jnz d -2   {a=479002282, b=0, c=65, d=38}
10: inc a      {a=479002283, b=0, c=65, d=38}
11: dec d      {a=479002283, b=0, c=65, d=37}
9: jnz d -2   {a=479002283, b=0, c=65, d=37}
10: inc a      {a=479002284, b=0, c=65, d=37}
11: dec d      {a=479002284, b=0, c=65, d=36}
9: jnz d -2   {a=479002284, b=0, c=65, d=36}
10: inc a      {a=479002285, b=0, c=65, d=36}
11: dec d      {a=479002285, b=0, c=65, d=35}
9: jnz d -2   {a=479002285, b=0, c=65, d=35}
10: inc a      {a=479002286, b=0, c=65, d=35}
11: dec d      {a=479002286, b=0, c=65, d=34}
9: jnz d -2   {a=479002286, b=0, c=65, d=34}
10: inc a      {a=479002287, b=0, c=65, d=34}
11: dec d      {a=479002287, b=0, c=65, d=33}
9: jnz d -2   {a=479002287, b=0, c=65, d=33}
10: inc a      {a=479002288, b=0, c=65, d=33}
11: dec d      {a=479002288, b=0, c=65, d=32}
9: jnz d -2   {a=479002288, b=0, c=65, d=32}
10: inc a      {a=479002289, b=0, c=65, d=32}
11: dec d      {a=479002289, b=0, c=65, d=31}
9: jnz d -2   {a=479002289, b=0, c=65, d=31}
10: inc a      {a=479002290, b=0, c=65, d=31}
11: dec d      {a=479002290, b=0, c=65, d=30}
9: jnz d -2   {a=479002290, b=0, c=65, d=30}
10: inc a      {a=479002291, b=0, c=65, d=30}
11: dec d      {a=479002291, b=0, c=65, d=29}
9: jnz d -2   {a=479002291, b=0, c=65, d=29}
10: inc a      {a=479002292, b=0, c=65, d=29}
11: dec d      {a=479002292, b=0, c=65, d=28}
9: jnz d -2   {a=479002292, b=0, c=65, d=28}
10: inc a      {a=479002293, b=0, c=65, d=28}
11: dec d      {a=479002293, b=0, c=65, d=27}
9: jnz d -2   {a=479002293, b=0, c=65, d=27}
10: inc a      {a=479002294, b=0, c=65, d=27}
11: dec d      {a=479002294, b=0, c=65, d=26}
9: jnz d -2   {a=479002294, b=0, c=65, d=26}
10: inc a      {a=479002295, b=0, c=65, d=26}
11: dec d      {a=479002295, b=0, c=65, d=25}
9: jnz d -2   {a=479002295, b=0, c=65, d=25}
10: inc a      {a=479002296, b=0, c=65, d=25}
11: dec d      {a=479002296, b=0, c=65, d=24}
9: jnz d -2   {a=479002296, b=0, c=65, d=24}
10: inc a      {a=479002297, b=0, c=65, d=24}
11: dec d      {a=479002297, b=0, c=65, d=23}
9: jnz d -2   {a=479002297, b=0, c=65, d=23}
10: inc a      {a=479002298, b=0, c=65, d=23}
11: dec d      {a=479002298, b=0, c=65, d=22}
9: jnz d -2   {a=479002298, b=0, c=65, d=22}
10: inc a      {a=479002299, b=0, c=65, d=22}
11: dec d      {a=479002299, b=0, c=65, d=21}
9: jnz d -2   {a=479002299, b=0, c=65, d=21}
10: inc a      {a=479002300, b=0, c=65, d=21}
11: dec d      {a=479002300, b=0, c=65, d=20}
9: jnz d -2   {a=479002300, b=0, c=65, d=20}
10: inc a      {a=479002301, b=0, c=65, d=20}
11: dec d      {a=479002301, b=0, c=65, d=19}
9: jnz d -2   {a=479002301, b=0, c=65, d=19}
10: inc a      {a=479002302, b=0, c=65, d=19}
11: dec d      {a=479002302, b=0, c=65, d=18}
9: jnz d -2   {a=479002302, b=0, c=65, d=18}
10: inc a      {a=479002303, b=0, c=65, d=18}
11: dec d      {a=479002303, b=0, c=65, d=17}
9: jnz d -2   {a=479002303, b=0, c=65, d=17}
10: inc a      {a=479002304, b=0, c=65, d=17}
11: dec d      {a=479002304, b=0, c=65, d=16}
9: jnz d -2   {a=479002304, b=0, c=65, d=16}
10: inc a      {a=479002305, b=0, c=65, d=16}
11: dec d      {a=479002305, b=0, c=65, d=15}
9: jnz d -2   {a=479002305, b=0, c=65, d=15}
10: inc a      {a=479002306, b=0, c=65, d=15}
11: dec d      {a=479002306, b=0, c=65, d=14}
9: jnz d -2   {a=479002306, b=0, c=65, d=14}
10: inc a      {a=479002307, b=0, c=65, d=14}
11: dec d      {a=479002307, b=0, c=65, d=13}
9: jnz d -2   {a=479002307, b=0, c=65, d=13}
10: inc a      {a=479002308, b=0, c=65, d=13}
11: dec d      {a=479002308, b=0, c=65, d=12}
9: jnz d -2   {a=479002308, b=0, c=65, d=12}
10: inc a      {a=479002309, b=0, c=65, d=12}
11: dec d      {a=479002309, b=0, c=65, d=11}
9: jnz d -2   {a=479002309, b=0, c=65, d=11}
10: inc a      {a=479002310, b=0, c=65, d=11}
11: dec d      {a=479002310, b=0, c=65, d=10}
9: jnz d -2   {a=479002310, b=0, c=65, d=10}
10: inc a      {a=479002311, b=0, c=65, d=10}
11: dec d      {a=479002311, b=0, c=65, d=9}
9: jnz d -2   {a=479002311, b=0, c=65, d=9}
10: inc a      {a=479002312, b=0, c=65, d=9}
11: dec d      {a=479002312, b=0, c=65, d=8}
9: jnz d -2   {a=479002312, b=0, c=65, d=8}
10: inc a      {a=479002313, b=0, c=65, d=8}
11: dec d      {a=479002313, b=0, c=65, d=7}
9: jnz d -2   {a=479002313, b=0, c=65, d=7}
10: inc a      {a=479002314, b=0, c=65, d=7}
11: dec d      {a=479002314, b=0, c=65, d=6}
9: jnz d -2   {a=479002314, b=0, c=65, d=6}
10: inc a      {a=479002315, b=0, c=65, d=6}
11: dec d      {a=479002315, b=0, c=65, d=5}
9: jnz d -2   {a=479002315, b=0, c=65, d=5}
10: inc a      {a=479002316, b=0, c=65, d=5}
11: dec d      {a=479002316, b=0, c=65, d=4}
9: jnz d -2   {a=479002316, b=0, c=65, d=4}
10: inc a      {a=479002317, b=0, c=65, d=4}
11: dec d      {a=479002317, b=0, c=65, d=3}
9: jnz d -2   {a=479002317, b=0, c=65, d=3}
10: inc a      {a=479002318, b=0, c=65, d=3}
11: dec d      {a=479002318, b=0, c=65, d=2}
9: jnz d -2   {a=479002318, b=0, c=65, d=2}
10: inc a      {a=479002319, b=0, c=65, d=2}
11: dec d      {a=479002319, b=0, c=65, d=1}
9: jnz d -2   {a=479002319, b=0, c=65, d=1}
10: inc a      {a=479002320, b=0, c=65, d=1}
11: dec d      {a=479002320, b=0, c=65, d=0}
12: jnz d -2   {a=479002320, b=0, c=65, d=0}
13: dec c      {a=479002320, b=0, c=64, d=0}
8: jnz c -5   {a=479002320, b=0, c=64, d=0}
9: cpy 80 d   {a=479002320, b=0, c=64, d=80}
10: inc a      {a=479002321, b=0, c=64, d=80}
11: dec d      {a=479002321, b=0, c=64, d=79}
9: jnz d -2   {a=479002321, b=0, c=64, d=79}
10: inc a      {a=479002322, b=0, c=64, d=79}
11: dec d      {a=479002322, b=0, c=64, d=78}
9: jnz d -2   {a=479002322, b=0, c=64, d=78}
10: inc a      {a=479002323, b=0, c=64, d=78}
11: dec d      {a=479002323, b=0, c=64, d=77}
9: jnz d -2   {a=479002323, b=0, c=64, d=77}
10: inc a      {a=479002324, b=0, c=64, d=77}
11: dec d      {a=479002324, b=0, c=64, d=76}
9: jnz d -2   {a=479002324, b=0, c=64, d=76}
10: inc a      {a=479002325, b=0, c=64, d=76}
11: dec d      {a=479002325, b=0, c=64, d=75}
9: jnz d -2   {a=479002325, b=0, c=64, d=75}
10: inc a      {a=479002326, b=0, c=64, d=75}
11: dec d      {a=479002326, b=0, c=64, d=74}
9: jnz d -2   {a=479002326, b=0, c=64, d=74}
10: inc a      {a=479002327, b=0, c=64, d=74}
11: dec d      {a=479002327, b=0, c=64, d=73}
9: jnz d -2   {a=479002327, b=0, c=64, d=73}
10: inc a      {a=479002328, b=0, c=64, d=73}
11: dec d      {a=479002328, b=0, c=64, d=72}
9: jnz d -2   {a=479002328, b=0, c=64, d=72}
10: inc a      {a=479002329, b=0, c=64, d=72}
11: dec d      {a=479002329, b=0, c=64, d=71}
9: jnz d -2   {a=479002329, b=0, c=64, d=71}
10: inc a      {a=479002330, b=0, c=64, d=71}
11: dec d      {a=479002330, b=0, c=64, d=70}
9: jnz d -2   {a=479002330, b=0, c=64, d=70}
10: inc a      {a=479002331, b=0, c=64, d=70}
11: dec d      {a=479002331, b=0, c=64, d=69}
9: jnz d -2   {a=479002331, b=0, c=64, d=69}
10: inc a      {a=479002332, b=0, c=64, d=69}
11: dec d      {a=479002332, b=0, c=64, d=68}
9: jnz d -2   {a=479002332, b=0, c=64, d=68}
10: inc a      {a=479002333, b=0, c=64, d=68}
11: dec d      {a=479002333, b=0, c=64, d=67}
9: jnz d -2   {a=479002333, b=0, c=64, d=67}
10: inc a      {a=479002334, b=0, c=64, d=67}
11: dec d      {a=479002334, b=0, c=64, d=66}
9: jnz d -2   {a=479002334, b=0, c=64, d=66}
10: inc a      {a=479002335, b=0, c=64, d=66}
11: dec d      {a=479002335, b=0, c=64, d=65}
9: jnz d -2   {a=479002335, b=0, c=64, d=65}
10: inc a      {a=479002336, b=0, c=64, d=65}
11: dec d      {a=479002336, b=0, c=64, d=64}
9: jnz d -2   {a=479002336, b=0, c=64, d=64}
10: inc a      {a=479002337, b=0, c=64, d=64}
11: dec d      {a=479002337, b=0, c=64, d=63}
9: jnz d -2   {a=479002337, b=0, c=64, d=63}
10: inc a      {a=479002338, b=0, c=64, d=63}
11: dec d      {a=479002338, b=0, c=64, d=62}
9: jnz d -2   {a=479002338, b=0, c=64, d=62}
10: inc a      {a=479002339, b=0, c=64, d=62}
11: dec d      {a=479002339, b=0, c=64, d=61}
9: jnz d -2   {a=479002339, b=0, c=64, d=61}
10: inc a      {a=479002340, b=0, c=64, d=61}
11: dec d      {a=479002340, b=0, c=64, d=60}
9: jnz d -2   {a=479002340, b=0, c=64, d=60}
10: inc a      {a=479002341, b=0, c=64, d=60}
11: dec d      {a=479002341, b=0, c=64, d=59}
9: jnz d -2   {a=479002341, b=0, c=64, d=59}
10: inc a      {a=479002342, b=0, c=64, d=59}
11: dec d      {a=479002342, b=0, c=64, d=58}
9: jnz d -2   {a=479002342, b=0, c=64, d=58}
10: inc a      {a=479002343, b=0, c=64, d=58}
11: dec d      {a=479002343, b=0, c=64, d=57}
9: jnz d -2   {a=479002343, b=0, c=64, d=57}
10: inc a      {a=479002344, b=0, c=64, d=57}
11: dec d      {a=479002344, b=0, c=64, d=56}
9: jnz d -2   {a=479002344, b=0, c=64, d=56}
10: inc a      {a=479002345, b=0, c=64, d=56}
11: dec d      {a=479002345, b=0, c=64, d=55}
9: jnz d -2   {a=479002345, b=0, c=64, d=55}
10: inc a      {a=479002346, b=0, c=64, d=55}
11: dec d      {a=479002346, b=0, c=64, d=54}
9: jnz d -2   {a=479002346, b=0, c=64, d=54}
10: inc a      {a=479002347, b=0, c=64, d=54}
11: dec d      {a=479002347, b=0, c=64, d=53}
9: jnz d -2   {a=479002347, b=0, c=64, d=53}
10: inc a      {a=479002348, b=0, c=64, d=53}
11: dec d      {a=479002348, b=0, c=64, d=52}
9: jnz d -2   {a=479002348, b=0, c=64, d=52}
10: inc a      {a=479002349, b=0, c=64, d=52}
11: dec d      {a=479002349, b=0, c=64, d=51}
9: jnz d -2   {a=479002349, b=0, c=64, d=51}
10: inc a      {a=479002350, b=0, c=64, d=51}
11: dec d      {a=479002350, b=0, c=64, d=50}
9: jnz d -2   {a=479002350, b=0, c=64, d=50}
10: inc a      {a=479002351, b=0, c=64, d=50}
11: dec d      {a=479002351, b=0, c=64, d=49}
9: jnz d -2   {a=479002351, b=0, c=64, d=49}
10: inc a      {a=479002352, b=0, c=64, d=49}
11: dec d      {a=479002352, b=0, c=64, d=48}
9: jnz d -2   {a=479002352, b=0, c=64, d=48}
10: inc a      {a=479002353, b=0, c=64, d=48}
11: dec d      {a=479002353, b=0, c=64, d=47}
9: jnz d -2   {a=479002353, b=0, c=64, d=47}
10: inc a      {a=479002354, b=0, c=64, d=47}
11: dec d      {a=479002354, b=0, c=64, d=46}
9: jnz d -2   {a=479002354, b=0, c=64, d=46}
10: inc a      {a=479002355, b=0, c=64, d=46}
11: dec d      {a=479002355, b=0, c=64, d=45}
9: jnz d -2   {a=479002355, b=0, c=64, d=45}
10: inc a      {a=479002356, b=0, c=64, d=45}
11: dec d      {a=479002356, b=0, c=64, d=44}
9: jnz d -2   {a=479002356, b=0, c=64, d=44}
10: inc a      {a=479002357, b=0, c=64, d=44}
11: dec d      {a=479002357, b=0, c=64, d=43}
9: jnz d -2   {a=479002357, b=0, c=64, d=43}
10: inc a      {a=479002358, b=0, c=64, d=43}
11: dec d      {a=479002358, b=0, c=64, d=42}
9: jnz d -2   {a=479002358, b=0, c=64, d=42}
10: inc a      {a=479002359, b=0, c=64, d=42}
11: dec d      {a=479002359, b=0, c=64, d=41}
9: jnz d -2   {a=479002359, b=0, c=64, d=41}
10: inc a      {a=479002360, b=0, c=64, d=41}
11: dec d      {a=479002360, b=0, c=64, d=40}
9: jnz d -2   {a=479002360, b=0, c=64, d=40}
10: inc a      {a=479002361, b=0, c=64, d=40}
11: dec d      {a=479002361, b=0, c=64, d=39}
9: jnz d -2   {a=479002361, b=0, c=64, d=39}
10: inc a      {a=479002362, b=0, c=64, d=39}
11: dec d      {a=479002362, b=0, c=64, d=38}
9: jnz d -2   {a=479002362, b=0, c=64, d=38}
10: inc a      {a=479002363, b=0, c=64, d=38}
11: dec d      {a=479002363, b=0, c=64, d=37}
9: jnz d -2   {a=479002363, b=0, c=64, d=37}
10: inc a      {a=479002364, b=0, c=64, d=37}
11: dec d      {a=479002364, b=0, c=64, d=36}
9: jnz d -2   {a=479002364, b=0, c=64, d=36}
10: inc a      {a=479002365, b=0, c=64, d=36}
11: dec d      {a=479002365, b=0, c=64, d=35}
9: jnz d -2   {a=479002365, b=0, c=64, d=35}
10: inc a      {a=479002366, b=0, c=64, d=35}
11: dec d      {a=479002366, b=0, c=64, d=34}
9: jnz d -2   {a=479002366, b=0, c=64, d=34}
10: inc a      {a=479002367, b=0, c=64, d=34}
11: dec d      {a=479002367, b=0, c=64, d=33}
9: jnz d -2   {a=479002367, b=0, c=64, d=33}
10: inc a      {a=479002368, b=0, c=64, d=33}
11: dec d      {a=479002368, b=0, c=64, d=32}
9: jnz d -2   {a=479002368, b=0, c=64, d=32}
10: inc a      {a=479002369, b=0, c=64, d=32}
11: dec d      {a=479002369, b=0, c=64, d=31}
9: jnz d -2   {a=479002369, b=0, c=64, d=31}
10: inc a      {a=479002370, b=0, c=64, d=31}
11: dec d      {a=479002370, b=0, c=64, d=30}
9: jnz d -2   {a=479002370, b=0, c=64, d=30}
10: inc a      {a=479002371, b=0, c=64, d=30}
11: dec d      {a=479002371, b=0, c=64, d=29}
9: jnz d -2   {a=479002371, b=0, c=64, d=29}
10: inc a      {a=479002372, b=0, c=64, d=29}
11: dec d      {a=479002372, b=0, c=64, d=28}
9: jnz d -2   {a=479002372, b=0, c=64, d=28}
10: inc a      {a=479002373, b=0, c=64, d=28}
11: dec d      {a=479002373, b=0, c=64, d=27}
9: jnz d -2   {a=479002373, b=0, c=64, d=27}
10: inc a      {a=479002374, b=0, c=64, d=27}
11: dec d      {a=479002374, b=0, c=64, d=26}
9: jnz d -2   {a=479002374, b=0, c=64, d=26}
10: inc a      {a=479002375, b=0, c=64, d=26}
11: dec d      {a=479002375, b=0, c=64, d=25}
9: jnz d -2   {a=479002375, b=0, c=64, d=25}
10: inc a      {a=479002376, b=0, c=64, d=25}
11: dec d      {a=479002376, b=0, c=64, d=24}
9: jnz d -2   {a=479002376, b=0, c=64, d=24}
10: inc a      {a=479002377, b=0, c=64, d=24}
11: dec d      {a=479002377, b=0, c=64, d=23}
9: jnz d -2   {a=479002377, b=0, c=64, d=23}
10: inc a      {a=479002378, b=0, c=64, d=23}
11: dec d      {a=479002378, b=0, c=64, d=22}
9: jnz d -2   {a=479002378, b=0, c=64, d=22}
10: inc a      {a=479002379, b=0, c=64, d=22}
11: dec d      {a=479002379, b=0, c=64, d=21}
9: jnz d -2   {a=479002379, b=0, c=64, d=21}
10: inc a      {a=479002380, b=0, c=64, d=21}
11: dec d      {a=479002380, b=0, c=64, d=20}
9: jnz d -2   {a=479002380, b=0, c=64, d=20}
10: inc a      {a=479002381, b=0, c=64, d=20}
11: dec d      {a=479002381, b=0, c=64, d=19}
9: jnz d -2   {a=479002381, b=0, c=64, d=19}
10: inc a      {a=479002382, b=0, c=64, d=19}
11: dec d      {a=479002382, b=0, c=64, d=18}
9: jnz d -2   {a=479002382, b=0, c=64, d=18}
10: inc a      {a=479002383, b=0, c=64, d=18}
11: dec d      {a=479002383, b=0, c=64, d=17}
9: jnz d -2   {a=479002383, b=0, c=64, d=17}
10: inc a      {a=479002384, b=0, c=64, d=17}
11: dec d      {a=479002384, b=0, c=64, d=16}
9: jnz d -2   {a=479002384, b=0, c=64, d=16}
10: inc a      {a=479002385, b=0, c=64, d=16}
11: dec d      {a=479002385, b=0, c=64, d=15}
9: jnz d -2   {a=479002385, b=0, c=64, d=15}
10: inc a      {a=479002386, b=0, c=64, d=15}
11: dec d      {a=479002386, b=0, c=64, d=14}
9: jnz d -2   {a=479002386, b=0, c=64, d=14}
10: inc a      {a=479002387, b=0, c=64, d=14}
11: dec d      {a=479002387, b=0, c=64, d=13}
9: jnz d -2   {a=479002387, b=0, c=64, d=13}
10: inc a      {a=479002388, b=0, c=64, d=13}
11: dec d      {a=479002388, b=0, c=64, d=12}
9: jnz d -2   {a=479002388, b=0, c=64, d=12}
10: inc a      {a=479002389, b=0, c=64, d=12}
11: dec d      {a=479002389, b=0, c=64, d=11}
9: jnz d -2   {a=479002389, b=0, c=64, d=11}
10: inc a      {a=479002390, b=0, c=64, d=11}
11: dec d      {a=479002390, b=0, c=64, d=10}
9: jnz d -2   {a=479002390, b=0, c=64, d=10}
10: inc a      {a=479002391, b=0, c=64, d=10}
11: dec d      {a=479002391, b=0, c=64, d=9}
9: jnz d -2   {a=479002391, b=0, c=64, d=9}
10: inc a      {a=479002392, b=0, c=64, d=9}
11: dec d      {a=479002392, b=0, c=64, d=8}
9: jnz d -2   {a=479002392, b=0, c=64, d=8}
10: inc a      {a=479002393, b=0, c=64, d=8}
11: dec d      {a=479002393, b=0, c=64, d=7}
9: jnz d -2   {a=479002393, b=0, c=64, d=7}
10: inc a      {a=479002394, b=0, c=64, d=7}
11: dec d      {a=479002394, b=0, c=64, d=6}
9: jnz d -2   {a=479002394, b=0, c=64, d=6}
10: inc a      {a=479002395, b=0, c=64, d=6}
11: dec d      {a=479002395, b=0, c=64, d=5}
9: jnz d -2   {a=479002395, b=0, c=64, d=5}
10: inc a      {a=479002396, b=0, c=64, d=5}
11: dec d      {a=479002396, b=0, c=64, d=4}
9: jnz d -2   {a=479002396, b=0, c=64, d=4}
10: inc a      {a=479002397, b=0, c=64, d=4}
11: dec d      {a=479002397, b=0, c=64, d=3}
9: jnz d -2   {a=479002397, b=0, c=64, d=3}
10: inc a      {a=479002398, b=0, c=64, d=3}
11: dec d      {a=479002398, b=0, c=64, d=2}
9: jnz d -2   {a=479002398, b=0, c=64, d=2}
10: inc a      {a=479002399, b=0, c=64, d=2}
11: dec d      {a=479002399, b=0, c=64, d=1}
9: jnz d -2   {a=479002399, b=0, c=64, d=1}
10: inc a      {a=479002400, b=0, c=64, d=1}
11: dec d      {a=479002400, b=0, c=64, d=0}
12: jnz d -2   {a=479002400, b=0, c=64, d=0}
13: dec c      {a=479002400, b=0, c=63, d=0}
8: jnz c -5   {a=479002400, b=0, c=63, d=0}
9: cpy 80 d   {a=479002400, b=0, c=63, d=80}
10: inc a      {a=479002401, b=0, c=63, d=80}
11: dec d      {a=479002401, b=0, c=63, d=79}
9: jnz d -2   {a=479002401, b=0, c=63, d=79}
10: inc a      {a=479002402, b=0, c=63, d=79}
11: dec d      {a=479002402, b=0, c=63, d=78}
9: jnz d -2   {a=479002402, b=0, c=63, d=78}
10: inc a      {a=479002403, b=0, c=63, d=78}
11: dec d      {a=479002403, b=0, c=63, d=77}
9: jnz d -2   {a=479002403, b=0, c=63, d=77}
10: inc a      {a=479002404, b=0, c=63, d=77}
11: dec d      {a=479002404, b=0, c=63, d=76}
9: jnz d -2   {a=479002404, b=0, c=63, d=76}
10: inc a      {a=479002405, b=0, c=63, d=76}
11: dec d      {a=479002405, b=0, c=63, d=75}
9: jnz d -2   {a=479002405, b=0, c=63, d=75}
10: inc a      {a=479002406, b=0, c=63, d=75}
11: dec d      {a=479002406, b=0, c=63, d=74}
9: jnz d -2   {a=479002406, b=0, c=63, d=74}
10: inc a      {a=479002407, b=0, c=63, d=74}
11: dec d      {a=479002407, b=0, c=63, d=73}
9: jnz d -2   {a=479002407, b=0, c=63, d=73}
10: inc a      {a=479002408, b=0, c=63, d=73}
11: dec d      {a=479002408, b=0, c=63, d=72}
9: jnz d -2   {a=479002408, b=0, c=63, d=72}
10: inc a      {a=479002409, b=0, c=63, d=72}
11: dec d      {a=479002409, b=0, c=63, d=71}
9: jnz d -2   {a=479002409, b=0, c=63, d=71}
10: inc a      {a=479002410, b=0, c=63, d=71}
11: dec d      {a=479002410, b=0, c=63, d=70}
9: jnz d -2   {a=479002410, b=0, c=63, d=70}
10: inc a      {a=479002411, b=0, c=63, d=70}
11: dec d      {a=479002411, b=0, c=63, d=69}
9: jnz d -2   {a=479002411, b=0, c=63, d=69}
10: inc a      {a=479002412, b=0, c=63, d=69}
11: dec d      {a=479002412, b=0, c=63, d=68}
9: jnz d -2   {a=479002412, b=0, c=63, d=68}
10: inc a      {a=479002413, b=0, c=63, d=68}
11: dec d      {a=479002413, b=0, c=63, d=67}
9: jnz d -2   {a=479002413, b=0, c=63, d=67}
10: inc a      {a=479002414, b=0, c=63, d=67}
11: dec d      {a=479002414, b=0, c=63, d=66}
9: jnz d -2   {a=479002414, b=0, c=63, d=66}
10: inc a      {a=479002415, b=0, c=63, d=66}
11: dec d      {a=479002415, b=0, c=63, d=65}
9: jnz d -2   {a=479002415, b=0, c=63, d=65}
10: inc a      {a=479002416, b=0, c=63, d=65}
11: dec d      {a=479002416, b=0, c=63, d=64}
9: jnz d -2   {a=479002416, b=0, c=63, d=64}
10: inc a      {a=479002417, b=0, c=63, d=64}
11: dec d      {a=479002417, b=0, c=63, d=63}
9: jnz d -2   {a=479002417, b=0, c=63, d=63}
10: inc a      {a=479002418, b=0, c=63, d=63}
11: dec d      {a=479002418, b=0, c=63, d=62}
9: jnz d -2   {a=479002418, b=0, c=63, d=62}
10: inc a      {a=479002419, b=0, c=63, d=62}
11: dec d      {a=479002419, b=0, c=63, d=61}
9: jnz d -2   {a=479002419, b=0, c=63, d=61}
10: inc a      {a=479002420, b=0, c=63, d=61}
11: dec d      {a=479002420, b=0, c=63, d=60}
9: jnz d -2   {a=479002420, b=0, c=63, d=60}
10: inc a      {a=479002421, b=0, c=63, d=60}
11: dec d      {a=479002421, b=0, c=63, d=59}
9: jnz d -2   {a=479002421, b=0, c=63, d=59}
10: inc a      {a=479002422, b=0, c=63, d=59}
11: dec d      {a=479002422, b=0, c=63, d=58}
9: jnz d -2   {a=479002422, b=0, c=63, d=58}
10: inc a      {a=479002423, b=0, c=63, d=58}
11: dec d      {a=479002423, b=0, c=63, d=57}
9: jnz d -2   {a=479002423, b=0, c=63, d=57}
10: inc a      {a=479002424, b=0, c=63, d=57}
11: dec d      {a=479002424, b=0, c=63, d=56}
9: jnz d -2   {a=479002424, b=0, c=63, d=56}
10: inc a      {a=479002425, b=0, c=63, d=56}
11: dec d      {a=479002425, b=0, c=63, d=55}
9: jnz d -2   {a=479002425, b=0, c=63, d=55}
10: inc a      {a=479002426, b=0, c=63, d=55}
11: dec d      {a=479002426, b=0, c=63, d=54}
9: jnz d -2   {a=479002426, b=0, c=63, d=54}
10: inc a      {a=479002427, b=0, c=63, d=54}
11: dec d      {a=479002427, b=0, c=63, d=53}
9: jnz d -2   {a=479002427, b=0, c=63, d=53}
10: inc a      {a=479002428, b=0, c=63, d=53}
11: dec d      {a=479002428, b=0, c=63, d=52}
9: jnz d -2   {a=479002428, b=0, c=63, d=52}
10: inc a      {a=479002429, b=0, c=63, d=52}
11: dec d      {a=479002429, b=0, c=63, d=51}
9: jnz d -2   {a=479002429, b=0, c=63, d=51}
10: inc a      {a=479002430, b=0, c=63, d=51}
11: dec d      {a=479002430, b=0, c=63, d=50}
9: jnz d -2   {a=479002430, b=0, c=63, d=50}
10: inc a      {a=479002431, b=0, c=63, d=50}
11: dec d      {a=479002431, b=0, c=63, d=49}
9: jnz d -2   {a=479002431, b=0, c=63, d=49}
10: inc a      {a=479002432, b=0, c=63, d=49}
11: dec d      {a=479002432, b=0, c=63, d=48}
9: jnz d -2   {a=479002432, b=0, c=63, d=48}
10: inc a      {a=479002433, b=0, c=63, d=48}
11: dec d      {a=479002433, b=0, c=63, d=47}
9: jnz d -2   {a=479002433, b=0, c=63, d=47}
10: inc a      {a=479002434, b=0, c=63, d=47}
11: dec d      {a=479002434, b=0, c=63, d=46}
9: jnz d -2   {a=479002434, b=0, c=63, d=46}
10: inc a      {a=479002435, b=0, c=63, d=46}
11: dec d      {a=479002435, b=0, c=63, d=45}
9: jnz d -2   {a=479002435, b=0, c=63, d=45}
10: inc a      {a=479002436, b=0, c=63, d=45}
11: dec d      {a=479002436, b=0, c=63, d=44}
9: jnz d -2   {a=479002436, b=0, c=63, d=44}
10: inc a      {a=479002437, b=0, c=63, d=44}
11: dec d      {a=479002437, b=0, c=63, d=43}
9: jnz d -2   {a=479002437, b=0, c=63, d=43}
10: inc a      {a=479002438, b=0, c=63, d=43}
11: dec d      {a=479002438, b=0, c=63, d=42}
9: jnz d -2   {a=479002438, b=0, c=63, d=42}
10: inc a      {a=479002439, b=0, c=63, d=42}
11: dec d      {a=479002439, b=0, c=63, d=41}
9: jnz d -2   {a=479002439, b=0, c=63, d=41}
10: inc a      {a=479002440, b=0, c=63, d=41}
11: dec d      {a=479002440, b=0, c=63, d=40}
9: jnz d -2   {a=479002440, b=0, c=63, d=40}
10: inc a      {a=479002441, b=0, c=63, d=40}
11: dec d      {a=479002441, b=0, c=63, d=39}
9: jnz d -2   {a=479002441, b=0, c=63, d=39}
10: inc a      {a=479002442, b=0, c=63, d=39}
11: dec d      {a=479002442, b=0, c=63, d=38}
9: jnz d -2   {a=479002442, b=0, c=63, d=38}
10: inc a      {a=479002443, b=0, c=63, d=38}
11: dec d      {a=479002443, b=0, c=63, d=37}
9: jnz d -2   {a=479002443, b=0, c=63, d=37}
10: inc a      {a=479002444, b=0, c=63, d=37}
11: dec d      {a=479002444, b=0, c=63, d=36}
9: jnz d -2   {a=479002444, b=0, c=63, d=36}
10: inc a      {a=479002445, b=0, c=63, d=36}
11: dec d      {a=479002445, b=0, c=63, d=35}
9: jnz d -2   {a=479002445, b=0, c=63, d=35}
10: inc a      {a=479002446, b=0, c=63, d=35}
11: dec d      {a=479002446, b=0, c=63, d=34}
9: jnz d -2   {a=479002446, b=0, c=63, d=34}
10: inc a      {a=479002447, b=0, c=63, d=34}
11: dec d      {a=479002447, b=0, c=63, d=33}
9: jnz d -2   {a=479002447, b=0, c=63, d=33}
10: inc a      {a=479002448, b=0, c=63, d=33}
11: dec d      {a=479002448, b=0, c=63, d=32}
9: jnz d -2   {a=479002448, b=0, c=63, d=32}
10: inc a      {a=479002449, b=0, c=63, d=32}
11: dec d      {a=479002449, b=0, c=63, d=31}
9: jnz d -2   {a=479002449, b=0, c=63, d=31}
10: inc a      {a=479002450, b=0, c=63, d=31}
11: dec d      {a=479002450, b=0, c=63, d=30}
9: jnz d -2   {a=479002450, b=0, c=63, d=30}
10: inc a      {a=479002451, b=0, c=63, d=30}
11: dec d      {a=479002451, b=0, c=63, d=29}
9: jnz d -2   {a=479002451, b=0, c=63, d=29}
10: inc a      {a=479002452, b=0, c=63, d=29}
11: dec d      {a=479002452, b=0, c=63, d=28}
9: jnz d -2   {a=479002452, b=0, c=63, d=28}
10: inc a      {a=479002453, b=0, c=63, d=28}
11: dec d      {a=479002453, b=0, c=63, d=27}
9: jnz d -2   {a=479002453, b=0, c=63, d=27}
10: inc a      {a=479002454, b=0, c=63, d=27}
11: dec d      {a=479002454, b=0, c=63, d=26}
9: jnz d -2   {a=479002454, b=0, c=63, d=26}
10: inc a      {a=479002455, b=0, c=63, d=26}
11: dec d      {a=479002455, b=0, c=63, d=25}
9: jnz d -2   {a=479002455, b=0, c=63, d=25}
10: inc a      {a=479002456, b=0, c=63, d=25}
11: dec d      {a=479002456, b=0, c=63, d=24}
9: jnz d -2   {a=479002456, b=0, c=63, d=24}
10: inc a      {a=479002457, b=0, c=63, d=24}
11: dec d      {a=479002457, b=0, c=63, d=23}
9: jnz d -2   {a=479002457, b=0, c=63, d=23}
10: inc a      {a=479002458, b=0, c=63, d=23}
11: dec d      {a=479002458, b=0, c=63, d=22}
9: jnz d -2   {a=479002458, b=0, c=63, d=22}
10: inc a      {a=479002459, b=0, c=63, d=22}
11: dec d      {a=479002459, b=0, c=63, d=21}
9: jnz d -2   {a=479002459, b=0, c=63, d=21}
10: inc a      {a=479002460, b=0, c=63, d=21}
11: dec d      {a=479002460, b=0, c=63, d=20}
9: jnz d -2   {a=479002460, b=0, c=63, d=20}
10: inc a      {a=479002461, b=0, c=63, d=20}
11: dec d      {a=479002461, b=0, c=63, d=19}
9: jnz d -2   {a=479002461, b=0, c=63, d=19}
10: inc a      {a=479002462, b=0, c=63, d=19}
11: dec d      {a=479002462, b=0, c=63, d=18}
9: jnz d -2   {a=479002462, b=0, c=63, d=18}
10: inc a      {a=479002463, b=0, c=63, d=18}
11: dec d      {a=479002463, b=0, c=63, d=17}
9: jnz d -2   {a=479002463, b=0, c=63, d=17}
10: inc a      {a=479002464, b=0, c=63, d=17}
11: dec d      {a=479002464, b=0, c=63, d=16}
9: jnz d -2   {a=479002464, b=0, c=63, d=16}
10: inc a      {a=479002465, b=0, c=63, d=16}
11: dec d      {a=479002465, b=0, c=63, d=15}
9: jnz d -2   {a=479002465, b=0, c=63, d=15}
10: inc a      {a=479002466, b=0, c=63, d=15}
11: dec d      {a=479002466, b=0, c=63, d=14}
9: jnz d -2   {a=479002466, b=0, c=63, d=14}
10: inc a      {a=479002467, b=0, c=63, d=14}
11: dec d      {a=479002467, b=0, c=63, d=13}
9: jnz d -2   {a=479002467, b=0, c=63, d=13}
10: inc a      {a=479002468, b=0, c=63, d=13}
11: dec d      {a=479002468, b=0, c=63, d=12}
9: jnz d -2   {a=479002468, b=0, c=63, d=12}
10: inc a      {a=479002469, b=0, c=63, d=12}
11: dec d      {a=479002469, b=0, c=63, d=11}
9: jnz d -2   {a=479002469, b=0, c=63, d=11}
10: inc a      {a=479002470, b=0, c=63, d=11}
11: dec d      {a=479002470, b=0, c=63, d=10}
9: jnz d -2   {a=479002470, b=0, c=63, d=10}
10: inc a      {a=479002471, b=0, c=63, d=10}
11: dec d      {a=479002471, b=0, c=63, d=9}
9: jnz d -2   {a=479002471, b=0, c=63, d=9}
10: inc a      {a=479002472, b=0, c=63, d=9}
11: dec d      {a=479002472, b=0, c=63, d=8}
9: jnz d -2   {a=479002472, b=0, c=63, d=8}
10: inc a      {a=479002473, b=0, c=63, d=8}
11: dec d      {a=479002473, b=0, c=63, d=7}
9: jnz d -2   {a=479002473, b=0, c=63, d=7}
10: inc a      {a=479002474, b=0, c=63, d=7}
11: dec d      {a=479002474, b=0, c=63, d=6}
9: jnz d -2   {a=479002474, b=0, c=63, d=6}
10: inc a      {a=479002475, b=0, c=63, d=6}
11: dec d      {a=479002475, b=0, c=63, d=5}
9: jnz d -2   {a=479002475, b=0, c=63, d=5}
10: inc a      {a=479002476, b=0, c=63, d=5}
11: dec d      {a=479002476, b=0, c=63, d=4}
9: jnz d -2   {a=479002476, b=0, c=63, d=4}
10: inc a      {a=479002477, b=0, c=63, d=4}
11: dec d      {a=479002477, b=0, c=63, d=3}
9: jnz d -2   {a=479002477, b=0, c=63, d=3}
10: inc a      {a=479002478, b=0, c=63, d=3}
11: dec d      {a=479002478, b=0, c=63, d=2}
9: jnz d -2   {a=479002478, b=0, c=63, d=2}
10: inc a      {a=479002479, b=0, c=63, d=2}
11: dec d      {a=479002479, b=0, c=63, d=1}
9: jnz d -2   {a=479002479, b=0, c=63, d=1}
10: inc a      {a=479002480, b=0, c=63, d=1}
11: dec d      {a=479002480, b=0, c=63, d=0}
12: jnz d -2   {a=479002480, b=0, c=63, d=0}
13: dec c      {a=479002480, b=0, c=62, d=0}
8: jnz c -5   {a=479002480, b=0, c=62, d=0}
9: cpy 80 d   {a=479002480, b=0, c=62, d=80}
10: inc a      {a=479002481, b=0, c=62, d=80}
11: dec d      {a=479002481, b=0, c=62, d=79}
9: jnz d -2   {a=479002481, b=0, c=62, d=79}
10: inc a      {a=479002482, b=0, c=62, d=79}
11: dec d      {a=479002482, b=0, c=62, d=78}
9: jnz d -2   {a=479002482, b=0, c=62, d=78}
10: inc a      {a=479002483, b=0, c=62, d=78}
11: dec d      {a=479002483, b=0, c=62, d=77}
9: jnz d -2   {a=479002483, b=0, c=62, d=77}
10: inc a      {a=479002484, b=0, c=62, d=77}
11: dec d      {a=479002484, b=0, c=62, d=76}
9: jnz d -2   {a=479002484, b=0, c=62, d=76}
10: inc a      {a=479002485, b=0, c=62, d=76}
11: dec d      {a=479002485, b=0, c=62, d=75}
9: jnz d -2   {a=479002485, b=0, c=62, d=75}
10: inc a      {a=479002486, b=0, c=62, d=75}
11: dec d      {a=479002486, b=0, c=62, d=74}
9: jnz d -2   {a=479002486, b=0, c=62, d=74}
10: inc a      {a=479002487, b=0, c=62, d=74}
11: dec d      {a=479002487, b=0, c=62, d=73}
9: jnz d -2   {a=479002487, b=0, c=62, d=73}
10: inc a      {a=479002488, b=0, c=62, d=73}
11: dec d      {a=479002488, b=0, c=62, d=72}
9: jnz d -2   {a=479002488, b=0, c=62, d=72}
10: inc a      {a=479002489, b=0, c=62, d=72}
11: dec d      {a=479002489, b=0, c=62, d=71}
9: jnz d -2   {a=479002489, b=0, c=62, d=71}
10: inc a      {a=479002490, b=0, c=62, d=71}
11: dec d      {a=479002490, b=0, c=62, d=70}
9: jnz d -2   {a=479002490, b=0, c=62, d=70}
10: inc a      {a=479002491, b=0, c=62, d=70}
11: dec d      {a=479002491, b=0, c=62, d=69}
9: jnz d -2   {a=479002491, b=0, c=62, d=69}
10: inc a      {a=479002492, b=0, c=62, d=69}
11: dec d      {a=479002492, b=0, c=62, d=68}
9: jnz d -2   {a=479002492, b=0, c=62, d=68}
10: inc a      {a=479002493, b=0, c=62, d=68}
11: dec d      {a=479002493, b=0, c=62, d=67}
9: jnz d -2   {a=479002493, b=0, c=62, d=67}
10: inc a      {a=479002494, b=0, c=62, d=67}
11: dec d      {a=479002494, b=0, c=62, d=66}
9: jnz d -2   {a=479002494, b=0, c=62, d=66}
10: inc a      {a=479002495, b=0, c=62, d=66}
11: dec d      {a=479002495, b=0, c=62, d=65}
9: jnz d -2   {a=479002495, b=0, c=62, d=65}
10: inc a      {a=479002496, b=0, c=62, d=65}
11: dec d      {a=479002496, b=0, c=62, d=64}
9: jnz d -2   {a=479002496, b=0, c=62, d=64}
10: inc a      {a=479002497, b=0, c=62, d=64}
11: dec d      {a=479002497, b=0, c=62, d=63}
9: jnz d -2   {a=479002497, b=0, c=62, d=63}
10: inc a      {a=479002498, b=0, c=62, d=63}
11: dec d      {a=479002498, b=0, c=62, d=62}
9: jnz d -2   {a=479002498, b=0, c=62, d=62}
10: inc a      {a=479002499, b=0, c=62, d=62}
11: dec d      {a=479002499, b=0, c=62, d=61}
9: jnz d -2   {a=479002499, b=0, c=62, d=61}
10: inc a      {a=479002500, b=0, c=62, d=61}
11: dec d      {a=479002500, b=0, c=62, d=60}
9: jnz d -2   {a=479002500, b=0, c=62, d=60}
10: inc a      {a=479002501, b=0, c=62, d=60}
11: dec d      {a=479002501, b=0, c=62, d=59}
9: jnz d -2   {a=479002501, b=0, c=62, d=59}
10: inc a      {a=479002502, b=0, c=62, d=59}
11: dec d      {a=479002502, b=0, c=62, d=58}
9: jnz d -2   {a=479002502, b=0, c=62, d=58}
10: inc a      {a=479002503, b=0, c=62, d=58}
11: dec d      {a=479002503, b=0, c=62, d=57}
9: jnz d -2   {a=479002503, b=0, c=62, d=57}
10: inc a      {a=479002504, b=0, c=62, d=57}
11: dec d      {a=479002504, b=0, c=62, d=56}
9: jnz d -2   {a=479002504, b=0, c=62, d=56}
10: inc a      {a=479002505, b=0, c=62, d=56}
11: dec d      {a=479002505, b=0, c=62, d=55}
9: jnz d -2   {a=479002505, b=0, c=62, d=55}
10: inc a      {a=479002506, b=0, c=62, d=55}
11: dec d      {a=479002506, b=0, c=62, d=54}
9: jnz d -2   {a=479002506, b=0, c=62, d=54}
10: inc a      {a=479002507, b=0, c=62, d=54}
11: dec d      {a=479002507, b=0, c=62, d=53}
9: jnz d -2   {a=479002507, b=0, c=62, d=53}
10: inc a      {a=479002508, b=0, c=62, d=53}
11: dec d      {a=479002508, b=0, c=62, d=52}
9: jnz d -2   {a=479002508, b=0, c=62, d=52}
10: inc a      {a=479002509, b=0, c=62, d=52}
11: dec d      {a=479002509, b=0, c=62, d=51}
9: jnz d -2   {a=479002509, b=0, c=62, d=51}
10: inc a      {a=479002510, b=0, c=62, d=51}
11: dec d      {a=479002510, b=0, c=62, d=50}
9: jnz d -2   {a=479002510, b=0, c=62, d=50}
10: inc a      {a=479002511, b=0, c=62, d=50}
11: dec d      {a=479002511, b=0, c=62, d=49}
9: jnz d -2   {a=479002511, b=0, c=62, d=49}
10: inc a      {a=479002512, b=0, c=62, d=49}
11: dec d      {a=479002512, b=0, c=62, d=48}
9: jnz d -2   {a=479002512, b=0, c=62, d=48}
10: inc a      {a=479002513, b=0, c=62, d=48}
11: dec d      {a=479002513, b=0, c=62, d=47}
9: jnz d -2   {a=479002513, b=0, c=62, d=47}
10: inc a      {a=479002514, b=0, c=62, d=47}
11: dec d      {a=479002514, b=0, c=62, d=46}
9: jnz d -2   {a=479002514, b=0, c=62, d=46}
10: inc a      {a=479002515, b=0, c=62, d=46}
11: dec d      {a=479002515, b=0, c=62, d=45}
9: jnz d -2   {a=479002515, b=0, c=62, d=45}
10: inc a      {a=479002516, b=0, c=62, d=45}
11: dec d      {a=479002516, b=0, c=62, d=44}
9: jnz d -2   {a=479002516, b=0, c=62, d=44}
10: inc a      {a=479002517, b=0, c=62, d=44}
11: dec d      {a=479002517, b=0, c=62, d=43}
9: jnz d -2   {a=479002517, b=0, c=62, d=43}
10: inc a      {a=479002518, b=0, c=62, d=43}
11: dec d      {a=479002518, b=0, c=62, d=42}
9: jnz d -2   {a=479002518, b=0, c=62, d=42}
10: inc a      {a=479002519, b=0, c=62, d=42}
11: dec d      {a=479002519, b=0, c=62, d=41}
9: jnz d -2   {a=479002519, b=0, c=62, d=41}
10: inc a      {a=479002520, b=0, c=62, d=41}
11: dec d      {a=479002520, b=0, c=62, d=40}
9: jnz d -2   {a=479002520, b=0, c=62, d=40}
10: inc a      {a=479002521, b=0, c=62, d=40}
11: dec d      {a=479002521, b=0, c=62, d=39}
9: jnz d -2   {a=479002521, b=0, c=62, d=39}
10: inc a      {a=479002522, b=0, c=62, d=39}
11: dec d      {a=479002522, b=0, c=62, d=38}
9: jnz d -2   {a=479002522, b=0, c=62, d=38}
10: inc a      {a=479002523, b=0, c=62, d=38}
11: dec d      {a=479002523, b=0, c=62, d=37}
9: jnz d -2   {a=479002523, b=0, c=62, d=37}
10: inc a      {a=479002524, b=0, c=62, d=37}
11: dec d      {a=479002524, b=0, c=62, d=36}
9: jnz d -2   {a=479002524, b=0, c=62, d=36}
10: inc a      {a=479002525, b=0, c=62, d=36}
11: dec d      {a=479002525, b=0, c=62, d=35}
9: jnz d -2   {a=479002525, b=0, c=62, d=35}
10: inc a      {a=479002526, b=0, c=62, d=35}
11: dec d      {a=479002526, b=0, c=62, d=34}
9: jnz d -2   {a=479002526, b=0, c=62, d=34}
10: inc a      {a=479002527, b=0, c=62, d=34}
11: dec d      {a=479002527, b=0, c=62, d=33}
9: jnz d -2   {a=479002527, b=0, c=62, d=33}
10: inc a      {a=479002528, b=0, c=62, d=33}
11: dec d      {a=479002528, b=0, c=62, d=32}
9: jnz d -2   {a=479002528, b=0, c=62, d=32}
10: inc a      {a=479002529, b=0, c=62, d=32}
11: dec d      {a=479002529, b=0, c=62, d=31}
9: jnz d -2   {a=479002529, b=0, c=62, d=31}
10: inc a      {a=479002530, b=0, c=62, d=31}
11: dec d      {a=479002530, b=0, c=62, d=30}
9: jnz d -2   {a=479002530, b=0, c=62, d=30}
10: inc a      {a=479002531, b=0, c=62, d=30}
11: dec d      {a=479002531, b=0, c=62, d=29}
9: jnz d -2   {a=479002531, b=0, c=62, d=29}
10: inc a      {a=479002532, b=0, c=62, d=29}
11: dec d      {a=479002532, b=0, c=62, d=28}
9: jnz d -2   {a=479002532, b=0, c=62, d=28}
10: inc a      {a=479002533, b=0, c=62, d=28}
11: dec d      {a=479002533, b=0, c=62, d=27}
9: jnz d -2   {a=479002533, b=0, c=62, d=27}
10: inc a      {a=479002534, b=0, c=62, d=27}
11: dec d      {a=479002534, b=0, c=62, d=26}
9: jnz d -2   {a=479002534, b=0, c=62, d=26}
10: inc a      {a=479002535, b=0, c=62, d=26}
11: dec d      {a=479002535, b=0, c=62, d=25}
9: jnz d -2   {a=479002535, b=0, c=62, d=25}
10: inc a      {a=479002536, b=0, c=62, d=25}
11: dec d      {a=479002536, b=0, c=62, d=24}
9: jnz d -2   {a=479002536, b=0, c=62, d=24}
10: inc a      {a=479002537, b=0, c=62, d=24}
11: dec d      {a=479002537, b=0, c=62, d=23}
9: jnz d -2   {a=479002537, b=0, c=62, d=23}
10: inc a      {a=479002538, b=0, c=62, d=23}
11: dec d      {a=479002538, b=0, c=62, d=22}
9: jnz d -2   {a=479002538, b=0, c=62, d=22}
10: inc a      {a=479002539, b=0, c=62, d=22}
11: dec d      {a=479002539, b=0, c=62, d=21}
9: jnz d -2   {a=479002539, b=0, c=62, d=21}
10: inc a      {a=479002540, b=0, c=62, d=21}
11: dec d      {a=479002540, b=0, c=62, d=20}
9: jnz d -2   {a=479002540, b=0, c=62, d=20}
10: inc a      {a=479002541, b=0, c=62, d=20}
11: dec d      {a=479002541, b=0, c=62, d=19}
9: jnz d -2   {a=479002541, b=0, c=62, d=19}
10: inc a      {a=479002542, b=0, c=62, d=19}
11: dec d      {a=479002542, b=0, c=62, d=18}
9: jnz d -2   {a=479002542, b=0, c=62, d=18}
10: inc a      {a=479002543, b=0, c=62, d=18}
11: dec d      {a=479002543, b=0, c=62, d=17}
9: jnz d -2   {a=479002543, b=0, c=62, d=17}
10: inc a      {a=479002544, b=0, c=62, d=17}
11: dec d      {a=479002544, b=0, c=62, d=16}
9: jnz d -2   {a=479002544, b=0, c=62, d=16}
10: inc a      {a=479002545, b=0, c=62, d=16}
11: dec d      {a=479002545, b=0, c=62, d=15}
9: jnz d -2   {a=479002545, b=0, c=62, d=15}
10: inc a      {a=479002546, b=0, c=62, d=15}
11: dec d      {a=479002546, b=0, c=62, d=14}
9: jnz d -2   {a=479002546, b=0, c=62, d=14}
10: inc a      {a=479002547, b=0, c=62, d=14}
11: dec d      {a=479002547, b=0, c=62, d=13}
9: jnz d -2   {a=479002547, b=0, c=62, d=13}
10: inc a      {a=479002548, b=0, c=62, d=13}
11: dec d      {a=479002548, b=0, c=62, d=12}
9: jnz d -2   {a=479002548, b=0, c=62, d=12}
10: inc a      {a=479002549, b=0, c=62, d=12}
11: dec d      {a=479002549, b=0, c=62, d=11}
9: jnz d -2   {a=479002549, b=0, c=62, d=11}
10: inc a      {a=479002550, b=0, c=62, d=11}
11: dec d      {a=479002550, b=0, c=62, d=10}
9: jnz d -2   {a=479002550, b=0, c=62, d=10}
10: inc a      {a=479002551, b=0, c=62, d=10}
11: dec d      {a=479002551, b=0, c=62, d=9}
9: jnz d -2   {a=479002551, b=0, c=62, d=9}
10: inc a      {a=479002552, b=0, c=62, d=9}
11: dec d      {a=479002552, b=0, c=62, d=8}
9: jnz d -2   {a=479002552, b=0, c=62, d=8}
10: inc a      {a=479002553, b=0, c=62, d=8}
11: dec d      {a=479002553, b=0, c=62, d=7}
9: jnz d -2   {a=479002553, b=0, c=62, d=7}
10: inc a      {a=479002554, b=0, c=62, d=7}
11: dec d      {a=479002554, b=0, c=62, d=6}
9: jnz d -2   {a=479002554, b=0, c=62, d=6}
10: inc a      {a=479002555, b=0, c=62, d=6}
11: dec d      {a=479002555, b=0, c=62, d=5}
9: jnz d -2   {a=479002555, b=0, c=62, d=5}
10: inc a      {a=479002556, b=0, c=62, d=5}
11: dec d      {a=479002556, b=0, c=62, d=4}
9: jnz d -2   {a=479002556, b=0, c=62, d=4}
10: inc a      {a=479002557, b=0, c=62, d=4}
11: dec d      {a=479002557, b=0, c=62, d=3}
9: jnz d -2   {a=479002557, b=0, c=62, d=3}
10: inc a      {a=479002558, b=0, c=62, d=3}
11: dec d      {a=479002558, b=0, c=62, d=2}
9: jnz d -2   {a=479002558, b=0, c=62, d=2}
10: inc a      {a=479002559, b=0, c=62, d=2}
11: dec d      {a=479002559, b=0, c=62, d=1}
9: jnz d -2   {a=479002559, b=0, c=62, d=1}
10: inc a      {a=479002560, b=0, c=62, d=1}
11: dec d      {a=479002560, b=0, c=62, d=0}
12: jnz d -2   {a=479002560, b=0, c=62, d=0}
13: dec c      {a=479002560, b=0, c=61, d=0}
8: jnz c -5   {a=479002560, b=0, c=61, d=0}
9: cpy 80 d   {a=479002560, b=0, c=61, d=80}
10: inc a      {a=479002561, b=0, c=61, d=80}
11: dec d      {a=479002561, b=0, c=61, d=79}
9: jnz d -2   {a=479002561, b=0, c=61, d=79}
10: inc a      {a=479002562, b=0, c=61, d=79}
11: dec d      {a=479002562, b=0, c=61, d=78}
9: jnz d -2   {a=479002562, b=0, c=61, d=78}
10: inc a      {a=479002563, b=0, c=61, d=78}
11: dec d      {a=479002563, b=0, c=61, d=77}
9: jnz d -2   {a=479002563, b=0, c=61, d=77}
10: inc a      {a=479002564, b=0, c=61, d=77}
11: dec d      {a=479002564, b=0, c=61, d=76}
9: jnz d -2   {a=479002564, b=0, c=61, d=76}
10: inc a      {a=479002565, b=0, c=61, d=76}
11: dec d      {a=479002565, b=0, c=61, d=75}
9: jnz d -2   {a=479002565, b=0, c=61, d=75}
10: inc a      {a=479002566, b=0, c=61, d=75}
11: dec d      {a=479002566, b=0, c=61, d=74}
9: jnz d -2   {a=479002566, b=0, c=61, d=74}
10: inc a      {a=479002567, b=0, c=61, d=74}
11: dec d      {a=479002567, b=0, c=61, d=73}
9: jnz d -2   {a=479002567, b=0, c=61, d=73}
10: inc a      {a=479002568, b=0, c=61, d=73}
11: dec d      {a=479002568, b=0, c=61, d=72}
9: jnz d -2   {a=479002568, b=0, c=61, d=72}
10: inc a      {a=479002569, b=0, c=61, d=72}
11: dec d      {a=479002569, b=0, c=61, d=71}
9: jnz d -2   {a=479002569, b=0, c=61, d=71}
10: inc a      {a=479002570, b=0, c=61, d=71}
11: dec d      {a=479002570, b=0, c=61, d=70}
9: jnz d -2   {a=479002570, b=0, c=61, d=70}
10: inc a      {a=479002571, b=0, c=61, d=70}
11: dec d      {a=479002571, b=0, c=61, d=69}
9: jnz d -2   {a=479002571, b=0, c=61, d=69}
10: inc a      {a=479002572, b=0, c=61, d=69}
11: dec d      {a=479002572, b=0, c=61, d=68}
9: jnz d -2   {a=479002572, b=0, c=61, d=68}
10: inc a      {a=479002573, b=0, c=61, d=68}
11: dec d      {a=479002573, b=0, c=61, d=67}
9: jnz d -2   {a=479002573, b=0, c=61, d=67}
10: inc a      {a=479002574, b=0, c=61, d=67}
11: dec d      {a=479002574, b=0, c=61, d=66}
9: jnz d -2   {a=479002574, b=0, c=61, d=66}
10: inc a      {a=479002575, b=0, c=61, d=66}
11: dec d      {a=479002575, b=0, c=61, d=65}
9: jnz d -2   {a=479002575, b=0, c=61, d=65}
10: inc a      {a=479002576, b=0, c=61, d=65}
11: dec d      {a=479002576, b=0, c=61, d=64}
9: jnz d -2   {a=479002576, b=0, c=61, d=64}
10: inc a      {a=479002577, b=0, c=61, d=64}
11: dec d      {a=479002577, b=0, c=61, d=63}
9: jnz d -2   {a=479002577, b=0, c=61, d=63}
10: inc a      {a=479002578, b=0, c=61, d=63}
11: dec d      {a=479002578, b=0, c=61, d=62}
9: jnz d -2   {a=479002578, b=0, c=61, d=62}
10: inc a      {a=479002579, b=0, c=61, d=62}
11: dec d      {a=479002579, b=0, c=61, d=61}
9: jnz d -2   {a=479002579, b=0, c=61, d=61}
10: inc a      {a=479002580, b=0, c=61, d=61}
11: dec d      {a=479002580, b=0, c=61, d=60}
9: jnz d -2   {a=479002580, b=0, c=61, d=60}
10: inc a      {a=479002581, b=0, c=61, d=60}
11: dec d      {a=479002581, b=0, c=61, d=59}
9: jnz d -2   {a=479002581, b=0, c=61, d=59}
10: inc a      {a=479002582, b=0, c=61, d=59}
11: dec d      {a=479002582, b=0, c=61, d=58}
9: jnz d -2   {a=479002582, b=0, c=61, d=58}
10: inc a      {a=479002583, b=0, c=61, d=58}
11: dec d      {a=479002583, b=0, c=61, d=57}
9: jnz d -2   {a=479002583, b=0, c=61, d=57}
10: inc a      {a=479002584, b=0, c=61, d=57}
11: dec d      {a=479002584, b=0, c=61, d=56}
9: jnz d -2   {a=479002584, b=0, c=61, d=56}
10: inc a      {a=479002585, b=0, c=61, d=56}
11: dec d      {a=479002585, b=0, c=61, d=55}
9: jnz d -2   {a=479002585, b=0, c=61, d=55}
10: inc a      {a=479002586, b=0, c=61, d=55}
11: dec d      {a=479002586, b=0, c=61, d=54}
9: jnz d -2   {a=479002586, b=0, c=61, d=54}
10: inc a      {a=479002587, b=0, c=61, d=54}
11: dec d      {a=479002587, b=0, c=61, d=53}
9: jnz d -2   {a=479002587, b=0, c=61, d=53}
10: inc a      {a=479002588, b=0, c=61, d=53}
11: dec d      {a=479002588, b=0, c=61, d=52}
9: jnz d -2   {a=479002588, b=0, c=61, d=52}
10: inc a      {a=479002589, b=0, c=61, d=52}
11: dec d      {a=479002589, b=0, c=61, d=51}
9: jnz d -2   {a=479002589, b=0, c=61, d=51}
10: inc a      {a=479002590, b=0, c=61, d=51}
11: dec d      {a=479002590, b=0, c=61, d=50}
9: jnz d -2   {a=479002590, b=0, c=61, d=50}
10: inc a      {a=479002591, b=0, c=61, d=50}
11: dec d      {a=479002591, b=0, c=61, d=49}
9: jnz d -2   {a=479002591, b=0, c=61, d=49}
10: inc a      {a=479002592, b=0, c=61, d=49}
11: dec d      {a=479002592, b=0, c=61, d=48}
9: jnz d -2   {a=479002592, b=0, c=61, d=48}
10: inc a      {a=479002593, b=0, c=61, d=48}
11: dec d      {a=479002593, b=0, c=61, d=47}
9: jnz d -2   {a=479002593, b=0, c=61, d=47}
10: inc a      {a=479002594, b=0, c=61, d=47}
11: dec d      {a=479002594, b=0, c=61, d=46}
9: jnz d -2   {a=479002594, b=0, c=61, d=46}
10: inc a      {a=479002595, b=0, c=61, d=46}
11: dec d      {a=479002595, b=0, c=61, d=45}
9: jnz d -2   {a=479002595, b=0, c=61, d=45}
10: inc a      {a=479002596, b=0, c=61, d=45}
11: dec d      {a=479002596, b=0, c=61, d=44}
9: jnz d -2   {a=479002596, b=0, c=61, d=44}
10: inc a      {a=479002597, b=0, c=61, d=44}
11: dec d      {a=479002597, b=0, c=61, d=43}
9: jnz d -2   {a=479002597, b=0, c=61, d=43}
10: inc a      {a=479002598, b=0, c=61, d=43}
11: dec d      {a=479002598, b=0, c=61, d=42}
9: jnz d -2   {a=479002598, b=0, c=61, d=42}
10: inc a      {a=479002599, b=0, c=61, d=42}
11: dec d      {a=479002599, b=0, c=61, d=41}
9: jnz d -2   {a=479002599, b=0, c=61, d=41}
10: inc a      {a=479002600, b=0, c=61, d=41}
11: dec d      {a=479002600, b=0, c=61, d=40}
9: jnz d -2   {a=479002600, b=0, c=61, d=40}
10: inc a      {a=479002601, b=0, c=61, d=40}
11: dec d      {a=479002601, b=0, c=61, d=39}
9: jnz d -2   {a=479002601, b=0, c=61, d=39}
10: inc a      {a=479002602, b=0, c=61, d=39}
11: dec d      {a=479002602, b=0, c=61, d=38}
9: jnz d -2   {a=479002602, b=0, c=61, d=38}
10: inc a      {a=479002603, b=0, c=61, d=38}
11: dec d      {a=479002603, b=0, c=61, d=37}
9: jnz d -2   {a=479002603, b=0, c=61, d=37}
10: inc a      {a=479002604, b=0, c=61, d=37}
11: dec d      {a=479002604, b=0, c=61, d=36}
9: jnz d -2   {a=479002604, b=0, c=61, d=36}
10: inc a      {a=479002605, b=0, c=61, d=36}
11: dec d      {a=479002605, b=0, c=61, d=35}
9: jnz d -2   {a=479002605, b=0, c=61, d=35}
10: inc a      {a=479002606, b=0, c=61, d=35}
11: dec d      {a=479002606, b=0, c=61, d=34}
9: jnz d -2   {a=479002606, b=0, c=61, d=34}
10: inc a      {a=479002607, b=0, c=61, d=34}
11: dec d      {a=479002607, b=0, c=61, d=33}
9: jnz d -2   {a=479002607, b=0, c=61, d=33}
10: inc a      {a=479002608, b=0, c=61, d=33}
11: dec d      {a=479002608, b=0, c=61, d=32}
9: jnz d -2   {a=479002608, b=0, c=61, d=32}
10: inc a      {a=479002609, b=0, c=61, d=32}
11: dec d      {a=479002609, b=0, c=61, d=31}
9: jnz d -2   {a=479002609, b=0, c=61, d=31}
10: inc a      {a=479002610, b=0, c=61, d=31}
11: dec d      {a=479002610, b=0, c=61, d=30}
9: jnz d -2   {a=479002610, b=0, c=61, d=30}
10: inc a      {a=479002611, b=0, c=61, d=30}
11: dec d      {a=479002611, b=0, c=61, d=29}
9: jnz d -2   {a=479002611, b=0, c=61, d=29}
10: inc a      {a=479002612, b=0, c=61, d=29}
11: dec d      {a=479002612, b=0, c=61, d=28}
9: jnz d -2   {a=479002612, b=0, c=61, d=28}
10: inc a      {a=479002613, b=0, c=61, d=28}
11: dec d      {a=479002613, b=0, c=61, d=27}
9: jnz d -2   {a=479002613, b=0, c=61, d=27}
10: inc a      {a=479002614, b=0, c=61, d=27}
11: dec d      {a=479002614, b=0, c=61, d=26}
9: jnz d -2   {a=479002614, b=0, c=61, d=26}
10: inc a      {a=479002615, b=0, c=61, d=26}
11: dec d      {a=479002615, b=0, c=61, d=25}
9: jnz d -2   {a=479002615, b=0, c=61, d=25}
10: inc a      {a=479002616, b=0, c=61, d=25}
11: dec d      {a=479002616, b=0, c=61, d=24}
9: jnz d -2   {a=479002616, b=0, c=61, d=24}
10: inc a      {a=479002617, b=0, c=61, d=24}
11: dec d      {a=479002617, b=0, c=61, d=23}
9: jnz d -2   {a=479002617, b=0, c=61, d=23}
10: inc a      {a=479002618, b=0, c=61, d=23}
11: dec d      {a=479002618, b=0, c=61, d=22}
9: jnz d -2   {a=479002618, b=0, c=61, d=22}
10: inc a      {a=479002619, b=0, c=61, d=22}
11: dec d      {a=479002619, b=0, c=61, d=21}
9: jnz d -2   {a=479002619, b=0, c=61, d=21}
10: inc a      {a=479002620, b=0, c=61, d=21}
11: dec d      {a=479002620, b=0, c=61, d=20}
9: jnz d -2   {a=479002620, b=0, c=61, d=20}
10: inc a      {a=479002621, b=0, c=61, d=20}
11: dec d      {a=479002621, b=0, c=61, d=19}
9: jnz d -2   {a=479002621, b=0, c=61, d=19}
10: inc a      {a=479002622, b=0, c=61, d=19}
11: dec d      {a=479002622, b=0, c=61, d=18}
9: jnz d -2   {a=479002622, b=0, c=61, d=18}
10: inc a      {a=479002623, b=0, c=61, d=18}
11: dec d      {a=479002623, b=0, c=61, d=17}
9: jnz d -2   {a=479002623, b=0, c=61, d=17}
10: inc a      {a=479002624, b=0, c=61, d=17}
11: dec d      {a=479002624, b=0, c=61, d=16}
9: jnz d -2   {a=479002624, b=0, c=61, d=16}
10: inc a      {a=479002625, b=0, c=61, d=16}
11: dec d      {a=479002625, b=0, c=61, d=15}
9: jnz d -2   {a=479002625, b=0, c=61, d=15}
10: inc a      {a=479002626, b=0, c=61, d=15}
11: dec d      {a=479002626, b=0, c=61, d=14}
9: jnz d -2   {a=479002626, b=0, c=61, d=14}
10: inc a      {a=479002627, b=0, c=61, d=14}
11: dec d      {a=479002627, b=0, c=61, d=13}
9: jnz d -2   {a=479002627, b=0, c=61, d=13}
10: inc a      {a=479002628, b=0, c=61, d=13}
11: dec d      {a=479002628, b=0, c=61, d=12}
9: jnz d -2   {a=479002628, b=0, c=61, d=12}
10: inc a      {a=479002629, b=0, c=61, d=12}
11: dec d      {a=479002629, b=0, c=61, d=11}
9: jnz d -2   {a=479002629, b=0, c=61, d=11}
10: inc a      {a=479002630, b=0, c=61, d=11}
11: dec d      {a=479002630, b=0, c=61, d=10}
9: jnz d -2   {a=479002630, b=0, c=61, d=10}
10: inc a      {a=479002631, b=0, c=61, d=10}
11: dec d      {a=479002631, b=0, c=61, d=9}
9: jnz d -2   {a=479002631, b=0, c=61, d=9}
10: inc a      {a=479002632, b=0, c=61, d=9}
11: dec d      {a=479002632, b=0, c=61, d=8}
9: jnz d -2   {a=479002632, b=0, c=61, d=8}
10: inc a      {a=479002633, b=0, c=61, d=8}
11: dec d      {a=479002633, b=0, c=61, d=7}
9: jnz d -2   {a=479002633, b=0, c=61, d=7}
10: inc a      {a=479002634, b=0, c=61, d=7}
11: dec d      {a=479002634, b=0, c=61, d=6}
9: jnz d -2   {a=479002634, b=0, c=61, d=6}
10: inc a      {a=479002635, b=0, c=61, d=6}
11: dec d      {a=479002635, b=0, c=61, d=5}
9: jnz d -2   {a=479002635, b=0, c=61, d=5}
10: inc a      {a=479002636, b=0, c=61, d=5}
11: dec d      {a=479002636, b=0, c=61, d=4}
9: jnz d -2   {a=479002636, b=0, c=61, d=4}
10: inc a      {a=479002637, b=0, c=61, d=4}
11: dec d      {a=479002637, b=0, c=61, d=3}
9: jnz d -2   {a=479002637, b=0, c=61, d=3}
10: inc a      {a=479002638, b=0, c=61, d=3}
11: dec d      {a=479002638, b=0, c=61, d=2}
9: jnz d -2   {a=479002638, b=0, c=61, d=2}
10: inc a      {a=479002639, b=0, c=61, d=2}
11: dec d      {a=479002639, b=0, c=61, d=1}
9: jnz d -2   {a=479002639, b=0, c=61, d=1}
10: inc a      {a=479002640, b=0, c=61, d=1}
11: dec d      {a=479002640, b=0, c=61, d=0}
12: jnz d -2   {a=479002640, b=0, c=61, d=0}
13: dec c      {a=479002640, b=0, c=60, d=0}
8: jnz c -5   {a=479002640, b=0, c=60, d=0}
9: cpy 80 d   {a=479002640, b=0, c=60, d=80}
10: inc a      {a=479002641, b=0, c=60, d=80}
11: dec d      {a=479002641, b=0, c=60, d=79}
9: jnz d -2   {a=479002641, b=0, c=60, d=79}
10: inc a      {a=479002642, b=0, c=60, d=79}
11: dec d      {a=479002642, b=0, c=60, d=78}
9: jnz d -2   {a=479002642, b=0, c=60, d=78}
10: inc a      {a=479002643, b=0, c=60, d=78}
11: dec d      {a=479002643, b=0, c=60, d=77}
9: jnz d -2   {a=479002643, b=0, c=60, d=77}
10: inc a      {a=479002644, b=0, c=60, d=77}
11: dec d      {a=479002644, b=0, c=60, d=76}
9: jnz d -2   {a=479002644, b=0, c=60, d=76}
10: inc a      {a=479002645, b=0, c=60, d=76}
11: dec d      {a=479002645, b=0, c=60, d=75}
9: jnz d -2   {a=479002645, b=0, c=60, d=75}
10: inc a      {a=479002646, b=0, c=60, d=75}
11: dec d      {a=479002646, b=0, c=60, d=74}
9: jnz d -2   {a=479002646, b=0, c=60, d=74}
10: inc a      {a=479002647, b=0, c=60, d=74}
11: dec d      {a=479002647, b=0, c=60, d=73}
9: jnz d -2   {a=479002647, b=0, c=60, d=73}
10: inc a      {a=479002648, b=0, c=60, d=73}
11: dec d      {a=479002648, b=0, c=60, d=72}
9: jnz d -2   {a=479002648, b=0, c=60, d=72}
10: inc a      {a=479002649, b=0, c=60, d=72}
11: dec d      {a=479002649, b=0, c=60, d=71}
9: jnz d -2   {a=479002649, b=0, c=60, d=71}
10: inc a      {a=479002650, b=0, c=60, d=71}
11: dec d      {a=479002650, b=0, c=60, d=70}
9: jnz d -2   {a=479002650, b=0, c=60, d=70}
10: inc a      {a=479002651, b=0, c=60, d=70}
11: dec d      {a=479002651, b=0, c=60, d=69}
9: jnz d -2   {a=479002651, b=0, c=60, d=69}
10: inc a      {a=479002652, b=0, c=60, d=69}
11: dec d      {a=479002652, b=0, c=60, d=68}
9: jnz d -2   {a=479002652, b=0, c=60, d=68}
10: inc a      {a=479002653, b=0, c=60, d=68}
11: dec d      {a=479002653, b=0, c=60, d=67}
9: jnz d -2   {a=479002653, b=0, c=60, d=67}
10: inc a      {a=479002654, b=0, c=60, d=67}
11: dec d      {a=479002654, b=0, c=60, d=66}
9: jnz d -2   {a=479002654, b=0, c=60, d=66}
10: inc a      {a=479002655, b=0, c=60, d=66}
11: dec d      {a=479002655, b=0, c=60, d=65}
9: jnz d -2   {a=479002655, b=0, c=60, d=65}
10: inc a      {a=479002656, b=0, c=60, d=65}
11: dec d      {a=479002656, b=0, c=60, d=64}
9: jnz d -2   {a=479002656, b=0, c=60, d=64}
10: inc a      {a=479002657, b=0, c=60, d=64}
11: dec d      {a=479002657, b=0, c=60, d=63}
9: jnz d -2   {a=479002657, b=0, c=60, d=63}
10: inc a      {a=479002658, b=0, c=60, d=63}
11: dec d      {a=479002658, b=0, c=60, d=62}
9: jnz d -2   {a=479002658, b=0, c=60, d=62}
10: inc a      {a=479002659, b=0, c=60, d=62}
11: dec d      {a=479002659, b=0, c=60, d=61}
9: jnz d -2   {a=479002659, b=0, c=60, d=61}
10: inc a      {a=479002660, b=0, c=60, d=61}
11: dec d      {a=479002660, b=0, c=60, d=60}
9: jnz d -2   {a=479002660, b=0, c=60, d=60}
10: inc a      {a=479002661, b=0, c=60, d=60}
11: dec d      {a=479002661, b=0, c=60, d=59}
9: jnz d -2   {a=479002661, b=0, c=60, d=59}
10: inc a      {a=479002662, b=0, c=60, d=59}
11: dec d      {a=479002662, b=0, c=60, d=58}
9: jnz d -2   {a=479002662, b=0, c=60, d=58}
10: inc a      {a=479002663, b=0, c=60, d=58}
11: dec d      {a=479002663, b=0, c=60, d=57}
9: jnz d -2   {a=479002663, b=0, c=60, d=57}
10: inc a      {a=479002664, b=0, c=60, d=57}
11: dec d      {a=479002664, b=0, c=60, d=56}
9: jnz d -2   {a=479002664, b=0, c=60, d=56}
10: inc a      {a=479002665, b=0, c=60, d=56}
11: dec d      {a=479002665, b=0, c=60, d=55}
9: jnz d -2   {a=479002665, b=0, c=60, d=55}
10: inc a      {a=479002666, b=0, c=60, d=55}
11: dec d      {a=479002666, b=0, c=60, d=54}
9: jnz d -2   {a=479002666, b=0, c=60, d=54}
10: inc a      {a=479002667, b=0, c=60, d=54}
11: dec d      {a=479002667, b=0, c=60, d=53}
9: jnz d -2   {a=479002667, b=0, c=60, d=53}
10: inc a      {a=479002668, b=0, c=60, d=53}
11: dec d      {a=479002668, b=0, c=60, d=52}
9: jnz d -2   {a=479002668, b=0, c=60, d=52}
10: inc a      {a=479002669, b=0, c=60, d=52}
11: dec d      {a=479002669, b=0, c=60, d=51}
9: jnz d -2   {a=479002669, b=0, c=60, d=51}
10: inc a      {a=479002670, b=0, c=60, d=51}
11: dec d      {a=479002670, b=0, c=60, d=50}
9: jnz d -2   {a=479002670, b=0, c=60, d=50}
10: inc a      {a=479002671, b=0, c=60, d=50}
11: dec d      {a=479002671, b=0, c=60, d=49}
9: jnz d -2   {a=479002671, b=0, c=60, d=49}
10: inc a      {a=479002672, b=0, c=60, d=49}
11: dec d      {a=479002672, b=0, c=60, d=48}
9: jnz d -2   {a=479002672, b=0, c=60, d=48}
10: inc a      {a=479002673, b=0, c=60, d=48}
11: dec d      {a=479002673, b=0, c=60, d=47}
9: jnz d -2   {a=479002673, b=0, c=60, d=47}
10: inc a      {a=479002674, b=0, c=60, d=47}
11: dec d      {a=479002674, b=0, c=60, d=46}
9: jnz d -2   {a=479002674, b=0, c=60, d=46}
10: inc a      {a=479002675, b=0, c=60, d=46}
11: dec d      {a=479002675, b=0, c=60, d=45}
9: jnz d -2   {a=479002675, b=0, c=60, d=45}
10: inc a      {a=479002676, b=0, c=60, d=45}
11: dec d      {a=479002676, b=0, c=60, d=44}
9: jnz d -2   {a=479002676, b=0, c=60, d=44}
10: inc a      {a=479002677, b=0, c=60, d=44}
11: dec d      {a=479002677, b=0, c=60, d=43}
9: jnz d -2   {a=479002677, b=0, c=60, d=43}
10: inc a      {a=479002678, b=0, c=60, d=43}
11: dec d      {a=479002678, b=0, c=60, d=42}
9: jnz d -2   {a=479002678, b=0, c=60, d=42}
10: inc a      {a=479002679, b=0, c=60, d=42}
11: dec d      {a=479002679, b=0, c=60, d=41}
9: jnz d -2   {a=479002679, b=0, c=60, d=41}
10: inc a      {a=479002680, b=0, c=60, d=41}
11: dec d      {a=479002680, b=0, c=60, d=40}
9: jnz d -2   {a=479002680, b=0, c=60, d=40}
10: inc a      {a=479002681, b=0, c=60, d=40}
11: dec d      {a=479002681, b=0, c=60, d=39}
9: jnz d -2   {a=479002681, b=0, c=60, d=39}
10: inc a      {a=479002682, b=0, c=60, d=39}
11: dec d      {a=479002682, b=0, c=60, d=38}
9: jnz d -2   {a=479002682, b=0, c=60, d=38}
10: inc a      {a=479002683, b=0, c=60, d=38}
11: dec d      {a=479002683, b=0, c=60, d=37}
9: jnz d -2   {a=479002683, b=0, c=60, d=37}
10: inc a      {a=479002684, b=0, c=60, d=37}
11: dec d      {a=479002684, b=0, c=60, d=36}
9: jnz d -2   {a=479002684, b=0, c=60, d=36}
10: inc a      {a=479002685, b=0, c=60, d=36}
11: dec d      {a=479002685, b=0, c=60, d=35}
9: jnz d -2   {a=479002685, b=0, c=60, d=35}
10: inc a      {a=479002686, b=0, c=60, d=35}
11: dec d      {a=479002686, b=0, c=60, d=34}
9: jnz d -2   {a=479002686, b=0, c=60, d=34}
10: inc a      {a=479002687, b=0, c=60, d=34}
11: dec d      {a=479002687, b=0, c=60, d=33}
9: jnz d -2   {a=479002687, b=0, c=60, d=33}
10: inc a      {a=479002688, b=0, c=60, d=33}
11: dec d      {a=479002688, b=0, c=60, d=32}
9: jnz d -2   {a=479002688, b=0, c=60, d=32}
10: inc a      {a=479002689, b=0, c=60, d=32}
11: dec d      {a=479002689, b=0, c=60, d=31}
9: jnz d -2   {a=479002689, b=0, c=60, d=31}
10: inc a      {a=479002690, b=0, c=60, d=31}
11: dec d      {a=479002690, b=0, c=60, d=30}
9: jnz d -2   {a=479002690, b=0, c=60, d=30}
10: inc a      {a=479002691, b=0, c=60, d=30}
11: dec d      {a=479002691, b=0, c=60, d=29}
9: jnz d -2   {a=479002691, b=0, c=60, d=29}
10: inc a      {a=479002692, b=0, c=60, d=29}
11: dec d      {a=479002692, b=0, c=60, d=28}
9: jnz d -2   {a=479002692, b=0, c=60, d=28}
10: inc a      {a=479002693, b=0, c=60, d=28}
11: dec d      {a=479002693, b=0, c=60, d=27}
9: jnz d -2   {a=479002693, b=0, c=60, d=27}
10: inc a      {a=479002694, b=0, c=60, d=27}
11: dec d      {a=479002694, b=0, c=60, d=26}
9: jnz d -2   {a=479002694, b=0, c=60, d=26}
10: inc a      {a=479002695, b=0, c=60, d=26}
11: dec d      {a=479002695, b=0, c=60, d=25}
9: jnz d -2   {a=479002695, b=0, c=60, d=25}
10: inc a      {a=479002696, b=0, c=60, d=25}
11: dec d      {a=479002696, b=0, c=60, d=24}
9: jnz d -2   {a=479002696, b=0, c=60, d=24}
10: inc a      {a=479002697, b=0, c=60, d=24}
11: dec d      {a=479002697, b=0, c=60, d=23}
9: jnz d -2   {a=479002697, b=0, c=60, d=23}
10: inc a      {a=479002698, b=0, c=60, d=23}
11: dec d      {a=479002698, b=0, c=60, d=22}
9: jnz d -2   {a=479002698, b=0, c=60, d=22}
10: inc a      {a=479002699, b=0, c=60, d=22}
11: dec d      {a=479002699, b=0, c=60, d=21}
9: jnz d -2   {a=479002699, b=0, c=60, d=21}
10: inc a      {a=479002700, b=0, c=60, d=21}
11: dec d      {a=479002700, b=0, c=60, d=20}
9: jnz d -2   {a=479002700, b=0, c=60, d=20}
10: inc a      {a=479002701, b=0, c=60, d=20}
11: dec d      {a=479002701, b=0, c=60, d=19}
9: jnz d -2   {a=479002701, b=0, c=60, d=19}
10: inc a      {a=479002702, b=0, c=60, d=19}
11: dec d      {a=479002702, b=0, c=60, d=18}
9: jnz d -2   {a=479002702, b=0, c=60, d=18}
10: inc a      {a=479002703, b=0, c=60, d=18}
11: dec d      {a=479002703, b=0, c=60, d=17}
9: jnz d -2   {a=479002703, b=0, c=60, d=17}
10: inc a      {a=479002704, b=0, c=60, d=17}
11: dec d      {a=479002704, b=0, c=60, d=16}
9: jnz d -2   {a=479002704, b=0, c=60, d=16}
10: inc a      {a=479002705, b=0, c=60, d=16}
11: dec d      {a=479002705, b=0, c=60, d=15}
9: jnz d -2   {a=479002705, b=0, c=60, d=15}
10: inc a      {a=479002706, b=0, c=60, d=15}
11: dec d      {a=479002706, b=0, c=60, d=14}
9: jnz d -2   {a=479002706, b=0, c=60, d=14}
10: inc a      {a=479002707, b=0, c=60, d=14}
11: dec d      {a=479002707, b=0, c=60, d=13}
9: jnz d -2   {a=479002707, b=0, c=60, d=13}
10: inc a      {a=479002708, b=0, c=60, d=13}
11: dec d      {a=479002708, b=0, c=60, d=12}
9: jnz d -2   {a=479002708, b=0, c=60, d=12}
10: inc a      {a=479002709, b=0, c=60, d=12}
11: dec d      {a=479002709, b=0, c=60, d=11}
9: jnz d -2   {a=479002709, b=0, c=60, d=11}
10: inc a      {a=479002710, b=0, c=60, d=11}
11: dec d      {a=479002710, b=0, c=60, d=10}
9: jnz d -2   {a=479002710, b=0, c=60, d=10}
10: inc a      {a=479002711, b=0, c=60, d=10}
11: dec d      {a=479002711, b=0, c=60, d=9}
9: jnz d -2   {a=479002711, b=0, c=60, d=9}
10: inc a      {a=479002712, b=0, c=60, d=9}
11: dec d      {a=479002712, b=0, c=60, d=8}
9: jnz d -2   {a=479002712, b=0, c=60, d=8}
10: inc a      {a=479002713, b=0, c=60, d=8}
11: dec d      {a=479002713, b=0, c=60, d=7}
9: jnz d -2   {a=479002713, b=0, c=60, d=7}
10: inc a      {a=479002714, b=0, c=60, d=7}
11: dec d      {a=479002714, b=0, c=60, d=6}
9: jnz d -2   {a=479002714, b=0, c=60, d=6}
10: inc a      {a=479002715, b=0, c=60, d=6}
11: dec d      {a=479002715, b=0, c=60, d=5}
9: jnz d -2   {a=479002715, b=0, c=60, d=5}
10: inc a      {a=479002716, b=0, c=60, d=5}
11: dec d      {a=479002716, b=0, c=60, d=4}
9: jnz d -2   {a=479002716, b=0, c=60, d=4}
10: inc a      {a=479002717, b=0, c=60, d=4}
11: dec d      {a=479002717, b=0, c=60, d=3}
9: jnz d -2   {a=479002717, b=0, c=60, d=3}
10: inc a      {a=479002718, b=0, c=60, d=3}
11: dec d      {a=479002718, b=0, c=60, d=2}
9: jnz d -2   {a=479002718, b=0, c=60, d=2}
10: inc a      {a=479002719, b=0, c=60, d=2}
11: dec d      {a=479002719, b=0, c=60, d=1}
9: jnz d -2   {a=479002719, b=0, c=60, d=1}
10: inc a      {a=479002720, b=0, c=60, d=1}
11: dec d      {a=479002720, b=0, c=60, d=0}
12: jnz d -2   {a=479002720, b=0, c=60, d=0}
13: dec c      {a=479002720, b=0, c=59, d=0}
8: jnz c -5   {a=479002720, b=0, c=59, d=0}
9: cpy 80 d   {a=479002720, b=0, c=59, d=80}
10: inc a      {a=479002721, b=0, c=59, d=80}
11: dec d      {a=479002721, b=0, c=59, d=79}
9: jnz d -2   {a=479002721, b=0, c=59, d=79}
10: inc a      {a=479002722, b=0, c=59, d=79}
11: dec d      {a=479002722, b=0, c=59, d=78}
9: jnz d -2   {a=479002722, b=0, c=59, d=78}
10: inc a      {a=479002723, b=0, c=59, d=78}
11: dec d      {a=479002723, b=0, c=59, d=77}
9: jnz d -2   {a=479002723, b=0, c=59, d=77}
10: inc a      {a=479002724, b=0, c=59, d=77}
11: dec d      {a=479002724, b=0, c=59, d=76}
9: jnz d -2   {a=479002724, b=0, c=59, d=76}
10: inc a      {a=479002725, b=0, c=59, d=76}
11: dec d      {a=479002725, b=0, c=59, d=75}
9: jnz d -2   {a=479002725, b=0, c=59, d=75}
10: inc a      {a=479002726, b=0, c=59, d=75}
11: dec d      {a=479002726, b=0, c=59, d=74}
9: jnz d -2   {a=479002726, b=0, c=59, d=74}
10: inc a      {a=479002727, b=0, c=59, d=74}
11: dec d      {a=479002727, b=0, c=59, d=73}
9: jnz d -2   {a=479002727, b=0, c=59, d=73}
10: inc a      {a=479002728, b=0, c=59, d=73}
11: dec d      {a=479002728, b=0, c=59, d=72}
9: jnz d -2   {a=479002728, b=0, c=59, d=72}
10: inc a      {a=479002729, b=0, c=59, d=72}
11: dec d      {a=479002729, b=0, c=59, d=71}
9: jnz d -2   {a=479002729, b=0, c=59, d=71}
10: inc a      {a=479002730, b=0, c=59, d=71}
11: dec d      {a=479002730, b=0, c=59, d=70}
9: jnz d -2   {a=479002730, b=0, c=59, d=70}
10: inc a      {a=479002731, b=0, c=59, d=70}
11: dec d      {a=479002731, b=0, c=59, d=69}
9: jnz d -2   {a=479002731, b=0, c=59, d=69}
10: inc a      {a=479002732, b=0, c=59, d=69}
11: dec d      {a=479002732, b=0, c=59, d=68}
9: jnz d -2   {a=479002732, b=0, c=59, d=68}
10: inc a      {a=479002733, b=0, c=59, d=68}
11: dec d      {a=479002733, b=0, c=59, d=67}
9: jnz d -2   {a=479002733, b=0, c=59, d=67}
10: inc a      {a=479002734, b=0, c=59, d=67}
11: dec d      {a=479002734, b=0, c=59, d=66}
9: jnz d -2   {a=479002734, b=0, c=59, d=66}
10: inc a      {a=479002735, b=0, c=59, d=66}
11: dec d      {a=479002735, b=0, c=59, d=65}
9: jnz d -2   {a=479002735, b=0, c=59, d=65}
10: inc a      {a=479002736, b=0, c=59, d=65}
11: dec d      {a=479002736, b=0, c=59, d=64}
9: jnz d -2   {a=479002736, b=0, c=59, d=64}
10: inc a      {a=479002737, b=0, c=59, d=64}
11: dec d      {a=479002737, b=0, c=59, d=63}
9: jnz d -2   {a=479002737, b=0, c=59, d=63}
10: inc a      {a=479002738, b=0, c=59, d=63}
11: dec d      {a=479002738, b=0, c=59, d=62}
9: jnz d -2   {a=479002738, b=0, c=59, d=62}
10: inc a      {a=479002739, b=0, c=59, d=62}
11: dec d      {a=479002739, b=0, c=59, d=61}
9: jnz d -2   {a=479002739, b=0, c=59, d=61}
10: inc a      {a=479002740, b=0, c=59, d=61}
11: dec d      {a=479002740, b=0, c=59, d=60}
9: jnz d -2   {a=479002740, b=0, c=59, d=60}
10: inc a      {a=479002741, b=0, c=59, d=60}
11: dec d      {a=479002741, b=0, c=59, d=59}
9: jnz d -2   {a=479002741, b=0, c=59, d=59}
10: inc a      {a=479002742, b=0, c=59, d=59}
11: dec d      {a=479002742, b=0, c=59, d=58}
9: jnz d -2   {a=479002742, b=0, c=59, d=58}
10: inc a      {a=479002743, b=0, c=59, d=58}
11: dec d      {a=479002743, b=0, c=59, d=57}
9: jnz d -2   {a=479002743, b=0, c=59, d=57}
10: inc a      {a=479002744, b=0, c=59, d=57}
11: dec d      {a=479002744, b=0, c=59, d=56}
9: jnz d -2   {a=479002744, b=0, c=59, d=56}
10: inc a      {a=479002745, b=0, c=59, d=56}
11: dec d      {a=479002745, b=0, c=59, d=55}
9: jnz d -2   {a=479002745, b=0, c=59, d=55}
10: inc a      {a=479002746, b=0, c=59, d=55}
11: dec d      {a=479002746, b=0, c=59, d=54}
9: jnz d -2   {a=479002746, b=0, c=59, d=54}
10: inc a      {a=479002747, b=0, c=59, d=54}
11: dec d      {a=479002747, b=0, c=59, d=53}
9: jnz d -2   {a=479002747, b=0, c=59, d=53}
10: inc a      {a=479002748, b=0, c=59, d=53}
11: dec d      {a=479002748, b=0, c=59, d=52}
9: jnz d -2   {a=479002748, b=0, c=59, d=52}
10: inc a      {a=479002749, b=0, c=59, d=52}
11: dec d      {a=479002749, b=0, c=59, d=51}
9: jnz d -2   {a=479002749, b=0, c=59, d=51}
10: inc a      {a=479002750, b=0, c=59, d=51}
11: dec d      {a=479002750, b=0, c=59, d=50}
9: jnz d -2   {a=479002750, b=0, c=59, d=50}
10: inc a      {a=479002751, b=0, c=59, d=50}
11: dec d      {a=479002751, b=0, c=59, d=49}
9: jnz d -2   {a=479002751, b=0, c=59, d=49}
10: inc a      {a=479002752, b=0, c=59, d=49}
11: dec d      {a=479002752, b=0, c=59, d=48}
9: jnz d -2   {a=479002752, b=0, c=59, d=48}
10: inc a      {a=479002753, b=0, c=59, d=48}
11: dec d      {a=479002753, b=0, c=59, d=47}
9: jnz d -2   {a=479002753, b=0, c=59, d=47}
10: inc a      {a=479002754, b=0, c=59, d=47}
11: dec d      {a=479002754, b=0, c=59, d=46}
9: jnz d -2   {a=479002754, b=0, c=59, d=46}
10: inc a      {a=479002755, b=0, c=59, d=46}
11: dec d      {a=479002755, b=0, c=59, d=45}
9: jnz d -2   {a=479002755, b=0, c=59, d=45}
10: inc a      {a=479002756, b=0, c=59, d=45}
11: dec d      {a=479002756, b=0, c=59, d=44}
9: jnz d -2   {a=479002756, b=0, c=59, d=44}
10: inc a      {a=479002757, b=0, c=59, d=44}
11: dec d      {a=479002757, b=0, c=59, d=43}
9: jnz d -2   {a=479002757, b=0, c=59, d=43}
10: inc a      {a=479002758, b=0, c=59, d=43}
11: dec d      {a=479002758, b=0, c=59, d=42}
9: jnz d -2   {a=479002758, b=0, c=59, d=42}
10: inc a      {a=479002759, b=0, c=59, d=42}
11: dec d      {a=479002759, b=0, c=59, d=41}
9: jnz d -2   {a=479002759, b=0, c=59, d=41}
10: inc a      {a=479002760, b=0, c=59, d=41}
11: dec d      {a=479002760, b=0, c=59, d=40}
9: jnz d -2   {a=479002760, b=0, c=59, d=40}
10: inc a      {a=479002761, b=0, c=59, d=40}
11: dec d      {a=479002761, b=0, c=59, d=39}
9: jnz d -2   {a=479002761, b=0, c=59, d=39}
10: inc a      {a=479002762, b=0, c=59, d=39}
11: dec d      {a=479002762, b=0, c=59, d=38}
9: jnz d -2   {a=479002762, b=0, c=59, d=38}
10: inc a      {a=479002763, b=0, c=59, d=38}
11: dec d      {a=479002763, b=0, c=59, d=37}
9: jnz d -2   {a=479002763, b=0, c=59, d=37}
10: inc a      {a=479002764, b=0, c=59, d=37}
11: dec d      {a=479002764, b=0, c=59, d=36}
9: jnz d -2   {a=479002764, b=0, c=59, d=36}
10: inc a      {a=479002765, b=0, c=59, d=36}
11: dec d      {a=479002765, b=0, c=59, d=35}
9: jnz d -2   {a=479002765, b=0, c=59, d=35}
10: inc a      {a=479002766, b=0, c=59, d=35}
11: dec d      {a=479002766, b=0, c=59, d=34}
9: jnz d -2   {a=479002766, b=0, c=59, d=34}
10: inc a      {a=479002767, b=0, c=59, d=34}
11: dec d      {a=479002767, b=0, c=59, d=33}
9: jnz d -2   {a=479002767, b=0, c=59, d=33}
10: inc a      {a=479002768, b=0, c=59, d=33}
11: dec d      {a=479002768, b=0, c=59, d=32}
9: jnz d -2   {a=479002768, b=0, c=59, d=32}
10: inc a      {a=479002769, b=0, c=59, d=32}
11: dec d      {a=479002769, b=0, c=59, d=31}
9: jnz d -2   {a=479002769, b=0, c=59, d=31}
10: inc a      {a=479002770, b=0, c=59, d=31}
11: dec d      {a=479002770, b=0, c=59, d=30}
9: jnz d -2   {a=479002770, b=0, c=59, d=30}
10: inc a      {a=479002771, b=0, c=59, d=30}
11: dec d      {a=479002771, b=0, c=59, d=29}
9: jnz d -2   {a=479002771, b=0, c=59, d=29}
10: inc a      {a=479002772, b=0, c=59, d=29}
11: dec d      {a=479002772, b=0, c=59, d=28}
9: jnz d -2   {a=479002772, b=0, c=59, d=28}
10: inc a      {a=479002773, b=0, c=59, d=28}
11: dec d      {a=479002773, b=0, c=59, d=27}
9: jnz d -2   {a=479002773, b=0, c=59, d=27}
10: inc a      {a=479002774, b=0, c=59, d=27}
11: dec d      {a=479002774, b=0, c=59, d=26}
9: jnz d -2   {a=479002774, b=0, c=59, d=26}
10: inc a      {a=479002775, b=0, c=59, d=26}
11: dec d      {a=479002775, b=0, c=59, d=25}
9: jnz d -2   {a=479002775, b=0, c=59, d=25}
10: inc a      {a=479002776, b=0, c=59, d=25}
11: dec d      {a=479002776, b=0, c=59, d=24}
9: jnz d -2   {a=479002776, b=0, c=59, d=24}
10: inc a      {a=479002777, b=0, c=59, d=24}
11: dec d      {a=479002777, b=0, c=59, d=23}
9: jnz d -2   {a=479002777, b=0, c=59, d=23}
10: inc a      {a=479002778, b=0, c=59, d=23}
11: dec d      {a=479002778, b=0, c=59, d=22}
9: jnz d -2   {a=479002778, b=0, c=59, d=22}
10: inc a      {a=479002779, b=0, c=59, d=22}
11: dec d      {a=479002779, b=0, c=59, d=21}
9: jnz d -2   {a=479002779, b=0, c=59, d=21}
10: inc a      {a=479002780, b=0, c=59, d=21}
11: dec d      {a=479002780, b=0, c=59, d=20}
9: jnz d -2   {a=479002780, b=0, c=59, d=20}
10: inc a      {a=479002781, b=0, c=59, d=20}
11: dec d      {a=479002781, b=0, c=59, d=19}
9: jnz d -2   {a=479002781, b=0, c=59, d=19}
10: inc a      {a=479002782, b=0, c=59, d=19}
11: dec d      {a=479002782, b=0, c=59, d=18}
9: jnz d -2   {a=479002782, b=0, c=59, d=18}
10: inc a      {a=479002783, b=0, c=59, d=18}
11: dec d      {a=479002783, b=0, c=59, d=17}
9: jnz d -2   {a=479002783, b=0, c=59, d=17}
10: inc a      {a=479002784, b=0, c=59, d=17}
11: dec d      {a=479002784, b=0, c=59, d=16}
9: jnz d -2   {a=479002784, b=0, c=59, d=16}
10: inc a      {a=479002785, b=0, c=59, d=16}
11: dec d      {a=479002785, b=0, c=59, d=15}
9: jnz d -2   {a=479002785, b=0, c=59, d=15}
10: inc a      {a=479002786, b=0, c=59, d=15}
11: dec d      {a=479002786, b=0, c=59, d=14}
9: jnz d -2   {a=479002786, b=0, c=59, d=14}
10: inc a      {a=479002787, b=0, c=59, d=14}
11: dec d      {a=479002787, b=0, c=59, d=13}
9: jnz d -2   {a=479002787, b=0, c=59, d=13}
10: inc a      {a=479002788, b=0, c=59, d=13}
11: dec d      {a=479002788, b=0, c=59, d=12}
9: jnz d -2   {a=479002788, b=0, c=59, d=12}
10: inc a      {a=479002789, b=0, c=59, d=12}
11: dec d      {a=479002789, b=0, c=59, d=11}
9: jnz d -2   {a=479002789, b=0, c=59, d=11}
10: inc a      {a=479002790, b=0, c=59, d=11}
11: dec d      {a=479002790, b=0, c=59, d=10}
9: jnz d -2   {a=479002790, b=0, c=59, d=10}
10: inc a      {a=479002791, b=0, c=59, d=10}
11: dec d      {a=479002791, b=0, c=59, d=9}
9: jnz d -2   {a=479002791, b=0, c=59, d=9}
10: inc a      {a=479002792, b=0, c=59, d=9}
11: dec d      {a=479002792, b=0, c=59, d=8}
9: jnz d -2   {a=479002792, b=0, c=59, d=8}
10: inc a      {a=479002793, b=0, c=59, d=8}
11: dec d      {a=479002793, b=0, c=59, d=7}
9: jnz d -2   {a=479002793, b=0, c=59, d=7}
10: inc a      {a=479002794, b=0, c=59, d=7}
11: dec d      {a=479002794, b=0, c=59, d=6}
9: jnz d -2   {a=479002794, b=0, c=59, d=6}
10: inc a      {a=479002795, b=0, c=59, d=6}
11: dec d      {a=479002795, b=0, c=59, d=5}
9: jnz d -2   {a=479002795, b=0, c=59, d=5}
10: inc a      {a=479002796, b=0, c=59, d=5}
11: dec d      {a=479002796, b=0, c=59, d=4}
9: jnz d -2   {a=479002796, b=0, c=59, d=4}
10: inc a      {a=479002797, b=0, c=59, d=4}
11: dec d      {a=479002797, b=0, c=59, d=3}
9: jnz d -2   {a=479002797, b=0, c=59, d=3}
10: inc a      {a=479002798, b=0, c=59, d=3}
11: dec d      {a=479002798, b=0, c=59, d=2}
9: jnz d -2   {a=479002798, b=0, c=59, d=2}
10: inc a      {a=479002799, b=0, c=59, d=2}
11: dec d      {a=479002799, b=0, c=59, d=1}
9: jnz d -2   {a=479002799, b=0, c=59, d=1}
10: inc a      {a=479002800, b=0, c=59, d=1}
11: dec d      {a=479002800, b=0, c=59, d=0}
12: jnz d -2   {a=479002800, b=0, c=59, d=0}
13: dec c      {a=479002800, b=0, c=58, d=0}
8: jnz c -5   {a=479002800, b=0, c=58, d=0}
9: cpy 80 d   {a=479002800, b=0, c=58, d=80}
10: inc a      {a=479002801, b=0, c=58, d=80}
11: dec d      {a=479002801, b=0, c=58, d=79}
9: jnz d -2   {a=479002801, b=0, c=58, d=79}
10: inc a      {a=479002802, b=0, c=58, d=79}
11: dec d      {a=479002802, b=0, c=58, d=78}
9: jnz d -2   {a=479002802, b=0, c=58, d=78}
10: inc a      {a=479002803, b=0, c=58, d=78}
11: dec d      {a=479002803, b=0, c=58, d=77}
9: jnz d -2   {a=479002803, b=0, c=58, d=77}
10: inc a      {a=479002804, b=0, c=58, d=77}
11: dec d      {a=479002804, b=0, c=58, d=76}
9: jnz d -2   {a=479002804, b=0, c=58, d=76}
10: inc a      {a=479002805, b=0, c=58, d=76}
11: dec d      {a=479002805, b=0, c=58, d=75}
9: jnz d -2   {a=479002805, b=0, c=58, d=75}
10: inc a      {a=479002806, b=0, c=58, d=75}
11: dec d      {a=479002806, b=0, c=58, d=74}
9: jnz d -2   {a=479002806, b=0, c=58, d=74}
10: inc a      {a=479002807, b=0, c=58, d=74}
11: dec d      {a=479002807, b=0, c=58, d=73}
9: jnz d -2   {a=479002807, b=0, c=58, d=73}
10: inc a      {a=479002808, b=0, c=58, d=73}
11: dec d      {a=479002808, b=0, c=58, d=72}
9: jnz d -2   {a=479002808, b=0, c=58, d=72}
10: inc a      {a=479002809, b=0, c=58, d=72}
11: dec d      {a=479002809, b=0, c=58, d=71}
9: jnz d -2   {a=479002809, b=0, c=58, d=71}
10: inc a      {a=479002810, b=0, c=58, d=71}
11: dec d      {a=479002810, b=0, c=58, d=70}
9: jnz d -2   {a=479002810, b=0, c=58, d=70}
10: inc a      {a=479002811, b=0, c=58, d=70}
11: dec d      {a=479002811, b=0, c=58, d=69}
9: jnz d -2   {a=479002811, b=0, c=58, d=69}
10: inc a      {a=479002812, b=0, c=58, d=69}
11: dec d      {a=479002812, b=0, c=58, d=68}
9: jnz d -2   {a=479002812, b=0, c=58, d=68}
10: inc a      {a=479002813, b=0, c=58, d=68}
11: dec d      {a=479002813, b=0, c=58, d=67}
9: jnz d -2   {a=479002813, b=0, c=58, d=67}
10: inc a      {a=479002814, b=0, c=58, d=67}
11: dec d      {a=479002814, b=0, c=58, d=66}
9: jnz d -2   {a=479002814, b=0, c=58, d=66}
10: inc a      {a=479002815, b=0, c=58, d=66}
11: dec d      {a=479002815, b=0, c=58, d=65}
9: jnz d -2   {a=479002815, b=0, c=58, d=65}
10: inc a      {a=479002816, b=0, c=58, d=65}
11: dec d      {a=479002816, b=0, c=58, d=64}
9: jnz d -2   {a=479002816, b=0, c=58, d=64}
10: inc a      {a=479002817, b=0, c=58, d=64}
11: dec d      {a=479002817, b=0, c=58, d=63}
9: jnz d -2   {a=479002817, b=0, c=58, d=63}
10: inc a      {a=479002818, b=0, c=58, d=63}
11: dec d      {a=479002818, b=0, c=58, d=62}
9: jnz d -2   {a=479002818, b=0, c=58, d=62}
10: inc a      {a=479002819, b=0, c=58, d=62}
11: dec d      {a=479002819, b=0, c=58, d=61}
9: jnz d -2   {a=479002819, b=0, c=58, d=61}
10: inc a      {a=479002820, b=0, c=58, d=61}
11: dec d      {a=479002820, b=0, c=58, d=60}
9: jnz d -2   {a=479002820, b=0, c=58, d=60}
10: inc a      {a=479002821, b=0, c=58, d=60}
11: dec d      {a=479002821, b=0, c=58, d=59}
9: jnz d -2   {a=479002821, b=0, c=58, d=59}
10: inc a      {a=479002822, b=0, c=58, d=59}
11: dec d      {a=479002822, b=0, c=58, d=58}
9: jnz d -2   {a=479002822, b=0, c=58, d=58}
10: inc a      {a=479002823, b=0, c=58, d=58}
11: dec d      {a=479002823, b=0, c=58, d=57}
9: jnz d -2   {a=479002823, b=0, c=58, d=57}
10: inc a      {a=479002824, b=0, c=58, d=57}
11: dec d      {a=479002824, b=0, c=58, d=56}
9: jnz d -2   {a=479002824, b=0, c=58, d=56}
10: inc a      {a=479002825, b=0, c=58, d=56}
11: dec d      {a=479002825, b=0, c=58, d=55}
9: jnz d -2   {a=479002825, b=0, c=58, d=55}
10: inc a      {a=479002826, b=0, c=58, d=55}
11: dec d      {a=479002826, b=0, c=58, d=54}
9: jnz d -2   {a=479002826, b=0, c=58, d=54}
10: inc a      {a=479002827, b=0, c=58, d=54}
11: dec d      {a=479002827, b=0, c=58, d=53}
9: jnz d -2   {a=479002827, b=0, c=58, d=53}
10: inc a      {a=479002828, b=0, c=58, d=53}
11: dec d      {a=479002828, b=0, c=58, d=52}
9: jnz d -2   {a=479002828, b=0, c=58, d=52}
10: inc a      {a=479002829, b=0, c=58, d=52}
11: dec d      {a=479002829, b=0, c=58, d=51}
9: jnz d -2   {a=479002829, b=0, c=58, d=51}
10: inc a      {a=479002830, b=0, c=58, d=51}
11: dec d      {a=479002830, b=0, c=58, d=50}
9: jnz d -2   {a=479002830, b=0, c=58, d=50}
10: inc a      {a=479002831, b=0, c=58, d=50}
11: dec d      {a=479002831, b=0, c=58, d=49}
9: jnz d -2   {a=479002831, b=0, c=58, d=49}
10: inc a      {a=479002832, b=0, c=58, d=49}
11: dec d      {a=479002832, b=0, c=58, d=48}
9: jnz d -2   {a=479002832, b=0, c=58, d=48}
10: inc a      {a=479002833, b=0, c=58, d=48}
11: dec d      {a=479002833, b=0, c=58, d=47}
9: jnz d -2   {a=479002833, b=0, c=58, d=47}
10: inc a      {a=479002834, b=0, c=58, d=47}
11: dec d      {a=479002834, b=0, c=58, d=46}
9: jnz d -2   {a=479002834, b=0, c=58, d=46}
10: inc a      {a=479002835, b=0, c=58, d=46}
11: dec d      {a=479002835, b=0, c=58, d=45}
9: jnz d -2   {a=479002835, b=0, c=58, d=45}
10: inc a      {a=479002836, b=0, c=58, d=45}
11: dec d      {a=479002836, b=0, c=58, d=44}
9: jnz d -2   {a=479002836, b=0, c=58, d=44}
10: inc a      {a=479002837, b=0, c=58, d=44}
11: dec d      {a=479002837, b=0, c=58, d=43}
9: jnz d -2   {a=479002837, b=0, c=58, d=43}
10: inc a      {a=479002838, b=0, c=58, d=43}
11: dec d      {a=479002838, b=0, c=58, d=42}
9: jnz d -2   {a=479002838, b=0, c=58, d=42}
10: inc a      {a=479002839, b=0, c=58, d=42}
11: dec d      {a=479002839, b=0, c=58, d=41}
9: jnz d -2   {a=479002839, b=0, c=58, d=41}
10: inc a      {a=479002840, b=0, c=58, d=41}
11: dec d      {a=479002840, b=0, c=58, d=40}
9: jnz d -2   {a=479002840, b=0, c=58, d=40}
10: inc a      {a=479002841, b=0, c=58, d=40}
11: dec d      {a=479002841, b=0, c=58, d=39}
9: jnz d -2   {a=479002841, b=0, c=58, d=39}
10: inc a      {a=479002842, b=0, c=58, d=39}
11: dec d      {a=479002842, b=0, c=58, d=38}
9: jnz d -2   {a=479002842, b=0, c=58, d=38}
10: inc a      {a=479002843, b=0, c=58, d=38}
11: dec d      {a=479002843, b=0, c=58, d=37}
9: jnz d -2   {a=479002843, b=0, c=58, d=37}
10: inc a      {a=479002844, b=0, c=58, d=37}
11: dec d      {a=479002844, b=0, c=58, d=36}
9: jnz d -2   {a=479002844, b=0, c=58, d=36}
10: inc a      {a=479002845, b=0, c=58, d=36}
11: dec d      {a=479002845, b=0, c=58, d=35}
9: jnz d -2   {a=479002845, b=0, c=58, d=35}
10: inc a      {a=479002846, b=0, c=58, d=35}
11: dec d      {a=479002846, b=0, c=58, d=34}
9: jnz d -2   {a=479002846, b=0, c=58, d=34}
10: inc a      {a=479002847, b=0, c=58, d=34}
11: dec d      {a=479002847, b=0, c=58, d=33}
9: jnz d -2   {a=479002847, b=0, c=58, d=33}
10: inc a      {a=479002848, b=0, c=58, d=33}
11: dec d      {a=479002848, b=0, c=58, d=32}
9: jnz d -2   {a=479002848, b=0, c=58, d=32}
10: inc a      {a=479002849, b=0, c=58, d=32}
11: dec d      {a=479002849, b=0, c=58, d=31}
9: jnz d -2   {a=479002849, b=0, c=58, d=31}
10: inc a      {a=479002850, b=0, c=58, d=31}
11: dec d      {a=479002850, b=0, c=58, d=30}
9: jnz d -2   {a=479002850, b=0, c=58, d=30}
10: inc a      {a=479002851, b=0, c=58, d=30}
11: dec d      {a=479002851, b=0, c=58, d=29}
9: jnz d -2   {a=479002851, b=0, c=58, d=29}
10: inc a      {a=479002852, b=0, c=58, d=29}
11: dec d      {a=479002852, b=0, c=58, d=28}
9: jnz d -2   {a=479002852, b=0, c=58, d=28}
10: inc a      {a=479002853, b=0, c=58, d=28}
11: dec d      {a=479002853, b=0, c=58, d=27}
9: jnz d -2   {a=479002853, b=0, c=58, d=27}
10: inc a      {a=479002854, b=0, c=58, d=27}
11: dec d      {a=479002854, b=0, c=58, d=26}
9: jnz d -2   {a=479002854, b=0, c=58, d=26}
10: inc a      {a=479002855, b=0, c=58, d=26}
11: dec d      {a=479002855, b=0, c=58, d=25}
9: jnz d -2   {a=479002855, b=0, c=58, d=25}
10: inc a      {a=479002856, b=0, c=58, d=25}
11: dec d      {a=479002856, b=0, c=58, d=24}
9: jnz d -2   {a=479002856, b=0, c=58, d=24}
10: inc a      {a=479002857, b=0, c=58, d=24}
11: dec d      {a=479002857, b=0, c=58, d=23}
9: jnz d -2   {a=479002857, b=0, c=58, d=23}
10: inc a      {a=479002858, b=0, c=58, d=23}
11: dec d      {a=479002858, b=0, c=58, d=22}
9: jnz d -2   {a=479002858, b=0, c=58, d=22}
10: inc a      {a=479002859, b=0, c=58, d=22}
11: dec d      {a=479002859, b=0, c=58, d=21}
9: jnz d -2   {a=479002859, b=0, c=58, d=21}
10: inc a      {a=479002860, b=0, c=58, d=21}
11: dec d      {a=479002860, b=0, c=58, d=20}
9: jnz d -2   {a=479002860, b=0, c=58, d=20}
10: inc a      {a=479002861, b=0, c=58, d=20}
11: dec d      {a=479002861, b=0, c=58, d=19}
9: jnz d -2   {a=479002861, b=0, c=58, d=19}
10: inc a      {a=479002862, b=0, c=58, d=19}
11: dec d      {a=479002862, b=0, c=58, d=18}
9: jnz d -2   {a=479002862, b=0, c=58, d=18}
10: inc a      {a=479002863, b=0, c=58, d=18}
11: dec d      {a=479002863, b=0, c=58, d=17}
9: jnz d -2   {a=479002863, b=0, c=58, d=17}
10: inc a      {a=479002864, b=0, c=58, d=17}
11: dec d      {a=479002864, b=0, c=58, d=16}
9: jnz d -2   {a=479002864, b=0, c=58, d=16}
10: inc a      {a=479002865, b=0, c=58, d=16}
11: dec d      {a=479002865, b=0, c=58, d=15}
9: jnz d -2   {a=479002865, b=0, c=58, d=15}
10: inc a      {a=479002866, b=0, c=58, d=15}
11: dec d      {a=479002866, b=0, c=58, d=14}
9: jnz d -2   {a=479002866, b=0, c=58, d=14}
10: inc a      {a=479002867, b=0, c=58, d=14}
11: dec d      {a=479002867, b=0, c=58, d=13}
9: jnz d -2   {a=479002867, b=0, c=58, d=13}
10: inc a      {a=479002868, b=0, c=58, d=13}
11: dec d      {a=479002868, b=0, c=58, d=12}
9: jnz d -2   {a=479002868, b=0, c=58, d=12}
10: inc a      {a=479002869, b=0, c=58, d=12}
11: dec d      {a=479002869, b=0, c=58, d=11}
9: jnz d -2   {a=479002869, b=0, c=58, d=11}
10: inc a      {a=479002870, b=0, c=58, d=11}
11: dec d      {a=479002870, b=0, c=58, d=10}
9: jnz d -2   {a=479002870, b=0, c=58, d=10}
10: inc a      {a=479002871, b=0, c=58, d=10}
11: dec d      {a=479002871, b=0, c=58, d=9}
9: jnz d -2   {a=479002871, b=0, c=58, d=9}
10: inc a      {a=479002872, b=0, c=58, d=9}
11: dec d      {a=479002872, b=0, c=58, d=8}
9: jnz d -2   {a=479002872, b=0, c=58, d=8}
10: inc a      {a=479002873, b=0, c=58, d=8}
11: dec d      {a=479002873, b=0, c=58, d=7}
9: jnz d -2   {a=479002873, b=0, c=58, d=7}
10: inc a      {a=479002874, b=0, c=58, d=7}
11: dec d      {a=479002874, b=0, c=58, d=6}
9: jnz d -2   {a=479002874, b=0, c=58, d=6}
10: inc a      {a=479002875, b=0, c=58, d=6}
11: dec d      {a=479002875, b=0, c=58, d=5}
9: jnz d -2   {a=479002875, b=0, c=58, d=5}
10: inc a      {a=479002876, b=0, c=58, d=5}
11: dec d      {a=479002876, b=0, c=58, d=4}
9: jnz d -2   {a=479002876, b=0, c=58, d=4}
10: inc a      {a=479002877, b=0, c=58, d=4}
11: dec d      {a=479002877, b=0, c=58, d=3}
9: jnz d -2   {a=479002877, b=0, c=58, d=3}
10: inc a      {a=479002878, b=0, c=58, d=3}
11: dec d      {a=479002878, b=0, c=58, d=2}
9: jnz d -2   {a=479002878, b=0, c=58, d=2}
10: inc a      {a=479002879, b=0, c=58, d=2}
11: dec d      {a=479002879, b=0, c=58, d=1}
9: jnz d -2   {a=479002879, b=0, c=58, d=1}
10: inc a      {a=479002880, b=0, c=58, d=1}
11: dec d      {a=479002880, b=0, c=58, d=0}
12: jnz d -2   {a=479002880, b=0, c=58, d=0}
13: dec c      {a=479002880, b=0, c=57, d=0}
8: jnz c -5   {a=479002880, b=0, c=57, d=0}
9: cpy 80 d   {a=479002880, b=0, c=57, d=80}
10: inc a      {a=479002881, b=0, c=57, d=80}
11: dec d      {a=479002881, b=0, c=57, d=79}
9: jnz d -2   {a=479002881, b=0, c=57, d=79}
10: inc a      {a=479002882, b=0, c=57, d=79}
11: dec d      {a=479002882, b=0, c=57, d=78}
9: jnz d -2   {a=479002882, b=0, c=57, d=78}
10: inc a      {a=479002883, b=0, c=57, d=78}
11: dec d      {a=479002883, b=0, c=57, d=77}
9: jnz d -2   {a=479002883, b=0, c=57, d=77}
10: inc a      {a=479002884, b=0, c=57, d=77}
11: dec d      {a=479002884, b=0, c=57, d=76}
9: jnz d -2   {a=479002884, b=0, c=57, d=76}
10: inc a      {a=479002885, b=0, c=57, d=76}
11: dec d      {a=479002885, b=0, c=57, d=75}
9: jnz d -2   {a=479002885, b=0, c=57, d=75}
10: inc a      {a=479002886, b=0, c=57, d=75}
11: dec d      {a=479002886, b=0, c=57, d=74}
9: jnz d -2   {a=479002886, b=0, c=57, d=74}
10: inc a      {a=479002887, b=0, c=57, d=74}
11: dec d      {a=479002887, b=0, c=57, d=73}
9: jnz d -2   {a=479002887, b=0, c=57, d=73}
10: inc a      {a=479002888, b=0, c=57, d=73}
11: dec d      {a=479002888, b=0, c=57, d=72}
9: jnz d -2   {a=479002888, b=0, c=57, d=72}
10: inc a      {a=479002889, b=0, c=57, d=72}
11: dec d      {a=479002889, b=0, c=57, d=71}
9: jnz d -2   {a=479002889, b=0, c=57, d=71}
10: inc a      {a=479002890, b=0, c=57, d=71}
11: dec d      {a=479002890, b=0, c=57, d=70}
9: jnz d -2   {a=479002890, b=0, c=57, d=70}
10: inc a      {a=479002891, b=0, c=57, d=70}
11: dec d      {a=479002891, b=0, c=57, d=69}
9: jnz d -2   {a=479002891, b=0, c=57, d=69}
10: inc a      {a=479002892, b=0, c=57, d=69}
11: dec d      {a=479002892, b=0, c=57, d=68}
9: jnz d -2   {a=479002892, b=0, c=57, d=68}
10: inc a      {a=479002893, b=0, c=57, d=68}
11: dec d      {a=479002893, b=0, c=57, d=67}
9: jnz d -2   {a=479002893, b=0, c=57, d=67}
10: inc a      {a=479002894, b=0, c=57, d=67}
11: dec d      {a=479002894, b=0, c=57, d=66}
9: jnz d -2   {a=479002894, b=0, c=57, d=66}
10: inc a      {a=479002895, b=0, c=57, d=66}
11: dec d      {a=479002895, b=0, c=57, d=65}
9: jnz d -2   {a=479002895, b=0, c=57, d=65}
10: inc a      {a=479002896, b=0, c=57, d=65}
11: dec d      {a=479002896, b=0, c=57, d=64}
9: jnz d -2   {a=479002896, b=0, c=57, d=64}
10: inc a      {a=479002897, b=0, c=57, d=64}
11: dec d      {a=479002897, b=0, c=57, d=63}
9: jnz d -2   {a=479002897, b=0, c=57, d=63}
10: inc a      {a=479002898, b=0, c=57, d=63}
11: dec d      {a=479002898, b=0, c=57, d=62}
9: jnz d -2   {a=479002898, b=0, c=57, d=62}
10: inc a      {a=479002899, b=0, c=57, d=62}
11: dec d      {a=479002899, b=0, c=57, d=61}
9: jnz d -2   {a=479002899, b=0, c=57, d=61}
10: inc a      {a=479002900, b=0, c=57, d=61}
11: dec d      {a=479002900, b=0, c=57, d=60}
9: jnz d -2   {a=479002900, b=0, c=57, d=60}
10: inc a      {a=479002901, b=0, c=57, d=60}
11: dec d      {a=479002901, b=0, c=57, d=59}
9: jnz d -2   {a=479002901, b=0, c=57, d=59}
10: inc a      {a=479002902, b=0, c=57, d=59}
11: dec d      {a=479002902, b=0, c=57, d=58}
9: jnz d -2   {a=479002902, b=0, c=57, d=58}
10: inc a      {a=479002903, b=0, c=57, d=58}
11: dec d      {a=479002903, b=0, c=57, d=57}
9: jnz d -2   {a=479002903, b=0, c=57, d=57}
10: inc a      {a=479002904, b=0, c=57, d=57}
11: dec d      {a=479002904, b=0, c=57, d=56}
9: jnz d -2   {a=479002904, b=0, c=57, d=56}
10: inc a      {a=479002905, b=0, c=57, d=56}
11: dec d      {a=479002905, b=0, c=57, d=55}
9: jnz d -2   {a=479002905, b=0, c=57, d=55}
10: inc a      {a=479002906, b=0, c=57, d=55}
11: dec d      {a=479002906, b=0, c=57, d=54}
9: jnz d -2   {a=479002906, b=0, c=57, d=54}
10: inc a      {a=479002907, b=0, c=57, d=54}
11: dec d      {a=479002907, b=0, c=57, d=53}
9: jnz d -2   {a=479002907, b=0, c=57, d=53}
10: inc a      {a=479002908, b=0, c=57, d=53}
11: dec d      {a=479002908, b=0, c=57, d=52}
9: jnz d -2   {a=479002908, b=0, c=57, d=52}
10: inc a      {a=479002909, b=0, c=57, d=52}
11: dec d      {a=479002909, b=0, c=57, d=51}
9: jnz d -2   {a=479002909, b=0, c=57, d=51}
10: inc a      {a=479002910, b=0, c=57, d=51}
11: dec d      {a=479002910, b=0, c=57, d=50}
9: jnz d -2   {a=479002910, b=0, c=57, d=50}
10: inc a      {a=479002911, b=0, c=57, d=50}
11: dec d      {a=479002911, b=0, c=57, d=49}
9: jnz d -2   {a=479002911, b=0, c=57, d=49}
10: inc a      {a=479002912, b=0, c=57, d=49}
11: dec d      {a=479002912, b=0, c=57, d=48}
9: jnz d -2   {a=479002912, b=0, c=57, d=48}
10: inc a      {a=479002913, b=0, c=57, d=48}
11: dec d      {a=479002913, b=0, c=57, d=47}
9: jnz d -2   {a=479002913, b=0, c=57, d=47}
10: inc a      {a=479002914, b=0, c=57, d=47}
11: dec d      {a=479002914, b=0, c=57, d=46}
9: jnz d -2   {a=479002914, b=0, c=57, d=46}
10: inc a      {a=479002915, b=0, c=57, d=46}
11: dec d      {a=479002915, b=0, c=57, d=45}
9: jnz d -2   {a=479002915, b=0, c=57, d=45}
10: inc a      {a=479002916, b=0, c=57, d=45}
11: dec d      {a=479002916, b=0, c=57, d=44}
9: jnz d -2   {a=479002916, b=0, c=57, d=44}
10: inc a      {a=479002917, b=0, c=57, d=44}
11: dec d      {a=479002917, b=0, c=57, d=43}
9: jnz d -2   {a=479002917, b=0, c=57, d=43}
10: inc a      {a=479002918, b=0, c=57, d=43}
11: dec d      {a=479002918, b=0, c=57, d=42}
9: jnz d -2   {a=479002918, b=0, c=57, d=42}
10: inc a      {a=479002919, b=0, c=57, d=42}
11: dec d      {a=479002919, b=0, c=57, d=41}
9: jnz d -2   {a=479002919, b=0, c=57, d=41}
10: inc a      {a=479002920, b=0, c=57, d=41}
11: dec d      {a=479002920, b=0, c=57, d=40}
9: jnz d -2   {a=479002920, b=0, c=57, d=40}
10: inc a      {a=479002921, b=0, c=57, d=40}
11: dec d      {a=479002921, b=0, c=57, d=39}
9: jnz d -2   {a=479002921, b=0, c=57, d=39}
10: inc a      {a=479002922, b=0, c=57, d=39}
11: dec d      {a=479002922, b=0, c=57, d=38}
9: jnz d -2   {a=479002922, b=0, c=57, d=38}
10: inc a      {a=479002923, b=0, c=57, d=38}
11: dec d      {a=479002923, b=0, c=57, d=37}
9: jnz d -2   {a=479002923, b=0, c=57, d=37}
10: inc a      {a=479002924, b=0, c=57, d=37}
11: dec d      {a=479002924, b=0, c=57, d=36}
9: jnz d -2   {a=479002924, b=0, c=57, d=36}
10: inc a      {a=479002925, b=0, c=57, d=36}
11: dec d      {a=479002925, b=0, c=57, d=35}
9: jnz d -2   {a=479002925, b=0, c=57, d=35}
10: inc a      {a=479002926, b=0, c=57, d=35}
11: dec d      {a=479002926, b=0, c=57, d=34}
9: jnz d -2   {a=479002926, b=0, c=57, d=34}
10: inc a      {a=479002927, b=0, c=57, d=34}
11: dec d      {a=479002927, b=0, c=57, d=33}
9: jnz d -2   {a=479002927, b=0, c=57, d=33}
10: inc a      {a=479002928, b=0, c=57, d=33}
11: dec d      {a=479002928, b=0, c=57, d=32}
9: jnz d -2   {a=479002928, b=0, c=57, d=32}
10: inc a      {a=479002929, b=0, c=57, d=32}
11: dec d      {a=479002929, b=0, c=57, d=31}
9: jnz d -2   {a=479002929, b=0, c=57, d=31}
10: inc a      {a=479002930, b=0, c=57, d=31}
11: dec d      {a=479002930, b=0, c=57, d=30}
9: jnz d -2   {a=479002930, b=0, c=57, d=30}
10: inc a      {a=479002931, b=0, c=57, d=30}
11: dec d      {a=479002931, b=0, c=57, d=29}
9: jnz d -2   {a=479002931, b=0, c=57, d=29}
10: inc a      {a=479002932, b=0, c=57, d=29}
11: dec d      {a=479002932, b=0, c=57, d=28}
9: jnz d -2   {a=479002932, b=0, c=57, d=28}
10: inc a      {a=479002933, b=0, c=57, d=28}
11: dec d      {a=479002933, b=0, c=57, d=27}
9: jnz d -2   {a=479002933, b=0, c=57, d=27}
10: inc a      {a=479002934, b=0, c=57, d=27}
11: dec d      {a=479002934, b=0, c=57, d=26}
9: jnz d -2   {a=479002934, b=0, c=57, d=26}
10: inc a      {a=479002935, b=0, c=57, d=26}
11: dec d      {a=479002935, b=0, c=57, d=25}
9: jnz d -2   {a=479002935, b=0, c=57, d=25}
10: inc a      {a=479002936, b=0, c=57, d=25}
11: dec d      {a=479002936, b=0, c=57, d=24}
9: jnz d -2   {a=479002936, b=0, c=57, d=24}
10: inc a      {a=479002937, b=0, c=57, d=24}
11: dec d      {a=479002937, b=0, c=57, d=23}
9: jnz d -2   {a=479002937, b=0, c=57, d=23}
10: inc a      {a=479002938, b=0, c=57, d=23}
11: dec d      {a=479002938, b=0, c=57, d=22}
9: jnz d -2   {a=479002938, b=0, c=57, d=22}
10: inc a      {a=479002939, b=0, c=57, d=22}
11: dec d      {a=479002939, b=0, c=57, d=21}
9: jnz d -2   {a=479002939, b=0, c=57, d=21}
10: inc a      {a=479002940, b=0, c=57, d=21}
11: dec d      {a=479002940, b=0, c=57, d=20}
9: jnz d -2   {a=479002940, b=0, c=57, d=20}
10: inc a      {a=479002941, b=0, c=57, d=20}
11: dec d      {a=479002941, b=0, c=57, d=19}
9: jnz d -2   {a=479002941, b=0, c=57, d=19}
10: inc a      {a=479002942, b=0, c=57, d=19}
11: dec d      {a=479002942, b=0, c=57, d=18}
9: jnz d -2   {a=479002942, b=0, c=57, d=18}
10: inc a      {a=479002943, b=0, c=57, d=18}
11: dec d      {a=479002943, b=0, c=57, d=17}
9: jnz d -2   {a=479002943, b=0, c=57, d=17}
10: inc a      {a=479002944, b=0, c=57, d=17}
11: dec d      {a=479002944, b=0, c=57, d=16}
9: jnz d -2   {a=479002944, b=0, c=57, d=16}
10: inc a      {a=479002945, b=0, c=57, d=16}
11: dec d      {a=479002945, b=0, c=57, d=15}
9: jnz d -2   {a=479002945, b=0, c=57, d=15}
10: inc a      {a=479002946, b=0, c=57, d=15}
11: dec d      {a=479002946, b=0, c=57, d=14}
9: jnz d -2   {a=479002946, b=0, c=57, d=14}
10: inc a      {a=479002947, b=0, c=57, d=14}
11: dec d      {a=479002947, b=0, c=57, d=13}
9: jnz d -2   {a=479002947, b=0, c=57, d=13}
10: inc a      {a=479002948, b=0, c=57, d=13}
11: dec d      {a=479002948, b=0, c=57, d=12}
9: jnz d -2   {a=479002948, b=0, c=57, d=12}
10: inc a      {a=479002949, b=0, c=57, d=12}
11: dec d      {a=479002949, b=0, c=57, d=11}
9: jnz d -2   {a=479002949, b=0, c=57, d=11}
10: inc a      {a=479002950, b=0, c=57, d=11}
11: dec d      {a=479002950, b=0, c=57, d=10}
9: jnz d -2   {a=479002950, b=0, c=57, d=10}
10: inc a      {a=479002951, b=0, c=57, d=10}
11: dec d      {a=479002951, b=0, c=57, d=9}
9: jnz d -2   {a=479002951, b=0, c=57, d=9}
10: inc a      {a=479002952, b=0, c=57, d=9}
11: dec d      {a=479002952, b=0, c=57, d=8}
9: jnz d -2   {a=479002952, b=0, c=57, d=8}
10: inc a      {a=479002953, b=0, c=57, d=8}
11: dec d      {a=479002953, b=0, c=57, d=7}
9: jnz d -2   {a=479002953, b=0, c=57, d=7}
10: inc a      {a=479002954, b=0, c=57, d=7}
11: dec d      {a=479002954, b=0, c=57, d=6}
9: jnz d -2   {a=479002954, b=0, c=57, d=6}
10: inc a      {a=479002955, b=0, c=57, d=6}
11: dec d      {a=479002955, b=0, c=57, d=5}
9: jnz d -2   {a=479002955, b=0, c=57, d=5}
10: inc a      {a=479002956, b=0, c=57, d=5}
11: dec d      {a=479002956, b=0, c=57, d=4}
9: jnz d -2   {a=479002956, b=0, c=57, d=4}
10: inc a      {a=479002957, b=0, c=57, d=4}
11: dec d      {a=479002957, b=0, c=57, d=3}
9: jnz d -2   {a=479002957, b=0, c=57, d=3}
10: inc a      {a=479002958, b=0, c=57, d=3}
11: dec d      {a=479002958, b=0, c=57, d=2}
9: jnz d -2   {a=479002958, b=0, c=57, d=2}
10: inc a      {a=479002959, b=0, c=57, d=2}
11: dec d      {a=479002959, b=0, c=57, d=1}
9: jnz d -2   {a=479002959, b=0, c=57, d=1}
10: inc a      {a=479002960, b=0, c=57, d=1}
11: dec d      {a=479002960, b=0, c=57, d=0}
12: jnz d -2   {a=479002960, b=0, c=57, d=0}
13: dec c      {a=479002960, b=0, c=56, d=0}
8: jnz c -5   {a=479002960, b=0, c=56, d=0}
9: cpy 80 d   {a=479002960, b=0, c=56, d=80}
10: inc a      {a=479002961, b=0, c=56, d=80}
11: dec d      {a=479002961, b=0, c=56, d=79}
9: jnz d -2   {a=479002961, b=0, c=56, d=79}
10: inc a      {a=479002962, b=0, c=56, d=79}
11: dec d      {a=479002962, b=0, c=56, d=78}
9: jnz d -2   {a=479002962, b=0, c=56, d=78}
10: inc a      {a=479002963, b=0, c=56, d=78}
11: dec d      {a=479002963, b=0, c=56, d=77}
9: jnz d -2   {a=479002963, b=0, c=56, d=77}
10: inc a      {a=479002964, b=0, c=56, d=77}
11: dec d      {a=479002964, b=0, c=56, d=76}
9: jnz d -2   {a=479002964, b=0, c=56, d=76}
10: inc a      {a=479002965, b=0, c=56, d=76}
11: dec d      {a=479002965, b=0, c=56, d=75}
9: jnz d -2   {a=479002965, b=0, c=56, d=75}
10: inc a      {a=479002966, b=0, c=56, d=75}
11: dec d      {a=479002966, b=0, c=56, d=74}
9: jnz d -2   {a=479002966, b=0, c=56, d=74}
10: inc a      {a=479002967, b=0, c=56, d=74}
11: dec d      {a=479002967, b=0, c=56, d=73}
9: jnz d -2   {a=479002967, b=0, c=56, d=73}
10: inc a      {a=479002968, b=0, c=56, d=73}
11: dec d      {a=479002968, b=0, c=56, d=72}
9: jnz d -2   {a=479002968, b=0, c=56, d=72}
10: inc a      {a=479002969, b=0, c=56, d=72}
11: dec d      {a=479002969, b=0, c=56, d=71}
9: jnz d -2   {a=479002969, b=0, c=56, d=71}
10: inc a      {a=479002970, b=0, c=56, d=71}
11: dec d      {a=479002970, b=0, c=56, d=70}
9: jnz d -2   {a=479002970, b=0, c=56, d=70}
10: inc a      {a=479002971, b=0, c=56, d=70}
11: dec d      {a=479002971, b=0, c=56, d=69}
9: jnz d -2   {a=479002971, b=0, c=56, d=69}
10: inc a      {a=479002972, b=0, c=56, d=69}
11: dec d      {a=479002972, b=0, c=56, d=68}
9: jnz d -2   {a=479002972, b=0, c=56, d=68}
10: inc a      {a=479002973, b=0, c=56, d=68}
11: dec d      {a=479002973, b=0, c=56, d=67}
9: jnz d -2   {a=479002973, b=0, c=56, d=67}
10: inc a      {a=479002974, b=0, c=56, d=67}
11: dec d      {a=479002974, b=0, c=56, d=66}
9: jnz d -2   {a=479002974, b=0, c=56, d=66}
10: inc a      {a=479002975, b=0, c=56, d=66}
11: dec d      {a=479002975, b=0, c=56, d=65}
9: jnz d -2   {a=479002975, b=0, c=56, d=65}
10: inc a      {a=479002976, b=0, c=56, d=65}
11: dec d      {a=479002976, b=0, c=56, d=64}
9: jnz d -2   {a=479002976, b=0, c=56, d=64}
10: inc a      {a=479002977, b=0, c=56, d=64}
11: dec d      {a=479002977, b=0, c=56, d=63}
9: jnz d -2   {a=479002977, b=0, c=56, d=63}
10: inc a      {a=479002978, b=0, c=56, d=63}
11: dec d      {a=479002978, b=0, c=56, d=62}
9: jnz d -2   {a=479002978, b=0, c=56, d=62}
10: inc a      {a=479002979, b=0, c=56, d=62}
11: dec d      {a=479002979, b=0, c=56, d=61}
9: jnz d -2   {a=479002979, b=0, c=56, d=61}
10: inc a      {a=479002980, b=0, c=56, d=61}
11: dec d      {a=479002980, b=0, c=56, d=60}
9: jnz d -2   {a=479002980, b=0, c=56, d=60}
10: inc a      {a=479002981, b=0, c=56, d=60}
11: dec d      {a=479002981, b=0, c=56, d=59}
9: jnz d -2   {a=479002981, b=0, c=56, d=59}
10: inc a      {a=479002982, b=0, c=56, d=59}
11: dec d      {a=479002982, b=0, c=56, d=58}
9: jnz d -2   {a=479002982, b=0, c=56, d=58}
10: inc a      {a=479002983, b=0, c=56, d=58}
11: dec d      {a=479002983, b=0, c=56, d=57}
9: jnz d -2   {a=479002983, b=0, c=56, d=57}
10: inc a      {a=479002984, b=0, c=56, d=57}
11: dec d      {a=479002984, b=0, c=56, d=56}
9: jnz d -2   {a=479002984, b=0, c=56, d=56}
10: inc a      {a=479002985, b=0, c=56, d=56}
11: dec d      {a=479002985, b=0, c=56, d=55}
9: jnz d -2   {a=479002985, b=0, c=56, d=55}
10: inc a      {a=479002986, b=0, c=56, d=55}
11: dec d      {a=479002986, b=0, c=56, d=54}
9: jnz d -2   {a=479002986, b=0, c=56, d=54}
10: inc a      {a=479002987, b=0, c=56, d=54}
11: dec d      {a=479002987, b=0, c=56, d=53}
9: jnz d -2   {a=479002987, b=0, c=56, d=53}
10: inc a      {a=479002988, b=0, c=56, d=53}
11: dec d      {a=479002988, b=0, c=56, d=52}
9: jnz d -2   {a=479002988, b=0, c=56, d=52}
10: inc a      {a=479002989, b=0, c=56, d=52}
11: dec d      {a=479002989, b=0, c=56, d=51}
9: jnz d -2   {a=479002989, b=0, c=56, d=51}
10: inc a      {a=479002990, b=0, c=56, d=51}
11: dec d      {a=479002990, b=0, c=56, d=50}
9: jnz d -2   {a=479002990, b=0, c=56, d=50}
10: inc a      {a=479002991, b=0, c=56, d=50}
11: dec d      {a=479002991, b=0, c=56, d=49}
9: jnz d -2   {a=479002991, b=0, c=56, d=49}
10: inc a      {a=479002992, b=0, c=56, d=49}
11: dec d      {a=479002992, b=0, c=56, d=48}
9: jnz d -2   {a=479002992, b=0, c=56, d=48}
10: inc a      {a=479002993, b=0, c=56, d=48}
11: dec d      {a=479002993, b=0, c=56, d=47}
9: jnz d -2   {a=479002993, b=0, c=56, d=47}
10: inc a      {a=479002994, b=0, c=56, d=47}
11: dec d      {a=479002994, b=0, c=56, d=46}
9: jnz d -2   {a=479002994, b=0, c=56, d=46}
10: inc a      {a=479002995, b=0, c=56, d=46}
11: dec d      {a=479002995, b=0, c=56, d=45}
9: jnz d -2   {a=479002995, b=0, c=56, d=45}
10: inc a      {a=479002996, b=0, c=56, d=45}
11: dec d      {a=479002996, b=0, c=56, d=44}
9: jnz d -2   {a=479002996, b=0, c=56, d=44}
10: inc a      {a=479002997, b=0, c=56, d=44}
11: dec d      {a=479002997, b=0, c=56, d=43}
9: jnz d -2   {a=479002997, b=0, c=56, d=43}
10: inc a      {a=479002998, b=0, c=56, d=43}
11: dec d      {a=479002998, b=0, c=56, d=42}
9: jnz d -2   {a=479002998, b=0, c=56, d=42}
10: inc a      {a=479002999, b=0, c=56, d=42}
11: dec d      {a=479002999, b=0, c=56, d=41}
9: jnz d -2   {a=479002999, b=0, c=56, d=41}
10: inc a      {a=479003000, b=0, c=56, d=41}
11: dec d      {a=479003000, b=0, c=56, d=40}
9: jnz d -2   {a=479003000, b=0, c=56, d=40}
10: inc a      {a=479003001, b=0, c=56, d=40}
11: dec d      {a=479003001, b=0, c=56, d=39}
9: jnz d -2   {a=479003001, b=0, c=56, d=39}
10: inc a      {a=479003002, b=0, c=56, d=39}
11: dec d      {a=479003002, b=0, c=56, d=38}
9: jnz d -2   {a=479003002, b=0, c=56, d=38}
10: inc a      {a=479003003, b=0, c=56, d=38}
11: dec d      {a=479003003, b=0, c=56, d=37}
9: jnz d -2   {a=479003003, b=0, c=56, d=37}
10: inc a      {a=479003004, b=0, c=56, d=37}
11: dec d      {a=479003004, b=0, c=56, d=36}
9: jnz d -2   {a=479003004, b=0, c=56, d=36}
10: inc a      {a=479003005, b=0, c=56, d=36}
11: dec d      {a=479003005, b=0, c=56, d=35}
9: jnz d -2   {a=479003005, b=0, c=56, d=35}
10: inc a      {a=479003006, b=0, c=56, d=35}
11: dec d      {a=479003006, b=0, c=56, d=34}
9: jnz d -2   {a=479003006, b=0, c=56, d=34}
10: inc a      {a=479003007, b=0, c=56, d=34}
11: dec d      {a=479003007, b=0, c=56, d=33}
9: jnz d -2   {a=479003007, b=0, c=56, d=33}
10: inc a      {a=479003008, b=0, c=56, d=33}
11: dec d      {a=479003008, b=0, c=56, d=32}
9: jnz d -2   {a=479003008, b=0, c=56, d=32}
10: inc a      {a=479003009, b=0, c=56, d=32}
11: dec d      {a=479003009, b=0, c=56, d=31}
9: jnz d -2   {a=479003009, b=0, c=56, d=31}
10: inc a      {a=479003010, b=0, c=56, d=31}
11: dec d      {a=479003010, b=0, c=56, d=30}
9: jnz d -2   {a=479003010, b=0, c=56, d=30}
10: inc a      {a=479003011, b=0, c=56, d=30}
11: dec d      {a=479003011, b=0, c=56, d=29}
9: jnz d -2   {a=479003011, b=0, c=56, d=29}
10: inc a      {a=479003012, b=0, c=56, d=29}
11: dec d      {a=479003012, b=0, c=56, d=28}
9: jnz d -2   {a=479003012, b=0, c=56, d=28}
10: inc a      {a=479003013, b=0, c=56, d=28}
11: dec d      {a=479003013, b=0, c=56, d=27}
9: jnz d -2   {a=479003013, b=0, c=56, d=27}
10: inc a      {a=479003014, b=0, c=56, d=27}
11: dec d      {a=479003014, b=0, c=56, d=26}
9: jnz d -2   {a=479003014, b=0, c=56, d=26}
10: inc a      {a=479003015, b=0, c=56, d=26}
11: dec d      {a=479003015, b=0, c=56, d=25}
9: jnz d -2   {a=479003015, b=0, c=56, d=25}
10: inc a      {a=479003016, b=0, c=56, d=25}
11: dec d      {a=479003016, b=0, c=56, d=24}
9: jnz d -2   {a=479003016, b=0, c=56, d=24}
10: inc a      {a=479003017, b=0, c=56, d=24}
11: dec d      {a=479003017, b=0, c=56, d=23}
9: jnz d -2   {a=479003017, b=0, c=56, d=23}
10: inc a      {a=479003018, b=0, c=56, d=23}
11: dec d      {a=479003018, b=0, c=56, d=22}
9: jnz d -2   {a=479003018, b=0, c=56, d=22}
10: inc a      {a=479003019, b=0, c=56, d=22}
11: dec d      {a=479003019, b=0, c=56, d=21}
9: jnz d -2   {a=479003019, b=0, c=56, d=21}
10: inc a      {a=479003020, b=0, c=56, d=21}
11: dec d      {a=479003020, b=0, c=56, d=20}
9: jnz d -2   {a=479003020, b=0, c=56, d=20}
10: inc a      {a=479003021, b=0, c=56, d=20}
11: dec d      {a=479003021, b=0, c=56, d=19}
9: jnz d -2   {a=479003021, b=0, c=56, d=19}
10: inc a      {a=479003022, b=0, c=56, d=19}
11: dec d      {a=479003022, b=0, c=56, d=18}
9: jnz d -2   {a=479003022, b=0, c=56, d=18}
10: inc a      {a=479003023, b=0, c=56, d=18}
11: dec d      {a=479003023, b=0, c=56, d=17}
9: jnz d -2   {a=479003023, b=0, c=56, d=17}
10: inc a      {a=479003024, b=0, c=56, d=17}
11: dec d      {a=479003024, b=0, c=56, d=16}
9: jnz d -2   {a=479003024, b=0, c=56, d=16}
10: inc a      {a=479003025, b=0, c=56, d=16}
11: dec d      {a=479003025, b=0, c=56, d=15}
9: jnz d -2   {a=479003025, b=0, c=56, d=15}
10: inc a      {a=479003026, b=0, c=56, d=15}
11: dec d      {a=479003026, b=0, c=56, d=14}
9: jnz d -2   {a=479003026, b=0, c=56, d=14}
10: inc a      {a=479003027, b=0, c=56, d=14}
11: dec d      {a=479003027, b=0, c=56, d=13}
9: jnz d -2   {a=479003027, b=0, c=56, d=13}
10: inc a      {a=479003028, b=0, c=56, d=13}
11: dec d      {a=479003028, b=0, c=56, d=12}
9: jnz d -2   {a=479003028, b=0, c=56, d=12}
10: inc a      {a=479003029, b=0, c=56, d=12}
11: dec d      {a=479003029, b=0, c=56, d=11}
9: jnz d -2   {a=479003029, b=0, c=56, d=11}
10: inc a      {a=479003030, b=0, c=56, d=11}
11: dec d      {a=479003030, b=0, c=56, d=10}
9: jnz d -2   {a=479003030, b=0, c=56, d=10}
10: inc a      {a=479003031, b=0, c=56, d=10}
11: dec d      {a=479003031, b=0, c=56, d=9}
9: jnz d -2   {a=479003031, b=0, c=56, d=9}
10: inc a      {a=479003032, b=0, c=56, d=9}
11: dec d      {a=479003032, b=0, c=56, d=8}
9: jnz d -2   {a=479003032, b=0, c=56, d=8}
10: inc a      {a=479003033, b=0, c=56, d=8}
11: dec d      {a=479003033, b=0, c=56, d=7}
9: jnz d -2   {a=479003033, b=0, c=56, d=7}
10: inc a      {a=479003034, b=0, c=56, d=7}
11: dec d      {a=479003034, b=0, c=56, d=6}
9: jnz d -2   {a=479003034, b=0, c=56, d=6}
10: inc a      {a=479003035, b=0, c=56, d=6}
11: dec d      {a=479003035, b=0, c=56, d=5}
9: jnz d -2   {a=479003035, b=0, c=56, d=5}
10: inc a      {a=479003036, b=0, c=56, d=5}
11: dec d      {a=479003036, b=0, c=56, d=4}
9: jnz d -2   {a=479003036, b=0, c=56, d=4}
10: inc a      {a=479003037, b=0, c=56, d=4}
11: dec d      {a=479003037, b=0, c=56, d=3}
9: jnz d -2   {a=479003037, b=0, c=56, d=3}
10: inc a      {a=479003038, b=0, c=56, d=3}
11: dec d      {a=479003038, b=0, c=56, d=2}
9: jnz d -2   {a=479003038, b=0, c=56, d=2}
10: inc a      {a=479003039, b=0, c=56, d=2}
11: dec d      {a=479003039, b=0, c=56, d=1}
9: jnz d -2   {a=479003039, b=0, c=56, d=1}
10: inc a      {a=479003040, b=0, c=56, d=1}
11: dec d      {a=479003040, b=0, c=56, d=0}
12: jnz d -2   {a=479003040, b=0, c=56, d=0}
13: dec c      {a=479003040, b=0, c=55, d=0}
8: jnz c -5   {a=479003040, b=0, c=55, d=0}
9: cpy 80 d   {a=479003040, b=0, c=55, d=80}
10: inc a      {a=479003041, b=0, c=55, d=80}
11: dec d      {a=479003041, b=0, c=55, d=79}
9: jnz d -2   {a=479003041, b=0, c=55, d=79}
10: inc a      {a=479003042, b=0, c=55, d=79}
11: dec d      {a=479003042, b=0, c=55, d=78}
9: jnz d -2   {a=479003042, b=0, c=55, d=78}
10: inc a      {a=479003043, b=0, c=55, d=78}
11: dec d      {a=479003043, b=0, c=55, d=77}
9: jnz d -2   {a=479003043, b=0, c=55, d=77}
10: inc a      {a=479003044, b=0, c=55, d=77}
11: dec d      {a=479003044, b=0, c=55, d=76}
9: jnz d -2   {a=479003044, b=0, c=55, d=76}
10: inc a      {a=479003045, b=0, c=55, d=76}
11: dec d      {a=479003045, b=0, c=55, d=75}
9: jnz d -2   {a=479003045, b=0, c=55, d=75}
10: inc a      {a=479003046, b=0, c=55, d=75}
11: dec d      {a=479003046, b=0, c=55, d=74}
9: jnz d -2   {a=479003046, b=0, c=55, d=74}
10: inc a      {a=479003047, b=0, c=55, d=74}
11: dec d      {a=479003047, b=0, c=55, d=73}
9: jnz d -2   {a=479003047, b=0, c=55, d=73}
10: inc a      {a=479003048, b=0, c=55, d=73}
11: dec d      {a=479003048, b=0, c=55, d=72}
9: jnz d -2   {a=479003048, b=0, c=55, d=72}
10: inc a      {a=479003049, b=0, c=55, d=72}
11: dec d      {a=479003049, b=0, c=55, d=71}
9: jnz d -2   {a=479003049, b=0, c=55, d=71}
10: inc a      {a=479003050, b=0, c=55, d=71}
11: dec d      {a=479003050, b=0, c=55, d=70}
9: jnz d -2   {a=479003050, b=0, c=55, d=70}
10: inc a      {a=479003051, b=0, c=55, d=70}
11: dec d      {a=479003051, b=0, c=55, d=69}
9: jnz d -2   {a=479003051, b=0, c=55, d=69}
10: inc a      {a=479003052, b=0, c=55, d=69}
11: dec d      {a=479003052, b=0, c=55, d=68}
9: jnz d -2   {a=479003052, b=0, c=55, d=68}
10: inc a      {a=479003053, b=0, c=55, d=68}
11: dec d      {a=479003053, b=0, c=55, d=67}
9: jnz d -2   {a=479003053, b=0, c=55, d=67}
10: inc a      {a=479003054, b=0, c=55, d=67}
11: dec d      {a=479003054, b=0, c=55, d=66}
9: jnz d -2   {a=479003054, b=0, c=55, d=66}
10: inc a      {a=479003055, b=0, c=55, d=66}
11: dec d      {a=479003055, b=0, c=55, d=65}
9: jnz d -2   {a=479003055, b=0, c=55, d=65}
10: inc a      {a=479003056, b=0, c=55, d=65}
11: dec d      {a=479003056, b=0, c=55, d=64}
9: jnz d -2   {a=479003056, b=0, c=55, d=64}
10: inc a      {a=479003057, b=0, c=55, d=64}
11: dec d      {a=479003057, b=0, c=55, d=63}
9: jnz d -2   {a=479003057, b=0, c=55, d=63}
10: inc a      {a=479003058, b=0, c=55, d=63}
11: dec d      {a=479003058, b=0, c=55, d=62}
9: jnz d -2   {a=479003058, b=0, c=55, d=62}
10: inc a      {a=479003059, b=0, c=55, d=62}
11: dec d      {a=479003059, b=0, c=55, d=61}
9: jnz d -2   {a=479003059, b=0, c=55, d=61}
10: inc a      {a=479003060, b=0, c=55, d=61}
11: dec d      {a=479003060, b=0, c=55, d=60}
9: jnz d -2   {a=479003060, b=0, c=55, d=60}
10: inc a      {a=479003061, b=0, c=55, d=60}
11: dec d      {a=479003061, b=0, c=55, d=59}
9: jnz d -2   {a=479003061, b=0, c=55, d=59}
10: inc a      {a=479003062, b=0, c=55, d=59}
11: dec d      {a=479003062, b=0, c=55, d=58}
9: jnz d -2   {a=479003062, b=0, c=55, d=58}
10: inc a      {a=479003063, b=0, c=55, d=58}
11: dec d      {a=479003063, b=0, c=55, d=57}
9: jnz d -2   {a=479003063, b=0, c=55, d=57}
10: inc a      {a=479003064, b=0, c=55, d=57}
11: dec d      {a=479003064, b=0, c=55, d=56}
9: jnz d -2   {a=479003064, b=0, c=55, d=56}
10: inc a      {a=479003065, b=0, c=55, d=56}
11: dec d      {a=479003065, b=0, c=55, d=55}
9: jnz d -2   {a=479003065, b=0, c=55, d=55}
10: inc a      {a=479003066, b=0, c=55, d=55}
11: dec d      {a=479003066, b=0, c=55, d=54}
9: jnz d -2   {a=479003066, b=0, c=55, d=54}
10: inc a      {a=479003067, b=0, c=55, d=54}
11: dec d      {a=479003067, b=0, c=55, d=53}
9: jnz d -2   {a=479003067, b=0, c=55, d=53}
10: inc a      {a=479003068, b=0, c=55, d=53}
11: dec d      {a=479003068, b=0, c=55, d=52}
9: jnz d -2   {a=479003068, b=0, c=55, d=52}
10: inc a      {a=479003069, b=0, c=55, d=52}
11: dec d      {a=479003069, b=0, c=55, d=51}
9: jnz d -2   {a=479003069, b=0, c=55, d=51}
10: inc a      {a=479003070, b=0, c=55, d=51}
11: dec d      {a=479003070, b=0, c=55, d=50}
9: jnz d -2   {a=479003070, b=0, c=55, d=50}
10: inc a      {a=479003071, b=0, c=55, d=50}
11: dec d      {a=479003071, b=0, c=55, d=49}
9: jnz d -2   {a=479003071, b=0, c=55, d=49}
10: inc a      {a=479003072, b=0, c=55, d=49}
11: dec d      {a=479003072, b=0, c=55, d=48}
9: jnz d -2   {a=479003072, b=0, c=55, d=48}
10: inc a      {a=479003073, b=0, c=55, d=48}
11: dec d      {a=479003073, b=0, c=55, d=47}
9: jnz d -2   {a=479003073, b=0, c=55, d=47}
10: inc a      {a=479003074, b=0, c=55, d=47}
11: dec d      {a=479003074, b=0, c=55, d=46}
9: jnz d -2   {a=479003074, b=0, c=55, d=46}
10: inc a      {a=479003075, b=0, c=55, d=46}
11: dec d      {a=479003075, b=0, c=55, d=45}
9: jnz d -2   {a=479003075, b=0, c=55, d=45}
10: inc a      {a=479003076, b=0, c=55, d=45}
11: dec d      {a=479003076, b=0, c=55, d=44}
9: jnz d -2   {a=479003076, b=0, c=55, d=44}
10: inc a      {a=479003077, b=0, c=55, d=44}
11: dec d      {a=479003077, b=0, c=55, d=43}
9: jnz d -2   {a=479003077, b=0, c=55, d=43}
10: inc a      {a=479003078, b=0, c=55, d=43}
11: dec d      {a=479003078, b=0, c=55, d=42}
9: jnz d -2   {a=479003078, b=0, c=55, d=42}
10: inc a      {a=479003079, b=0, c=55, d=42}
11: dec d      {a=479003079, b=0, c=55, d=41}
9: jnz d -2   {a=479003079, b=0, c=55, d=41}
10: inc a      {a=479003080, b=0, c=55, d=41}
11: dec d      {a=479003080, b=0, c=55, d=40}
9: jnz d -2   {a=479003080, b=0, c=55, d=40}
10: inc a      {a=479003081, b=0, c=55, d=40}
11: dec d      {a=479003081, b=0, c=55, d=39}
9: jnz d -2   {a=479003081, b=0, c=55, d=39}
10: inc a      {a=479003082, b=0, c=55, d=39}
11: dec d      {a=479003082, b=0, c=55, d=38}
9: jnz d -2   {a=479003082, b=0, c=55, d=38}
10: inc a      {a=479003083, b=0, c=55, d=38}
11: dec d      {a=479003083, b=0, c=55, d=37}
9: jnz d -2   {a=479003083, b=0, c=55, d=37}
10: inc a      {a=479003084, b=0, c=55, d=37}
11: dec d      {a=479003084, b=0, c=55, d=36}
9: jnz d -2   {a=479003084, b=0, c=55, d=36}
10: inc a      {a=479003085, b=0, c=55, d=36}
11: dec d      {a=479003085, b=0, c=55, d=35}
9: jnz d -2   {a=479003085, b=0, c=55, d=35}
10: inc a      {a=479003086, b=0, c=55, d=35}
11: dec d      {a=479003086, b=0, c=55, d=34}
9: jnz d -2   {a=479003086, b=0, c=55, d=34}
10: inc a      {a=479003087, b=0, c=55, d=34}
11: dec d      {a=479003087, b=0, c=55, d=33}
9: jnz d -2   {a=479003087, b=0, c=55, d=33}
10: inc a      {a=479003088, b=0, c=55, d=33}
11: dec d      {a=479003088, b=0, c=55, d=32}
9: jnz d -2   {a=479003088, b=0, c=55, d=32}
10: inc a      {a=479003089, b=0, c=55, d=32}
11: dec d      {a=479003089, b=0, c=55, d=31}
9: jnz d -2   {a=479003089, b=0, c=55, d=31}
10: inc a      {a=479003090, b=0, c=55, d=31}
11: dec d      {a=479003090, b=0, c=55, d=30}
9: jnz d -2   {a=479003090, b=0, c=55, d=30}
10: inc a      {a=479003091, b=0, c=55, d=30}
11: dec d      {a=479003091, b=0, c=55, d=29}
9: jnz d -2   {a=479003091, b=0, c=55, d=29}
10: inc a      {a=479003092, b=0, c=55, d=29}
11: dec d      {a=479003092, b=0, c=55, d=28}
9: jnz d -2   {a=479003092, b=0, c=55, d=28}
10: inc a      {a=479003093, b=0, c=55, d=28}
11: dec d      {a=479003093, b=0, c=55, d=27}
9: jnz d -2   {a=479003093, b=0, c=55, d=27}
10: inc a      {a=479003094, b=0, c=55, d=27}
11: dec d      {a=479003094, b=0, c=55, d=26}
9: jnz d -2   {a=479003094, b=0, c=55, d=26}
10: inc a      {a=479003095, b=0, c=55, d=26}
11: dec d      {a=479003095, b=0, c=55, d=25}
9: jnz d -2   {a=479003095, b=0, c=55, d=25}
10: inc a      {a=479003096, b=0, c=55, d=25}
11: dec d      {a=479003096, b=0, c=55, d=24}
9: jnz d -2   {a=479003096, b=0, c=55, d=24}
10: inc a      {a=479003097, b=0, c=55, d=24}
11: dec d      {a=479003097, b=0, c=55, d=23}
9: jnz d -2   {a=479003097, b=0, c=55, d=23}
10: inc a      {a=479003098, b=0, c=55, d=23}
11: dec d      {a=479003098, b=0, c=55, d=22}
9: jnz d -2   {a=479003098, b=0, c=55, d=22}
10: inc a      {a=479003099, b=0, c=55, d=22}
11: dec d      {a=479003099, b=0, c=55, d=21}
9: jnz d -2   {a=479003099, b=0, c=55, d=21}
10: inc a      {a=479003100, b=0, c=55, d=21}
11: dec d      {a=479003100, b=0, c=55, d=20}
9: jnz d -2   {a=479003100, b=0, c=55, d=20}
10: inc a      {a=479003101, b=0, c=55, d=20}
11: dec d      {a=479003101, b=0, c=55, d=19}
9: jnz d -2   {a=479003101, b=0, c=55, d=19}
10: inc a      {a=479003102, b=0, c=55, d=19}
11: dec d      {a=479003102, b=0, c=55, d=18}
9: jnz d -2   {a=479003102, b=0, c=55, d=18}
10: inc a      {a=479003103, b=0, c=55, d=18}
11: dec d      {a=479003103, b=0, c=55, d=17}
9: jnz d -2   {a=479003103, b=0, c=55, d=17}
10: inc a      {a=479003104, b=0, c=55, d=17}
11: dec d      {a=479003104, b=0, c=55, d=16}
9: jnz d -2   {a=479003104, b=0, c=55, d=16}
10: inc a      {a=479003105, b=0, c=55, d=16}
11: dec d      {a=479003105, b=0, c=55, d=15}
9: jnz d -2   {a=479003105, b=0, c=55, d=15}
10: inc a      {a=479003106, b=0, c=55, d=15}
11: dec d      {a=479003106, b=0, c=55, d=14}
9: jnz d -2   {a=479003106, b=0, c=55, d=14}
10: inc a      {a=479003107, b=0, c=55, d=14}
11: dec d      {a=479003107, b=0, c=55, d=13}
9: jnz d -2   {a=479003107, b=0, c=55, d=13}
10: inc a      {a=479003108, b=0, c=55, d=13}
11: dec d      {a=479003108, b=0, c=55, d=12}
9: jnz d -2   {a=479003108, b=0, c=55, d=12}
10: inc a      {a=479003109, b=0, c=55, d=12}
11: dec d      {a=479003109, b=0, c=55, d=11}
9: jnz d -2   {a=479003109, b=0, c=55, d=11}
10: inc a      {a=479003110, b=0, c=55, d=11}
11: dec d      {a=479003110, b=0, c=55, d=10}
9: jnz d -2   {a=479003110, b=0, c=55, d=10}
10: inc a      {a=479003111, b=0, c=55, d=10}
11: dec d      {a=479003111, b=0, c=55, d=9}
9: jnz d -2   {a=479003111, b=0, c=55, d=9}
10: inc a      {a=479003112, b=0, c=55, d=9}
11: dec d      {a=479003112, b=0, c=55, d=8}
9: jnz d -2   {a=479003112, b=0, c=55, d=8}
10: inc a      {a=479003113, b=0, c=55, d=8}
11: dec d      {a=479003113, b=0, c=55, d=7}
9: jnz d -2   {a=479003113, b=0, c=55, d=7}
10: inc a      {a=479003114, b=0, c=55, d=7}
11: dec d      {a=479003114, b=0, c=55, d=6}
9: jnz d -2   {a=479003114, b=0, c=55, d=6}
10: inc a      {a=479003115, b=0, c=55, d=6}
11: dec d      {a=479003115, b=0, c=55, d=5}
9: jnz d -2   {a=479003115, b=0, c=55, d=5}
10: inc a      {a=479003116, b=0, c=55, d=5}
11: dec d      {a=479003116, b=0, c=55, d=4}
9: jnz d -2   {a=479003116, b=0, c=55, d=4}
10: inc a      {a=479003117, b=0, c=55, d=4}
11: dec d      {a=479003117, b=0, c=55, d=3}
9: jnz d -2   {a=479003117, b=0, c=55, d=3}
10: inc a      {a=479003118, b=0, c=55, d=3}
11: dec d      {a=479003118, b=0, c=55, d=2}
9: jnz d -2   {a=479003118, b=0, c=55, d=2}
10: inc a      {a=479003119, b=0, c=55, d=2}
11: dec d      {a=479003119, b=0, c=55, d=1}
9: jnz d -2   {a=479003119, b=0, c=55, d=1}
10: inc a      {a=479003120, b=0, c=55, d=1}
11: dec d      {a=479003120, b=0, c=55, d=0}
12: jnz d -2   {a=479003120, b=0, c=55, d=0}
13: dec c      {a=479003120, b=0, c=54, d=0}
8: jnz c -5   {a=479003120, b=0, c=54, d=0}
9: cpy 80 d   {a=479003120, b=0, c=54, d=80}
10: inc a      {a=479003121, b=0, c=54, d=80}
11: dec d      {a=479003121, b=0, c=54, d=79}
9: jnz d -2   {a=479003121, b=0, c=54, d=79}
10: inc a      {a=479003122, b=0, c=54, d=79}
11: dec d      {a=479003122, b=0, c=54, d=78}
9: jnz d -2   {a=479003122, b=0, c=54, d=78}
10: inc a      {a=479003123, b=0, c=54, d=78}
11: dec d      {a=479003123, b=0, c=54, d=77}
9: jnz d -2   {a=479003123, b=0, c=54, d=77}
10: inc a      {a=479003124, b=0, c=54, d=77}
11: dec d      {a=479003124, b=0, c=54, d=76}
9: jnz d -2   {a=479003124, b=0, c=54, d=76}
10: inc a      {a=479003125, b=0, c=54, d=76}
11: dec d      {a=479003125, b=0, c=54, d=75}
9: jnz d -2   {a=479003125, b=0, c=54, d=75}
10: inc a      {a=479003126, b=0, c=54, d=75}
11: dec d      {a=479003126, b=0, c=54, d=74}
9: jnz d -2   {a=479003126, b=0, c=54, d=74}
10: inc a      {a=479003127, b=0, c=54, d=74}
11: dec d      {a=479003127, b=0, c=54, d=73}
9: jnz d -2   {a=479003127, b=0, c=54, d=73}
10: inc a      {a=479003128, b=0, c=54, d=73}
11: dec d      {a=479003128, b=0, c=54, d=72}
9: jnz d -2   {a=479003128, b=0, c=54, d=72}
10: inc a      {a=479003129, b=0, c=54, d=72}
11: dec d      {a=479003129, b=0, c=54, d=71}
9: jnz d -2   {a=479003129, b=0, c=54, d=71}
10: inc a      {a=479003130, b=0, c=54, d=71}
11: dec d      {a=479003130, b=0, c=54, d=70}
9: jnz d -2   {a=479003130, b=0, c=54, d=70}
10: inc a      {a=479003131, b=0, c=54, d=70}
11: dec d      {a=479003131, b=0, c=54, d=69}
9: jnz d -2   {a=479003131, b=0, c=54, d=69}
10: inc a      {a=479003132, b=0, c=54, d=69}
11: dec d      {a=479003132, b=0, c=54, d=68}
9: jnz d -2   {a=479003132, b=0, c=54, d=68}
10: inc a      {a=479003133, b=0, c=54, d=68}
11: dec d      {a=479003133, b=0, c=54, d=67}
9: jnz d -2   {a=479003133, b=0, c=54, d=67}
10: inc a      {a=479003134, b=0, c=54, d=67}
11: dec d      {a=479003134, b=0, c=54, d=66}
9: jnz d -2   {a=479003134, b=0, c=54, d=66}
10: inc a      {a=479003135, b=0, c=54, d=66}
11: dec d      {a=479003135, b=0, c=54, d=65}
9: jnz d -2   {a=479003135, b=0, c=54, d=65}
10: inc a      {a=479003136, b=0, c=54, d=65}
11: dec d      {a=479003136, b=0, c=54, d=64}
9: jnz d -2   {a=479003136, b=0, c=54, d=64}
10: inc a      {a=479003137, b=0, c=54, d=64}
11: dec d      {a=479003137, b=0, c=54, d=63}
9: jnz d -2   {a=479003137, b=0, c=54, d=63}
10: inc a      {a=479003138, b=0, c=54, d=63}
11: dec d      {a=479003138, b=0, c=54, d=62}
9: jnz d -2   {a=479003138, b=0, c=54, d=62}
10: inc a      {a=479003139, b=0, c=54, d=62}
11: dec d      {a=479003139, b=0, c=54, d=61}
9: jnz d -2   {a=479003139, b=0, c=54, d=61}
10: inc a      {a=479003140, b=0, c=54, d=61}
11: dec d      {a=479003140, b=0, c=54, d=60}
9: jnz d -2   {a=479003140, b=0, c=54, d=60}
10: inc a      {a=479003141, b=0, c=54, d=60}
11: dec d      {a=479003141, b=0, c=54, d=59}
9: jnz d -2   {a=479003141, b=0, c=54, d=59}
10: inc a      {a=479003142, b=0, c=54, d=59}
11: dec d      {a=479003142, b=0, c=54, d=58}
9: jnz d -2   {a=479003142, b=0, c=54, d=58}
10: inc a      {a=479003143, b=0, c=54, d=58}
11: dec d      {a=479003143, b=0, c=54, d=57}
9: jnz d -2   {a=479003143, b=0, c=54, d=57}
10: inc a      {a=479003144, b=0, c=54, d=57}
11: dec d      {a=479003144, b=0, c=54, d=56}
9: jnz d -2   {a=479003144, b=0, c=54, d=56}
10: inc a      {a=479003145, b=0, c=54, d=56}
11: dec d      {a=479003145, b=0, c=54, d=55}
9: jnz d -2   {a=479003145, b=0, c=54, d=55}
10: inc a      {a=479003146, b=0, c=54, d=55}
11: dec d      {a=479003146, b=0, c=54, d=54}
9: jnz d -2   {a=479003146, b=0, c=54, d=54}
10: inc a      {a=479003147, b=0, c=54, d=54}
11: dec d      {a=479003147, b=0, c=54, d=53}
9: jnz d -2   {a=479003147, b=0, c=54, d=53}
10: inc a      {a=479003148, b=0, c=54, d=53}
11: dec d      {a=479003148, b=0, c=54, d=52}
9: jnz d -2   {a=479003148, b=0, c=54, d=52}
10: inc a      {a=479003149, b=0, c=54, d=52}
11: dec d      {a=479003149, b=0, c=54, d=51}
9: jnz d -2   {a=479003149, b=0, c=54, d=51}
10: inc a      {a=479003150, b=0, c=54, d=51}
11: dec d      {a=479003150, b=0, c=54, d=50}
9: jnz d -2   {a=479003150, b=0, c=54, d=50}
10: inc a      {a=479003151, b=0, c=54, d=50}
11: dec d      {a=479003151, b=0, c=54, d=49}
9: jnz d -2   {a=479003151, b=0, c=54, d=49}
10: inc a      {a=479003152, b=0, c=54, d=49}
11: dec d      {a=479003152, b=0, c=54, d=48}
9: jnz d -2   {a=479003152, b=0, c=54, d=48}
10: inc a      {a=479003153, b=0, c=54, d=48}
11: dec d      {a=479003153, b=0, c=54, d=47}
9: jnz d -2   {a=479003153, b=0, c=54, d=47}
10: inc a      {a=479003154, b=0, c=54, d=47}
11: dec d      {a=479003154, b=0, c=54, d=46}
9: jnz d -2   {a=479003154, b=0, c=54, d=46}
10: inc a      {a=479003155, b=0, c=54, d=46}
11: dec d      {a=479003155, b=0, c=54, d=45}
9: jnz d -2   {a=479003155, b=0, c=54, d=45}
10: inc a      {a=479003156, b=0, c=54, d=45}
11: dec d      {a=479003156, b=0, c=54, d=44}
9: jnz d -2   {a=479003156, b=0, c=54, d=44}
10: inc a      {a=479003157, b=0, c=54, d=44}
11: dec d      {a=479003157, b=0, c=54, d=43}
9: jnz d -2   {a=479003157, b=0, c=54, d=43}
10: inc a      {a=479003158, b=0, c=54, d=43}
11: dec d      {a=479003158, b=0, c=54, d=42}
9: jnz d -2   {a=479003158, b=0, c=54, d=42}
10: inc a      {a=479003159, b=0, c=54, d=42}
11: dec d      {a=479003159, b=0, c=54, d=41}
9: jnz d -2   {a=479003159, b=0, c=54, d=41}
10: inc a      {a=479003160, b=0, c=54, d=41}
11: dec d      {a=479003160, b=0, c=54, d=40}
9: jnz d -2   {a=479003160, b=0, c=54, d=40}
10: inc a      {a=479003161, b=0, c=54, d=40}
11: dec d      {a=479003161, b=0, c=54, d=39}
9: jnz d -2   {a=479003161, b=0, c=54, d=39}
10: inc a      {a=479003162, b=0, c=54, d=39}
11: dec d      {a=479003162, b=0, c=54, d=38}
9: jnz d -2   {a=479003162, b=0, c=54, d=38}
10: inc a      {a=479003163, b=0, c=54, d=38}
11: dec d      {a=479003163, b=0, c=54, d=37}
9: jnz d -2   {a=479003163, b=0, c=54, d=37}
10: inc a      {a=479003164, b=0, c=54, d=37}
11: dec d      {a=479003164, b=0, c=54, d=36}
9: jnz d -2   {a=479003164, b=0, c=54, d=36}
10: inc a      {a=479003165, b=0, c=54, d=36}
11: dec d      {a=479003165, b=0, c=54, d=35}
9: jnz d -2   {a=479003165, b=0, c=54, d=35}
10: inc a      {a=479003166, b=0, c=54, d=35}
11: dec d      {a=479003166, b=0, c=54, d=34}
9: jnz d -2   {a=479003166, b=0, c=54, d=34}
10: inc a      {a=479003167, b=0, c=54, d=34}
11: dec d      {a=479003167, b=0, c=54, d=33}
9: jnz d -2   {a=479003167, b=0, c=54, d=33}
10: inc a      {a=479003168, b=0, c=54, d=33}
11: dec d      {a=479003168, b=0, c=54, d=32}
9: jnz d -2   {a=479003168, b=0, c=54, d=32}
10: inc a      {a=479003169, b=0, c=54, d=32}
11: dec d      {a=479003169, b=0, c=54, d=31}
9: jnz d -2   {a=479003169, b=0, c=54, d=31}
10: inc a      {a=479003170, b=0, c=54, d=31}
11: dec d      {a=479003170, b=0, c=54, d=30}
9: jnz d -2   {a=479003170, b=0, c=54, d=30}
10: inc a      {a=479003171, b=0, c=54, d=30}
11: dec d      {a=479003171, b=0, c=54, d=29}
9: jnz d -2   {a=479003171, b=0, c=54, d=29}
10: inc a      {a=479003172, b=0, c=54, d=29}
11: dec d      {a=479003172, b=0, c=54, d=28}
9: jnz d -2   {a=479003172, b=0, c=54, d=28}
10: inc a      {a=479003173, b=0, c=54, d=28}
11: dec d      {a=479003173, b=0, c=54, d=27}
9: jnz d -2   {a=479003173, b=0, c=54, d=27}
10: inc a      {a=479003174, b=0, c=54, d=27}
11: dec d      {a=479003174, b=0, c=54, d=26}
9: jnz d -2   {a=479003174, b=0, c=54, d=26}
10: inc a      {a=479003175, b=0, c=54, d=26}
11: dec d      {a=479003175, b=0, c=54, d=25}
9: jnz d -2   {a=479003175, b=0, c=54, d=25}
10: inc a      {a=479003176, b=0, c=54, d=25}
11: dec d      {a=479003176, b=0, c=54, d=24}
9: jnz d -2   {a=479003176, b=0, c=54, d=24}
10: inc a      {a=479003177, b=0, c=54, d=24}
11: dec d      {a=479003177, b=0, c=54, d=23}
9: jnz d -2   {a=479003177, b=0, c=54, d=23}
10: inc a      {a=479003178, b=0, c=54, d=23}
11: dec d      {a=479003178, b=0, c=54, d=22}
9: jnz d -2   {a=479003178, b=0, c=54, d=22}
10: inc a      {a=479003179, b=0, c=54, d=22}
11: dec d      {a=479003179, b=0, c=54, d=21}
9: jnz d -2   {a=479003179, b=0, c=54, d=21}
10: inc a      {a=479003180, b=0, c=54, d=21}
11: dec d      {a=479003180, b=0, c=54, d=20}
9: jnz d -2   {a=479003180, b=0, c=54, d=20}
10: inc a      {a=479003181, b=0, c=54, d=20}
11: dec d      {a=479003181, b=0, c=54, d=19}
9: jnz d -2   {a=479003181, b=0, c=54, d=19}
10: inc a      {a=479003182, b=0, c=54, d=19}
11: dec d      {a=479003182, b=0, c=54, d=18}
9: jnz d -2   {a=479003182, b=0, c=54, d=18}
10: inc a      {a=479003183, b=0, c=54, d=18}
11: dec d      {a=479003183, b=0, c=54, d=17}
9: jnz d -2   {a=479003183, b=0, c=54, d=17}
10: inc a      {a=479003184, b=0, c=54, d=17}
11: dec d      {a=479003184, b=0, c=54, d=16}
9: jnz d -2   {a=479003184, b=0, c=54, d=16}
10: inc a      {a=479003185, b=0, c=54, d=16}
11: dec d      {a=479003185, b=0, c=54, d=15}
9: jnz d -2   {a=479003185, b=0, c=54, d=15}
10: inc a      {a=479003186, b=0, c=54, d=15}
11: dec d      {a=479003186, b=0, c=54, d=14}
9: jnz d -2   {a=479003186, b=0, c=54, d=14}
10: inc a      {a=479003187, b=0, c=54, d=14}
11: dec d      {a=479003187, b=0, c=54, d=13}
9: jnz d -2   {a=479003187, b=0, c=54, d=13}
10: inc a      {a=479003188, b=0, c=54, d=13}
11: dec d      {a=479003188, b=0, c=54, d=12}
9: jnz d -2   {a=479003188, b=0, c=54, d=12}
10: inc a      {a=479003189, b=0, c=54, d=12}
11: dec d      {a=479003189, b=0, c=54, d=11}
9: jnz d -2   {a=479003189, b=0, c=54, d=11}
10: inc a      {a=479003190, b=0, c=54, d=11}
11: dec d      {a=479003190, b=0, c=54, d=10}
9: jnz d -2   {a=479003190, b=0, c=54, d=10}
10: inc a      {a=479003191, b=0, c=54, d=10}
11: dec d      {a=479003191, b=0, c=54, d=9}
9: jnz d -2   {a=479003191, b=0, c=54, d=9}
10: inc a      {a=479003192, b=0, c=54, d=9}
11: dec d      {a=479003192, b=0, c=54, d=8}
9: jnz d -2   {a=479003192, b=0, c=54, d=8}
10: inc a      {a=479003193, b=0, c=54, d=8}
11: dec d      {a=479003193, b=0, c=54, d=7}
9: jnz d -2   {a=479003193, b=0, c=54, d=7}
10: inc a      {a=479003194, b=0, c=54, d=7}
11: dec d      {a=479003194, b=0, c=54, d=6}
9: jnz d -2   {a=479003194, b=0, c=54, d=6}
10: inc a      {a=479003195, b=0, c=54, d=6}
11: dec d      {a=479003195, b=0, c=54, d=5}
9: jnz d -2   {a=479003195, b=0, c=54, d=5}
10: inc a      {a=479003196, b=0, c=54, d=5}
11: dec d      {a=479003196, b=0, c=54, d=4}
9: jnz d -2   {a=479003196, b=0, c=54, d=4}
10: inc a      {a=479003197, b=0, c=54, d=4}
11: dec d      {a=479003197, b=0, c=54, d=3}
9: jnz d -2   {a=479003197, b=0, c=54, d=3}
10: inc a      {a=479003198, b=0, c=54, d=3}
11: dec d      {a=479003198, b=0, c=54, d=2}
9: jnz d -2   {a=479003198, b=0, c=54, d=2}
10: inc a      {a=479003199, b=0, c=54, d=2}
11: dec d      {a=479003199, b=0, c=54, d=1}
9: jnz d -2   {a=479003199, b=0, c=54, d=1}
10: inc a      {a=479003200, b=0, c=54, d=1}
11: dec d      {a=479003200, b=0, c=54, d=0}
12: jnz d -2   {a=479003200, b=0, c=54, d=0}
13: dec c      {a=479003200, b=0, c=53, d=0}
8: jnz c -5   {a=479003200, b=0, c=53, d=0}
9: cpy 80 d   {a=479003200, b=0, c=53, d=80}
10: inc a      {a=479003201, b=0, c=53, d=80}
11: dec d      {a=479003201, b=0, c=53, d=79}
9: jnz d -2   {a=479003201, b=0, c=53, d=79}
10: inc a      {a=479003202, b=0, c=53, d=79}
11: dec d      {a=479003202, b=0, c=53, d=78}
9: jnz d -2   {a=479003202, b=0, c=53, d=78}
10: inc a      {a=479003203, b=0, c=53, d=78}
11: dec d      {a=479003203, b=0, c=53, d=77}
9: jnz d -2   {a=479003203, b=0, c=53, d=77}
10: inc a      {a=479003204, b=0, c=53, d=77}
11: dec d      {a=479003204, b=0, c=53, d=76}
9: jnz d -2   {a=479003204, b=0, c=53, d=76}
10: inc a      {a=479003205, b=0, c=53, d=76}
11: dec d      {a=479003205, b=0, c=53, d=75}
9: jnz d -2   {a=479003205, b=0, c=53, d=75}
10: inc a      {a=479003206, b=0, c=53, d=75}
11: dec d      {a=479003206, b=0, c=53, d=74}
9: jnz d -2   {a=479003206, b=0, c=53, d=74}
10: inc a      {a=479003207, b=0, c=53, d=74}
11: dec d      {a=479003207, b=0, c=53, d=73}
9: jnz d -2   {a=479003207, b=0, c=53, d=73}
10: inc a      {a=479003208, b=0, c=53, d=73}
11: dec d      {a=479003208, b=0, c=53, d=72}
9: jnz d -2   {a=479003208, b=0, c=53, d=72}
10: inc a      {a=479003209, b=0, c=53, d=72}
11: dec d      {a=479003209, b=0, c=53, d=71}
9: jnz d -2   {a=479003209, b=0, c=53, d=71}
10: inc a      {a=479003210, b=0, c=53, d=71}
11: dec d      {a=479003210, b=0, c=53, d=70}
9: jnz d -2   {a=479003210, b=0, c=53, d=70}
10: inc a      {a=479003211, b=0, c=53, d=70}
11: dec d      {a=479003211, b=0, c=53, d=69}
9: jnz d -2   {a=479003211, b=0, c=53, d=69}
10: inc a      {a=479003212, b=0, c=53, d=69}
11: dec d      {a=479003212, b=0, c=53, d=68}
9: jnz d -2   {a=479003212, b=0, c=53, d=68}
10: inc a      {a=479003213, b=0, c=53, d=68}
11: dec d      {a=479003213, b=0, c=53, d=67}
9: jnz d -2   {a=479003213, b=0, c=53, d=67}
10: inc a      {a=479003214, b=0, c=53, d=67}
11: dec d      {a=479003214, b=0, c=53, d=66}
9: jnz d -2   {a=479003214, b=0, c=53, d=66}
10: inc a      {a=479003215, b=0, c=53, d=66}
11: dec d      {a=479003215, b=0, c=53, d=65}
9: jnz d -2   {a=479003215, b=0, c=53, d=65}
10: inc a      {a=479003216, b=0, c=53, d=65}
11: dec d      {a=479003216, b=0, c=53, d=64}
9: jnz d -2   {a=479003216, b=0, c=53, d=64}
10: inc a      {a=479003217, b=0, c=53, d=64}
11: dec d      {a=479003217, b=0, c=53, d=63}
9: jnz d -2   {a=479003217, b=0, c=53, d=63}
10: inc a      {a=479003218, b=0, c=53, d=63}
11: dec d      {a=479003218, b=0, c=53, d=62}
9: jnz d -2   {a=479003218, b=0, c=53, d=62}
10: inc a      {a=479003219, b=0, c=53, d=62}
11: dec d      {a=479003219, b=0, c=53, d=61}
9: jnz d -2   {a=479003219, b=0, c=53, d=61}
10: inc a      {a=479003220, b=0, c=53, d=61}
11: dec d      {a=479003220, b=0, c=53, d=60}
9: jnz d -2   {a=479003220, b=0, c=53, d=60}
10: inc a      {a=479003221, b=0, c=53, d=60}
11: dec d      {a=479003221, b=0, c=53, d=59}
9: jnz d -2   {a=479003221, b=0, c=53, d=59}
10: inc a      {a=479003222, b=0, c=53, d=59}
11: dec d      {a=479003222, b=0, c=53, d=58}
9: jnz d -2   {a=479003222, b=0, c=53, d=58}
10: inc a      {a=479003223, b=0, c=53, d=58}
11: dec d      {a=479003223, b=0, c=53, d=57}
9: jnz d -2   {a=479003223, b=0, c=53, d=57}
10: inc a      {a=479003224, b=0, c=53, d=57}
11: dec d      {a=479003224, b=0, c=53, d=56}
9: jnz d -2   {a=479003224, b=0, c=53, d=56}
10: inc a      {a=479003225, b=0, c=53, d=56}
11: dec d      {a=479003225, b=0, c=53, d=55}
9: jnz d -2   {a=479003225, b=0, c=53, d=55}
10: inc a      {a=479003226, b=0, c=53, d=55}
11: dec d      {a=479003226, b=0, c=53, d=54}
9: jnz d -2   {a=479003226, b=0, c=53, d=54}
10: inc a      {a=479003227, b=0, c=53, d=54}
11: dec d      {a=479003227, b=0, c=53, d=53}
9: jnz d -2   {a=479003227, b=0, c=53, d=53}
10: inc a      {a=479003228, b=0, c=53, d=53}
11: dec d      {a=479003228, b=0, c=53, d=52}
9: jnz d -2   {a=479003228, b=0, c=53, d=52}
10: inc a      {a=479003229, b=0, c=53, d=52}
11: dec d      {a=479003229, b=0, c=53, d=51}
9: jnz d -2   {a=479003229, b=0, c=53, d=51}
10: inc a      {a=479003230, b=0, c=53, d=51}
11: dec d      {a=479003230, b=0, c=53, d=50}
9: jnz d -2   {a=479003230, b=0, c=53, d=50}
10: inc a      {a=479003231, b=0, c=53, d=50}
11: dec d      {a=479003231, b=0, c=53, d=49}
9: jnz d -2   {a=479003231, b=0, c=53, d=49}
10: inc a      {a=479003232, b=0, c=53, d=49}
11: dec d      {a=479003232, b=0, c=53, d=48}
9: jnz d -2   {a=479003232, b=0, c=53, d=48}
10: inc a      {a=479003233, b=0, c=53, d=48}
11: dec d      {a=479003233, b=0, c=53, d=47}
9: jnz d -2   {a=479003233, b=0, c=53, d=47}
10: inc a      {a=479003234, b=0, c=53, d=47}
11: dec d      {a=479003234, b=0, c=53, d=46}
9: jnz d -2   {a=479003234, b=0, c=53, d=46}
10: inc a      {a=479003235, b=0, c=53, d=46}
11: dec d      {a=479003235, b=0, c=53, d=45}
9: jnz d -2   {a=479003235, b=0, c=53, d=45}
10: inc a      {a=479003236, b=0, c=53, d=45}
11: dec d      {a=479003236, b=0, c=53, d=44}
9: jnz d -2   {a=479003236, b=0, c=53, d=44}
10: inc a      {a=479003237, b=0, c=53, d=44}
11: dec d      {a=479003237, b=0, c=53, d=43}
9: jnz d -2   {a=479003237, b=0, c=53, d=43}
10: inc a      {a=479003238, b=0, c=53, d=43}
11: dec d      {a=479003238, b=0, c=53, d=42}
9: jnz d -2   {a=479003238, b=0, c=53, d=42}
10: inc a      {a=479003239, b=0, c=53, d=42}
11: dec d      {a=479003239, b=0, c=53, d=41}
9: jnz d -2   {a=479003239, b=0, c=53, d=41}
10: inc a      {a=479003240, b=0, c=53, d=41}
11: dec d      {a=479003240, b=0, c=53, d=40}
9: jnz d -2   {a=479003240, b=0, c=53, d=40}
10: inc a      {a=479003241, b=0, c=53, d=40}
11: dec d      {a=479003241, b=0, c=53, d=39}
9: jnz d -2   {a=479003241, b=0, c=53, d=39}
10: inc a      {a=479003242, b=0, c=53, d=39}
11: dec d      {a=479003242, b=0, c=53, d=38}
9: jnz d -2   {a=479003242, b=0, c=53, d=38}
10: inc a      {a=479003243, b=0, c=53, d=38}
11: dec d      {a=479003243, b=0, c=53, d=37}
9: jnz d -2   {a=479003243, b=0, c=53, d=37}
10: inc a      {a=479003244, b=0, c=53, d=37}
11: dec d      {a=479003244, b=0, c=53, d=36}
9: jnz d -2   {a=479003244, b=0, c=53, d=36}
10: inc a      {a=479003245, b=0, c=53, d=36}
11: dec d      {a=479003245, b=0, c=53, d=35}
9: jnz d -2   {a=479003245, b=0, c=53, d=35}
10: inc a      {a=479003246, b=0, c=53, d=35}
11: dec d      {a=479003246, b=0, c=53, d=34}
9: jnz d -2   {a=479003246, b=0, c=53, d=34}
10: inc a      {a=479003247, b=0, c=53, d=34}
11: dec d      {a=479003247, b=0, c=53, d=33}
9: jnz d -2   {a=479003247, b=0, c=53, d=33}
10: inc a      {a=479003248, b=0, c=53, d=33}
11: dec d      {a=479003248, b=0, c=53, d=32}
9: jnz d -2   {a=479003248, b=0, c=53, d=32}
10: inc a      {a=479003249, b=0, c=53, d=32}
11: dec d      {a=479003249, b=0, c=53, d=31}
9: jnz d -2   {a=479003249, b=0, c=53, d=31}
10: inc a      {a=479003250, b=0, c=53, d=31}
11: dec d      {a=479003250, b=0, c=53, d=30}
9: jnz d -2   {a=479003250, b=0, c=53, d=30}
10: inc a      {a=479003251, b=0, c=53, d=30}
11: dec d      {a=479003251, b=0, c=53, d=29}
9: jnz d -2   {a=479003251, b=0, c=53, d=29}
10: inc a      {a=479003252, b=0, c=53, d=29}
11: dec d      {a=479003252, b=0, c=53, d=28}
9: jnz d -2   {a=479003252, b=0, c=53, d=28}
10: inc a      {a=479003253, b=0, c=53, d=28}
11: dec d      {a=479003253, b=0, c=53, d=27}
9: jnz d -2   {a=479003253, b=0, c=53, d=27}
10: inc a      {a=479003254, b=0, c=53, d=27}
11: dec d      {a=479003254, b=0, c=53, d=26}
9: jnz d -2   {a=479003254, b=0, c=53, d=26}
10: inc a      {a=479003255, b=0, c=53, d=26}
11: dec d      {a=479003255, b=0, c=53, d=25}
9: jnz d -2   {a=479003255, b=0, c=53, d=25}
10: inc a      {a=479003256, b=0, c=53, d=25}
11: dec d      {a=479003256, b=0, c=53, d=24}
9: jnz d -2   {a=479003256, b=0, c=53, d=24}
10: inc a      {a=479003257, b=0, c=53, d=24}
11: dec d      {a=479003257, b=0, c=53, d=23}
9: jnz d -2   {a=479003257, b=0, c=53, d=23}
10: inc a      {a=479003258, b=0, c=53, d=23}
11: dec d      {a=479003258, b=0, c=53, d=22}
9: jnz d -2   {a=479003258, b=0, c=53, d=22}
10: inc a      {a=479003259, b=0, c=53, d=22}
11: dec d      {a=479003259, b=0, c=53, d=21}
9: jnz d -2   {a=479003259, b=0, c=53, d=21}
10: inc a      {a=479003260, b=0, c=53, d=21}
11: dec d      {a=479003260, b=0, c=53, d=20}
9: jnz d -2   {a=479003260, b=0, c=53, d=20}
10: inc a      {a=479003261, b=0, c=53, d=20}
11: dec d      {a=479003261, b=0, c=53, d=19}
9: jnz d -2   {a=479003261, b=0, c=53, d=19}
10: inc a      {a=479003262, b=0, c=53, d=19}
11: dec d      {a=479003262, b=0, c=53, d=18}
9: jnz d -2   {a=479003262, b=0, c=53, d=18}
10: inc a      {a=479003263, b=0, c=53, d=18}
11: dec d      {a=479003263, b=0, c=53, d=17}
9: jnz d -2   {a=479003263, b=0, c=53, d=17}
10: inc a      {a=479003264, b=0, c=53, d=17}
11: dec d      {a=479003264, b=0, c=53, d=16}
9: jnz d -2   {a=479003264, b=0, c=53, d=16}
10: inc a      {a=479003265, b=0, c=53, d=16}
11: dec d      {a=479003265, b=0, c=53, d=15}
9: jnz d -2   {a=479003265, b=0, c=53, d=15}
10: inc a      {a=479003266, b=0, c=53, d=15}
11: dec d      {a=479003266, b=0, c=53, d=14}
9: jnz d -2   {a=479003266, b=0, c=53, d=14}
10: inc a      {a=479003267, b=0, c=53, d=14}
11: dec d      {a=479003267, b=0, c=53, d=13}
9: jnz d -2   {a=479003267, b=0, c=53, d=13}
10: inc a      {a=479003268, b=0, c=53, d=13}
11: dec d      {a=479003268, b=0, c=53, d=12}
9: jnz d -2   {a=479003268, b=0, c=53, d=12}
10: inc a      {a=479003269, b=0, c=53, d=12}
11: dec d      {a=479003269, b=0, c=53, d=11}
9: jnz d -2   {a=479003269, b=0, c=53, d=11}
10: inc a      {a=479003270, b=0, c=53, d=11}
11: dec d      {a=479003270, b=0, c=53, d=10}
9: jnz d -2   {a=479003270, b=0, c=53, d=10}
10: inc a      {a=479003271, b=0, c=53, d=10}
11: dec d      {a=479003271, b=0, c=53, d=9}
9: jnz d -2   {a=479003271, b=0, c=53, d=9}
10: inc a      {a=479003272, b=0, c=53, d=9}
11: dec d      {a=479003272, b=0, c=53, d=8}
9: jnz d -2   {a=479003272, b=0, c=53, d=8}
10: inc a      {a=479003273, b=0, c=53, d=8}
11: dec d      {a=479003273, b=0, c=53, d=7}
9: jnz d -2   {a=479003273, b=0, c=53, d=7}
10: inc a      {a=479003274, b=0, c=53, d=7}
11: dec d      {a=479003274, b=0, c=53, d=6}
9: jnz d -2   {a=479003274, b=0, c=53, d=6}
10: inc a      {a=479003275, b=0, c=53, d=6}
11: dec d      {a=479003275, b=0, c=53, d=5}
9: jnz d -2   {a=479003275, b=0, c=53, d=5}
10: inc a      {a=479003276, b=0, c=53, d=5}
11: dec d      {a=479003276, b=0, c=53, d=4}
9: jnz d -2   {a=479003276, b=0, c=53, d=4}
10: inc a      {a=479003277, b=0, c=53, d=4}
11: dec d      {a=479003277, b=0, c=53, d=3}
9: jnz d -2   {a=479003277, b=0, c=53, d=3}
10: inc a      {a=479003278, b=0, c=53, d=3}
11: dec d      {a=479003278, b=0, c=53, d=2}
9: jnz d -2   {a=479003278, b=0, c=53, d=2}
10: inc a      {a=479003279, b=0, c=53, d=2}
11: dec d      {a=479003279, b=0, c=53, d=1}
9: jnz d -2   {a=479003279, b=0, c=53, d=1}
10: inc a      {a=479003280, b=0, c=53, d=1}
11: dec d      {a=479003280, b=0, c=53, d=0}
12: jnz d -2   {a=479003280, b=0, c=53, d=0}
13: dec c      {a=479003280, b=0, c=52, d=0}
8: jnz c -5   {a=479003280, b=0, c=52, d=0}
9: cpy 80 d   {a=479003280, b=0, c=52, d=80}
10: inc a      {a=479003281, b=0, c=52, d=80}
11: dec d      {a=479003281, b=0, c=52, d=79}
9: jnz d -2   {a=479003281, b=0, c=52, d=79}
10: inc a      {a=479003282, b=0, c=52, d=79}
11: dec d      {a=479003282, b=0, c=52, d=78}
9: jnz d -2   {a=479003282, b=0, c=52, d=78}
10: inc a      {a=479003283, b=0, c=52, d=78}
11: dec d      {a=479003283, b=0, c=52, d=77}
9: jnz d -2   {a=479003283, b=0, c=52, d=77}
10: inc a      {a=479003284, b=0, c=52, d=77}
11: dec d      {a=479003284, b=0, c=52, d=76}
9: jnz d -2   {a=479003284, b=0, c=52, d=76}
10: inc a      {a=479003285, b=0, c=52, d=76}
11: dec d      {a=479003285, b=0, c=52, d=75}
9: jnz d -2   {a=479003285, b=0, c=52, d=75}
10: inc a      {a=479003286, b=0, c=52, d=75}
11: dec d      {a=479003286, b=0, c=52, d=74}
9: jnz d -2   {a=479003286, b=0, c=52, d=74}
10: inc a      {a=479003287, b=0, c=52, d=74}
11: dec d      {a=479003287, b=0, c=52, d=73}
9: jnz d -2   {a=479003287, b=0, c=52, d=73}
10: inc a      {a=479003288, b=0, c=52, d=73}
11: dec d      {a=479003288, b=0, c=52, d=72}
9: jnz d -2   {a=479003288, b=0, c=52, d=72}
10: inc a      {a=479003289, b=0, c=52, d=72}
11: dec d      {a=479003289, b=0, c=52, d=71}
9: jnz d -2   {a=479003289, b=0, c=52, d=71}
10: inc a      {a=479003290, b=0, c=52, d=71}
11: dec d      {a=479003290, b=0, c=52, d=70}
9: jnz d -2   {a=479003290, b=0, c=52, d=70}
10: inc a      {a=479003291, b=0, c=52, d=70}
11: dec d      {a=479003291, b=0, c=52, d=69}
9: jnz d -2   {a=479003291, b=0, c=52, d=69}
10: inc a      {a=479003292, b=0, c=52, d=69}
11: dec d      {a=479003292, b=0, c=52, d=68}
9: jnz d -2   {a=479003292, b=0, c=52, d=68}
10: inc a      {a=479003293, b=0, c=52, d=68}
11: dec d      {a=479003293, b=0, c=52, d=67}
9: jnz d -2   {a=479003293, b=0, c=52, d=67}
10: inc a      {a=479003294, b=0, c=52, d=67}
11: dec d      {a=479003294, b=0, c=52, d=66}
9: jnz d -2   {a=479003294, b=0, c=52, d=66}
10: inc a      {a=479003295, b=0, c=52, d=66}
11: dec d      {a=479003295, b=0, c=52, d=65}
9: jnz d -2   {a=479003295, b=0, c=52, d=65}
10: inc a      {a=479003296, b=0, c=52, d=65}
11: dec d      {a=479003296, b=0, c=52, d=64}
9: jnz d -2   {a=479003296, b=0, c=52, d=64}
10: inc a      {a=479003297, b=0, c=52, d=64}
11: dec d      {a=479003297, b=0, c=52, d=63}
9: jnz d -2   {a=479003297, b=0, c=52, d=63}
10: inc a      {a=479003298, b=0, c=52, d=63}
11: dec d      {a=479003298, b=0, c=52, d=62}
9: jnz d -2   {a=479003298, b=0, c=52, d=62}
10: inc a      {a=479003299, b=0, c=52, d=62}
11: dec d      {a=479003299, b=0, c=52, d=61}
9: jnz d -2   {a=479003299, b=0, c=52, d=61}
10: inc a      {a=479003300, b=0, c=52, d=61}
11: dec d      {a=479003300, b=0, c=52, d=60}
9: jnz d -2   {a=479003300, b=0, c=52, d=60}
10: inc a      {a=479003301, b=0, c=52, d=60}
11: dec d      {a=479003301, b=0, c=52, d=59}
9: jnz d -2   {a=479003301, b=0, c=52, d=59}
10: inc a      {a=479003302, b=0, c=52, d=59}
11: dec d      {a=479003302, b=0, c=52, d=58}
9: jnz d -2   {a=479003302, b=0, c=52, d=58}
10: inc a      {a=479003303, b=0, c=52, d=58}
11: dec d      {a=479003303, b=0, c=52, d=57}
9: jnz d -2   {a=479003303, b=0, c=52, d=57}
10: inc a      {a=479003304, b=0, c=52, d=57}
11: dec d      {a=479003304, b=0, c=52, d=56}
9: jnz d -2   {a=479003304, b=0, c=52, d=56}
10: inc a      {a=479003305, b=0, c=52, d=56}
11: dec d      {a=479003305, b=0, c=52, d=55}
9: jnz d -2   {a=479003305, b=0, c=52, d=55}
10: inc a      {a=479003306, b=0, c=52, d=55}
11: dec d      {a=479003306, b=0, c=52, d=54}
9: jnz d -2   {a=479003306, b=0, c=52, d=54}
10: inc a      {a=479003307, b=0, c=52, d=54}
11: dec d      {a=479003307, b=0, c=52, d=53}
9: jnz d -2   {a=479003307, b=0, c=52, d=53}
10: inc a      {a=479003308, b=0, c=52, d=53}
11: dec d      {a=479003308, b=0, c=52, d=52}
9: jnz d -2   {a=479003308, b=0, c=52, d=52}
10: inc a      {a=479003309, b=0, c=52, d=52}
11: dec d      {a=479003309, b=0, c=52, d=51}
9: jnz d -2   {a=479003309, b=0, c=52, d=51}
10: inc a      {a=479003310, b=0, c=52, d=51}
11: dec d      {a=479003310, b=0, c=52, d=50}
9: jnz d -2   {a=479003310, b=0, c=52, d=50}
10: inc a      {a=479003311, b=0, c=52, d=50}
11: dec d      {a=479003311, b=0, c=52, d=49}
9: jnz d -2   {a=479003311, b=0, c=52, d=49}
10: inc a      {a=479003312, b=0, c=52, d=49}
11: dec d      {a=479003312, b=0, c=52, d=48}
9: jnz d -2   {a=479003312, b=0, c=52, d=48}
10: inc a      {a=479003313, b=0, c=52, d=48}
11: dec d      {a=479003313, b=0, c=52, d=47}
9: jnz d -2   {a=479003313, b=0, c=52, d=47}
10: inc a      {a=479003314, b=0, c=52, d=47}
11: dec d      {a=479003314, b=0, c=52, d=46}
9: jnz d -2   {a=479003314, b=0, c=52, d=46}
10: inc a      {a=479003315, b=0, c=52, d=46}
11: dec d      {a=479003315, b=0, c=52, d=45}
9: jnz d -2   {a=479003315, b=0, c=52, d=45}
10: inc a      {a=479003316, b=0, c=52, d=45}
11: dec d      {a=479003316, b=0, c=52, d=44}
9: jnz d -2   {a=479003316, b=0, c=52, d=44}
10: inc a      {a=479003317, b=0, c=52, d=44}
11: dec d      {a=479003317, b=0, c=52, d=43}
9: jnz d -2   {a=479003317, b=0, c=52, d=43}
10: inc a      {a=479003318, b=0, c=52, d=43}
11: dec d      {a=479003318, b=0, c=52, d=42}
9: jnz d -2   {a=479003318, b=0, c=52, d=42}
10: inc a      {a=479003319, b=0, c=52, d=42}
11: dec d      {a=479003319, b=0, c=52, d=41}
9: jnz d -2   {a=479003319, b=0, c=52, d=41}
10: inc a      {a=479003320, b=0, c=52, d=41}
11: dec d      {a=479003320, b=0, c=52, d=40}
9: jnz d -2   {a=479003320, b=0, c=52, d=40}
10: inc a      {a=479003321, b=0, c=52, d=40}
11: dec d      {a=479003321, b=0, c=52, d=39}
9: jnz d -2   {a=479003321, b=0, c=52, d=39}
10: inc a      {a=479003322, b=0, c=52, d=39}
11: dec d      {a=479003322, b=0, c=52, d=38}
9: jnz d -2   {a=479003322, b=0, c=52, d=38}
10: inc a      {a=479003323, b=0, c=52, d=38}
11: dec d      {a=479003323, b=0, c=52, d=37}
9: jnz d -2   {a=479003323, b=0, c=52, d=37}
10: inc a      {a=479003324, b=0, c=52, d=37}
11: dec d      {a=479003324, b=0, c=52, d=36}
9: jnz d -2   {a=479003324, b=0, c=52, d=36}
10: inc a      {a=479003325, b=0, c=52, d=36}
11: dec d      {a=479003325, b=0, c=52, d=35}
9: jnz d -2   {a=479003325, b=0, c=52, d=35}
10: inc a      {a=479003326, b=0, c=52, d=35}
11: dec d      {a=479003326, b=0, c=52, d=34}
9: jnz d -2   {a=479003326, b=0, c=52, d=34}
10: inc a      {a=479003327, b=0, c=52, d=34}
11: dec d      {a=479003327, b=0, c=52, d=33}
9: jnz d -2   {a=479003327, b=0, c=52, d=33}
10: inc a      {a=479003328, b=0, c=52, d=33}
11: dec d      {a=479003328, b=0, c=52, d=32}
9: jnz d -2   {a=479003328, b=0, c=52, d=32}
10: inc a      {a=479003329, b=0, c=52, d=32}
11: dec d      {a=479003329, b=0, c=52, d=31}
9: jnz d -2   {a=479003329, b=0, c=52, d=31}
10: inc a      {a=479003330, b=0, c=52, d=31}
11: dec d      {a=479003330, b=0, c=52, d=30}
9: jnz d -2   {a=479003330, b=0, c=52, d=30}
10: inc a      {a=479003331, b=0, c=52, d=30}
11: dec d      {a=479003331, b=0, c=52, d=29}
9: jnz d -2   {a=479003331, b=0, c=52, d=29}
10: inc a      {a=479003332, b=0, c=52, d=29}
11: dec d      {a=479003332, b=0, c=52, d=28}
9: jnz d -2   {a=479003332, b=0, c=52, d=28}
10: inc a      {a=479003333, b=0, c=52, d=28}
11: dec d      {a=479003333, b=0, c=52, d=27}
9: jnz d -2   {a=479003333, b=0, c=52, d=27}
10: inc a      {a=479003334, b=0, c=52, d=27}
11: dec d      {a=479003334, b=0, c=52, d=26}
9: jnz d -2   {a=479003334, b=0, c=52, d=26}
10: inc a      {a=479003335, b=0, c=52, d=26}
11: dec d      {a=479003335, b=0, c=52, d=25}
9: jnz d -2   {a=479003335, b=0, c=52, d=25}
10: inc a      {a=479003336, b=0, c=52, d=25}
11: dec d      {a=479003336, b=0, c=52, d=24}
9: jnz d -2   {a=479003336, b=0, c=52, d=24}
10: inc a      {a=479003337, b=0, c=52, d=24}
11: dec d      {a=479003337, b=0, c=52, d=23}
9: jnz d -2   {a=479003337, b=0, c=52, d=23}
10: inc a      {a=479003338, b=0, c=52, d=23}
11: dec d      {a=479003338, b=0, c=52, d=22}
9: jnz d -2   {a=479003338, b=0, c=52, d=22}
10: inc a      {a=479003339, b=0, c=52, d=22}
11: dec d      {a=479003339, b=0, c=52, d=21}
9: jnz d -2   {a=479003339, b=0, c=52, d=21}
10: inc a      {a=479003340, b=0, c=52, d=21}
11: dec d      {a=479003340, b=0, c=52, d=20}
9: jnz d -2   {a=479003340, b=0, c=52, d=20}
10: inc a      {a=479003341, b=0, c=52, d=20}
11: dec d      {a=479003341, b=0, c=52, d=19}
9: jnz d -2   {a=479003341, b=0, c=52, d=19}
10: inc a      {a=479003342, b=0, c=52, d=19}
11: dec d      {a=479003342, b=0, c=52, d=18}
9: jnz d -2   {a=479003342, b=0, c=52, d=18}
10: inc a      {a=479003343, b=0, c=52, d=18}
11: dec d      {a=479003343, b=0, c=52, d=17}
9: jnz d -2   {a=479003343, b=0, c=52, d=17}
10: inc a      {a=479003344, b=0, c=52, d=17}
11: dec d      {a=479003344, b=0, c=52, d=16}
9: jnz d -2   {a=479003344, b=0, c=52, d=16}
10: inc a      {a=479003345, b=0, c=52, d=16}
11: dec d      {a=479003345, b=0, c=52, d=15}
9: jnz d -2   {a=479003345, b=0, c=52, d=15}
10: inc a      {a=479003346, b=0, c=52, d=15}
11: dec d      {a=479003346, b=0, c=52, d=14}
9: jnz d -2   {a=479003346, b=0, c=52, d=14}
10: inc a      {a=479003347, b=0, c=52, d=14}
11: dec d      {a=479003347, b=0, c=52, d=13}
9: jnz d -2   {a=479003347, b=0, c=52, d=13}
10: inc a      {a=479003348, b=0, c=52, d=13}
11: dec d      {a=479003348, b=0, c=52, d=12}
9: jnz d -2   {a=479003348, b=0, c=52, d=12}
10: inc a      {a=479003349, b=0, c=52, d=12}
11: dec d      {a=479003349, b=0, c=52, d=11}
9: jnz d -2   {a=479003349, b=0, c=52, d=11}
10: inc a      {a=479003350, b=0, c=52, d=11}
11: dec d      {a=479003350, b=0, c=52, d=10}
9: jnz d -2   {a=479003350, b=0, c=52, d=10}
10: inc a      {a=479003351, b=0, c=52, d=10}
11: dec d      {a=479003351, b=0, c=52, d=9}
9: jnz d -2   {a=479003351, b=0, c=52, d=9}
10: inc a      {a=479003352, b=0, c=52, d=9}
11: dec d      {a=479003352, b=0, c=52, d=8}
9: jnz d -2   {a=479003352, b=0, c=52, d=8}
10: inc a      {a=479003353, b=0, c=52, d=8}
11: dec d      {a=479003353, b=0, c=52, d=7}
9: jnz d -2   {a=479003353, b=0, c=52, d=7}
10: inc a      {a=479003354, b=0, c=52, d=7}
11: dec d      {a=479003354, b=0, c=52, d=6}
9: jnz d -2   {a=479003354, b=0, c=52, d=6}
10: inc a      {a=479003355, b=0, c=52, d=6}
11: dec d      {a=479003355, b=0, c=52, d=5}
9: jnz d -2   {a=479003355, b=0, c=52, d=5}
10: inc a      {a=479003356, b=0, c=52, d=5}
11: dec d      {a=479003356, b=0, c=52, d=4}
9: jnz d -2   {a=479003356, b=0, c=52, d=4}
10: inc a      {a=479003357, b=0, c=52, d=4}
11: dec d      {a=479003357, b=0, c=52, d=3}
9: jnz d -2   {a=479003357, b=0, c=52, d=3}
10: inc a      {a=479003358, b=0, c=52, d=3}
11: dec d      {a=479003358, b=0, c=52, d=2}
9: jnz d -2   {a=479003358, b=0, c=52, d=2}
10: inc a      {a=479003359, b=0, c=52, d=2}
11: dec d      {a=479003359, b=0, c=52, d=1}
9: jnz d -2   {a=479003359, b=0, c=52, d=1}
10: inc a      {a=479003360, b=0, c=52, d=1}
11: dec d      {a=479003360, b=0, c=52, d=0}
12: jnz d -2   {a=479003360, b=0, c=52, d=0}
13: dec c      {a=479003360, b=0, c=51, d=0}
8: jnz c -5   {a=479003360, b=0, c=51, d=0}
9: cpy 80 d   {a=479003360, b=0, c=51, d=80}
10: inc a      {a=479003361, b=0, c=51, d=80}
11: dec d      {a=479003361, b=0, c=51, d=79}
9: jnz d -2   {a=479003361, b=0, c=51, d=79}
10: inc a      {a=479003362, b=0, c=51, d=79}
11: dec d      {a=479003362, b=0, c=51, d=78}
9: jnz d -2   {a=479003362, b=0, c=51, d=78}
10: inc a      {a=479003363, b=0, c=51, d=78}
11: dec d      {a=479003363, b=0, c=51, d=77}
9: jnz d -2   {a=479003363, b=0, c=51, d=77}
10: inc a      {a=479003364, b=0, c=51, d=77}
11: dec d      {a=479003364, b=0, c=51, d=76}
9: jnz d -2   {a=479003364, b=0, c=51, d=76}
10: inc a      {a=479003365, b=0, c=51, d=76}
11: dec d      {a=479003365, b=0, c=51, d=75}
9: jnz d -2   {a=479003365, b=0, c=51, d=75}
10: inc a      {a=479003366, b=0, c=51, d=75}
11: dec d      {a=479003366, b=0, c=51, d=74}
9: jnz d -2   {a=479003366, b=0, c=51, d=74}
10: inc a      {a=479003367, b=0, c=51, d=74}
11: dec d      {a=479003367, b=0, c=51, d=73}
9: jnz d -2   {a=479003367, b=0, c=51, d=73}
10: inc a      {a=479003368, b=0, c=51, d=73}
11: dec d      {a=479003368, b=0, c=51, d=72}
9: jnz d -2   {a=479003368, b=0, c=51, d=72}
10: inc a      {a=479003369, b=0, c=51, d=72}
11: dec d      {a=479003369, b=0, c=51, d=71}
9: jnz d -2   {a=479003369, b=0, c=51, d=71}
10: inc a      {a=479003370, b=0, c=51, d=71}
11: dec d      {a=479003370, b=0, c=51, d=70}
9: jnz d -2   {a=479003370, b=0, c=51, d=70}
10: inc a      {a=479003371, b=0, c=51, d=70}
11: dec d      {a=479003371, b=0, c=51, d=69}
9: jnz d -2   {a=479003371, b=0, c=51, d=69}
10: inc a      {a=479003372, b=0, c=51, d=69}
11: dec d      {a=479003372, b=0, c=51, d=68}
9: jnz d -2   {a=479003372, b=0, c=51, d=68}
10: inc a      {a=479003373, b=0, c=51, d=68}
11: dec d      {a=479003373, b=0, c=51, d=67}
9: jnz d -2   {a=479003373, b=0, c=51, d=67}
10: inc a      {a=479003374, b=0, c=51, d=67}
11: dec d      {a=479003374, b=0, c=51, d=66}
9: jnz d -2   {a=479003374, b=0, c=51, d=66}
10: inc a      {a=479003375, b=0, c=51, d=66}
11: dec d      {a=479003375, b=0, c=51, d=65}
9: jnz d -2   {a=479003375, b=0, c=51, d=65}
10: inc a      {a=479003376, b=0, c=51, d=65}
11: dec d      {a=479003376, b=0, c=51, d=64}
9: jnz d -2   {a=479003376, b=0, c=51, d=64}
10: inc a      {a=479003377, b=0, c=51, d=64}
11: dec d      {a=479003377, b=0, c=51, d=63}
9: jnz d -2   {a=479003377, b=0, c=51, d=63}
10: inc a      {a=479003378, b=0, c=51, d=63}
11: dec d      {a=479003378, b=0, c=51, d=62}
9: jnz d -2   {a=479003378, b=0, c=51, d=62}
10: inc a      {a=479003379, b=0, c=51, d=62}
11: dec d      {a=479003379, b=0, c=51, d=61}
9: jnz d -2   {a=479003379, b=0, c=51, d=61}
10: inc a      {a=479003380, b=0, c=51, d=61}
11: dec d      {a=479003380, b=0, c=51, d=60}
9: jnz d -2   {a=479003380, b=0, c=51, d=60}
10: inc a      {a=479003381, b=0, c=51, d=60}
11: dec d      {a=479003381, b=0, c=51, d=59}
9: jnz d -2   {a=479003381, b=0, c=51, d=59}
10: inc a      {a=479003382, b=0, c=51, d=59}
11: dec d      {a=479003382, b=0, c=51, d=58}
9: jnz d -2   {a=479003382, b=0, c=51, d=58}
10: inc a      {a=479003383, b=0, c=51, d=58}
11: dec d      {a=479003383, b=0, c=51, d=57}
9: jnz d -2   {a=479003383, b=0, c=51, d=57}
10: inc a      {a=479003384, b=0, c=51, d=57}
11: dec d      {a=479003384, b=0, c=51, d=56}
9: jnz d -2   {a=479003384, b=0, c=51, d=56}
10: inc a      {a=479003385, b=0, c=51, d=56}
11: dec d      {a=479003385, b=0, c=51, d=55}
9: jnz d -2   {a=479003385, b=0, c=51, d=55}
10: inc a      {a=479003386, b=0, c=51, d=55}
11: dec d      {a=479003386, b=0, c=51, d=54}
9: jnz d -2   {a=479003386, b=0, c=51, d=54}
10: inc a      {a=479003387, b=0, c=51, d=54}
11: dec d      {a=479003387, b=0, c=51, d=53}
9: jnz d -2   {a=479003387, b=0, c=51, d=53}
10: inc a      {a=479003388, b=0, c=51, d=53}
11: dec d      {a=479003388, b=0, c=51, d=52}
9: jnz d -2   {a=479003388, b=0, c=51, d=52}
10: inc a      {a=479003389, b=0, c=51, d=52}
11: dec d      {a=479003389, b=0, c=51, d=51}
9: jnz d -2   {a=479003389, b=0, c=51, d=51}
10: inc a      {a=479003390, b=0, c=51, d=51}
11: dec d      {a=479003390, b=0, c=51, d=50}
9: jnz d -2   {a=479003390, b=0, c=51, d=50}
10: inc a      {a=479003391, b=0, c=51, d=50}
11: dec d      {a=479003391, b=0, c=51, d=49}
9: jnz d -2   {a=479003391, b=0, c=51, d=49}
10: inc a      {a=479003392, b=0, c=51, d=49}
11: dec d      {a=479003392, b=0, c=51, d=48}
9: jnz d -2   {a=479003392, b=0, c=51, d=48}
10: inc a      {a=479003393, b=0, c=51, d=48}
11: dec d      {a=479003393, b=0, c=51, d=47}
9: jnz d -2   {a=479003393, b=0, c=51, d=47}
10: inc a      {a=479003394, b=0, c=51, d=47}
11: dec d      {a=479003394, b=0, c=51, d=46}
9: jnz d -2   {a=479003394, b=0, c=51, d=46}
10: inc a      {a=479003395, b=0, c=51, d=46}
11: dec d      {a=479003395, b=0, c=51, d=45}
9: jnz d -2   {a=479003395, b=0, c=51, d=45}
10: inc a      {a=479003396, b=0, c=51, d=45}
11: dec d      {a=479003396, b=0, c=51, d=44}
9: jnz d -2   {a=479003396, b=0, c=51, d=44}
10: inc a      {a=479003397, b=0, c=51, d=44}
11: dec d      {a=479003397, b=0, c=51, d=43}
9: jnz d -2   {a=479003397, b=0, c=51, d=43}
10: inc a      {a=479003398, b=0, c=51, d=43}
11: dec d      {a=479003398, b=0, c=51, d=42}
9: jnz d -2   {a=479003398, b=0, c=51, d=42}
10: inc a      {a=479003399, b=0, c=51, d=42}
11: dec d      {a=479003399, b=0, c=51, d=41}
9: jnz d -2   {a=479003399, b=0, c=51, d=41}
10: inc a      {a=479003400, b=0, c=51, d=41}
11: dec d      {a=479003400, b=0, c=51, d=40}
9: jnz d -2   {a=479003400, b=0, c=51, d=40}
10: inc a      {a=479003401, b=0, c=51, d=40}
11: dec d      {a=479003401, b=0, c=51, d=39}
9: jnz d -2   {a=479003401, b=0, c=51, d=39}
10: inc a      {a=479003402, b=0, c=51, d=39}
11: dec d      {a=479003402, b=0, c=51, d=38}
9: jnz d -2   {a=479003402, b=0, c=51, d=38}
10: inc a      {a=479003403, b=0, c=51, d=38}
11: dec d      {a=479003403, b=0, c=51, d=37}
9: jnz d -2   {a=479003403, b=0, c=51, d=37}
10: inc a      {a=479003404, b=0, c=51, d=37}
11: dec d      {a=479003404, b=0, c=51, d=36}
9: jnz d -2   {a=479003404, b=0, c=51, d=36}
10: inc a      {a=479003405, b=0, c=51, d=36}
11: dec d      {a=479003405, b=0, c=51, d=35}
9: jnz d -2   {a=479003405, b=0, c=51, d=35}
10: inc a      {a=479003406, b=0, c=51, d=35}
11: dec d      {a=479003406, b=0, c=51, d=34}
9: jnz d -2   {a=479003406, b=0, c=51, d=34}
10: inc a      {a=479003407, b=0, c=51, d=34}
11: dec d      {a=479003407, b=0, c=51, d=33}
9: jnz d -2   {a=479003407, b=0, c=51, d=33}
10: inc a      {a=479003408, b=0, c=51, d=33}
11: dec d      {a=479003408, b=0, c=51, d=32}
9: jnz d -2   {a=479003408, b=0, c=51, d=32}
10: inc a      {a=479003409, b=0, c=51, d=32}
11: dec d      {a=479003409, b=0, c=51, d=31}
9: jnz d -2   {a=479003409, b=0, c=51, d=31}
10: inc a      {a=479003410, b=0, c=51, d=31}
11: dec d      {a=479003410, b=0, c=51, d=30}
9: jnz d -2   {a=479003410, b=0, c=51, d=30}
10: inc a      {a=479003411, b=0, c=51, d=30}
11: dec d      {a=479003411, b=0, c=51, d=29}
9: jnz d -2   {a=479003411, b=0, c=51, d=29}
10: inc a      {a=479003412, b=0, c=51, d=29}
11: dec d      {a=479003412, b=0, c=51, d=28}
9: jnz d -2   {a=479003412, b=0, c=51, d=28}
10: inc a      {a=479003413, b=0, c=51, d=28}
11: dec d      {a=479003413, b=0, c=51, d=27}
9: jnz d -2   {a=479003413, b=0, c=51, d=27}
10: inc a      {a=479003414, b=0, c=51, d=27}
11: dec d      {a=479003414, b=0, c=51, d=26}
9: jnz d -2   {a=479003414, b=0, c=51, d=26}
10: inc a      {a=479003415, b=0, c=51, d=26}
11: dec d      {a=479003415, b=0, c=51, d=25}
9: jnz d -2   {a=479003415, b=0, c=51, d=25}
10: inc a      {a=479003416, b=0, c=51, d=25}
11: dec d      {a=479003416, b=0, c=51, d=24}
9: jnz d -2   {a=479003416, b=0, c=51, d=24}
10: inc a      {a=479003417, b=0, c=51, d=24}
11: dec d      {a=479003417, b=0, c=51, d=23}
9: jnz d -2   {a=479003417, b=0, c=51, d=23}
10: inc a      {a=479003418, b=0, c=51, d=23}
11: dec d      {a=479003418, b=0, c=51, d=22}
9: jnz d -2   {a=479003418, b=0, c=51, d=22}
10: inc a      {a=479003419, b=0, c=51, d=22}
11: dec d      {a=479003419, b=0, c=51, d=21}
9: jnz d -2   {a=479003419, b=0, c=51, d=21}
10: inc a      {a=479003420, b=0, c=51, d=21}
11: dec d      {a=479003420, b=0, c=51, d=20}
9: jnz d -2   {a=479003420, b=0, c=51, d=20}
10: inc a      {a=479003421, b=0, c=51, d=20}
11: dec d      {a=479003421, b=0, c=51, d=19}
9: jnz d -2   {a=479003421, b=0, c=51, d=19}
10: inc a      {a=479003422, b=0, c=51, d=19}
11: dec d      {a=479003422, b=0, c=51, d=18}
9: jnz d -2   {a=479003422, b=0, c=51, d=18}
10: inc a      {a=479003423, b=0, c=51, d=18}
11: dec d      {a=479003423, b=0, c=51, d=17}
9: jnz d -2   {a=479003423, b=0, c=51, d=17}
10: inc a      {a=479003424, b=0, c=51, d=17}
11: dec d      {a=479003424, b=0, c=51, d=16}
9: jnz d -2   {a=479003424, b=0, c=51, d=16}
10: inc a      {a=479003425, b=0, c=51, d=16}
11: dec d      {a=479003425, b=0, c=51, d=15}
9: jnz d -2   {a=479003425, b=0, c=51, d=15}
10: inc a      {a=479003426, b=0, c=51, d=15}
11: dec d      {a=479003426, b=0, c=51, d=14}
9: jnz d -2   {a=479003426, b=0, c=51, d=14}
10: inc a      {a=479003427, b=0, c=51, d=14}
11: dec d      {a=479003427, b=0, c=51, d=13}
9: jnz d -2   {a=479003427, b=0, c=51, d=13}
10: inc a      {a=479003428, b=0, c=51, d=13}
11: dec d      {a=479003428, b=0, c=51, d=12}
9: jnz d -2   {a=479003428, b=0, c=51, d=12}
10: inc a      {a=479003429, b=0, c=51, d=12}
11: dec d      {a=479003429, b=0, c=51, d=11}
9: jnz d -2   {a=479003429, b=0, c=51, d=11}
10: inc a      {a=479003430, b=0, c=51, d=11}
11: dec d      {a=479003430, b=0, c=51, d=10}
9: jnz d -2   {a=479003430, b=0, c=51, d=10}
10: inc a      {a=479003431, b=0, c=51, d=10}
11: dec d      {a=479003431, b=0, c=51, d=9}
9: jnz d -2   {a=479003431, b=0, c=51, d=9}
10: inc a      {a=479003432, b=0, c=51, d=9}
11: dec d      {a=479003432, b=0, c=51, d=8}
9: jnz d -2   {a=479003432, b=0, c=51, d=8}
10: inc a      {a=479003433, b=0, c=51, d=8}
11: dec d      {a=479003433, b=0, c=51, d=7}
9: jnz d -2   {a=479003433, b=0, c=51, d=7}
10: inc a      {a=479003434, b=0, c=51, d=7}
11: dec d      {a=479003434, b=0, c=51, d=6}
9: jnz d -2   {a=479003434, b=0, c=51, d=6}
10: inc a      {a=479003435, b=0, c=51, d=6}
11: dec d      {a=479003435, b=0, c=51, d=5}
9: jnz d -2   {a=479003435, b=0, c=51, d=5}
10: inc a      {a=479003436, b=0, c=51, d=5}
11: dec d      {a=479003436, b=0, c=51, d=4}
9: jnz d -2   {a=479003436, b=0, c=51, d=4}
10: inc a      {a=479003437, b=0, c=51, d=4}
11: dec d      {a=479003437, b=0, c=51, d=3}
9: jnz d -2   {a=479003437, b=0, c=51, d=3}
10: inc a      {a=479003438, b=0, c=51, d=3}
11: dec d      {a=479003438, b=0, c=51, d=2}
9: jnz d -2   {a=479003438, b=0, c=51, d=2}
10: inc a      {a=479003439, b=0, c=51, d=2}
11: dec d      {a=479003439, b=0, c=51, d=1}
9: jnz d -2   {a=479003439, b=0, c=51, d=1}
10: inc a      {a=479003440, b=0, c=51, d=1}
11: dec d      {a=479003440, b=0, c=51, d=0}
12: jnz d -2   {a=479003440, b=0, c=51, d=0}
13: dec c      {a=479003440, b=0, c=50, d=0}
8: jnz c -5   {a=479003440, b=0, c=50, d=0}
9: cpy 80 d   {a=479003440, b=0, c=50, d=80}
10: inc a      {a=479003441, b=0, c=50, d=80}
11: dec d      {a=479003441, b=0, c=50, d=79}
9: jnz d -2   {a=479003441, b=0, c=50, d=79}
10: inc a      {a=479003442, b=0, c=50, d=79}
11: dec d      {a=479003442, b=0, c=50, d=78}
9: jnz d -2   {a=479003442, b=0, c=50, d=78}
10: inc a      {a=479003443, b=0, c=50, d=78}
11: dec d      {a=479003443, b=0, c=50, d=77}
9: jnz d -2   {a=479003443, b=0, c=50, d=77}
10: inc a      {a=479003444, b=0, c=50, d=77}
11: dec d      {a=479003444, b=0, c=50, d=76}
9: jnz d -2   {a=479003444, b=0, c=50, d=76}
10: inc a      {a=479003445, b=0, c=50, d=76}
11: dec d      {a=479003445, b=0, c=50, d=75}
9: jnz d -2   {a=479003445, b=0, c=50, d=75}
10: inc a      {a=479003446, b=0, c=50, d=75}
11: dec d      {a=479003446, b=0, c=50, d=74}
9: jnz d -2   {a=479003446, b=0, c=50, d=74}
10: inc a      {a=479003447, b=0, c=50, d=74}
11: dec d      {a=479003447, b=0, c=50, d=73}
9: jnz d -2   {a=479003447, b=0, c=50, d=73}
10: inc a      {a=479003448, b=0, c=50, d=73}
11: dec d      {a=479003448, b=0, c=50, d=72}
9: jnz d -2   {a=479003448, b=0, c=50, d=72}
10: inc a      {a=479003449, b=0, c=50, d=72}
11: dec d      {a=479003449, b=0, c=50, d=71}
9: jnz d -2   {a=479003449, b=0, c=50, d=71}
10: inc a      {a=479003450, b=0, c=50, d=71}
11: dec d      {a=479003450, b=0, c=50, d=70}
9: jnz d -2   {a=479003450, b=0, c=50, d=70}
10: inc a      {a=479003451, b=0, c=50, d=70}
11: dec d      {a=479003451, b=0, c=50, d=69}
9: jnz d -2   {a=479003451, b=0, c=50, d=69}
10: inc a      {a=479003452, b=0, c=50, d=69}
11: dec d      {a=479003452, b=0, c=50, d=68}
9: jnz d -2   {a=479003452, b=0, c=50, d=68}
10: inc a      {a=479003453, b=0, c=50, d=68}
11: dec d      {a=479003453, b=0, c=50, d=67}
9: jnz d -2   {a=479003453, b=0, c=50, d=67}
10: inc a      {a=479003454, b=0, c=50, d=67}
11: dec d      {a=479003454, b=0, c=50, d=66}
9: jnz d -2   {a=479003454, b=0, c=50, d=66}
10: inc a      {a=479003455, b=0, c=50, d=66}
11: dec d      {a=479003455, b=0, c=50, d=65}
9: jnz d -2   {a=479003455, b=0, c=50, d=65}
10: inc a      {a=479003456, b=0, c=50, d=65}
11: dec d      {a=479003456, b=0, c=50, d=64}
9: jnz d -2   {a=479003456, b=0, c=50, d=64}
10: inc a      {a=479003457, b=0, c=50, d=64}
11: dec d      {a=479003457, b=0, c=50, d=63}
9: jnz d -2   {a=479003457, b=0, c=50, d=63}
10: inc a      {a=479003458, b=0, c=50, d=63}
11: dec d      {a=479003458, b=0, c=50, d=62}
9: jnz d -2   {a=479003458, b=0, c=50, d=62}
10: inc a      {a=479003459, b=0, c=50, d=62}
11: dec d      {a=479003459, b=0, c=50, d=61}
9: jnz d -2   {a=479003459, b=0, c=50, d=61}
10: inc a      {a=479003460, b=0, c=50, d=61}
11: dec d      {a=479003460, b=0, c=50, d=60}
9: jnz d -2   {a=479003460, b=0, c=50, d=60}
10: inc a      {a=479003461, b=0, c=50, d=60}
11: dec d      {a=479003461, b=0, c=50, d=59}
9: jnz d -2   {a=479003461, b=0, c=50, d=59}
10: inc a      {a=479003462, b=0, c=50, d=59}
11: dec d      {a=479003462, b=0, c=50, d=58}
9: jnz d -2   {a=479003462, b=0, c=50, d=58}
10: inc a      {a=479003463, b=0, c=50, d=58}
11: dec d      {a=479003463, b=0, c=50, d=57}
9: jnz d -2   {a=479003463, b=0, c=50, d=57}
10: inc a      {a=479003464, b=0, c=50, d=57}
11: dec d      {a=479003464, b=0, c=50, d=56}
9: jnz d -2   {a=479003464, b=0, c=50, d=56}
10: inc a      {a=479003465, b=0, c=50, d=56}
11: dec d      {a=479003465, b=0, c=50, d=55}
9: jnz d -2   {a=479003465, b=0, c=50, d=55}
10: inc a      {a=479003466, b=0, c=50, d=55}
11: dec d      {a=479003466, b=0, c=50, d=54}
9: jnz d -2   {a=479003466, b=0, c=50, d=54}
10: inc a      {a=479003467, b=0, c=50, d=54}
11: dec d      {a=479003467, b=0, c=50, d=53}
9: jnz d -2   {a=479003467, b=0, c=50, d=53}
10: inc a      {a=479003468, b=0, c=50, d=53}
11: dec d      {a=479003468, b=0, c=50, d=52}
9: jnz d -2   {a=479003468, b=0, c=50, d=52}
10: inc a      {a=479003469, b=0, c=50, d=52}
11: dec d      {a=479003469, b=0, c=50, d=51}
9: jnz d -2   {a=479003469, b=0, c=50, d=51}
10: inc a      {a=479003470, b=0, c=50, d=51}
11: dec d      {a=479003470, b=0, c=50, d=50}
9: jnz d -2   {a=479003470, b=0, c=50, d=50}
10: inc a      {a=479003471, b=0, c=50, d=50}
11: dec d      {a=479003471, b=0, c=50, d=49}
9: jnz d -2   {a=479003471, b=0, c=50, d=49}
10: inc a      {a=479003472, b=0, c=50, d=49}
11: dec d      {a=479003472, b=0, c=50, d=48}
9: jnz d -2   {a=479003472, b=0, c=50, d=48}
10: inc a      {a=479003473, b=0, c=50, d=48}
11: dec d      {a=479003473, b=0, c=50, d=47}
9: jnz d -2   {a=479003473, b=0, c=50, d=47}
10: inc a      {a=479003474, b=0, c=50, d=47}
11: dec d      {a=479003474, b=0, c=50, d=46}
9: jnz d -2   {a=479003474, b=0, c=50, d=46}
10: inc a      {a=479003475, b=0, c=50, d=46}
11: dec d      {a=479003475, b=0, c=50, d=45}
9: jnz d -2   {a=479003475, b=0, c=50, d=45}
10: inc a      {a=479003476, b=0, c=50, d=45}
11: dec d      {a=479003476, b=0, c=50, d=44}
9: jnz d -2   {a=479003476, b=0, c=50, d=44}
10: inc a      {a=479003477, b=0, c=50, d=44}
11: dec d      {a=479003477, b=0, c=50, d=43}
9: jnz d -2   {a=479003477, b=0, c=50, d=43}
10: inc a      {a=479003478, b=0, c=50, d=43}
11: dec d      {a=479003478, b=0, c=50, d=42}
9: jnz d -2   {a=479003478, b=0, c=50, d=42}
10: inc a      {a=479003479, b=0, c=50, d=42}
11: dec d      {a=479003479, b=0, c=50, d=41}
9: jnz d -2   {a=479003479, b=0, c=50, d=41}
10: inc a      {a=479003480, b=0, c=50, d=41}
11: dec d      {a=479003480, b=0, c=50, d=40}
9: jnz d -2   {a=479003480, b=0, c=50, d=40}
10: inc a      {a=479003481, b=0, c=50, d=40}
11: dec d      {a=479003481, b=0, c=50, d=39}
9: jnz d -2   {a=479003481, b=0, c=50, d=39}
10: inc a      {a=479003482, b=0, c=50, d=39}
11: dec d      {a=479003482, b=0, c=50, d=38}
9: jnz d -2   {a=479003482, b=0, c=50, d=38}
10: inc a      {a=479003483, b=0, c=50, d=38}
11: dec d      {a=479003483, b=0, c=50, d=37}
9: jnz d -2   {a=479003483, b=0, c=50, d=37}
10: inc a      {a=479003484, b=0, c=50, d=37}
11: dec d      {a=479003484, b=0, c=50, d=36}
9: jnz d -2   {a=479003484, b=0, c=50, d=36}
10: inc a      {a=479003485, b=0, c=50, d=36}
11: dec d      {a=479003485, b=0, c=50, d=35}
9: jnz d -2   {a=479003485, b=0, c=50, d=35}
10: inc a      {a=479003486, b=0, c=50, d=35}
11: dec d      {a=479003486, b=0, c=50, d=34}
9: jnz d -2   {a=479003486, b=0, c=50, d=34}
10: inc a      {a=479003487, b=0, c=50, d=34}
11: dec d      {a=479003487, b=0, c=50, d=33}
9: jnz d -2   {a=479003487, b=0, c=50, d=33}
10: inc a      {a=479003488, b=0, c=50, d=33}
11: dec d      {a=479003488, b=0, c=50, d=32}
9: jnz d -2   {a=479003488, b=0, c=50, d=32}
10: inc a      {a=479003489, b=0, c=50, d=32}
11: dec d      {a=479003489, b=0, c=50, d=31}
9: jnz d -2   {a=479003489, b=0, c=50, d=31}
10: inc a      {a=479003490, b=0, c=50, d=31}
11: dec d      {a=479003490, b=0, c=50, d=30}
9: jnz d -2   {a=479003490, b=0, c=50, d=30}
10: inc a      {a=479003491, b=0, c=50, d=30}
11: dec d      {a=479003491, b=0, c=50, d=29}
9: jnz d -2   {a=479003491, b=0, c=50, d=29}
10: inc a      {a=479003492, b=0, c=50, d=29}
11: dec d      {a=479003492, b=0, c=50, d=28}
9: jnz d -2   {a=479003492, b=0, c=50, d=28}
10: inc a      {a=479003493, b=0, c=50, d=28}
11: dec d      {a=479003493, b=0, c=50, d=27}
9: jnz d -2   {a=479003493, b=0, c=50, d=27}
10: inc a      {a=479003494, b=0, c=50, d=27}
11: dec d      {a=479003494, b=0, c=50, d=26}
9: jnz d -2   {a=479003494, b=0, c=50, d=26}
10: inc a      {a=479003495, b=0, c=50, d=26}
11: dec d      {a=479003495, b=0, c=50, d=25}
9: jnz d -2   {a=479003495, b=0, c=50, d=25}
10: inc a      {a=479003496, b=0, c=50, d=25}
11: dec d      {a=479003496, b=0, c=50, d=24}
9: jnz d -2   {a=479003496, b=0, c=50, d=24}
10: inc a      {a=479003497, b=0, c=50, d=24}
11: dec d      {a=479003497, b=0, c=50, d=23}
9: jnz d -2   {a=479003497, b=0, c=50, d=23}
10: inc a      {a=479003498, b=0, c=50, d=23}
11: dec d      {a=479003498, b=0, c=50, d=22}
9: jnz d -2   {a=479003498, b=0, c=50, d=22}
10: inc a      {a=479003499, b=0, c=50, d=22}
11: dec d      {a=479003499, b=0, c=50, d=21}
9: jnz d -2   {a=479003499, b=0, c=50, d=21}
10: inc a      {a=479003500, b=0, c=50, d=21}
11: dec d      {a=479003500, b=0, c=50, d=20}
9: jnz d -2   {a=479003500, b=0, c=50, d=20}
10: inc a      {a=479003501, b=0, c=50, d=20}
11: dec d      {a=479003501, b=0, c=50, d=19}
9: jnz d -2   {a=479003501, b=0, c=50, d=19}
10: inc a      {a=479003502, b=0, c=50, d=19}
11: dec d      {a=479003502, b=0, c=50, d=18}
9: jnz d -2   {a=479003502, b=0, c=50, d=18}
10: inc a      {a=479003503, b=0, c=50, d=18}
11: dec d      {a=479003503, b=0, c=50, d=17}
9: jnz d -2   {a=479003503, b=0, c=50, d=17}
10: inc a      {a=479003504, b=0, c=50, d=17}
11: dec d      {a=479003504, b=0, c=50, d=16}
9: jnz d -2   {a=479003504, b=0, c=50, d=16}
10: inc a      {a=479003505, b=0, c=50, d=16}
11: dec d      {a=479003505, b=0, c=50, d=15}
9: jnz d -2   {a=479003505, b=0, c=50, d=15}
10: inc a      {a=479003506, b=0, c=50, d=15}
11: dec d      {a=479003506, b=0, c=50, d=14}
9: jnz d -2   {a=479003506, b=0, c=50, d=14}
10: inc a      {a=479003507, b=0, c=50, d=14}
11: dec d      {a=479003507, b=0, c=50, d=13}
9: jnz d -2   {a=479003507, b=0, c=50, d=13}
10: inc a      {a=479003508, b=0, c=50, d=13}
11: dec d      {a=479003508, b=0, c=50, d=12}
9: jnz d -2   {a=479003508, b=0, c=50, d=12}
10: inc a      {a=479003509, b=0, c=50, d=12}
11: dec d      {a=479003509, b=0, c=50, d=11}
9: jnz d -2   {a=479003509, b=0, c=50, d=11}
10: inc a      {a=479003510, b=0, c=50, d=11}
11: dec d      {a=479003510, b=0, c=50, d=10}
9: jnz d -2   {a=479003510, b=0, c=50, d=10}
10: inc a      {a=479003511, b=0, c=50, d=10}
11: dec d      {a=479003511, b=0, c=50, d=9}
9: jnz d -2   {a=479003511, b=0, c=50, d=9}
10: inc a      {a=479003512, b=0, c=50, d=9}
11: dec d      {a=479003512, b=0, c=50, d=8}
9: jnz d -2   {a=479003512, b=0, c=50, d=8}
10: inc a      {a=479003513, b=0, c=50, d=8}
11: dec d      {a=479003513, b=0, c=50, d=7}
9: jnz d -2   {a=479003513, b=0, c=50, d=7}
10: inc a      {a=479003514, b=0, c=50, d=7}
11: dec d      {a=479003514, b=0, c=50, d=6}
9: jnz d -2   {a=479003514, b=0, c=50, d=6}
10: inc a      {a=479003515, b=0, c=50, d=6}
11: dec d      {a=479003515, b=0, c=50, d=5}
9: jnz d -2   {a=479003515, b=0, c=50, d=5}
10: inc a      {a=479003516, b=0, c=50, d=5}
11: dec d      {a=479003516, b=0, c=50, d=4}
9: jnz d -2   {a=479003516, b=0, c=50, d=4}
10: inc a      {a=479003517, b=0, c=50, d=4}
11: dec d      {a=479003517, b=0, c=50, d=3}
9: jnz d -2   {a=479003517, b=0, c=50, d=3}
10: inc a      {a=479003518, b=0, c=50, d=3}
11: dec d      {a=479003518, b=0, c=50, d=2}
9: jnz d -2   {a=479003518, b=0, c=50, d=2}
10: inc a      {a=479003519, b=0, c=50, d=2}
11: dec d      {a=479003519, b=0, c=50, d=1}
9: jnz d -2   {a=479003519, b=0, c=50, d=1}
10: inc a      {a=479003520, b=0, c=50, d=1}
11: dec d      {a=479003520, b=0, c=50, d=0}
12: jnz d -2   {a=479003520, b=0, c=50, d=0}
13: dec c      {a=479003520, b=0, c=49, d=0}
8: jnz c -5   {a=479003520, b=0, c=49, d=0}
9: cpy 80 d   {a=479003520, b=0, c=49, d=80}
10: inc a      {a=479003521, b=0, c=49, d=80}
11: dec d      {a=479003521, b=0, c=49, d=79}
9: jnz d -2   {a=479003521, b=0, c=49, d=79}
10: inc a      {a=479003522, b=0, c=49, d=79}
11: dec d      {a=479003522, b=0, c=49, d=78}
9: jnz d -2   {a=479003522, b=0, c=49, d=78}
10: inc a      {a=479003523, b=0, c=49, d=78}
11: dec d      {a=479003523, b=0, c=49, d=77}
9: jnz d -2   {a=479003523, b=0, c=49, d=77}
10: inc a      {a=479003524, b=0, c=49, d=77}
11: dec d      {a=479003524, b=0, c=49, d=76}
9: jnz d -2   {a=479003524, b=0, c=49, d=76}
10: inc a      {a=479003525, b=0, c=49, d=76}
11: dec d      {a=479003525, b=0, c=49, d=75}
9: jnz d -2   {a=479003525, b=0, c=49, d=75}
10: inc a      {a=479003526, b=0, c=49, d=75}
11: dec d      {a=479003526, b=0, c=49, d=74}
9: jnz d -2   {a=479003526, b=0, c=49, d=74}
10: inc a      {a=479003527, b=0, c=49, d=74}
11: dec d      {a=479003527, b=0, c=49, d=73}
9: jnz d -2   {a=479003527, b=0, c=49, d=73}
10: inc a      {a=479003528, b=0, c=49, d=73}
11: dec d      {a=479003528, b=0, c=49, d=72}
9: jnz d -2   {a=479003528, b=0, c=49, d=72}
10: inc a      {a=479003529, b=0, c=49, d=72}
11: dec d      {a=479003529, b=0, c=49, d=71}
9: jnz d -2   {a=479003529, b=0, c=49, d=71}
10: inc a      {a=479003530, b=0, c=49, d=71}
11: dec d      {a=479003530, b=0, c=49, d=70}
9: jnz d -2   {a=479003530, b=0, c=49, d=70}
10: inc a      {a=479003531, b=0, c=49, d=70}
11: dec d      {a=479003531, b=0, c=49, d=69}
9: jnz d -2   {a=479003531, b=0, c=49, d=69}
10: inc a      {a=479003532, b=0, c=49, d=69}
11: dec d      {a=479003532, b=0, c=49, d=68}
9: jnz d -2   {a=479003532, b=0, c=49, d=68}
10: inc a      {a=479003533, b=0, c=49, d=68}
11: dec d      {a=479003533, b=0, c=49, d=67}
9: jnz d -2   {a=479003533, b=0, c=49, d=67}
10: inc a      {a=479003534, b=0, c=49, d=67}
11: dec d      {a=479003534, b=0, c=49, d=66}
9: jnz d -2   {a=479003534, b=0, c=49, d=66}
10: inc a      {a=479003535, b=0, c=49, d=66}
11: dec d      {a=479003535, b=0, c=49, d=65}
9: jnz d -2   {a=479003535, b=0, c=49, d=65}
10: inc a      {a=479003536, b=0, c=49, d=65}
11: dec d      {a=479003536, b=0, c=49, d=64}
9: jnz d -2   {a=479003536, b=0, c=49, d=64}
10: inc a      {a=479003537, b=0, c=49, d=64}
11: dec d      {a=479003537, b=0, c=49, d=63}
9: jnz d -2   {a=479003537, b=0, c=49, d=63}
10: inc a      {a=479003538, b=0, c=49, d=63}
11: dec d      {a=479003538, b=0, c=49, d=62}
9: jnz d -2   {a=479003538, b=0, c=49, d=62}
10: inc a      {a=479003539, b=0, c=49, d=62}
11: dec d      {a=479003539, b=0, c=49, d=61}
9: jnz d -2   {a=479003539, b=0, c=49, d=61}
10: inc a      {a=479003540, b=0, c=49, d=61}
11: dec d      {a=479003540, b=0, c=49, d=60}
9: jnz d -2   {a=479003540, b=0, c=49, d=60}
10: inc a      {a=479003541, b=0, c=49, d=60}
11: dec d      {a=479003541, b=0, c=49, d=59}
9: jnz d -2   {a=479003541, b=0, c=49, d=59}
10: inc a      {a=479003542, b=0, c=49, d=59}
11: dec d      {a=479003542, b=0, c=49, d=58}
9: jnz d -2   {a=479003542, b=0, c=49, d=58}
10: inc a      {a=479003543, b=0, c=49, d=58}
11: dec d      {a=479003543, b=0, c=49, d=57}
9: jnz d -2   {a=479003543, b=0, c=49, d=57}
10: inc a      {a=479003544, b=0, c=49, d=57}
11: dec d      {a=479003544, b=0, c=49, d=56}
9: jnz d -2   {a=479003544, b=0, c=49, d=56}
10: inc a      {a=479003545, b=0, c=49, d=56}
11: dec d      {a=479003545, b=0, c=49, d=55}
9: jnz d -2   {a=479003545, b=0, c=49, d=55}
10: inc a      {a=479003546, b=0, c=49, d=55}
11: dec d      {a=479003546, b=0, c=49, d=54}
9: jnz d -2   {a=479003546, b=0, c=49, d=54}
10: inc a      {a=479003547, b=0, c=49, d=54}
11: dec d      {a=479003547, b=0, c=49, d=53}
9: jnz d -2   {a=479003547, b=0, c=49, d=53}
10: inc a      {a=479003548, b=0, c=49, d=53}
11: dec d      {a=479003548, b=0, c=49, d=52}
9: jnz d -2   {a=479003548, b=0, c=49, d=52}
10: inc a      {a=479003549, b=0, c=49, d=52}
11: dec d      {a=479003549, b=0, c=49, d=51}
9: jnz d -2   {a=479003549, b=0, c=49, d=51}
10: inc a      {a=479003550, b=0, c=49, d=51}
11: dec d      {a=479003550, b=0, c=49, d=50}
9: jnz d -2   {a=479003550, b=0, c=49, d=50}
10: inc a      {a=479003551, b=0, c=49, d=50}
11: dec d      {a=479003551, b=0, c=49, d=49}
9: jnz d -2   {a=479003551, b=0, c=49, d=49}
10: inc a      {a=479003552, b=0, c=49, d=49}
11: dec d      {a=479003552, b=0, c=49, d=48}
9: jnz d -2   {a=479003552, b=0, c=49, d=48}
10: inc a      {a=479003553, b=0, c=49, d=48}
11: dec d      {a=479003553, b=0, c=49, d=47}
9: jnz d -2   {a=479003553, b=0, c=49, d=47}
10: inc a      {a=479003554, b=0, c=49, d=47}
11: dec d      {a=479003554, b=0, c=49, d=46}
9: jnz d -2   {a=479003554, b=0, c=49, d=46}
10: inc a      {a=479003555, b=0, c=49, d=46}
11: dec d      {a=479003555, b=0, c=49, d=45}
9: jnz d -2   {a=479003555, b=0, c=49, d=45}
10: inc a      {a=479003556, b=0, c=49, d=45}
11: dec d      {a=479003556, b=0, c=49, d=44}
9: jnz d -2   {a=479003556, b=0, c=49, d=44}
10: inc a      {a=479003557, b=0, c=49, d=44}
11: dec d      {a=479003557, b=0, c=49, d=43}
9: jnz d -2   {a=479003557, b=0, c=49, d=43}
10: inc a      {a=479003558, b=0, c=49, d=43}
11: dec d      {a=479003558, b=0, c=49, d=42}
9: jnz d -2   {a=479003558, b=0, c=49, d=42}
10: inc a      {a=479003559, b=0, c=49, d=42}
11: dec d      {a=479003559, b=0, c=49, d=41}
9: jnz d -2   {a=479003559, b=0, c=49, d=41}
10: inc a      {a=479003560, b=0, c=49, d=41}
11: dec d      {a=479003560, b=0, c=49, d=40}
9: jnz d -2   {a=479003560, b=0, c=49, d=40}
10: inc a      {a=479003561, b=0, c=49, d=40}
11: dec d      {a=479003561, b=0, c=49, d=39}
9: jnz d -2   {a=479003561, b=0, c=49, d=39}
10: inc a      {a=479003562, b=0, c=49, d=39}
11: dec d      {a=479003562, b=0, c=49, d=38}
9: jnz d -2   {a=479003562, b=0, c=49, d=38}
10: inc a      {a=479003563, b=0, c=49, d=38}
11: dec d      {a=479003563, b=0, c=49, d=37}
9: jnz d -2   {a=479003563, b=0, c=49, d=37}
10: inc a      {a=479003564, b=0, c=49, d=37}
11: dec d      {a=479003564, b=0, c=49, d=36}
9: jnz d -2   {a=479003564, b=0, c=49, d=36}
10: inc a      {a=479003565, b=0, c=49, d=36}
11: dec d      {a=479003565, b=0, c=49, d=35}
9: jnz d -2   {a=479003565, b=0, c=49, d=35}
10: inc a      {a=479003566, b=0, c=49, d=35}
11: dec d      {a=479003566, b=0, c=49, d=34}
9: jnz d -2   {a=479003566, b=0, c=49, d=34}
10: inc a      {a=479003567, b=0, c=49, d=34}
11: dec d      {a=479003567, b=0, c=49, d=33}
9: jnz d -2   {a=479003567, b=0, c=49, d=33}
10: inc a      {a=479003568, b=0, c=49, d=33}
11: dec d      {a=479003568, b=0, c=49, d=32}
9: jnz d -2   {a=479003568, b=0, c=49, d=32}
10: inc a      {a=479003569, b=0, c=49, d=32}
11: dec d      {a=479003569, b=0, c=49, d=31}
9: jnz d -2   {a=479003569, b=0, c=49, d=31}
10: inc a      {a=479003570, b=0, c=49, d=31}
11: dec d      {a=479003570, b=0, c=49, d=30}
9: jnz d -2   {a=479003570, b=0, c=49, d=30}
10: inc a      {a=479003571, b=0, c=49, d=30}
11: dec d      {a=479003571, b=0, c=49, d=29}
9: jnz d -2   {a=479003571, b=0, c=49, d=29}
10: inc a      {a=479003572, b=0, c=49, d=29}
11: dec d      {a=479003572, b=0, c=49, d=28}
9: jnz d -2   {a=479003572, b=0, c=49, d=28}
10: inc a      {a=479003573, b=0, c=49, d=28}
11: dec d      {a=479003573, b=0, c=49, d=27}
9: jnz d -2   {a=479003573, b=0, c=49, d=27}
10: inc a      {a=479003574, b=0, c=49, d=27}
11: dec d      {a=479003574, b=0, c=49, d=26}
9: jnz d -2   {a=479003574, b=0, c=49, d=26}
10: inc a      {a=479003575, b=0, c=49, d=26}
11: dec d      {a=479003575, b=0, c=49, d=25}
9: jnz d -2   {a=479003575, b=0, c=49, d=25}
10: inc a      {a=479003576, b=0, c=49, d=25}
11: dec d      {a=479003576, b=0, c=49, d=24}
9: jnz d -2   {a=479003576, b=0, c=49, d=24}
10: inc a      {a=479003577, b=0, c=49, d=24}
11: dec d      {a=479003577, b=0, c=49, d=23}
9: jnz d -2   {a=479003577, b=0, c=49, d=23}
10: inc a      {a=479003578, b=0, c=49, d=23}
11: dec d      {a=479003578, b=0, c=49, d=22}
9: jnz d -2   {a=479003578, b=0, c=49, d=22}
10: inc a      {a=479003579, b=0, c=49, d=22}
11: dec d      {a=479003579, b=0, c=49, d=21}
9: jnz d -2   {a=479003579, b=0, c=49, d=21}
10: inc a      {a=479003580, b=0, c=49, d=21}
11: dec d      {a=479003580, b=0, c=49, d=20}
9: jnz d -2   {a=479003580, b=0, c=49, d=20}
10: inc a      {a=479003581, b=0, c=49, d=20}
11: dec d      {a=479003581, b=0, c=49, d=19}
9: jnz d -2   {a=479003581, b=0, c=49, d=19}
10: inc a      {a=479003582, b=0, c=49, d=19}
11: dec d      {a=479003582, b=0, c=49, d=18}
9: jnz d -2   {a=479003582, b=0, c=49, d=18}
10: inc a      {a=479003583, b=0, c=49, d=18}
11: dec d      {a=479003583, b=0, c=49, d=17}
9: jnz d -2   {a=479003583, b=0, c=49, d=17}
10: inc a      {a=479003584, b=0, c=49, d=17}
11: dec d      {a=479003584, b=0, c=49, d=16}
9: jnz d -2   {a=479003584, b=0, c=49, d=16}
10: inc a      {a=479003585, b=0, c=49, d=16}
11: dec d      {a=479003585, b=0, c=49, d=15}
9: jnz d -2   {a=479003585, b=0, c=49, d=15}
10: inc a      {a=479003586, b=0, c=49, d=15}
11: dec d      {a=479003586, b=0, c=49, d=14}
9: jnz d -2   {a=479003586, b=0, c=49, d=14}
10: inc a      {a=479003587, b=0, c=49, d=14}
11: dec d      {a=479003587, b=0, c=49, d=13}
9: jnz d -2   {a=479003587, b=0, c=49, d=13}
10: inc a      {a=479003588, b=0, c=49, d=13}
11: dec d      {a=479003588, b=0, c=49, d=12}
9: jnz d -2   {a=479003588, b=0, c=49, d=12}
10: inc a      {a=479003589, b=0, c=49, d=12}
11: dec d      {a=479003589, b=0, c=49, d=11}
9: jnz d -2   {a=479003589, b=0, c=49, d=11}
10: inc a      {a=479003590, b=0, c=49, d=11}
11: dec d      {a=479003590, b=0, c=49, d=10}
9: jnz d -2   {a=479003590, b=0, c=49, d=10}
10: inc a      {a=479003591, b=0, c=49, d=10}
11: dec d      {a=479003591, b=0, c=49, d=9}
9: jnz d -2   {a=479003591, b=0, c=49, d=9}
10: inc a      {a=479003592, b=0, c=49, d=9}
11: dec d      {a=479003592, b=0, c=49, d=8}
9: jnz d -2   {a=479003592, b=0, c=49, d=8}
10: inc a      {a=479003593, b=0, c=49, d=8}
11: dec d      {a=479003593, b=0, c=49, d=7}
9: jnz d -2   {a=479003593, b=0, c=49, d=7}
10: inc a      {a=479003594, b=0, c=49, d=7}
11: dec d      {a=479003594, b=0, c=49, d=6}
9: jnz d -2   {a=479003594, b=0, c=49, d=6}
10: inc a      {a=479003595, b=0, c=49, d=6}
11: dec d      {a=479003595, b=0, c=49, d=5}
9: jnz d -2   {a=479003595, b=0, c=49, d=5}
10: inc a      {a=479003596, b=0, c=49, d=5}
11: dec d      {a=479003596, b=0, c=49, d=4}
9: jnz d -2   {a=479003596, b=0, c=49, d=4}
10: inc a      {a=479003597, b=0, c=49, d=4}
11: dec d      {a=479003597, b=0, c=49, d=3}
9: jnz d -2   {a=479003597, b=0, c=49, d=3}
10: inc a      {a=479003598, b=0, c=49, d=3}
11: dec d      {a=479003598, b=0, c=49, d=2}
9: jnz d -2   {a=479003598, b=0, c=49, d=2}
10: inc a      {a=479003599, b=0, c=49, d=2}
11: dec d      {a=479003599, b=0, c=49, d=1}
9: jnz d -2   {a=479003599, b=0, c=49, d=1}
10: inc a      {a=479003600, b=0, c=49, d=1}
11: dec d      {a=479003600, b=0, c=49, d=0}
12: jnz d -2   {a=479003600, b=0, c=49, d=0}
13: dec c      {a=479003600, b=0, c=48, d=0}
8: jnz c -5   {a=479003600, b=0, c=48, d=0}
9: cpy 80 d   {a=479003600, b=0, c=48, d=80}
10: inc a      {a=479003601, b=0, c=48, d=80}
11: dec d      {a=479003601, b=0, c=48, d=79}
9: jnz d -2   {a=479003601, b=0, c=48, d=79}
10: inc a      {a=479003602, b=0, c=48, d=79}
11: dec d      {a=479003602, b=0, c=48, d=78}
9: jnz d -2   {a=479003602, b=0, c=48, d=78}
10: inc a      {a=479003603, b=0, c=48, d=78}
11: dec d      {a=479003603, b=0, c=48, d=77}
9: jnz d -2   {a=479003603, b=0, c=48, d=77}
10: inc a      {a=479003604, b=0, c=48, d=77}
11: dec d      {a=479003604, b=0, c=48, d=76}
9: jnz d -2   {a=479003604, b=0, c=48, d=76}
10: inc a      {a=479003605, b=0, c=48, d=76}
11: dec d      {a=479003605, b=0, c=48, d=75}
9: jnz d -2   {a=479003605, b=0, c=48, d=75}
10: inc a      {a=479003606, b=0, c=48, d=75}
11: dec d      {a=479003606, b=0, c=48, d=74}
9: jnz d -2   {a=479003606, b=0, c=48, d=74}
10: inc a      {a=479003607, b=0, c=48, d=74}
11: dec d      {a=479003607, b=0, c=48, d=73}
9: jnz d -2   {a=479003607, b=0, c=48, d=73}
10: inc a      {a=479003608, b=0, c=48, d=73}
11: dec d      {a=479003608, b=0, c=48, d=72}
9: jnz d -2   {a=479003608, b=0, c=48, d=72}
10: inc a      {a=479003609, b=0, c=48, d=72}
11: dec d      {a=479003609, b=0, c=48, d=71}
9: jnz d -2   {a=479003609, b=0, c=48, d=71}
10: inc a      {a=479003610, b=0, c=48, d=71}
11: dec d      {a=479003610, b=0, c=48, d=70}
9: jnz d -2   {a=479003610, b=0, c=48, d=70}
10: inc a      {a=479003611, b=0, c=48, d=70}
11: dec d      {a=479003611, b=0, c=48, d=69}
9: jnz d -2   {a=479003611, b=0, c=48, d=69}
10: inc a      {a=479003612, b=0, c=48, d=69}
11: dec d      {a=479003612, b=0, c=48, d=68}
9: jnz d -2   {a=479003612, b=0, c=48, d=68}
10: inc a      {a=479003613, b=0, c=48, d=68}
11: dec d      {a=479003613, b=0, c=48, d=67}
9: jnz d -2   {a=479003613, b=0, c=48, d=67}
10: inc a      {a=479003614, b=0, c=48, d=67}
11: dec d      {a=479003614, b=0, c=48, d=66}
9: jnz d -2   {a=479003614, b=0, c=48, d=66}
10: inc a      {a=479003615, b=0, c=48, d=66}
11: dec d      {a=479003615, b=0, c=48, d=65}
9: jnz d -2   {a=479003615, b=0, c=48, d=65}
10: inc a      {a=479003616, b=0, c=48, d=65}
11: dec d      {a=479003616, b=0, c=48, d=64}
9: jnz d -2   {a=479003616, b=0, c=48, d=64}
10: inc a      {a=479003617, b=0, c=48, d=64}
11: dec d      {a=479003617, b=0, c=48, d=63}
9: jnz d -2   {a=479003617, b=0, c=48, d=63}
10: inc a      {a=479003618, b=0, c=48, d=63}
11: dec d      {a=479003618, b=0, c=48, d=62}
9: jnz d -2   {a=479003618, b=0, c=48, d=62}
10: inc a      {a=479003619, b=0, c=48, d=62}
11: dec d      {a=479003619, b=0, c=48, d=61}
9: jnz d -2   {a=479003619, b=0, c=48, d=61}
10: inc a      {a=479003620, b=0, c=48, d=61}
11: dec d      {a=479003620, b=0, c=48, d=60}
9: jnz d -2   {a=479003620, b=0, c=48, d=60}
10: inc a      {a=479003621, b=0, c=48, d=60}
11: dec d      {a=479003621, b=0, c=48, d=59}
9: jnz d -2   {a=479003621, b=0, c=48, d=59}
10: inc a      {a=479003622, b=0, c=48, d=59}
11: dec d      {a=479003622, b=0, c=48, d=58}
9: jnz d -2   {a=479003622, b=0, c=48, d=58}
10: inc a      {a=479003623, b=0, c=48, d=58}
11: dec d      {a=479003623, b=0, c=48, d=57}
9: jnz d -2   {a=479003623, b=0, c=48, d=57}
10: inc a      {a=479003624, b=0, c=48, d=57}
11: dec d      {a=479003624, b=0, c=48, d=56}
9: jnz d -2   {a=479003624, b=0, c=48, d=56}
10: inc a      {a=479003625, b=0, c=48, d=56}
11: dec d      {a=479003625, b=0, c=48, d=55}
9: jnz d -2   {a=479003625, b=0, c=48, d=55}
10: inc a      {a=479003626, b=0, c=48, d=55}
11: dec d      {a=479003626, b=0, c=48, d=54}
9: jnz d -2   {a=479003626, b=0, c=48, d=54}
10: inc a      {a=479003627, b=0, c=48, d=54}
11: dec d      {a=479003627, b=0, c=48, d=53}
9: jnz d -2   {a=479003627, b=0, c=48, d=53}
10: inc a      {a=479003628, b=0, c=48, d=53}
11: dec d      {a=479003628, b=0, c=48, d=52}
9: jnz d -2   {a=479003628, b=0, c=48, d=52}
10: inc a      {a=479003629, b=0, c=48, d=52}
11: dec d      {a=479003629, b=0, c=48, d=51}
9: jnz d -2   {a=479003629, b=0, c=48, d=51}
10: inc a      {a=479003630, b=0, c=48, d=51}
11: dec d      {a=479003630, b=0, c=48, d=50}
9: jnz d -2   {a=479003630, b=0, c=48, d=50}
10: inc a      {a=479003631, b=0, c=48, d=50}
11: dec d      {a=479003631, b=0, c=48, d=49}
9: jnz d -2   {a=479003631, b=0, c=48, d=49}
10: inc a      {a=479003632, b=0, c=48, d=49}
11: dec d      {a=479003632, b=0, c=48, d=48}
9: jnz d -2   {a=479003632, b=0, c=48, d=48}
10: inc a      {a=479003633, b=0, c=48, d=48}
11: dec d      {a=479003633, b=0, c=48, d=47}
9: jnz d -2   {a=479003633, b=0, c=48, d=47}
10: inc a      {a=479003634, b=0, c=48, d=47}
11: dec d      {a=479003634, b=0, c=48, d=46}
9: jnz d -2   {a=479003634, b=0, c=48, d=46}
10: inc a      {a=479003635, b=0, c=48, d=46}
11: dec d      {a=479003635, b=0, c=48, d=45}
9: jnz d -2   {a=479003635, b=0, c=48, d=45}
10: inc a      {a=479003636, b=0, c=48, d=45}
11: dec d      {a=479003636, b=0, c=48, d=44}
9: jnz d -2   {a=479003636, b=0, c=48, d=44}
10: inc a      {a=479003637, b=0, c=48, d=44}
11: dec d      {a=479003637, b=0, c=48, d=43}
9: jnz d -2   {a=479003637, b=0, c=48, d=43}
10: inc a      {a=479003638, b=0, c=48, d=43}
11: dec d      {a=479003638, b=0, c=48, d=42}
9: jnz d -2   {a=479003638, b=0, c=48, d=42}
10: inc a      {a=479003639, b=0, c=48, d=42}
11: dec d      {a=479003639, b=0, c=48, d=41}
9: jnz d -2   {a=479003639, b=0, c=48, d=41}
10: inc a      {a=479003640, b=0, c=48, d=41}
11: dec d      {a=479003640, b=0, c=48, d=40}
9: jnz d -2   {a=479003640, b=0, c=48, d=40}
10: inc a      {a=479003641, b=0, c=48, d=40}
11: dec d      {a=479003641, b=0, c=48, d=39}
9: jnz d -2   {a=479003641, b=0, c=48, d=39}
10: inc a      {a=479003642, b=0, c=48, d=39}
11: dec d      {a=479003642, b=0, c=48, d=38}
9: jnz d -2   {a=479003642, b=0, c=48, d=38}
10: inc a      {a=479003643, b=0, c=48, d=38}
11: dec d      {a=479003643, b=0, c=48, d=37}
9: jnz d -2   {a=479003643, b=0, c=48, d=37}
10: inc a      {a=479003644, b=0, c=48, d=37}
11: dec d      {a=479003644, b=0, c=48, d=36}
9: jnz d -2   {a=479003644, b=0, c=48, d=36}
10: inc a      {a=479003645, b=0, c=48, d=36}
11: dec d      {a=479003645, b=0, c=48, d=35}
9: jnz d -2   {a=479003645, b=0, c=48, d=35}
10: inc a      {a=479003646, b=0, c=48, d=35}
11: dec d      {a=479003646, b=0, c=48, d=34}
9: jnz d -2   {a=479003646, b=0, c=48, d=34}
10: inc a      {a=479003647, b=0, c=48, d=34}
11: dec d      {a=479003647, b=0, c=48, d=33}
9: jnz d -2   {a=479003647, b=0, c=48, d=33}
10: inc a      {a=479003648, b=0, c=48, d=33}
11: dec d      {a=479003648, b=0, c=48, d=32}
9: jnz d -2   {a=479003648, b=0, c=48, d=32}
10: inc a      {a=479003649, b=0, c=48, d=32}
11: dec d      {a=479003649, b=0, c=48, d=31}
9: jnz d -2   {a=479003649, b=0, c=48, d=31}
10: inc a      {a=479003650, b=0, c=48, d=31}
11: dec d      {a=479003650, b=0, c=48, d=30}
9: jnz d -2   {a=479003650, b=0, c=48, d=30}
10: inc a      {a=479003651, b=0, c=48, d=30}
11: dec d      {a=479003651, b=0, c=48, d=29}
9: jnz d -2   {a=479003651, b=0, c=48, d=29}
10: inc a      {a=479003652, b=0, c=48, d=29}
11: dec d      {a=479003652, b=0, c=48, d=28}
9: jnz d -2   {a=479003652, b=0, c=48, d=28}
10: inc a      {a=479003653, b=0, c=48, d=28}
11: dec d      {a=479003653, b=0, c=48, d=27}
9: jnz d -2   {a=479003653, b=0, c=48, d=27}
10: inc a      {a=479003654, b=0, c=48, d=27}
11: dec d      {a=479003654, b=0, c=48, d=26}
9: jnz d -2   {a=479003654, b=0, c=48, d=26}
10: inc a      {a=479003655, b=0, c=48, d=26}
11: dec d      {a=479003655, b=0, c=48, d=25}
9: jnz d -2   {a=479003655, b=0, c=48, d=25}
10: inc a      {a=479003656, b=0, c=48, d=25}
11: dec d      {a=479003656, b=0, c=48, d=24}
9: jnz d -2   {a=479003656, b=0, c=48, d=24}
10: inc a      {a=479003657, b=0, c=48, d=24}
11: dec d      {a=479003657, b=0, c=48, d=23}
9: jnz d -2   {a=479003657, b=0, c=48, d=23}
10: inc a      {a=479003658, b=0, c=48, d=23}
11: dec d      {a=479003658, b=0, c=48, d=22}
9: jnz d -2   {a=479003658, b=0, c=48, d=22}
10: inc a      {a=479003659, b=0, c=48, d=22}
11: dec d      {a=479003659, b=0, c=48, d=21}
9: jnz d -2   {a=479003659, b=0, c=48, d=21}
10: inc a      {a=479003660, b=0, c=48, d=21}
11: dec d      {a=479003660, b=0, c=48, d=20}
9: jnz d -2   {a=479003660, b=0, c=48, d=20}
10: inc a      {a=479003661, b=0, c=48, d=20}
11: dec d      {a=479003661, b=0, c=48, d=19}
9: jnz d -2   {a=479003661, b=0, c=48, d=19}
10: inc a      {a=479003662, b=0, c=48, d=19}
11: dec d      {a=479003662, b=0, c=48, d=18}
9: jnz d -2   {a=479003662, b=0, c=48, d=18}
10: inc a      {a=479003663, b=0, c=48, d=18}
11: dec d      {a=479003663, b=0, c=48, d=17}
9: jnz d -2   {a=479003663, b=0, c=48, d=17}
10: inc a      {a=479003664, b=0, c=48, d=17}
11: dec d      {a=479003664, b=0, c=48, d=16}
9: jnz d -2   {a=479003664, b=0, c=48, d=16}
10: inc a      {a=479003665, b=0, c=48, d=16}
11: dec d      {a=479003665, b=0, c=48, d=15}
9: jnz d -2   {a=479003665, b=0, c=48, d=15}
10: inc a      {a=479003666, b=0, c=48, d=15}
11: dec d      {a=479003666, b=0, c=48, d=14}
9: jnz d -2   {a=479003666, b=0, c=48, d=14}
10: inc a      {a=479003667, b=0, c=48, d=14}
11: dec d      {a=479003667, b=0, c=48, d=13}
9: jnz d -2   {a=479003667, b=0, c=48, d=13}
10: inc a      {a=479003668, b=0, c=48, d=13}
11: dec d      {a=479003668, b=0, c=48, d=12}
9: jnz d -2   {a=479003668, b=0, c=48, d=12}
10: inc a      {a=479003669, b=0, c=48, d=12}
11: dec d      {a=479003669, b=0, c=48, d=11}
9: jnz d -2   {a=479003669, b=0, c=48, d=11}
10: inc a      {a=479003670, b=0, c=48, d=11}
11: dec d      {a=479003670, b=0, c=48, d=10}
9: jnz d -2   {a=479003670, b=0, c=48, d=10}
10: inc a      {a=479003671, b=0, c=48, d=10}
11: dec d      {a=479003671, b=0, c=48, d=9}
9: jnz d -2   {a=479003671, b=0, c=48, d=9}
10: inc a      {a=479003672, b=0, c=48, d=9}
11: dec d      {a=479003672, b=0, c=48, d=8}
9: jnz d -2   {a=479003672, b=0, c=48, d=8}
10: inc a      {a=479003673, b=0, c=48, d=8}
11: dec d      {a=479003673, b=0, c=48, d=7}
9: jnz d -2   {a=479003673, b=0, c=48, d=7}
10: inc a      {a=479003674, b=0, c=48, d=7}
11: dec d      {a=479003674, b=0, c=48, d=6}
9: jnz d -2   {a=479003674, b=0, c=48, d=6}
10: inc a      {a=479003675, b=0, c=48, d=6}
11: dec d      {a=479003675, b=0, c=48, d=5}
9: jnz d -2   {a=479003675, b=0, c=48, d=5}
10: inc a      {a=479003676, b=0, c=48, d=5}
11: dec d      {a=479003676, b=0, c=48, d=4}
9: jnz d -2   {a=479003676, b=0, c=48, d=4}
10: inc a      {a=479003677, b=0, c=48, d=4}
11: dec d      {a=479003677, b=0, c=48, d=3}
9: jnz d -2   {a=479003677, b=0, c=48, d=3}
10: inc a      {a=479003678, b=0, c=48, d=3}
11: dec d      {a=479003678, b=0, c=48, d=2}
9: jnz d -2   {a=479003678, b=0, c=48, d=2}
10: inc a      {a=479003679, b=0, c=48, d=2}
11: dec d      {a=479003679, b=0, c=48, d=1}
9: jnz d -2   {a=479003679, b=0, c=48, d=1}
10: inc a      {a=479003680, b=0, c=48, d=1}
11: dec d      {a=479003680, b=0, c=48, d=0}
12: jnz d -2   {a=479003680, b=0, c=48, d=0}
13: dec c      {a=479003680, b=0, c=47, d=0}
8: jnz c -5   {a=479003680, b=0, c=47, d=0}
9: cpy 80 d   {a=479003680, b=0, c=47, d=80}
10: inc a      {a=479003681, b=0, c=47, d=80}
11: dec d      {a=479003681, b=0, c=47, d=79}
9: jnz d -2   {a=479003681, b=0, c=47, d=79}
10: inc a      {a=479003682, b=0, c=47, d=79}
11: dec d      {a=479003682, b=0, c=47, d=78}
9: jnz d -2   {a=479003682, b=0, c=47, d=78}
10: inc a      {a=479003683, b=0, c=47, d=78}
11: dec d      {a=479003683, b=0, c=47, d=77}
9: jnz d -2   {a=479003683, b=0, c=47, d=77}
10: inc a      {a=479003684, b=0, c=47, d=77}
11: dec d      {a=479003684, b=0, c=47, d=76}
9: jnz d -2   {a=479003684, b=0, c=47, d=76}
10: inc a      {a=479003685, b=0, c=47, d=76}
11: dec d      {a=479003685, b=0, c=47, d=75}
9: jnz d -2   {a=479003685, b=0, c=47, d=75}
10: inc a      {a=479003686, b=0, c=47, d=75}
11: dec d      {a=479003686, b=0, c=47, d=74}
9: jnz d -2   {a=479003686, b=0, c=47, d=74}
10: inc a      {a=479003687, b=0, c=47, d=74}
11: dec d      {a=479003687, b=0, c=47, d=73}
9: jnz d -2   {a=479003687, b=0, c=47, d=73}
10: inc a      {a=479003688, b=0, c=47, d=73}
11: dec d      {a=479003688, b=0, c=47, d=72}
9: jnz d -2   {a=479003688, b=0, c=47, d=72}
10: inc a      {a=479003689, b=0, c=47, d=72}
11: dec d      {a=479003689, b=0, c=47, d=71}
9: jnz d -2   {a=479003689, b=0, c=47, d=71}
10: inc a      {a=479003690, b=0, c=47, d=71}
11: dec d      {a=479003690, b=0, c=47, d=70}
9: jnz d -2   {a=479003690, b=0, c=47, d=70}
10: inc a      {a=479003691, b=0, c=47, d=70}
11: dec d      {a=479003691, b=0, c=47, d=69}
9: jnz d -2   {a=479003691, b=0, c=47, d=69}
10: inc a      {a=479003692, b=0, c=47, d=69}
11: dec d      {a=479003692, b=0, c=47, d=68}
9: jnz d -2   {a=479003692, b=0, c=47, d=68}
10: inc a      {a=479003693, b=0, c=47, d=68}
11: dec d      {a=479003693, b=0, c=47, d=67}
9: jnz d -2   {a=479003693, b=0, c=47, d=67}
10: inc a      {a=479003694, b=0, c=47, d=67}
11: dec d      {a=479003694, b=0, c=47, d=66}
9: jnz d -2   {a=479003694, b=0, c=47, d=66}
10: inc a      {a=479003695, b=0, c=47, d=66}
11: dec d      {a=479003695, b=0, c=47, d=65}
9: jnz d -2   {a=479003695, b=0, c=47, d=65}
10: inc a      {a=479003696, b=0, c=47, d=65}
11: dec d      {a=479003696, b=0, c=47, d=64}
9: jnz d -2   {a=479003696, b=0, c=47, d=64}
10: inc a      {a=479003697, b=0, c=47, d=64}
11: dec d      {a=479003697, b=0, c=47, d=63}
9: jnz d -2   {a=479003697, b=0, c=47, d=63}
10: inc a      {a=479003698, b=0, c=47, d=63}
11: dec d      {a=479003698, b=0, c=47, d=62}
9: jnz d -2   {a=479003698, b=0, c=47, d=62}
10: inc a      {a=479003699, b=0, c=47, d=62}
11: dec d      {a=479003699, b=0, c=47, d=61}
9: jnz d -2   {a=479003699, b=0, c=47, d=61}
10: inc a      {a=479003700, b=0, c=47, d=61}
11: dec d      {a=479003700, b=0, c=47, d=60}
9: jnz d -2   {a=479003700, b=0, c=47, d=60}
10: inc a      {a=479003701, b=0, c=47, d=60}
11: dec d      {a=479003701, b=0, c=47, d=59}
9: jnz d -2   {a=479003701, b=0, c=47, d=59}
10: inc a      {a=479003702, b=0, c=47, d=59}
11: dec d      {a=479003702, b=0, c=47, d=58}
9: jnz d -2   {a=479003702, b=0, c=47, d=58}
10: inc a      {a=479003703, b=0, c=47, d=58}
11: dec d      {a=479003703, b=0, c=47, d=57}
9: jnz d -2   {a=479003703, b=0, c=47, d=57}
10: inc a      {a=479003704, b=0, c=47, d=57}
11: dec d      {a=479003704, b=0, c=47, d=56}
9: jnz d -2   {a=479003704, b=0, c=47, d=56}
10: inc a      {a=479003705, b=0, c=47, d=56}
11: dec d      {a=479003705, b=0, c=47, d=55}
9: jnz d -2   {a=479003705, b=0, c=47, d=55}
10: inc a      {a=479003706, b=0, c=47, d=55}
11: dec d      {a=479003706, b=0, c=47, d=54}
9: jnz d -2   {a=479003706, b=0, c=47, d=54}
10: inc a      {a=479003707, b=0, c=47, d=54}
11: dec d      {a=479003707, b=0, c=47, d=53}
9: jnz d -2   {a=479003707, b=0, c=47, d=53}
10: inc a      {a=479003708, b=0, c=47, d=53}
11: dec d      {a=479003708, b=0, c=47, d=52}
9: jnz d -2   {a=479003708, b=0, c=47, d=52}
10: inc a      {a=479003709, b=0, c=47, d=52}
11: dec d      {a=479003709, b=0, c=47, d=51}
9: jnz d -2   {a=479003709, b=0, c=47, d=51}
10: inc a      {a=479003710, b=0, c=47, d=51}
11: dec d      {a=479003710, b=0, c=47, d=50}
9: jnz d -2   {a=479003710, b=0, c=47, d=50}
10: inc a      {a=479003711, b=0, c=47, d=50}
11: dec d      {a=479003711, b=0, c=47, d=49}
9: jnz d -2   {a=479003711, b=0, c=47, d=49}
10: inc a      {a=479003712, b=0, c=47, d=49}
11: dec d      {a=479003712, b=0, c=47, d=48}
9: jnz d -2   {a=479003712, b=0, c=47, d=48}
10: inc a      {a=479003713, b=0, c=47, d=48}
11: dec d      {a=479003713, b=0, c=47, d=47}
9: jnz d -2   {a=479003713, b=0, c=47, d=47}
10: inc a      {a=479003714, b=0, c=47, d=47}
11: dec d      {a=479003714, b=0, c=47, d=46}
9: jnz d -2   {a=479003714, b=0, c=47, d=46}
10: inc a      {a=479003715, b=0, c=47, d=46}
11: dec d      {a=479003715, b=0, c=47, d=45}
9: jnz d -2   {a=479003715, b=0, c=47, d=45}
10: inc a      {a=479003716, b=0, c=47, d=45}
11: dec d      {a=479003716, b=0, c=47, d=44}
9: jnz d -2   {a=479003716, b=0, c=47, d=44}
10: inc a      {a=479003717, b=0, c=47, d=44}
11: dec d      {a=479003717, b=0, c=47, d=43}
9: jnz d -2   {a=479003717, b=0, c=47, d=43}
10: inc a      {a=479003718, b=0, c=47, d=43}
11: dec d      {a=479003718, b=0, c=47, d=42}
9: jnz d -2   {a=479003718, b=0, c=47, d=42}
10: inc a      {a=479003719, b=0, c=47, d=42}
11: dec d      {a=479003719, b=0, c=47, d=41}
9: jnz d -2   {a=479003719, b=0, c=47, d=41}
10: inc a      {a=479003720, b=0, c=47, d=41}
11: dec d      {a=479003720, b=0, c=47, d=40}
9: jnz d -2   {a=479003720, b=0, c=47, d=40}
10: inc a      {a=479003721, b=0, c=47, d=40}
11: dec d      {a=479003721, b=0, c=47, d=39}
9: jnz d -2   {a=479003721, b=0, c=47, d=39}
10: inc a      {a=479003722, b=0, c=47, d=39}
11: dec d      {a=479003722, b=0, c=47, d=38}
9: jnz d -2   {a=479003722, b=0, c=47, d=38}
10: inc a      {a=479003723, b=0, c=47, d=38}
11: dec d      {a=479003723, b=0, c=47, d=37}
9: jnz d -2   {a=479003723, b=0, c=47, d=37}
10: inc a      {a=479003724, b=0, c=47, d=37}
11: dec d      {a=479003724, b=0, c=47, d=36}
9: jnz d -2   {a=479003724, b=0, c=47, d=36}
10: inc a      {a=479003725, b=0, c=47, d=36}
11: dec d      {a=479003725, b=0, c=47, d=35}
9: jnz d -2   {a=479003725, b=0, c=47, d=35}
10: inc a      {a=479003726, b=0, c=47, d=35}
11: dec d      {a=479003726, b=0, c=47, d=34}
9: jnz d -2   {a=479003726, b=0, c=47, d=34}
10: inc a      {a=479003727, b=0, c=47, d=34}
11: dec d      {a=479003727, b=0, c=47, d=33}
9: jnz d -2   {a=479003727, b=0, c=47, d=33}
10: inc a      {a=479003728, b=0, c=47, d=33}
11: dec d      {a=479003728, b=0, c=47, d=32}
9: jnz d -2   {a=479003728, b=0, c=47, d=32}
10: inc a      {a=479003729, b=0, c=47, d=32}
11: dec d      {a=479003729, b=0, c=47, d=31}
9: jnz d -2   {a=479003729, b=0, c=47, d=31}
10: inc a      {a=479003730, b=0, c=47, d=31}
11: dec d      {a=479003730, b=0, c=47, d=30}
9: jnz d -2   {a=479003730, b=0, c=47, d=30}
10: inc a      {a=479003731, b=0, c=47, d=30}
11: dec d      {a=479003731, b=0, c=47, d=29}
9: jnz d -2   {a=479003731, b=0, c=47, d=29}
10: inc a      {a=479003732, b=0, c=47, d=29}
11: dec d      {a=479003732, b=0, c=47, d=28}
9: jnz d -2   {a=479003732, b=0, c=47, d=28}
10: inc a      {a=479003733, b=0, c=47, d=28}
11: dec d      {a=479003733, b=0, c=47, d=27}
9: jnz d -2   {a=479003733, b=0, c=47, d=27}
10: inc a      {a=479003734, b=0, c=47, d=27}
11: dec d      {a=479003734, b=0, c=47, d=26}
9: jnz d -2   {a=479003734, b=0, c=47, d=26}
10: inc a      {a=479003735, b=0, c=47, d=26}
11: dec d      {a=479003735, b=0, c=47, d=25}
9: jnz d -2   {a=479003735, b=0, c=47, d=25}
10: inc a      {a=479003736, b=0, c=47, d=25}
11: dec d      {a=479003736, b=0, c=47, d=24}
9: jnz d -2   {a=479003736, b=0, c=47, d=24}
10: inc a      {a=479003737, b=0, c=47, d=24}
11: dec d      {a=479003737, b=0, c=47, d=23}
9: jnz d -2   {a=479003737, b=0, c=47, d=23}
10: inc a      {a=479003738, b=0, c=47, d=23}
11: dec d      {a=479003738, b=0, c=47, d=22}
9: jnz d -2   {a=479003738, b=0, c=47, d=22}
10: inc a      {a=479003739, b=0, c=47, d=22}
11: dec d      {a=479003739, b=0, c=47, d=21}
9: jnz d -2   {a=479003739, b=0, c=47, d=21}
10: inc a      {a=479003740, b=0, c=47, d=21}
11: dec d      {a=479003740, b=0, c=47, d=20}
9: jnz d -2   {a=479003740, b=0, c=47, d=20}
10: inc a      {a=479003741, b=0, c=47, d=20}
11: dec d      {a=479003741, b=0, c=47, d=19}
9: jnz d -2   {a=479003741, b=0, c=47, d=19}
10: inc a      {a=479003742, b=0, c=47, d=19}
11: dec d      {a=479003742, b=0, c=47, d=18}
9: jnz d -2   {a=479003742, b=0, c=47, d=18}
10: inc a      {a=479003743, b=0, c=47, d=18}
11: dec d      {a=479003743, b=0, c=47, d=17}
9: jnz d -2   {a=479003743, b=0, c=47, d=17}
10: inc a      {a=479003744, b=0, c=47, d=17}
11: dec d      {a=479003744, b=0, c=47, d=16}
9: jnz d -2   {a=479003744, b=0, c=47, d=16}
10: inc a      {a=479003745, b=0, c=47, d=16}
11: dec d      {a=479003745, b=0, c=47, d=15}
9: jnz d -2   {a=479003745, b=0, c=47, d=15}
10: inc a      {a=479003746, b=0, c=47, d=15}
11: dec d      {a=479003746, b=0, c=47, d=14}
9: jnz d -2   {a=479003746, b=0, c=47, d=14}
10: inc a      {a=479003747, b=0, c=47, d=14}
11: dec d      {a=479003747, b=0, c=47, d=13}
9: jnz d -2   {a=479003747, b=0, c=47, d=13}
10: inc a      {a=479003748, b=0, c=47, d=13}
11: dec d      {a=479003748, b=0, c=47, d=12}
9: jnz d -2   {a=479003748, b=0, c=47, d=12}
10: inc a      {a=479003749, b=0, c=47, d=12}
11: dec d      {a=479003749, b=0, c=47, d=11}
9: jnz d -2   {a=479003749, b=0, c=47, d=11}
10: inc a      {a=479003750, b=0, c=47, d=11}
11: dec d      {a=479003750, b=0, c=47, d=10}
9: jnz d -2   {a=479003750, b=0, c=47, d=10}
10: inc a      {a=479003751, b=0, c=47, d=10}
11: dec d      {a=479003751, b=0, c=47, d=9}
9: jnz d -2   {a=479003751, b=0, c=47, d=9}
10: inc a      {a=479003752, b=0, c=47, d=9}
11: dec d      {a=479003752, b=0, c=47, d=8}
9: jnz d -2   {a=479003752, b=0, c=47, d=8}
10: inc a      {a=479003753, b=0, c=47, d=8}
11: dec d      {a=479003753, b=0, c=47, d=7}
9: jnz d -2   {a=479003753, b=0, c=47, d=7}
10: inc a      {a=479003754, b=0, c=47, d=7}
11: dec d      {a=479003754, b=0, c=47, d=6}
9: jnz d -2   {a=479003754, b=0, c=47, d=6}
10: inc a      {a=479003755, b=0, c=47, d=6}
11: dec d      {a=479003755, b=0, c=47, d=5}
9: jnz d -2   {a=479003755, b=0, c=47, d=5}
10: inc a      {a=479003756, b=0, c=47, d=5}
11: dec d      {a=479003756, b=0, c=47, d=4}
9: jnz d -2   {a=479003756, b=0, c=47, d=4}
10: inc a      {a=479003757, b=0, c=47, d=4}
11: dec d      {a=479003757, b=0, c=47, d=3}
9: jnz d -2   {a=479003757, b=0, c=47, d=3}
10: inc a      {a=479003758, b=0, c=47, d=3}
11: dec d      {a=479003758, b=0, c=47, d=2}
9: jnz d -2   {a=479003758, b=0, c=47, d=2}
10: inc a      {a=479003759, b=0, c=47, d=2}
11: dec d      {a=479003759, b=0, c=47, d=1}
9: jnz d -2   {a=479003759, b=0, c=47, d=1}
10: inc a      {a=479003760, b=0, c=47, d=1}
11: dec d      {a=479003760, b=0, c=47, d=0}
12: jnz d -2   {a=479003760, b=0, c=47, d=0}
13: dec c      {a=479003760, b=0, c=46, d=0}
8: jnz c -5   {a=479003760, b=0, c=46, d=0}
9: cpy 80 d   {a=479003760, b=0, c=46, d=80}
10: inc a      {a=479003761, b=0, c=46, d=80}
11: dec d      {a=479003761, b=0, c=46, d=79}
9: jnz d -2   {a=479003761, b=0, c=46, d=79}
10: inc a      {a=479003762, b=0, c=46, d=79}
11: dec d      {a=479003762, b=0, c=46, d=78}
9: jnz d -2   {a=479003762, b=0, c=46, d=78}
10: inc a      {a=479003763, b=0, c=46, d=78}
11: dec d      {a=479003763, b=0, c=46, d=77}
9: jnz d -2   {a=479003763, b=0, c=46, d=77}
10: inc a      {a=479003764, b=0, c=46, d=77}
11: dec d      {a=479003764, b=0, c=46, d=76}
9: jnz d -2   {a=479003764, b=0, c=46, d=76}
10: inc a      {a=479003765, b=0, c=46, d=76}
11: dec d      {a=479003765, b=0, c=46, d=75}
9: jnz d -2   {a=479003765, b=0, c=46, d=75}
10: inc a      {a=479003766, b=0, c=46, d=75}
11: dec d      {a=479003766, b=0, c=46, d=74}
9: jnz d -2   {a=479003766, b=0, c=46, d=74}
10: inc a      {a=479003767, b=0, c=46, d=74}
11: dec d      {a=479003767, b=0, c=46, d=73}
9: jnz d -2   {a=479003767, b=0, c=46, d=73}
10: inc a      {a=479003768, b=0, c=46, d=73}
11: dec d      {a=479003768, b=0, c=46, d=72}
9: jnz d -2   {a=479003768, b=0, c=46, d=72}
10: inc a      {a=479003769, b=0, c=46, d=72}
11: dec d      {a=479003769, b=0, c=46, d=71}
9: jnz d -2   {a=479003769, b=0, c=46, d=71}
10: inc a      {a=479003770, b=0, c=46, d=71}
11: dec d      {a=479003770, b=0, c=46, d=70}
9: jnz d -2   {a=479003770, b=0, c=46, d=70}
10: inc a      {a=479003771, b=0, c=46, d=70}
11: dec d      {a=479003771, b=0, c=46, d=69}
9: jnz d -2   {a=479003771, b=0, c=46, d=69}
10: inc a      {a=479003772, b=0, c=46, d=69}
11: dec d      {a=479003772, b=0, c=46, d=68}
9: jnz d -2   {a=479003772, b=0, c=46, d=68}
10: inc a      {a=479003773, b=0, c=46, d=68}
11: dec d      {a=479003773, b=0, c=46, d=67}
9: jnz d -2   {a=479003773, b=0, c=46, d=67}
10: inc a      {a=479003774, b=0, c=46, d=67}
11: dec d      {a=479003774, b=0, c=46, d=66}
9: jnz d -2   {a=479003774, b=0, c=46, d=66}
10: inc a      {a=479003775, b=0, c=46, d=66}
11: dec d      {a=479003775, b=0, c=46, d=65}
9: jnz d -2   {a=479003775, b=0, c=46, d=65}
10: inc a      {a=479003776, b=0, c=46, d=65}
11: dec d      {a=479003776, b=0, c=46, d=64}
9: jnz d -2   {a=479003776, b=0, c=46, d=64}
10: inc a      {a=479003777, b=0, c=46, d=64}
11: dec d      {a=479003777, b=0, c=46, d=63}
9: jnz d -2   {a=479003777, b=0, c=46, d=63}
10: inc a      {a=479003778, b=0, c=46, d=63}
11: dec d      {a=479003778, b=0, c=46, d=62}
9: jnz d -2   {a=479003778, b=0, c=46, d=62}
10: inc a      {a=479003779, b=0, c=46, d=62}
11: dec d      {a=479003779, b=0, c=46, d=61}
9: jnz d -2   {a=479003779, b=0, c=46, d=61}
10: inc a      {a=479003780, b=0, c=46, d=61}
11: dec d      {a=479003780, b=0, c=46, d=60}
9: jnz d -2   {a=479003780, b=0, c=46, d=60}
10: inc a      {a=479003781, b=0, c=46, d=60}
11: dec d      {a=479003781, b=0, c=46, d=59}
9: jnz d -2   {a=479003781, b=0, c=46, d=59}
10: inc a      {a=479003782, b=0, c=46, d=59}
11: dec d      {a=479003782, b=0, c=46, d=58}
9: jnz d -2   {a=479003782, b=0, c=46, d=58}
10: inc a      {a=479003783, b=0, c=46, d=58}
11: dec d      {a=479003783, b=0, c=46, d=57}
9: jnz d -2   {a=479003783, b=0, c=46, d=57}
10: inc a      {a=479003784, b=0, c=46, d=57}
11: dec d      {a=479003784, b=0, c=46, d=56}
9: jnz d -2   {a=479003784, b=0, c=46, d=56}
10: inc a      {a=479003785, b=0, c=46, d=56}
11: dec d      {a=479003785, b=0, c=46, d=55}
9: jnz d -2   {a=479003785, b=0, c=46, d=55}
10: inc a      {a=479003786, b=0, c=46, d=55}
11: dec d      {a=479003786, b=0, c=46, d=54}
9: jnz d -2   {a=479003786, b=0, c=46, d=54}
10: inc a      {a=479003787, b=0, c=46, d=54}
11: dec d      {a=479003787, b=0, c=46, d=53}
9: jnz d -2   {a=479003787, b=0, c=46, d=53}
10: inc a      {a=479003788, b=0, c=46, d=53}
11: dec d      {a=479003788, b=0, c=46, d=52}
9: jnz d -2   {a=479003788, b=0, c=46, d=52}
10: inc a      {a=479003789, b=0, c=46, d=52}
11: dec d      {a=479003789, b=0, c=46, d=51}
9: jnz d -2   {a=479003789, b=0, c=46, d=51}
10: inc a      {a=479003790, b=0, c=46, d=51}
11: dec d      {a=479003790, b=0, c=46, d=50}
9: jnz d -2   {a=479003790, b=0, c=46, d=50}
10: inc a      {a=479003791, b=0, c=46, d=50}
11: dec d      {a=479003791, b=0, c=46, d=49}
9: jnz d -2   {a=479003791, b=0, c=46, d=49}
10: inc a      {a=479003792, b=0, c=46, d=49}
11: dec d      {a=479003792, b=0, c=46, d=48}
9: jnz d -2   {a=479003792, b=0, c=46, d=48}
10: inc a      {a=479003793, b=0, c=46, d=48}
11: dec d      {a=479003793, b=0, c=46, d=47}
9: jnz d -2   {a=479003793, b=0, c=46, d=47}
10: inc a      {a=479003794, b=0, c=46, d=47}
11: dec d      {a=479003794, b=0, c=46, d=46}
9: jnz d -2   {a=479003794, b=0, c=46, d=46}
10: inc a      {a=479003795, b=0, c=46, d=46}
11: dec d      {a=479003795, b=0, c=46, d=45}
9: jnz d -2   {a=479003795, b=0, c=46, d=45}
10: inc a      {a=479003796, b=0, c=46, d=45}
11: dec d      {a=479003796, b=0, c=46, d=44}
9: jnz d -2   {a=479003796, b=0, c=46, d=44}
10: inc a      {a=479003797, b=0, c=46, d=44}
11: dec d      {a=479003797, b=0, c=46, d=43}
9: jnz d -2   {a=479003797, b=0, c=46, d=43}
10: inc a      {a=479003798, b=0, c=46, d=43}
11: dec d      {a=479003798, b=0, c=46, d=42}
9: jnz d -2   {a=479003798, b=0, c=46, d=42}
10: inc a      {a=479003799, b=0, c=46, d=42}
11: dec d      {a=479003799, b=0, c=46, d=41}
9: jnz d -2   {a=479003799, b=0, c=46, d=41}
10: inc a      {a=479003800, b=0, c=46, d=41}
11: dec d      {a=479003800, b=0, c=46, d=40}
9: jnz d -2   {a=479003800, b=0, c=46, d=40}
10: inc a      {a=479003801, b=0, c=46, d=40}
11: dec d      {a=479003801, b=0, c=46, d=39}
9: jnz d -2   {a=479003801, b=0, c=46, d=39}
10: inc a      {a=479003802, b=0, c=46, d=39}
11: dec d      {a=479003802, b=0, c=46, d=38}
9: jnz d -2   {a=479003802, b=0, c=46, d=38}
10: inc a      {a=479003803, b=0, c=46, d=38}
11: dec d      {a=479003803, b=0, c=46, d=37}
9: jnz d -2   {a=479003803, b=0, c=46, d=37}
10: inc a      {a=479003804, b=0, c=46, d=37}
11: dec d      {a=479003804, b=0, c=46, d=36}
9: jnz d -2   {a=479003804, b=0, c=46, d=36}
10: inc a      {a=479003805, b=0, c=46, d=36}
11: dec d      {a=479003805, b=0, c=46, d=35}
9: jnz d -2   {a=479003805, b=0, c=46, d=35}
10: inc a      {a=479003806, b=0, c=46, d=35}
11: dec d      {a=479003806, b=0, c=46, d=34}
9: jnz d -2   {a=479003806, b=0, c=46, d=34}
10: inc a      {a=479003807, b=0, c=46, d=34}
11: dec d      {a=479003807, b=0, c=46, d=33}
9: jnz d -2   {a=479003807, b=0, c=46, d=33}
10: inc a      {a=479003808, b=0, c=46, d=33}
11: dec d      {a=479003808, b=0, c=46, d=32}
9: jnz d -2   {a=479003808, b=0, c=46, d=32}
10: inc a      {a=479003809, b=0, c=46, d=32}
11: dec d      {a=479003809, b=0, c=46, d=31}
9: jnz d -2   {a=479003809, b=0, c=46, d=31}
10: inc a      {a=479003810, b=0, c=46, d=31}
11: dec d      {a=479003810, b=0, c=46, d=30}
9: jnz d -2   {a=479003810, b=0, c=46, d=30}
10: inc a      {a=479003811, b=0, c=46, d=30}
11: dec d      {a=479003811, b=0, c=46, d=29}
9: jnz d -2   {a=479003811, b=0, c=46, d=29}
10: inc a      {a=479003812, b=0, c=46, d=29}
11: dec d      {a=479003812, b=0, c=46, d=28}
9: jnz d -2   {a=479003812, b=0, c=46, d=28}
10: inc a      {a=479003813, b=0, c=46, d=28}
11: dec d      {a=479003813, b=0, c=46, d=27}
9: jnz d -2   {a=479003813, b=0, c=46, d=27}
10: inc a      {a=479003814, b=0, c=46, d=27}
11: dec d      {a=479003814, b=0, c=46, d=26}
9: jnz d -2   {a=479003814, b=0, c=46, d=26}
10: inc a      {a=479003815, b=0, c=46, d=26}
11: dec d      {a=479003815, b=0, c=46, d=25}
9: jnz d -2   {a=479003815, b=0, c=46, d=25}
10: inc a      {a=479003816, b=0, c=46, d=25}
11: dec d      {a=479003816, b=0, c=46, d=24}
9: jnz d -2   {a=479003816, b=0, c=46, d=24}
10: inc a      {a=479003817, b=0, c=46, d=24}
11: dec d      {a=479003817, b=0, c=46, d=23}
9: jnz d -2   {a=479003817, b=0, c=46, d=23}
10: inc a      {a=479003818, b=0, c=46, d=23}
11: dec d      {a=479003818, b=0, c=46, d=22}
9: jnz d -2   {a=479003818, b=0, c=46, d=22}
10: inc a      {a=479003819, b=0, c=46, d=22}
11: dec d      {a=479003819, b=0, c=46, d=21}
9: jnz d -2   {a=479003819, b=0, c=46, d=21}
10: inc a      {a=479003820, b=0, c=46, d=21}
11: dec d      {a=479003820, b=0, c=46, d=20}
9: jnz d -2   {a=479003820, b=0, c=46, d=20}
10: inc a      {a=479003821, b=0, c=46, d=20}
11: dec d      {a=479003821, b=0, c=46, d=19}
9: jnz d -2   {a=479003821, b=0, c=46, d=19}
10: inc a      {a=479003822, b=0, c=46, d=19}
11: dec d      {a=479003822, b=0, c=46, d=18}
9: jnz d -2   {a=479003822, b=0, c=46, d=18}
10: inc a      {a=479003823, b=0, c=46, d=18}
11: dec d      {a=479003823, b=0, c=46, d=17}
9: jnz d -2   {a=479003823, b=0, c=46, d=17}
10: inc a      {a=479003824, b=0, c=46, d=17}
11: dec d      {a=479003824, b=0, c=46, d=16}
9: jnz d -2   {a=479003824, b=0, c=46, d=16}
10: inc a      {a=479003825, b=0, c=46, d=16}
11: dec d      {a=479003825, b=0, c=46, d=15}
9: jnz d -2   {a=479003825, b=0, c=46, d=15}
10: inc a      {a=479003826, b=0, c=46, d=15}
11: dec d      {a=479003826, b=0, c=46, d=14}
9: jnz d -2   {a=479003826, b=0, c=46, d=14}
10: inc a      {a=479003827, b=0, c=46, d=14}
11: dec d      {a=479003827, b=0, c=46, d=13}
9: jnz d -2   {a=479003827, b=0, c=46, d=13}
10: inc a      {a=479003828, b=0, c=46, d=13}
11: dec d      {a=479003828, b=0, c=46, d=12}
9: jnz d -2   {a=479003828, b=0, c=46, d=12}
10: inc a      {a=479003829, b=0, c=46, d=12}
11: dec d      {a=479003829, b=0, c=46, d=11}
9: jnz d -2   {a=479003829, b=0, c=46, d=11}
10: inc a      {a=479003830, b=0, c=46, d=11}
11: dec d      {a=479003830, b=0, c=46, d=10}
9: jnz d -2   {a=479003830, b=0, c=46, d=10}
10: inc a      {a=479003831, b=0, c=46, d=10}
11: dec d      {a=479003831, b=0, c=46, d=9}
9: jnz d -2   {a=479003831, b=0, c=46, d=9}
10: inc a      {a=479003832, b=0, c=46, d=9}
11: dec d      {a=479003832, b=0, c=46, d=8}
9: jnz d -2   {a=479003832, b=0, c=46, d=8}
10: inc a      {a=479003833, b=0, c=46, d=8}
11: dec d      {a=479003833, b=0, c=46, d=7}
9: jnz d -2   {a=479003833, b=0, c=46, d=7}
10: inc a      {a=479003834, b=0, c=46, d=7}
11: dec d      {a=479003834, b=0, c=46, d=6}
9: jnz d -2   {a=479003834, b=0, c=46, d=6}
10: inc a      {a=479003835, b=0, c=46, d=6}
11: dec d      {a=479003835, b=0, c=46, d=5}
9: jnz d -2   {a=479003835, b=0, c=46, d=5}
10: inc a      {a=479003836, b=0, c=46, d=5}
11: dec d      {a=479003836, b=0, c=46, d=4}
9: jnz d -2   {a=479003836, b=0, c=46, d=4}
10: inc a      {a=479003837, b=0, c=46, d=4}
11: dec d      {a=479003837, b=0, c=46, d=3}
9: jnz d -2   {a=479003837, b=0, c=46, d=3}
10: inc a      {a=479003838, b=0, c=46, d=3}
11: dec d      {a=479003838, b=0, c=46, d=2}
9: jnz d -2   {a=479003838, b=0, c=46, d=2}
10: inc a      {a=479003839, b=0, c=46, d=2}
11: dec d      {a=479003839, b=0, c=46, d=1}
9: jnz d -2   {a=479003839, b=0, c=46, d=1}
10: inc a      {a=479003840, b=0, c=46, d=1}
11: dec d      {a=479003840, b=0, c=46, d=0}
12: jnz d -2   {a=479003840, b=0, c=46, d=0}
13: dec c      {a=479003840, b=0, c=45, d=0}
8: jnz c -5   {a=479003840, b=0, c=45, d=0}
9: cpy 80 d   {a=479003840, b=0, c=45, d=80}
10: inc a      {a=479003841, b=0, c=45, d=80}
11: dec d      {a=479003841, b=0, c=45, d=79}
9: jnz d -2   {a=479003841, b=0, c=45, d=79}
10: inc a      {a=479003842, b=0, c=45, d=79}
11: dec d      {a=479003842, b=0, c=45, d=78}
9: jnz d -2   {a=479003842, b=0, c=45, d=78}
10: inc a      {a=479003843, b=0, c=45, d=78}
11: dec d      {a=479003843, b=0, c=45, d=77}
9: jnz d -2   {a=479003843, b=0, c=45, d=77}
10: inc a      {a=479003844, b=0, c=45, d=77}
11: dec d      {a=479003844, b=0, c=45, d=76}
9: jnz d -2   {a=479003844, b=0, c=45, d=76}
10: inc a      {a=479003845, b=0, c=45, d=76}
11: dec d      {a=479003845, b=0, c=45, d=75}
9: jnz d -2   {a=479003845, b=0, c=45, d=75}
10: inc a      {a=479003846, b=0, c=45, d=75}
11: dec d      {a=479003846, b=0, c=45, d=74}
9: jnz d -2   {a=479003846, b=0, c=45, d=74}
10: inc a      {a=479003847, b=0, c=45, d=74}
11: dec d      {a=479003847, b=0, c=45, d=73}
9: jnz d -2   {a=479003847, b=0, c=45, d=73}
10: inc a      {a=479003848, b=0, c=45, d=73}
11: dec d      {a=479003848, b=0, c=45, d=72}
9: jnz d -2   {a=479003848, b=0, c=45, d=72}
10: inc a      {a=479003849, b=0, c=45, d=72}
11: dec d      {a=479003849, b=0, c=45, d=71}
9: jnz d -2   {a=479003849, b=0, c=45, d=71}
10: inc a      {a=479003850, b=0, c=45, d=71}
11: dec d      {a=479003850, b=0, c=45, d=70}
9: jnz d -2   {a=479003850, b=0, c=45, d=70}
10: inc a      {a=479003851, b=0, c=45, d=70}
11: dec d      {a=479003851, b=0, c=45, d=69}
9: jnz d -2   {a=479003851, b=0, c=45, d=69}
10: inc a      {a=479003852, b=0, c=45, d=69}
11: dec d      {a=479003852, b=0, c=45, d=68}
9: jnz d -2   {a=479003852, b=0, c=45, d=68}
10: inc a      {a=479003853, b=0, c=45, d=68}
11: dec d      {a=479003853, b=0, c=45, d=67}
9: jnz d -2   {a=479003853, b=0, c=45, d=67}
10: inc a      {a=479003854, b=0, c=45, d=67}
11: dec d      {a=479003854, b=0, c=45, d=66}
9: jnz d -2   {a=479003854, b=0, c=45, d=66}
10: inc a      {a=479003855, b=0, c=45, d=66}
11: dec d      {a=479003855, b=0, c=45, d=65}
9: jnz d -2   {a=479003855, b=0, c=45, d=65}
10: inc a      {a=479003856, b=0, c=45, d=65}
11: dec d      {a=479003856, b=0, c=45, d=64}
9: jnz d -2   {a=479003856, b=0, c=45, d=64}
10: inc a      {a=479003857, b=0, c=45, d=64}
11: dec d      {a=479003857, b=0, c=45, d=63}
9: jnz d -2   {a=479003857, b=0, c=45, d=63}
10: inc a      {a=479003858, b=0, c=45, d=63}
11: dec d      {a=479003858, b=0, c=45, d=62}
9: jnz d -2   {a=479003858, b=0, c=45, d=62}
10: inc a      {a=479003859, b=0, c=45, d=62}
11: dec d      {a=479003859, b=0, c=45, d=61}
9: jnz d -2   {a=479003859, b=0, c=45, d=61}
10: inc a      {a=479003860, b=0, c=45, d=61}
11: dec d      {a=479003860, b=0, c=45, d=60}
9: jnz d -2   {a=479003860, b=0, c=45, d=60}
10: inc a      {a=479003861, b=0, c=45, d=60}
11: dec d      {a=479003861, b=0, c=45, d=59}
9: jnz d -2   {a=479003861, b=0, c=45, d=59}
10: inc a      {a=479003862, b=0, c=45, d=59}
11: dec d      {a=479003862, b=0, c=45, d=58}
9: jnz d -2   {a=479003862, b=0, c=45, d=58}
10: inc a      {a=479003863, b=0, c=45, d=58}
11: dec d      {a=479003863, b=0, c=45, d=57}
9: jnz d -2   {a=479003863, b=0, c=45, d=57}
10: inc a      {a=479003864, b=0, c=45, d=57}
11: dec d      {a=479003864, b=0, c=45, d=56}
9: jnz d -2   {a=479003864, b=0, c=45, d=56}
10: inc a      {a=479003865, b=0, c=45, d=56}
11: dec d      {a=479003865, b=0, c=45, d=55}
9: jnz d -2   {a=479003865, b=0, c=45, d=55}
10: inc a      {a=479003866, b=0, c=45, d=55}
11: dec d      {a=479003866, b=0, c=45, d=54}
9: jnz d -2   {a=479003866, b=0, c=45, d=54}
10: inc a      {a=479003867, b=0, c=45, d=54}
11: dec d      {a=479003867, b=0, c=45, d=53}
9: jnz d -2   {a=479003867, b=0, c=45, d=53}
10: inc a      {a=479003868, b=0, c=45, d=53}
11: dec d      {a=479003868, b=0, c=45, d=52}
9: jnz d -2   {a=479003868, b=0, c=45, d=52}
10: inc a      {a=479003869, b=0, c=45, d=52}
11: dec d      {a=479003869, b=0, c=45, d=51}
9: jnz d -2   {a=479003869, b=0, c=45, d=51}
10: inc a      {a=479003870, b=0, c=45, d=51}
11: dec d      {a=479003870, b=0, c=45, d=50}
9: jnz d -2   {a=479003870, b=0, c=45, d=50}
10: inc a      {a=479003871, b=0, c=45, d=50}
11: dec d      {a=479003871, b=0, c=45, d=49}
9: jnz d -2   {a=479003871, b=0, c=45, d=49}
10: inc a      {a=479003872, b=0, c=45, d=49}
11: dec d      {a=479003872, b=0, c=45, d=48}
9: jnz d -2   {a=479003872, b=0, c=45, d=48}
10: inc a      {a=479003873, b=0, c=45, d=48}
11: dec d      {a=479003873, b=0, c=45, d=47}
9: jnz d -2   {a=479003873, b=0, c=45, d=47}
10: inc a      {a=479003874, b=0, c=45, d=47}
11: dec d      {a=479003874, b=0, c=45, d=46}
9: jnz d -2   {a=479003874, b=0, c=45, d=46}
10: inc a      {a=479003875, b=0, c=45, d=46}
11: dec d      {a=479003875, b=0, c=45, d=45}
9: jnz d -2   {a=479003875, b=0, c=45, d=45}
10: inc a      {a=479003876, b=0, c=45, d=45}
11: dec d      {a=479003876, b=0, c=45, d=44}
9: jnz d -2   {a=479003876, b=0, c=45, d=44}
10: inc a      {a=479003877, b=0, c=45, d=44}
11: dec d      {a=479003877, b=0, c=45, d=43}
9: jnz d -2   {a=479003877, b=0, c=45, d=43}
10: inc a      {a=479003878, b=0, c=45, d=43}
11: dec d      {a=479003878, b=0, c=45, d=42}
9: jnz d -2   {a=479003878, b=0, c=45, d=42}
10: inc a      {a=479003879, b=0, c=45, d=42}
11: dec d      {a=479003879, b=0, c=45, d=41}
9: jnz d -2   {a=479003879, b=0, c=45, d=41}
10: inc a      {a=479003880, b=0, c=45, d=41}
11: dec d      {a=479003880, b=0, c=45, d=40}
9: jnz d -2   {a=479003880, b=0, c=45, d=40}
10: inc a      {a=479003881, b=0, c=45, d=40}
11: dec d      {a=479003881, b=0, c=45, d=39}
9: jnz d -2   {a=479003881, b=0, c=45, d=39}
10: inc a      {a=479003882, b=0, c=45, d=39}
11: dec d      {a=479003882, b=0, c=45, d=38}
9: jnz d -2   {a=479003882, b=0, c=45, d=38}
10: inc a      {a=479003883, b=0, c=45, d=38}
11: dec d      {a=479003883, b=0, c=45, d=37}
9: jnz d -2   {a=479003883, b=0, c=45, d=37}
10: inc a      {a=479003884, b=0, c=45, d=37}
11: dec d      {a=479003884, b=0, c=45, d=36}
9: jnz d -2   {a=479003884, b=0, c=45, d=36}
10: inc a      {a=479003885, b=0, c=45, d=36}
11: dec d      {a=479003885, b=0, c=45, d=35}
9: jnz d -2   {a=479003885, b=0, c=45, d=35}
10: inc a      {a=479003886, b=0, c=45, d=35}
11: dec d      {a=479003886, b=0, c=45, d=34}
9: jnz d -2   {a=479003886, b=0, c=45, d=34}
10: inc a      {a=479003887, b=0, c=45, d=34}
11: dec d      {a=479003887, b=0, c=45, d=33}
9: jnz d -2   {a=479003887, b=0, c=45, d=33}
10: inc a      {a=479003888, b=0, c=45, d=33}
11: dec d      {a=479003888, b=0, c=45, d=32}
9: jnz d -2   {a=479003888, b=0, c=45, d=32}
10: inc a      {a=479003889, b=0, c=45, d=32}
11: dec d      {a=479003889, b=0, c=45, d=31}
9: jnz d -2   {a=479003889, b=0, c=45, d=31}
10: inc a      {a=479003890, b=0, c=45, d=31}
11: dec d      {a=479003890, b=0, c=45, d=30}
9: jnz d -2   {a=479003890, b=0, c=45, d=30}
10: inc a      {a=479003891, b=0, c=45, d=30}
11: dec d      {a=479003891, b=0, c=45, d=29}
9: jnz d -2   {a=479003891, b=0, c=45, d=29}
10: inc a      {a=479003892, b=0, c=45, d=29}
11: dec d      {a=479003892, b=0, c=45, d=28}
9: jnz d -2   {a=479003892, b=0, c=45, d=28}
10: inc a      {a=479003893, b=0, c=45, d=28}
11: dec d      {a=479003893, b=0, c=45, d=27}
9: jnz d -2   {a=479003893, b=0, c=45, d=27}
10: inc a      {a=479003894, b=0, c=45, d=27}
11: dec d      {a=479003894, b=0, c=45, d=26}
9: jnz d -2   {a=479003894, b=0, c=45, d=26}
10: inc a      {a=479003895, b=0, c=45, d=26}
11: dec d      {a=479003895, b=0, c=45, d=25}
9: jnz d -2   {a=479003895, b=0, c=45, d=25}
10: inc a      {a=479003896, b=0, c=45, d=25}
11: dec d      {a=479003896, b=0, c=45, d=24}
9: jnz d -2   {a=479003896, b=0, c=45, d=24}
10: inc a      {a=479003897, b=0, c=45, d=24}
11: dec d      {a=479003897, b=0, c=45, d=23}
9: jnz d -2   {a=479003897, b=0, c=45, d=23}
10: inc a      {a=479003898, b=0, c=45, d=23}
11: dec d      {a=479003898, b=0, c=45, d=22}
9: jnz d -2   {a=479003898, b=0, c=45, d=22}
10: inc a      {a=479003899, b=0, c=45, d=22}
11: dec d      {a=479003899, b=0, c=45, d=21}
9: jnz d -2   {a=479003899, b=0, c=45, d=21}
10: inc a      {a=479003900, b=0, c=45, d=21}
11: dec d      {a=479003900, b=0, c=45, d=20}
9: jnz d -2   {a=479003900, b=0, c=45, d=20}
10: inc a      {a=479003901, b=0, c=45, d=20}
11: dec d      {a=479003901, b=0, c=45, d=19}
9: jnz d -2   {a=479003901, b=0, c=45, d=19}
10: inc a      {a=479003902, b=0, c=45, d=19}
11: dec d      {a=479003902, b=0, c=45, d=18}
9: jnz d -2   {a=479003902, b=0, c=45, d=18}
10: inc a      {a=479003903, b=0, c=45, d=18}
11: dec d      {a=479003903, b=0, c=45, d=17}
9: jnz d -2   {a=479003903, b=0, c=45, d=17}
10: inc a      {a=479003904, b=0, c=45, d=17}
11: dec d      {a=479003904, b=0, c=45, d=16}
9: jnz d -2   {a=479003904, b=0, c=45, d=16}
10: inc a      {a=479003905, b=0, c=45, d=16}
11: dec d      {a=479003905, b=0, c=45, d=15}
9: jnz d -2   {a=479003905, b=0, c=45, d=15}
10: inc a      {a=479003906, b=0, c=45, d=15}
11: dec d      {a=479003906, b=0, c=45, d=14}
9: jnz d -2   {a=479003906, b=0, c=45, d=14}
10: inc a      {a=479003907, b=0, c=45, d=14}
11: dec d      {a=479003907, b=0, c=45, d=13}
9: jnz d -2   {a=479003907, b=0, c=45, d=13}
10: inc a      {a=479003908, b=0, c=45, d=13}
11: dec d      {a=479003908, b=0, c=45, d=12}
9: jnz d -2   {a=479003908, b=0, c=45, d=12}
10: inc a      {a=479003909, b=0, c=45, d=12}
11: dec d      {a=479003909, b=0, c=45, d=11}
9: jnz d -2   {a=479003909, b=0, c=45, d=11}
10: inc a      {a=479003910, b=0, c=45, d=11}
11: dec d      {a=479003910, b=0, c=45, d=10}
9: jnz d -2   {a=479003910, b=0, c=45, d=10}
10: inc a      {a=479003911, b=0, c=45, d=10}
11: dec d      {a=479003911, b=0, c=45, d=9}
9: jnz d -2   {a=479003911, b=0, c=45, d=9}
10: inc a      {a=479003912, b=0, c=45, d=9}
11: dec d      {a=479003912, b=0, c=45, d=8}
9: jnz d -2   {a=479003912, b=0, c=45, d=8}
10: inc a      {a=479003913, b=0, c=45, d=8}
11: dec d      {a=479003913, b=0, c=45, d=7}
9: jnz d -2   {a=479003913, b=0, c=45, d=7}
10: inc a      {a=479003914, b=0, c=45, d=7}
11: dec d      {a=479003914, b=0, c=45, d=6}
9: jnz d -2   {a=479003914, b=0, c=45, d=6}
10: inc a      {a=479003915, b=0, c=45, d=6}
11: dec d      {a=479003915, b=0, c=45, d=5}
9: jnz d -2   {a=479003915, b=0, c=45, d=5}
10: inc a      {a=479003916, b=0, c=45, d=5}
11: dec d      {a=479003916, b=0, c=45, d=4}
9: jnz d -2   {a=479003916, b=0, c=45, d=4}
10: inc a      {a=479003917, b=0, c=45, d=4}
11: dec d      {a=479003917, b=0, c=45, d=3}
9: jnz d -2   {a=479003917, b=0, c=45, d=3}
10: inc a      {a=479003918, b=0, c=45, d=3}
11: dec d      {a=479003918, b=0, c=45, d=2}
9: jnz d -2   {a=479003918, b=0, c=45, d=2}
10: inc a      {a=479003919, b=0, c=45, d=2}
11: dec d      {a=479003919, b=0, c=45, d=1}
9: jnz d -2   {a=479003919, b=0, c=45, d=1}
10: inc a      {a=479003920, b=0, c=45, d=1}
11: dec d      {a=479003920, b=0, c=45, d=0}
12: jnz d -2   {a=479003920, b=0, c=45, d=0}
13: dec c      {a=479003920, b=0, c=44, d=0}
8: jnz c -5   {a=479003920, b=0, c=44, d=0}
9: cpy 80 d   {a=479003920, b=0, c=44, d=80}
10: inc a      {a=479003921, b=0, c=44, d=80}
11: dec d      {a=479003921, b=0, c=44, d=79}
9: jnz d -2   {a=479003921, b=0, c=44, d=79}
10: inc a      {a=479003922, b=0, c=44, d=79}
11: dec d      {a=479003922, b=0, c=44, d=78}
9: jnz d -2   {a=479003922, b=0, c=44, d=78}
10: inc a      {a=479003923, b=0, c=44, d=78}
11: dec d      {a=479003923, b=0, c=44, d=77}
9: jnz d -2   {a=479003923, b=0, c=44, d=77}
10: inc a      {a=479003924, b=0, c=44, d=77}
11: dec d      {a=479003924, b=0, c=44, d=76}
9: jnz d -2   {a=479003924, b=0, c=44, d=76}
10: inc a      {a=479003925, b=0, c=44, d=76}
11: dec d      {a=479003925, b=0, c=44, d=75}
9: jnz d -2   {a=479003925, b=0, c=44, d=75}
10: inc a      {a=479003926, b=0, c=44, d=75}
11: dec d      {a=479003926, b=0, c=44, d=74}
9: jnz d -2   {a=479003926, b=0, c=44, d=74}
10: inc a      {a=479003927, b=0, c=44, d=74}
11: dec d      {a=479003927, b=0, c=44, d=73}
9: jnz d -2   {a=479003927, b=0, c=44, d=73}
10: inc a      {a=479003928, b=0, c=44, d=73}
11: dec d      {a=479003928, b=0, c=44, d=72}
9: jnz d -2   {a=479003928, b=0, c=44, d=72}
10: inc a      {a=479003929, b=0, c=44, d=72}
11: dec d      {a=479003929, b=0, c=44, d=71}
9: jnz d -2   {a=479003929, b=0, c=44, d=71}
10: inc a      {a=479003930, b=0, c=44, d=71}
11: dec d      {a=479003930, b=0, c=44, d=70}
9: jnz d -2   {a=479003930, b=0, c=44, d=70}
10: inc a      {a=479003931, b=0, c=44, d=70}
11: dec d      {a=479003931, b=0, c=44, d=69}
9: jnz d -2   {a=479003931, b=0, c=44, d=69}
10: inc a      {a=479003932, b=0, c=44, d=69}
11: dec d      {a=479003932, b=0, c=44, d=68}
9: jnz d -2   {a=479003932, b=0, c=44, d=68}
10: inc a      {a=479003933, b=0, c=44, d=68}
11: dec d      {a=479003933, b=0, c=44, d=67}
9: jnz d -2   {a=479003933, b=0, c=44, d=67}
10: inc a      {a=479003934, b=0, c=44, d=67}
11: dec d      {a=479003934, b=0, c=44, d=66}
9: jnz d -2   {a=479003934, b=0, c=44, d=66}
10: inc a      {a=479003935, b=0, c=44, d=66}
11: dec d      {a=479003935, b=0, c=44, d=65}
9: jnz d -2   {a=479003935, b=0, c=44, d=65}
10: inc a      {a=479003936, b=0, c=44, d=65}
11: dec d      {a=479003936, b=0, c=44, d=64}
9: jnz d -2   {a=479003936, b=0, c=44, d=64}
10: inc a      {a=479003937, b=0, c=44, d=64}
11: dec d      {a=479003937, b=0, c=44, d=63}
9: jnz d -2   {a=479003937, b=0, c=44, d=63}
10: inc a      {a=479003938, b=0, c=44, d=63}
11: dec d      {a=479003938, b=0, c=44, d=62}
9: jnz d -2   {a=479003938, b=0, c=44, d=62}
10: inc a      {a=479003939, b=0, c=44, d=62}
11: dec d      {a=479003939, b=0, c=44, d=61}
9: jnz d -2   {a=479003939, b=0, c=44, d=61}
10: inc a      {a=479003940, b=0, c=44, d=61}
11: dec d      {a=479003940, b=0, c=44, d=60}
9: jnz d -2   {a=479003940, b=0, c=44, d=60}
10: inc a      {a=479003941, b=0, c=44, d=60}
11: dec d      {a=479003941, b=0, c=44, d=59}
9: jnz d -2   {a=479003941, b=0, c=44, d=59}
10: inc a      {a=479003942, b=0, c=44, d=59}
11: dec d      {a=479003942, b=0, c=44, d=58}
9: jnz d -2   {a=479003942, b=0, c=44, d=58}
10: inc a      {a=479003943, b=0, c=44, d=58}
11: dec d      {a=479003943, b=0, c=44, d=57}
9: jnz d -2   {a=479003943, b=0, c=44, d=57}
10: inc a      {a=479003944, b=0, c=44, d=57}
11: dec d      {a=479003944, b=0, c=44, d=56}
9: jnz d -2   {a=479003944, b=0, c=44, d=56}
10: inc a      {a=479003945, b=0, c=44, d=56}
11: dec d      {a=479003945, b=0, c=44, d=55}
9: jnz d -2   {a=479003945, b=0, c=44, d=55}
10: inc a      {a=479003946, b=0, c=44, d=55}
11: dec d      {a=479003946, b=0, c=44, d=54}
9: jnz d -2   {a=479003946, b=0, c=44, d=54}
10: inc a      {a=479003947, b=0, c=44, d=54}
11: dec d      {a=479003947, b=0, c=44, d=53}
9: jnz d -2   {a=479003947, b=0, c=44, d=53}
10: inc a      {a=479003948, b=0, c=44, d=53}
11: dec d      {a=479003948, b=0, c=44, d=52}
9: jnz d -2   {a=479003948, b=0, c=44, d=52}
10: inc a      {a=479003949, b=0, c=44, d=52}
11: dec d      {a=479003949, b=0, c=44, d=51}
9: jnz d -2   {a=479003949, b=0, c=44, d=51}
10: inc a      {a=479003950, b=0, c=44, d=51}
11: dec d      {a=479003950, b=0, c=44, d=50}
9: jnz d -2   {a=479003950, b=0, c=44, d=50}
10: inc a      {a=479003951, b=0, c=44, d=50}
11: dec d      {a=479003951, b=0, c=44, d=49}
9: jnz d -2   {a=479003951, b=0, c=44, d=49}
10: inc a      {a=479003952, b=0, c=44, d=49}
11: dec d      {a=479003952, b=0, c=44, d=48}
9: jnz d -2   {a=479003952, b=0, c=44, d=48}
10: inc a      {a=479003953, b=0, c=44, d=48}
11: dec d      {a=479003953, b=0, c=44, d=47}
9: jnz d -2   {a=479003953, b=0, c=44, d=47}
10: inc a      {a=479003954, b=0, c=44, d=47}
11: dec d      {a=479003954, b=0, c=44, d=46}
9: jnz d -2   {a=479003954, b=0, c=44, d=46}
10: inc a      {a=479003955, b=0, c=44, d=46}
11: dec d      {a=479003955, b=0, c=44, d=45}
9: jnz d -2   {a=479003955, b=0, c=44, d=45}
10: inc a      {a=479003956, b=0, c=44, d=45}
11: dec d      {a=479003956, b=0, c=44, d=44}
9: jnz d -2   {a=479003956, b=0, c=44, d=44}
10: inc a      {a=479003957, b=0, c=44, d=44}
11: dec d      {a=479003957, b=0, c=44, d=43}
9: jnz d -2   {a=479003957, b=0, c=44, d=43}
10: inc a      {a=479003958, b=0, c=44, d=43}
11: dec d      {a=479003958, b=0, c=44, d=42}
9: jnz d -2   {a=479003958, b=0, c=44, d=42}
10: inc a      {a=479003959, b=0, c=44, d=42}
11: dec d      {a=479003959, b=0, c=44, d=41}
9: jnz d -2   {a=479003959, b=0, c=44, d=41}
10: inc a      {a=479003960, b=0, c=44, d=41}
11: dec d      {a=479003960, b=0, c=44, d=40}
9: jnz d -2   {a=479003960, b=0, c=44, d=40}
10: inc a      {a=479003961, b=0, c=44, d=40}
11: dec d      {a=479003961, b=0, c=44, d=39}
9: jnz d -2   {a=479003961, b=0, c=44, d=39}
10: inc a      {a=479003962, b=0, c=44, d=39}
11: dec d      {a=479003962, b=0, c=44, d=38}
9: jnz d -2   {a=479003962, b=0, c=44, d=38}
10: inc a      {a=479003963, b=0, c=44, d=38}
11: dec d      {a=479003963, b=0, c=44, d=37}
9: jnz d -2   {a=479003963, b=0, c=44, d=37}
10: inc a      {a=479003964, b=0, c=44, d=37}
11: dec d      {a=479003964, b=0, c=44, d=36}
9: jnz d -2   {a=479003964, b=0, c=44, d=36}
10: inc a      {a=479003965, b=0, c=44, d=36}
11: dec d      {a=479003965, b=0, c=44, d=35}
9: jnz d -2   {a=479003965, b=0, c=44, d=35}
10: inc a      {a=479003966, b=0, c=44, d=35}
11: dec d      {a=479003966, b=0, c=44, d=34}
9: jnz d -2   {a=479003966, b=0, c=44, d=34}
10: inc a      {a=479003967, b=0, c=44, d=34}
11: dec d      {a=479003967, b=0, c=44, d=33}
9: jnz d -2   {a=479003967, b=0, c=44, d=33}
10: inc a      {a=479003968, b=0, c=44, d=33}
11: dec d      {a=479003968, b=0, c=44, d=32}
9: jnz d -2   {a=479003968, b=0, c=44, d=32}
10: inc a      {a=479003969, b=0, c=44, d=32}
11: dec d      {a=479003969, b=0, c=44, d=31}
9: jnz d -2   {a=479003969, b=0, c=44, d=31}
10: inc a      {a=479003970, b=0, c=44, d=31}
11: dec d      {a=479003970, b=0, c=44, d=30}
9: jnz d -2   {a=479003970, b=0, c=44, d=30}
10: inc a      {a=479003971, b=0, c=44, d=30}
11: dec d      {a=479003971, b=0, c=44, d=29}
9: jnz d -2   {a=479003971, b=0, c=44, d=29}
10: inc a      {a=479003972, b=0, c=44, d=29}
11: dec d      {a=479003972, b=0, c=44, d=28}
9: jnz d -2   {a=479003972, b=0, c=44, d=28}
10: inc a      {a=479003973, b=0, c=44, d=28}
11: dec d      {a=479003973, b=0, c=44, d=27}
9: jnz d -2   {a=479003973, b=0, c=44, d=27}
10: inc a      {a=479003974, b=0, c=44, d=27}
11: dec d      {a=479003974, b=0, c=44, d=26}
9: jnz d -2   {a=479003974, b=0, c=44, d=26}
10: inc a      {a=479003975, b=0, c=44, d=26}
11: dec d      {a=479003975, b=0, c=44, d=25}
9: jnz d -2   {a=479003975, b=0, c=44, d=25}
10: inc a      {a=479003976, b=0, c=44, d=25}
11: dec d      {a=479003976, b=0, c=44, d=24}
9: jnz d -2   {a=479003976, b=0, c=44, d=24}
10: inc a      {a=479003977, b=0, c=44, d=24}
11: dec d      {a=479003977, b=0, c=44, d=23}
9: jnz d -2   {a=479003977, b=0, c=44, d=23}
10: inc a      {a=479003978, b=0, c=44, d=23}
11: dec d      {a=479003978, b=0, c=44, d=22}
9: jnz d -2   {a=479003978, b=0, c=44, d=22}
10: inc a      {a=479003979, b=0, c=44, d=22}
11: dec d      {a=479003979, b=0, c=44, d=21}
9: jnz d -2   {a=479003979, b=0, c=44, d=21}
10: inc a      {a=479003980, b=0, c=44, d=21}
11: dec d      {a=479003980, b=0, c=44, d=20}
9: jnz d -2   {a=479003980, b=0, c=44, d=20}
10: inc a      {a=479003981, b=0, c=44, d=20}
11: dec d      {a=479003981, b=0, c=44, d=19}
9: jnz d -2   {a=479003981, b=0, c=44, d=19}
10: inc a      {a=479003982, b=0, c=44, d=19}
11: dec d      {a=479003982, b=0, c=44, d=18}
9: jnz d -2   {a=479003982, b=0, c=44, d=18}
10: inc a      {a=479003983, b=0, c=44, d=18}
11: dec d      {a=479003983, b=0, c=44, d=17}
9: jnz d -2   {a=479003983, b=0, c=44, d=17}
10: inc a      {a=479003984, b=0, c=44, d=17}
11: dec d      {a=479003984, b=0, c=44, d=16}
9: jnz d -2   {a=479003984, b=0, c=44, d=16}
10: inc a      {a=479003985, b=0, c=44, d=16}
11: dec d      {a=479003985, b=0, c=44, d=15}
9: jnz d -2   {a=479003985, b=0, c=44, d=15}
10: inc a      {a=479003986, b=0, c=44, d=15}
11: dec d      {a=479003986, b=0, c=44, d=14}
9: jnz d -2   {a=479003986, b=0, c=44, d=14}
10: inc a      {a=479003987, b=0, c=44, d=14}
11: dec d      {a=479003987, b=0, c=44, d=13}
9: jnz d -2   {a=479003987, b=0, c=44, d=13}
10: inc a      {a=479003988, b=0, c=44, d=13}
11: dec d      {a=479003988, b=0, c=44, d=12}
9: jnz d -2   {a=479003988, b=0, c=44, d=12}
10: inc a      {a=479003989, b=0, c=44, d=12}
11: dec d      {a=479003989, b=0, c=44, d=11}
9: jnz d -2   {a=479003989, b=0, c=44, d=11}
10: inc a      {a=479003990, b=0, c=44, d=11}
11: dec d      {a=479003990, b=0, c=44, d=10}
9: jnz d -2   {a=479003990, b=0, c=44, d=10}
10: inc a      {a=479003991, b=0, c=44, d=10}
11: dec d      {a=479003991, b=0, c=44, d=9}
9: jnz d -2   {a=479003991, b=0, c=44, d=9}
10: inc a      {a=479003992, b=0, c=44, d=9}
11: dec d      {a=479003992, b=0, c=44, d=8}
9: jnz d -2   {a=479003992, b=0, c=44, d=8}
10: inc a      {a=479003993, b=0, c=44, d=8}
11: dec d      {a=479003993, b=0, c=44, d=7}
9: jnz d -2   {a=479003993, b=0, c=44, d=7}
10: inc a      {a=479003994, b=0, c=44, d=7}
11: dec d      {a=479003994, b=0, c=44, d=6}
9: jnz d -2   {a=479003994, b=0, c=44, d=6}
10: inc a      {a=479003995, b=0, c=44, d=6}
11: dec d      {a=479003995, b=0, c=44, d=5}
9: jnz d -2   {a=479003995, b=0, c=44, d=5}
10: inc a      {a=479003996, b=0, c=44, d=5}
11: dec d      {a=479003996, b=0, c=44, d=4}
9: jnz d -2   {a=479003996, b=0, c=44, d=4}
10: inc a      {a=479003997, b=0, c=44, d=4}
11: dec d      {a=479003997, b=0, c=44, d=3}
9: jnz d -2   {a=479003997, b=0, c=44, d=3}
10: inc a      {a=479003998, b=0, c=44, d=3}
11: dec d      {a=479003998, b=0, c=44, d=2}
9: jnz d -2   {a=479003998, b=0, c=44, d=2}
10: inc a      {a=479003999, b=0, c=44, d=2}
11: dec d      {a=479003999, b=0, c=44, d=1}
9: jnz d -2   {a=479003999, b=0, c=44, d=1}
10: inc a      {a=479004000, b=0, c=44, d=1}
11: dec d      {a=479004000, b=0, c=44, d=0}
12: jnz d -2   {a=479004000, b=0, c=44, d=0}
13: dec c      {a=479004000, b=0, c=43, d=0}
8: jnz c -5   {a=479004000, b=0, c=43, d=0}
9: cpy 80 d   {a=479004000, b=0, c=43, d=80}
10: inc a      {a=479004001, b=0, c=43, d=80}
11: dec d      {a=479004001, b=0, c=43, d=79}
9: jnz d -2   {a=479004001, b=0, c=43, d=79}
10: inc a      {a=479004002, b=0, c=43, d=79}
11: dec d      {a=479004002, b=0, c=43, d=78}
9: jnz d -2   {a=479004002, b=0, c=43, d=78}
10: inc a      {a=479004003, b=0, c=43, d=78}
11: dec d      {a=479004003, b=0, c=43, d=77}
9: jnz d -2   {a=479004003, b=0, c=43, d=77}
10: inc a      {a=479004004, b=0, c=43, d=77}
11: dec d      {a=479004004, b=0, c=43, d=76}
9: jnz d -2   {a=479004004, b=0, c=43, d=76}
10: inc a      {a=479004005, b=0, c=43, d=76}
11: dec d      {a=479004005, b=0, c=43, d=75}
9: jnz d -2   {a=479004005, b=0, c=43, d=75}
10: inc a      {a=479004006, b=0, c=43, d=75}
11: dec d      {a=479004006, b=0, c=43, d=74}
9: jnz d -2   {a=479004006, b=0, c=43, d=74}
10: inc a      {a=479004007, b=0, c=43, d=74}
11: dec d      {a=479004007, b=0, c=43, d=73}
9: jnz d -2   {a=479004007, b=0, c=43, d=73}
10: inc a      {a=479004008, b=0, c=43, d=73}
11: dec d      {a=479004008, b=0, c=43, d=72}
9: jnz d -2   {a=479004008, b=0, c=43, d=72}
10: inc a      {a=479004009, b=0, c=43, d=72}
11: dec d      {a=479004009, b=0, c=43, d=71}
9: jnz d -2   {a=479004009, b=0, c=43, d=71}
10: inc a      {a=479004010, b=0, c=43, d=71}
11: dec d      {a=479004010, b=0, c=43, d=70}
9: jnz d -2   {a=479004010, b=0, c=43, d=70}
10: inc a      {a=479004011, b=0, c=43, d=70}
11: dec d      {a=479004011, b=0, c=43, d=69}
9: jnz d -2   {a=479004011, b=0, c=43, d=69}
10: inc a      {a=479004012, b=0, c=43, d=69}
11: dec d      {a=479004012, b=0, c=43, d=68}
9: jnz d -2   {a=479004012, b=0, c=43, d=68}
10: inc a      {a=479004013, b=0, c=43, d=68}
11: dec d      {a=479004013, b=0, c=43, d=67}
9: jnz d -2   {a=479004013, b=0, c=43, d=67}
10: inc a      {a=479004014, b=0, c=43, d=67}
11: dec d      {a=479004014, b=0, c=43, d=66}
9: jnz d -2   {a=479004014, b=0, c=43, d=66}
10: inc a      {a=479004015, b=0, c=43, d=66}
11: dec d      {a=479004015, b=0, c=43, d=65}
9: jnz d -2   {a=479004015, b=0, c=43, d=65}
10: inc a      {a=479004016, b=0, c=43, d=65}
11: dec d      {a=479004016, b=0, c=43, d=64}
9: jnz d -2   {a=479004016, b=0, c=43, d=64}
10: inc a      {a=479004017, b=0, c=43, d=64}
11: dec d      {a=479004017, b=0, c=43, d=63}
9: jnz d -2   {a=479004017, b=0, c=43, d=63}
10: inc a      {a=479004018, b=0, c=43, d=63}
11: dec d      {a=479004018, b=0, c=43, d=62}
9: jnz d -2   {a=479004018, b=0, c=43, d=62}
10: inc a      {a=479004019, b=0, c=43, d=62}
11: dec d      {a=479004019, b=0, c=43, d=61}
9: jnz d -2   {a=479004019, b=0, c=43, d=61}
10: inc a      {a=479004020, b=0, c=43, d=61}
11: dec d      {a=479004020, b=0, c=43, d=60}
9: jnz d -2   {a=479004020, b=0, c=43, d=60}
10: inc a      {a=479004021, b=0, c=43, d=60}
11: dec d      {a=479004021, b=0, c=43, d=59}
9: jnz d -2   {a=479004021, b=0, c=43, d=59}
10: inc a      {a=479004022, b=0, c=43, d=59}
11: dec d      {a=479004022, b=0, c=43, d=58}
9: jnz d -2   {a=479004022, b=0, c=43, d=58}
10: inc a      {a=479004023, b=0, c=43, d=58}
11: dec d      {a=479004023, b=0, c=43, d=57}
9: jnz d -2   {a=479004023, b=0, c=43, d=57}
10: inc a      {a=479004024, b=0, c=43, d=57}
11: dec d      {a=479004024, b=0, c=43, d=56}
9: jnz d -2   {a=479004024, b=0, c=43, d=56}
10: inc a      {a=479004025, b=0, c=43, d=56}
11: dec d      {a=479004025, b=0, c=43, d=55}
9: jnz d -2   {a=479004025, b=0, c=43, d=55}
10: inc a      {a=479004026, b=0, c=43, d=55}
11: dec d      {a=479004026, b=0, c=43, d=54}
9: jnz d -2   {a=479004026, b=0, c=43, d=54}
10: inc a      {a=479004027, b=0, c=43, d=54}
11: dec d      {a=479004027, b=0, c=43, d=53}
9: jnz d -2   {a=479004027, b=0, c=43, d=53}
10: inc a      {a=479004028, b=0, c=43, d=53}
11: dec d      {a=479004028, b=0, c=43, d=52}
9: jnz d -2   {a=479004028, b=0, c=43, d=52}
10: inc a      {a=479004029, b=0, c=43, d=52}
11: dec d      {a=479004029, b=0, c=43, d=51}
9: jnz d -2   {a=479004029, b=0, c=43, d=51}
10: inc a      {a=479004030, b=0, c=43, d=51}
11: dec d      {a=479004030, b=0, c=43, d=50}
9: jnz d -2   {a=479004030, b=0, c=43, d=50}
10: inc a      {a=479004031, b=0, c=43, d=50}
11: dec d      {a=479004031, b=0, c=43, d=49}
9: jnz d -2   {a=479004031, b=0, c=43, d=49}
10: inc a      {a=479004032, b=0, c=43, d=49}
11: dec d      {a=479004032, b=0, c=43, d=48}
9: jnz d -2   {a=479004032, b=0, c=43, d=48}
10: inc a      {a=479004033, b=0, c=43, d=48}
11: dec d      {a=479004033, b=0, c=43, d=47}
9: jnz d -2   {a=479004033, b=0, c=43, d=47}
10: inc a      {a=479004034, b=0, c=43, d=47}
11: dec d      {a=479004034, b=0, c=43, d=46}
9: jnz d -2   {a=479004034, b=0, c=43, d=46}
10: inc a      {a=479004035, b=0, c=43, d=46}
11: dec d      {a=479004035, b=0, c=43, d=45}
9: jnz d -2   {a=479004035, b=0, c=43, d=45}
10: inc a      {a=479004036, b=0, c=43, d=45}
11: dec d      {a=479004036, b=0, c=43, d=44}
9: jnz d -2   {a=479004036, b=0, c=43, d=44}
10: inc a      {a=479004037, b=0, c=43, d=44}
11: dec d      {a=479004037, b=0, c=43, d=43}
9: jnz d -2   {a=479004037, b=0, c=43, d=43}
10: inc a      {a=479004038, b=0, c=43, d=43}
11: dec d      {a=479004038, b=0, c=43, d=42}
9: jnz d -2   {a=479004038, b=0, c=43, d=42}
10: inc a      {a=479004039, b=0, c=43, d=42}
11: dec d      {a=479004039, b=0, c=43, d=41}
9: jnz d -2   {a=479004039, b=0, c=43, d=41}
10: inc a      {a=479004040, b=0, c=43, d=41}
11: dec d      {a=479004040, b=0, c=43, d=40}
9: jnz d -2   {a=479004040, b=0, c=43, d=40}
10: inc a      {a=479004041, b=0, c=43, d=40}
11: dec d      {a=479004041, b=0, c=43, d=39}
9: jnz d -2   {a=479004041, b=0, c=43, d=39}
10: inc a      {a=479004042, b=0, c=43, d=39}
11: dec d      {a=479004042, b=0, c=43, d=38}
9: jnz d -2   {a=479004042, b=0, c=43, d=38}
10: inc a      {a=479004043, b=0, c=43, d=38}
11: dec d      {a=479004043, b=0, c=43, d=37}
9: jnz d -2   {a=479004043, b=0, c=43, d=37}
10: inc a      {a=479004044, b=0, c=43, d=37}
11: dec d      {a=479004044, b=0, c=43, d=36}
9: jnz d -2   {a=479004044, b=0, c=43, d=36}
10: inc a      {a=479004045, b=0, c=43, d=36}
11: dec d      {a=479004045, b=0, c=43, d=35}
9: jnz d -2   {a=479004045, b=0, c=43, d=35}
10: inc a      {a=479004046, b=0, c=43, d=35}
11: dec d      {a=479004046, b=0, c=43, d=34}
9: jnz d -2   {a=479004046, b=0, c=43, d=34}
10: inc a      {a=479004047, b=0, c=43, d=34}
11: dec d      {a=479004047, b=0, c=43, d=33}
9: jnz d -2   {a=479004047, b=0, c=43, d=33}
10: inc a      {a=479004048, b=0, c=43, d=33}
11: dec d      {a=479004048, b=0, c=43, d=32}
9: jnz d -2   {a=479004048, b=0, c=43, d=32}
10: inc a      {a=479004049, b=0, c=43, d=32}
11: dec d      {a=479004049, b=0, c=43, d=31}
9: jnz d -2   {a=479004049, b=0, c=43, d=31}
10: inc a      {a=479004050, b=0, c=43, d=31}
11: dec d      {a=479004050, b=0, c=43, d=30}
9: jnz d -2   {a=479004050, b=0, c=43, d=30}
10: inc a      {a=479004051, b=0, c=43, d=30}
11: dec d      {a=479004051, b=0, c=43, d=29}
9: jnz d -2   {a=479004051, b=0, c=43, d=29}
10: inc a      {a=479004052, b=0, c=43, d=29}
11: dec d      {a=479004052, b=0, c=43, d=28}
9: jnz d -2   {a=479004052, b=0, c=43, d=28}
10: inc a      {a=479004053, b=0, c=43, d=28}
11: dec d      {a=479004053, b=0, c=43, d=27}
9: jnz d -2   {a=479004053, b=0, c=43, d=27}
10: inc a      {a=479004054, b=0, c=43, d=27}
11: dec d      {a=479004054, b=0, c=43, d=26}
9: jnz d -2   {a=479004054, b=0, c=43, d=26}
10: inc a      {a=479004055, b=0, c=43, d=26}
11: dec d      {a=479004055, b=0, c=43, d=25}
9: jnz d -2   {a=479004055, b=0, c=43, d=25}
10: inc a      {a=479004056, b=0, c=43, d=25}
11: dec d      {a=479004056, b=0, c=43, d=24}
9: jnz d -2   {a=479004056, b=0, c=43, d=24}
10: inc a      {a=479004057, b=0, c=43, d=24}
11: dec d      {a=479004057, b=0, c=43, d=23}
9: jnz d -2   {a=479004057, b=0, c=43, d=23}
10: inc a      {a=479004058, b=0, c=43, d=23}
11: dec d      {a=479004058, b=0, c=43, d=22}
9: jnz d -2   {a=479004058, b=0, c=43, d=22}
10: inc a      {a=479004059, b=0, c=43, d=22}
11: dec d      {a=479004059, b=0, c=43, d=21}
9: jnz d -2   {a=479004059, b=0, c=43, d=21}
10: inc a      {a=479004060, b=0, c=43, d=21}
11: dec d      {a=479004060, b=0, c=43, d=20}
9: jnz d -2   {a=479004060, b=0, c=43, d=20}
10: inc a      {a=479004061, b=0, c=43, d=20}
11: dec d      {a=479004061, b=0, c=43, d=19}
9: jnz d -2   {a=479004061, b=0, c=43, d=19}
10: inc a      {a=479004062, b=0, c=43, d=19}
11: dec d      {a=479004062, b=0, c=43, d=18}
9: jnz d -2   {a=479004062, b=0, c=43, d=18}
10: inc a      {a=479004063, b=0, c=43, d=18}
11: dec d      {a=479004063, b=0, c=43, d=17}
9: jnz d -2   {a=479004063, b=0, c=43, d=17}
10: inc a      {a=479004064, b=0, c=43, d=17}
11: dec d      {a=479004064, b=0, c=43, d=16}
9: jnz d -2   {a=479004064, b=0, c=43, d=16}
10: inc a      {a=479004065, b=0, c=43, d=16}
11: dec d      {a=479004065, b=0, c=43, d=15}
9: jnz d -2   {a=479004065, b=0, c=43, d=15}
10: inc a      {a=479004066, b=0, c=43, d=15}
11: dec d      {a=479004066, b=0, c=43, d=14}
9: jnz d -2   {a=479004066, b=0, c=43, d=14}
10: inc a      {a=479004067, b=0, c=43, d=14}
11: dec d      {a=479004067, b=0, c=43, d=13}
9: jnz d -2   {a=479004067, b=0, c=43, d=13}
10: inc a      {a=479004068, b=0, c=43, d=13}
11: dec d      {a=479004068, b=0, c=43, d=12}
9: jnz d -2   {a=479004068, b=0, c=43, d=12}
10: inc a      {a=479004069, b=0, c=43, d=12}
11: dec d      {a=479004069, b=0, c=43, d=11}
9: jnz d -2   {a=479004069, b=0, c=43, d=11}
10: inc a      {a=479004070, b=0, c=43, d=11}
11: dec d      {a=479004070, b=0, c=43, d=10}
9: jnz d -2   {a=479004070, b=0, c=43, d=10}
10: inc a      {a=479004071, b=0, c=43, d=10}
11: dec d      {a=479004071, b=0, c=43, d=9}
9: jnz d -2   {a=479004071, b=0, c=43, d=9}
10: inc a      {a=479004072, b=0, c=43, d=9}
11: dec d      {a=479004072, b=0, c=43, d=8}
9: jnz d -2   {a=479004072, b=0, c=43, d=8}
10: inc a      {a=479004073, b=0, c=43, d=8}
11: dec d      {a=479004073, b=0, c=43, d=7}
9: jnz d -2   {a=479004073, b=0, c=43, d=7}
10: inc a      {a=479004074, b=0, c=43, d=7}
11: dec d      {a=479004074, b=0, c=43, d=6}
9: jnz d -2   {a=479004074, b=0, c=43, d=6}
10: inc a      {a=479004075, b=0, c=43, d=6}
11: dec d      {a=479004075, b=0, c=43, d=5}
9: jnz d -2   {a=479004075, b=0, c=43, d=5}
10: inc a      {a=479004076, b=0, c=43, d=5}
11: dec d      {a=479004076, b=0, c=43, d=4}
9: jnz d -2   {a=479004076, b=0, c=43, d=4}
10: inc a      {a=479004077, b=0, c=43, d=4}
11: dec d      {a=479004077, b=0, c=43, d=3}
9: jnz d -2   {a=479004077, b=0, c=43, d=3}
10: inc a      {a=479004078, b=0, c=43, d=3}
11: dec d      {a=479004078, b=0, c=43, d=2}
9: jnz d -2   {a=479004078, b=0, c=43, d=2}
10: inc a      {a=479004079, b=0, c=43, d=2}
11: dec d      {a=479004079, b=0, c=43, d=1}
9: jnz d -2   {a=479004079, b=0, c=43, d=1}
10: inc a      {a=479004080, b=0, c=43, d=1}
11: dec d      {a=479004080, b=0, c=43, d=0}
12: jnz d -2   {a=479004080, b=0, c=43, d=0}
13: dec c      {a=479004080, b=0, c=42, d=0}
8: jnz c -5   {a=479004080, b=0, c=42, d=0}
9: cpy 80 d   {a=479004080, b=0, c=42, d=80}
10: inc a      {a=479004081, b=0, c=42, d=80}
11: dec d      {a=479004081, b=0, c=42, d=79}
9: jnz d -2   {a=479004081, b=0, c=42, d=79}
10: inc a      {a=479004082, b=0, c=42, d=79}
11: dec d      {a=479004082, b=0, c=42, d=78}
9: jnz d -2   {a=479004082, b=0, c=42, d=78}
10: inc a      {a=479004083, b=0, c=42, d=78}
11: dec d      {a=479004083, b=0, c=42, d=77}
9: jnz d -2   {a=479004083, b=0, c=42, d=77}
10: inc a      {a=479004084, b=0, c=42, d=77}
11: dec d      {a=479004084, b=0, c=42, d=76}
9: jnz d -2   {a=479004084, b=0, c=42, d=76}
10: inc a      {a=479004085, b=0, c=42, d=76}
11: dec d      {a=479004085, b=0, c=42, d=75}
9: jnz d -2   {a=479004085, b=0, c=42, d=75}
10: inc a      {a=479004086, b=0, c=42, d=75}
11: dec d      {a=479004086, b=0, c=42, d=74}
9: jnz d -2   {a=479004086, b=0, c=42, d=74}
10: inc a      {a=479004087, b=0, c=42, d=74}
11: dec d      {a=479004087, b=0, c=42, d=73}
9: jnz d -2   {a=479004087, b=0, c=42, d=73}
10: inc a      {a=479004088, b=0, c=42, d=73}
11: dec d      {a=479004088, b=0, c=42, d=72}
9: jnz d -2   {a=479004088, b=0, c=42, d=72}
10: inc a      {a=479004089, b=0, c=42, d=72}
11: dec d      {a=479004089, b=0, c=42, d=71}
9: jnz d -2   {a=479004089, b=0, c=42, d=71}
10: inc a      {a=479004090, b=0, c=42, d=71}
11: dec d      {a=479004090, b=0, c=42, d=70}
9: jnz d -2   {a=479004090, b=0, c=42, d=70}
10: inc a      {a=479004091, b=0, c=42, d=70}
11: dec d      {a=479004091, b=0, c=42, d=69}
9: jnz d -2   {a=479004091, b=0, c=42, d=69}
10: inc a      {a=479004092, b=0, c=42, d=69}
11: dec d      {a=479004092, b=0, c=42, d=68}
9: jnz d -2   {a=479004092, b=0, c=42, d=68}
10: inc a      {a=479004093, b=0, c=42, d=68}
11: dec d      {a=479004093, b=0, c=42, d=67}
9: jnz d -2   {a=479004093, b=0, c=42, d=67}
10: inc a      {a=479004094, b=0, c=42, d=67}
11: dec d      {a=479004094, b=0, c=42, d=66}
9: jnz d -2   {a=479004094, b=0, c=42, d=66}
10: inc a      {a=479004095, b=0, c=42, d=66}
11: dec d      {a=479004095, b=0, c=42, d=65}
9: jnz d -2   {a=479004095, b=0, c=42, d=65}
10: inc a      {a=479004096, b=0, c=42, d=65}
11: dec d      {a=479004096, b=0, c=42, d=64}
9: jnz d -2   {a=479004096, b=0, c=42, d=64}
10: inc a      {a=479004097, b=0, c=42, d=64}
11: dec d      {a=479004097, b=0, c=42, d=63}
9: jnz d -2   {a=479004097, b=0, c=42, d=63}
10: inc a      {a=479004098, b=0, c=42, d=63}
11: dec d      {a=479004098, b=0, c=42, d=62}
9: jnz d -2   {a=479004098, b=0, c=42, d=62}
10: inc a      {a=479004099, b=0, c=42, d=62}
11: dec d      {a=479004099, b=0, c=42, d=61}
9: jnz d -2   {a=479004099, b=0, c=42, d=61}
10: inc a      {a=479004100, b=0, c=42, d=61}
11: dec d      {a=479004100, b=0, c=42, d=60}
9: jnz d -2   {a=479004100, b=0, c=42, d=60}
10: inc a      {a=479004101, b=0, c=42, d=60}
11: dec d      {a=479004101, b=0, c=42, d=59}
9: jnz d -2   {a=479004101, b=0, c=42, d=59}
10: inc a      {a=479004102, b=0, c=42, d=59}
11: dec d      {a=479004102, b=0, c=42, d=58}
9: jnz d -2   {a=479004102, b=0, c=42, d=58}
10: inc a      {a=479004103, b=0, c=42, d=58}
11: dec d      {a=479004103, b=0, c=42, d=57}
9: jnz d -2   {a=479004103, b=0, c=42, d=57}
10: inc a      {a=479004104, b=0, c=42, d=57}
11: dec d      {a=479004104, b=0, c=42, d=56}
9: jnz d -2   {a=479004104, b=0, c=42, d=56}
10: inc a      {a=479004105, b=0, c=42, d=56}
11: dec d      {a=479004105, b=0, c=42, d=55}
9: jnz d -2   {a=479004105, b=0, c=42, d=55}
10: inc a      {a=479004106, b=0, c=42, d=55}
11: dec d      {a=479004106, b=0, c=42, d=54}
9: jnz d -2   {a=479004106, b=0, c=42, d=54}
10: inc a      {a=479004107, b=0, c=42, d=54}
11: dec d      {a=479004107, b=0, c=42, d=53}
9: jnz d -2   {a=479004107, b=0, c=42, d=53}
10: inc a      {a=479004108, b=0, c=42, d=53}
11: dec d      {a=479004108, b=0, c=42, d=52}
9: jnz d -2   {a=479004108, b=0, c=42, d=52}
10: inc a      {a=479004109, b=0, c=42, d=52}
11: dec d      {a=479004109, b=0, c=42, d=51}
9: jnz d -2   {a=479004109, b=0, c=42, d=51}
10: inc a      {a=479004110, b=0, c=42, d=51}
11: dec d      {a=479004110, b=0, c=42, d=50}
9: jnz d -2   {a=479004110, b=0, c=42, d=50}
10: inc a      {a=479004111, b=0, c=42, d=50}
11: dec d      {a=479004111, b=0, c=42, d=49}
9: jnz d -2   {a=479004111, b=0, c=42, d=49}
10: inc a      {a=479004112, b=0, c=42, d=49}
11: dec d      {a=479004112, b=0, c=42, d=48}
9: jnz d -2   {a=479004112, b=0, c=42, d=48}
10: inc a      {a=479004113, b=0, c=42, d=48}
11: dec d      {a=479004113, b=0, c=42, d=47}
9: jnz d -2   {a=479004113, b=0, c=42, d=47}
10: inc a      {a=479004114, b=0, c=42, d=47}
11: dec d      {a=479004114, b=0, c=42, d=46}
9: jnz d -2   {a=479004114, b=0, c=42, d=46}
10: inc a      {a=479004115, b=0, c=42, d=46}
11: dec d      {a=479004115, b=0, c=42, d=45}
9: jnz d -2   {a=479004115, b=0, c=42, d=45}
10: inc a      {a=479004116, b=0, c=42, d=45}
11: dec d      {a=479004116, b=0, c=42, d=44}
9: jnz d -2   {a=479004116, b=0, c=42, d=44}
10: inc a      {a=479004117, b=0, c=42, d=44}
11: dec d      {a=479004117, b=0, c=42, d=43}
9: jnz d -2   {a=479004117, b=0, c=42, d=43}
10: inc a      {a=479004118, b=0, c=42, d=43}
11: dec d      {a=479004118, b=0, c=42, d=42}
9: jnz d -2   {a=479004118, b=0, c=42, d=42}
10: inc a      {a=479004119, b=0, c=42, d=42}
11: dec d      {a=479004119, b=0, c=42, d=41}
9: jnz d -2   {a=479004119, b=0, c=42, d=41}
10: inc a      {a=479004120, b=0, c=42, d=41}
11: dec d      {a=479004120, b=0, c=42, d=40}
9: jnz d -2   {a=479004120, b=0, c=42, d=40}
10: inc a      {a=479004121, b=0, c=42, d=40}
11: dec d      {a=479004121, b=0, c=42, d=39}
9: jnz d -2   {a=479004121, b=0, c=42, d=39}
10: inc a      {a=479004122, b=0, c=42, d=39}
11: dec d      {a=479004122, b=0, c=42, d=38}
9: jnz d -2   {a=479004122, b=0, c=42, d=38}
10: inc a      {a=479004123, b=0, c=42, d=38}
11: dec d      {a=479004123, b=0, c=42, d=37}
9: jnz d -2   {a=479004123, b=0, c=42, d=37}
10: inc a      {a=479004124, b=0, c=42, d=37}
11: dec d      {a=479004124, b=0, c=42, d=36}
9: jnz d -2   {a=479004124, b=0, c=42, d=36}
10: inc a      {a=479004125, b=0, c=42, d=36}
11: dec d      {a=479004125, b=0, c=42, d=35}
9: jnz d -2   {a=479004125, b=0, c=42, d=35}
10: inc a      {a=479004126, b=0, c=42, d=35}
11: dec d      {a=479004126, b=0, c=42, d=34}
9: jnz d -2   {a=479004126, b=0, c=42, d=34}
10: inc a      {a=479004127, b=0, c=42, d=34}
11: dec d      {a=479004127, b=0, c=42, d=33}
9: jnz d -2   {a=479004127, b=0, c=42, d=33}
10: inc a      {a=479004128, b=0, c=42, d=33}
11: dec d      {a=479004128, b=0, c=42, d=32}
9: jnz d -2   {a=479004128, b=0, c=42, d=32}
10: inc a      {a=479004129, b=0, c=42, d=32}
11: dec d      {a=479004129, b=0, c=42, d=31}
9: jnz d -2   {a=479004129, b=0, c=42, d=31}
10: inc a      {a=479004130, b=0, c=42, d=31}
11: dec d      {a=479004130, b=0, c=42, d=30}
9: jnz d -2   {a=479004130, b=0, c=42, d=30}
10: inc a      {a=479004131, b=0, c=42, d=30}
11: dec d      {a=479004131, b=0, c=42, d=29}
9: jnz d -2   {a=479004131, b=0, c=42, d=29}
10: inc a      {a=479004132, b=0, c=42, d=29}
11: dec d      {a=479004132, b=0, c=42, d=28}
9: jnz d -2   {a=479004132, b=0, c=42, d=28}
10: inc a      {a=479004133, b=0, c=42, d=28}
11: dec d      {a=479004133, b=0, c=42, d=27}
9: jnz d -2   {a=479004133, b=0, c=42, d=27}
10: inc a      {a=479004134, b=0, c=42, d=27}
11: dec d      {a=479004134, b=0, c=42, d=26}
9: jnz d -2   {a=479004134, b=0, c=42, d=26}
10: inc a      {a=479004135, b=0, c=42, d=26}
11: dec d      {a=479004135, b=0, c=42, d=25}
9: jnz d -2   {a=479004135, b=0, c=42, d=25}
10: inc a      {a=479004136, b=0, c=42, d=25}
11: dec d      {a=479004136, b=0, c=42, d=24}
9: jnz d -2   {a=479004136, b=0, c=42, d=24}
10: inc a      {a=479004137, b=0, c=42, d=24}
11: dec d      {a=479004137, b=0, c=42, d=23}
9: jnz d -2   {a=479004137, b=0, c=42, d=23}
10: inc a      {a=479004138, b=0, c=42, d=23}
11: dec d      {a=479004138, b=0, c=42, d=22}
9: jnz d -2   {a=479004138, b=0, c=42, d=22}
10: inc a      {a=479004139, b=0, c=42, d=22}
11: dec d      {a=479004139, b=0, c=42, d=21}
9: jnz d -2   {a=479004139, b=0, c=42, d=21}
10: inc a      {a=479004140, b=0, c=42, d=21}
11: dec d      {a=479004140, b=0, c=42, d=20}
9: jnz d -2   {a=479004140, b=0, c=42, d=20}
10: inc a      {a=479004141, b=0, c=42, d=20}
11: dec d      {a=479004141, b=0, c=42, d=19}
9: jnz d -2   {a=479004141, b=0, c=42, d=19}
10: inc a      {a=479004142, b=0, c=42, d=19}
11: dec d      {a=479004142, b=0, c=42, d=18}
9: jnz d -2   {a=479004142, b=0, c=42, d=18}
10: inc a      {a=479004143, b=0, c=42, d=18}
11: dec d      {a=479004143, b=0, c=42, d=17}
9: jnz d -2   {a=479004143, b=0, c=42, d=17}
10: inc a      {a=479004144, b=0, c=42, d=17}
11: dec d      {a=479004144, b=0, c=42, d=16}
9: jnz d -2   {a=479004144, b=0, c=42, d=16}
10: inc a      {a=479004145, b=0, c=42, d=16}
11: dec d      {a=479004145, b=0, c=42, d=15}
9: jnz d -2   {a=479004145, b=0, c=42, d=15}
10: inc a      {a=479004146, b=0, c=42, d=15}
11: dec d      {a=479004146, b=0, c=42, d=14}
9: jnz d -2   {a=479004146, b=0, c=42, d=14}
10: inc a      {a=479004147, b=0, c=42, d=14}
11: dec d      {a=479004147, b=0, c=42, d=13}
9: jnz d -2   {a=479004147, b=0, c=42, d=13}
10: inc a      {a=479004148, b=0, c=42, d=13}
11: dec d      {a=479004148, b=0, c=42, d=12}
9: jnz d -2   {a=479004148, b=0, c=42, d=12}
10: inc a      {a=479004149, b=0, c=42, d=12}
11: dec d      {a=479004149, b=0, c=42, d=11}
9: jnz d -2   {a=479004149, b=0, c=42, d=11}
10: inc a      {a=479004150, b=0, c=42, d=11}
11: dec d      {a=479004150, b=0, c=42, d=10}
9: jnz d -2   {a=479004150, b=0, c=42, d=10}
10: inc a      {a=479004151, b=0, c=42, d=10}
11: dec d      {a=479004151, b=0, c=42, d=9}
9: jnz d -2   {a=479004151, b=0, c=42, d=9}
10: inc a      {a=479004152, b=0, c=42, d=9}
11: dec d      {a=479004152, b=0, c=42, d=8}
9: jnz d -2   {a=479004152, b=0, c=42, d=8}
10: inc a      {a=479004153, b=0, c=42, d=8}
11: dec d      {a=479004153, b=0, c=42, d=7}
9: jnz d -2   {a=479004153, b=0, c=42, d=7}
10: inc a      {a=479004154, b=0, c=42, d=7}
11: dec d      {a=479004154, b=0, c=42, d=6}
9: jnz d -2   {a=479004154, b=0, c=42, d=6}
10: inc a      {a=479004155, b=0, c=42, d=6}
11: dec d      {a=479004155, b=0, c=42, d=5}
9: jnz d -2   {a=479004155, b=0, c=42, d=5}
10: inc a      {a=479004156, b=0, c=42, d=5}
11: dec d      {a=479004156, b=0, c=42, d=4}
9: jnz d -2   {a=479004156, b=0, c=42, d=4}
10: inc a      {a=479004157, b=0, c=42, d=4}
11: dec d      {a=479004157, b=0, c=42, d=3}
9: jnz d -2   {a=479004157, b=0, c=42, d=3}
10: inc a      {a=479004158, b=0, c=42, d=3}
11: dec d      {a=479004158, b=0, c=42, d=2}
9: jnz d -2   {a=479004158, b=0, c=42, d=2}
10: inc a      {a=479004159, b=0, c=42, d=2}
11: dec d      {a=479004159, b=0, c=42, d=1}
9: jnz d -2   {a=479004159, b=0, c=42, d=1}
10: inc a      {a=479004160, b=0, c=42, d=1}
11: dec d      {a=479004160, b=0, c=42, d=0}
12: jnz d -2   {a=479004160, b=0, c=42, d=0}
13: dec c      {a=479004160, b=0, c=41, d=0}
8: jnz c -5   {a=479004160, b=0, c=41, d=0}
9: cpy 80 d   {a=479004160, b=0, c=41, d=80}
10: inc a      {a=479004161, b=0, c=41, d=80}
11: dec d      {a=479004161, b=0, c=41, d=79}
9: jnz d -2   {a=479004161, b=0, c=41, d=79}
10: inc a      {a=479004162, b=0, c=41, d=79}
11: dec d      {a=479004162, b=0, c=41, d=78}
9: jnz d -2   {a=479004162, b=0, c=41, d=78}
10: inc a      {a=479004163, b=0, c=41, d=78}
11: dec d      {a=479004163, b=0, c=41, d=77}
9: jnz d -2   {a=479004163, b=0, c=41, d=77}
10: inc a      {a=479004164, b=0, c=41, d=77}
11: dec d      {a=479004164, b=0, c=41, d=76}
9: jnz d -2   {a=479004164, b=0, c=41, d=76}
10: inc a      {a=479004165, b=0, c=41, d=76}
11: dec d      {a=479004165, b=0, c=41, d=75}
9: jnz d -2   {a=479004165, b=0, c=41, d=75}
10: inc a      {a=479004166, b=0, c=41, d=75}
11: dec d      {a=479004166, b=0, c=41, d=74}
9: jnz d -2   {a=479004166, b=0, c=41, d=74}
10: inc a      {a=479004167, b=0, c=41, d=74}
11: dec d      {a=479004167, b=0, c=41, d=73}
9: jnz d -2   {a=479004167, b=0, c=41, d=73}
10: inc a      {a=479004168, b=0, c=41, d=73}
11: dec d      {a=479004168, b=0, c=41, d=72}
9: jnz d -2   {a=479004168, b=0, c=41, d=72}
10: inc a      {a=479004169, b=0, c=41, d=72}
11: dec d      {a=479004169, b=0, c=41, d=71}
9: jnz d -2   {a=479004169, b=0, c=41, d=71}
10: inc a      {a=479004170, b=0, c=41, d=71}
11: dec d      {a=479004170, b=0, c=41, d=70}
9: jnz d -2   {a=479004170, b=0, c=41, d=70}
10: inc a      {a=479004171, b=0, c=41, d=70}
11: dec d      {a=479004171, b=0, c=41, d=69}
9: jnz d -2   {a=479004171, b=0, c=41, d=69}
10: inc a      {a=479004172, b=0, c=41, d=69}
11: dec d      {a=479004172, b=0, c=41, d=68}
9: jnz d -2   {a=479004172, b=0, c=41, d=68}
10: inc a      {a=479004173, b=0, c=41, d=68}
11: dec d      {a=479004173, b=0, c=41, d=67}
9: jnz d -2   {a=479004173, b=0, c=41, d=67}
10: inc a      {a=479004174, b=0, c=41, d=67}
11: dec d      {a=479004174, b=0, c=41, d=66}
9: jnz d -2   {a=479004174, b=0, c=41, d=66}
10: inc a      {a=479004175, b=0, c=41, d=66}
11: dec d      {a=479004175, b=0, c=41, d=65}
9: jnz d -2   {a=479004175, b=0, c=41, d=65}
10: inc a      {a=479004176, b=0, c=41, d=65}
11: dec d      {a=479004176, b=0, c=41, d=64}
9: jnz d -2   {a=479004176, b=0, c=41, d=64}
10: inc a      {a=479004177, b=0, c=41, d=64}
11: dec d      {a=479004177, b=0, c=41, d=63}
9: jnz d -2   {a=479004177, b=0, c=41, d=63}
10: inc a      {a=479004178, b=0, c=41, d=63}
11: dec d      {a=479004178, b=0, c=41, d=62}
9: jnz d -2   {a=479004178, b=0, c=41, d=62}
10: inc a      {a=479004179, b=0, c=41, d=62}
11: dec d      {a=479004179, b=0, c=41, d=61}
9: jnz d -2   {a=479004179, b=0, c=41, d=61}
10: inc a      {a=479004180, b=0, c=41, d=61}
11: dec d      {a=479004180, b=0, c=41, d=60}
9: jnz d -2   {a=479004180, b=0, c=41, d=60}
10: inc a      {a=479004181, b=0, c=41, d=60}
11: dec d      {a=479004181, b=0, c=41, d=59}
9: jnz d -2   {a=479004181, b=0, c=41, d=59}
10: inc a      {a=479004182, b=0, c=41, d=59}
11: dec d      {a=479004182, b=0, c=41, d=58}
9: jnz d -2   {a=479004182, b=0, c=41, d=58}
10: inc a      {a=479004183, b=0, c=41, d=58}
11: dec d      {a=479004183, b=0, c=41, d=57}
9: jnz d -2   {a=479004183, b=0, c=41, d=57}
10: inc a      {a=479004184, b=0, c=41, d=57}
11: dec d      {a=479004184, b=0, c=41, d=56}
9: jnz d -2   {a=479004184, b=0, c=41, d=56}
10: inc a      {a=479004185, b=0, c=41, d=56}
11: dec d      {a=479004185, b=0, c=41, d=55}
9: jnz d -2   {a=479004185, b=0, c=41, d=55}
10: inc a      {a=479004186, b=0, c=41, d=55}
11: dec d      {a=479004186, b=0, c=41, d=54}
9: jnz d -2   {a=479004186, b=0, c=41, d=54}
10: inc a      {a=479004187, b=0, c=41, d=54}
11: dec d      {a=479004187, b=0, c=41, d=53}
9: jnz d -2   {a=479004187, b=0, c=41, d=53}
10: inc a      {a=479004188, b=0, c=41, d=53}
11: dec d      {a=479004188, b=0, c=41, d=52}
9: jnz d -2   {a=479004188, b=0, c=41, d=52}
10: inc a      {a=479004189, b=0, c=41, d=52}
11: dec d      {a=479004189, b=0, c=41, d=51}
9: jnz d -2   {a=479004189, b=0, c=41, d=51}
10: inc a      {a=479004190, b=0, c=41, d=51}
11: dec d      {a=479004190, b=0, c=41, d=50}
9: jnz d -2   {a=479004190, b=0, c=41, d=50}
10: inc a      {a=479004191, b=0, c=41, d=50}
11: dec d      {a=479004191, b=0, c=41, d=49}
9: jnz d -2   {a=479004191, b=0, c=41, d=49}
10: inc a      {a=479004192, b=0, c=41, d=49}
11: dec d      {a=479004192, b=0, c=41, d=48}
9: jnz d -2   {a=479004192, b=0, c=41, d=48}
10: inc a      {a=479004193, b=0, c=41, d=48}
11: dec d      {a=479004193, b=0, c=41, d=47}
9: jnz d -2   {a=479004193, b=0, c=41, d=47}
10: inc a      {a=479004194, b=0, c=41, d=47}
11: dec d      {a=479004194, b=0, c=41, d=46}
9: jnz d -2   {a=479004194, b=0, c=41, d=46}
10: inc a      {a=479004195, b=0, c=41, d=46}
11: dec d      {a=479004195, b=0, c=41, d=45}
9: jnz d -2   {a=479004195, b=0, c=41, d=45}
10: inc a      {a=479004196, b=0, c=41, d=45}
11: dec d      {a=479004196, b=0, c=41, d=44}
9: jnz d -2   {a=479004196, b=0, c=41, d=44}
10: inc a      {a=479004197, b=0, c=41, d=44}
11: dec d      {a=479004197, b=0, c=41, d=43}
9: jnz d -2   {a=479004197, b=0, c=41, d=43}
10: inc a      {a=479004198, b=0, c=41, d=43}
11: dec d      {a=479004198, b=0, c=41, d=42}
9: jnz d -2   {a=479004198, b=0, c=41, d=42}
10: inc a      {a=479004199, b=0, c=41, d=42}
11: dec d      {a=479004199, b=0, c=41, d=41}
9: jnz d -2   {a=479004199, b=0, c=41, d=41}
10: inc a      {a=479004200, b=0, c=41, d=41}
11: dec d      {a=479004200, b=0, c=41, d=40}
9: jnz d -2   {a=479004200, b=0, c=41, d=40}
10: inc a      {a=479004201, b=0, c=41, d=40}
11: dec d      {a=479004201, b=0, c=41, d=39}
9: jnz d -2   {a=479004201, b=0, c=41, d=39}
10: inc a      {a=479004202, b=0, c=41, d=39}
11: dec d      {a=479004202, b=0, c=41, d=38}
9: jnz d -2   {a=479004202, b=0, c=41, d=38}
10: inc a      {a=479004203, b=0, c=41, d=38}
11: dec d      {a=479004203, b=0, c=41, d=37}
9: jnz d -2   {a=479004203, b=0, c=41, d=37}
10: inc a      {a=479004204, b=0, c=41, d=37}
11: dec d      {a=479004204, b=0, c=41, d=36}
9: jnz d -2   {a=479004204, b=0, c=41, d=36}
10: inc a      {a=479004205, b=0, c=41, d=36}
11: dec d      {a=479004205, b=0, c=41, d=35}
9: jnz d -2   {a=479004205, b=0, c=41, d=35}
10: inc a      {a=479004206, b=0, c=41, d=35}
11: dec d      {a=479004206, b=0, c=41, d=34}
9: jnz d -2   {a=479004206, b=0, c=41, d=34}
10: inc a      {a=479004207, b=0, c=41, d=34}
11: dec d      {a=479004207, b=0, c=41, d=33}
9: jnz d -2   {a=479004207, b=0, c=41, d=33}
10: inc a      {a=479004208, b=0, c=41, d=33}
11: dec d      {a=479004208, b=0, c=41, d=32}
9: jnz d -2   {a=479004208, b=0, c=41, d=32}
10: inc a      {a=479004209, b=0, c=41, d=32}
11: dec d      {a=479004209, b=0, c=41, d=31}
9: jnz d -2   {a=479004209, b=0, c=41, d=31}
10: inc a      {a=479004210, b=0, c=41, d=31}
11: dec d      {a=479004210, b=0, c=41, d=30}
9: jnz d -2   {a=479004210, b=0, c=41, d=30}
10: inc a      {a=479004211, b=0, c=41, d=30}
11: dec d      {a=479004211, b=0, c=41, d=29}
9: jnz d -2   {a=479004211, b=0, c=41, d=29}
10: inc a      {a=479004212, b=0, c=41, d=29}
11: dec d      {a=479004212, b=0, c=41, d=28}
9: jnz d -2   {a=479004212, b=0, c=41, d=28}
10: inc a      {a=479004213, b=0, c=41, d=28}
11: dec d      {a=479004213, b=0, c=41, d=27}
9: jnz d -2   {a=479004213, b=0, c=41, d=27}
10: inc a      {a=479004214, b=0, c=41, d=27}
11: dec d      {a=479004214, b=0, c=41, d=26}
9: jnz d -2   {a=479004214, b=0, c=41, d=26}
10: inc a      {a=479004215, b=0, c=41, d=26}
11: dec d      {a=479004215, b=0, c=41, d=25}
9: jnz d -2   {a=479004215, b=0, c=41, d=25}
10: inc a      {a=479004216, b=0, c=41, d=25}
11: dec d      {a=479004216, b=0, c=41, d=24}
9: jnz d -2   {a=479004216, b=0, c=41, d=24}
10: inc a      {a=479004217, b=0, c=41, d=24}
11: dec d      {a=479004217, b=0, c=41, d=23}
9: jnz d -2   {a=479004217, b=0, c=41, d=23}
10: inc a      {a=479004218, b=0, c=41, d=23}
11: dec d      {a=479004218, b=0, c=41, d=22}
9: jnz d -2   {a=479004218, b=0, c=41, d=22}
10: inc a      {a=479004219, b=0, c=41, d=22}
11: dec d      {a=479004219, b=0, c=41, d=21}
9: jnz d -2   {a=479004219, b=0, c=41, d=21}
10: inc a      {a=479004220, b=0, c=41, d=21}
11: dec d      {a=479004220, b=0, c=41, d=20}
9: jnz d -2   {a=479004220, b=0, c=41, d=20}
10: inc a      {a=479004221, b=0, c=41, d=20}
11: dec d      {a=479004221, b=0, c=41, d=19}
9: jnz d -2   {a=479004221, b=0, c=41, d=19}
10: inc a      {a=479004222, b=0, c=41, d=19}
11: dec d      {a=479004222, b=0, c=41, d=18}
9: jnz d -2   {a=479004222, b=0, c=41, d=18}
10: inc a      {a=479004223, b=0, c=41, d=18}
11: dec d      {a=479004223, b=0, c=41, d=17}
9: jnz d -2   {a=479004223, b=0, c=41, d=17}
10: inc a      {a=479004224, b=0, c=41, d=17}
11: dec d      {a=479004224, b=0, c=41, d=16}
9: jnz d -2   {a=479004224, b=0, c=41, d=16}
10: inc a      {a=479004225, b=0, c=41, d=16}
11: dec d      {a=479004225, b=0, c=41, d=15}
9: jnz d -2   {a=479004225, b=0, c=41, d=15}
10: inc a      {a=479004226, b=0, c=41, d=15}
11: dec d      {a=479004226, b=0, c=41, d=14}
9: jnz d -2   {a=479004226, b=0, c=41, d=14}
10: inc a      {a=479004227, b=0, c=41, d=14}
11: dec d      {a=479004227, b=0, c=41, d=13}
9: jnz d -2   {a=479004227, b=0, c=41, d=13}
10: inc a      {a=479004228, b=0, c=41, d=13}
11: dec d      {a=479004228, b=0, c=41, d=12}
9: jnz d -2   {a=479004228, b=0, c=41, d=12}
10: inc a      {a=479004229, b=0, c=41, d=12}
11: dec d      {a=479004229, b=0, c=41, d=11}
9: jnz d -2   {a=479004229, b=0, c=41, d=11}
10: inc a      {a=479004230, b=0, c=41, d=11}
11: dec d      {a=479004230, b=0, c=41, d=10}
9: jnz d -2   {a=479004230, b=0, c=41, d=10}
10: inc a      {a=479004231, b=0, c=41, d=10}
11: dec d      {a=479004231, b=0, c=41, d=9}
9: jnz d -2   {a=479004231, b=0, c=41, d=9}
10: inc a      {a=479004232, b=0, c=41, d=9}
11: dec d      {a=479004232, b=0, c=41, d=8}
9: jnz d -2   {a=479004232, b=0, c=41, d=8}
10: inc a      {a=479004233, b=0, c=41, d=8}
11: dec d      {a=479004233, b=0, c=41, d=7}
9: jnz d -2   {a=479004233, b=0, c=41, d=7}
10: inc a      {a=479004234, b=0, c=41, d=7}
11: dec d      {a=479004234, b=0, c=41, d=6}
9: jnz d -2   {a=479004234, b=0, c=41, d=6}
10: inc a      {a=479004235, b=0, c=41, d=6}
11: dec d      {a=479004235, b=0, c=41, d=5}
9: jnz d -2   {a=479004235, b=0, c=41, d=5}
10: inc a      {a=479004236, b=0, c=41, d=5}
11: dec d      {a=479004236, b=0, c=41, d=4}
9: jnz d -2   {a=479004236, b=0, c=41, d=4}
10: inc a      {a=479004237, b=0, c=41, d=4}
11: dec d      {a=479004237, b=0, c=41, d=3}
9: jnz d -2   {a=479004237, b=0, c=41, d=3}
10: inc a      {a=479004238, b=0, c=41, d=3}
11: dec d      {a=479004238, b=0, c=41, d=2}
9: jnz d -2   {a=479004238, b=0, c=41, d=2}
10: inc a      {a=479004239, b=0, c=41, d=2}
11: dec d      {a=479004239, b=0, c=41, d=1}
9: jnz d -2   {a=479004239, b=0, c=41, d=1}
10: inc a      {a=479004240, b=0, c=41, d=1}
11: dec d      {a=479004240, b=0, c=41, d=0}
12: jnz d -2   {a=479004240, b=0, c=41, d=0}
13: dec c      {a=479004240, b=0, c=40, d=0}
8: jnz c -5   {a=479004240, b=0, c=40, d=0}
9: cpy 80 d   {a=479004240, b=0, c=40, d=80}
10: inc a      {a=479004241, b=0, c=40, d=80}
11: dec d      {a=479004241, b=0, c=40, d=79}
9: jnz d -2   {a=479004241, b=0, c=40, d=79}
10: inc a      {a=479004242, b=0, c=40, d=79}
11: dec d      {a=479004242, b=0, c=40, d=78}
9: jnz d -2   {a=479004242, b=0, c=40, d=78}
10: inc a      {a=479004243, b=0, c=40, d=78}
11: dec d      {a=479004243, b=0, c=40, d=77}
9: jnz d -2   {a=479004243, b=0, c=40, d=77}
10: inc a      {a=479004244, b=0, c=40, d=77}
11: dec d      {a=479004244, b=0, c=40, d=76}
9: jnz d -2   {a=479004244, b=0, c=40, d=76}
10: inc a      {a=479004245, b=0, c=40, d=76}
11: dec d      {a=479004245, b=0, c=40, d=75}
9: jnz d -2   {a=479004245, b=0, c=40, d=75}
10: inc a      {a=479004246, b=0, c=40, d=75}
11: dec d      {a=479004246, b=0, c=40, d=74}
9: jnz d -2   {a=479004246, b=0, c=40, d=74}
10: inc a      {a=479004247, b=0, c=40, d=74}
11: dec d      {a=479004247, b=0, c=40, d=73}
9: jnz d -2   {a=479004247, b=0, c=40, d=73}
10: inc a      {a=479004248, b=0, c=40, d=73}
11: dec d      {a=479004248, b=0, c=40, d=72}
9: jnz d -2   {a=479004248, b=0, c=40, d=72}
10: inc a      {a=479004249, b=0, c=40, d=72}
11: dec d      {a=479004249, b=0, c=40, d=71}
9: jnz d -2   {a=479004249, b=0, c=40, d=71}
10: inc a      {a=479004250, b=0, c=40, d=71}
11: dec d      {a=479004250, b=0, c=40, d=70}
9: jnz d -2   {a=479004250, b=0, c=40, d=70}
10: inc a      {a=479004251, b=0, c=40, d=70}
11: dec d      {a=479004251, b=0, c=40, d=69}
9: jnz d -2   {a=479004251, b=0, c=40, d=69}
10: inc a      {a=479004252, b=0, c=40, d=69}
11: dec d      {a=479004252, b=0, c=40, d=68}
9: jnz d -2   {a=479004252, b=0, c=40, d=68}
10: inc a      {a=479004253, b=0, c=40, d=68}
11: dec d      {a=479004253, b=0, c=40, d=67}
9: jnz d -2   {a=479004253, b=0, c=40, d=67}
10: inc a      {a=479004254, b=0, c=40, d=67}
11: dec d      {a=479004254, b=0, c=40, d=66}
9: jnz d -2   {a=479004254, b=0, c=40, d=66}
10: inc a      {a=479004255, b=0, c=40, d=66}
11: dec d      {a=479004255, b=0, c=40, d=65}
9: jnz d -2   {a=479004255, b=0, c=40, d=65}
10: inc a      {a=479004256, b=0, c=40, d=65}
11: dec d      {a=479004256, b=0, c=40, d=64}
9: jnz d -2   {a=479004256, b=0, c=40, d=64}
10: inc a      {a=479004257, b=0, c=40, d=64}
11: dec d      {a=479004257, b=0, c=40, d=63}
9: jnz d -2   {a=479004257, b=0, c=40, d=63}
10: inc a      {a=479004258, b=0, c=40, d=63}
11: dec d      {a=479004258, b=0, c=40, d=62}
9: jnz d -2   {a=479004258, b=0, c=40, d=62}
10: inc a      {a=479004259, b=0, c=40, d=62}
11: dec d      {a=479004259, b=0, c=40, d=61}
9: jnz d -2   {a=479004259, b=0, c=40, d=61}
10: inc a      {a=479004260, b=0, c=40, d=61}
11: dec d      {a=479004260, b=0, c=40, d=60}
9: jnz d -2   {a=479004260, b=0, c=40, d=60}
10: inc a      {a=479004261, b=0, c=40, d=60}
11: dec d      {a=479004261, b=0, c=40, d=59}
9: jnz d -2   {a=479004261, b=0, c=40, d=59}
10: inc a      {a=479004262, b=0, c=40, d=59}
11: dec d      {a=479004262, b=0, c=40, d=58}
9: jnz d -2   {a=479004262, b=0, c=40, d=58}
10: inc a      {a=479004263, b=0, c=40, d=58}
11: dec d      {a=479004263, b=0, c=40, d=57}
9: jnz d -2   {a=479004263, b=0, c=40, d=57}
10: inc a      {a=479004264, b=0, c=40, d=57}
11: dec d      {a=479004264, b=0, c=40, d=56}
9: jnz d -2   {a=479004264, b=0, c=40, d=56}
10: inc a      {a=479004265, b=0, c=40, d=56}
11: dec d      {a=479004265, b=0, c=40, d=55}
9: jnz d -2   {a=479004265, b=0, c=40, d=55}
10: inc a      {a=479004266, b=0, c=40, d=55}
11: dec d      {a=479004266, b=0, c=40, d=54}
9: jnz d -2   {a=479004266, b=0, c=40, d=54}
10: inc a      {a=479004267, b=0, c=40, d=54}
11: dec d      {a=479004267, b=0, c=40, d=53}
9: jnz d -2   {a=479004267, b=0, c=40, d=53}
10: inc a      {a=479004268, b=0, c=40, d=53}
11: dec d      {a=479004268, b=0, c=40, d=52}
9: jnz d -2   {a=479004268, b=0, c=40, d=52}
10: inc a      {a=479004269, b=0, c=40, d=52}
11: dec d      {a=479004269, b=0, c=40, d=51}
9: jnz d -2   {a=479004269, b=0, c=40, d=51}
10: inc a      {a=479004270, b=0, c=40, d=51}
11: dec d      {a=479004270, b=0, c=40, d=50}
9: jnz d -2   {a=479004270, b=0, c=40, d=50}
10: inc a      {a=479004271, b=0, c=40, d=50}
11: dec d      {a=479004271, b=0, c=40, d=49}
9: jnz d -2   {a=479004271, b=0, c=40, d=49}
10: inc a      {a=479004272, b=0, c=40, d=49}
11: dec d      {a=479004272, b=0, c=40, d=48}
9: jnz d -2   {a=479004272, b=0, c=40, d=48}
10: inc a      {a=479004273, b=0, c=40, d=48}
11: dec d      {a=479004273, b=0, c=40, d=47}
9: jnz d -2   {a=479004273, b=0, c=40, d=47}
10: inc a      {a=479004274, b=0, c=40, d=47}
11: dec d      {a=479004274, b=0, c=40, d=46}
9: jnz d -2   {a=479004274, b=0, c=40, d=46}
10: inc a      {a=479004275, b=0, c=40, d=46}
11: dec d      {a=479004275, b=0, c=40, d=45}
9: jnz d -2   {a=479004275, b=0, c=40, d=45}
10: inc a      {a=479004276, b=0, c=40, d=45}
11: dec d      {a=479004276, b=0, c=40, d=44}
9: jnz d -2   {a=479004276, b=0, c=40, d=44}
10: inc a      {a=479004277, b=0, c=40, d=44}
11: dec d      {a=479004277, b=0, c=40, d=43}
9: jnz d -2   {a=479004277, b=0, c=40, d=43}
10: inc a      {a=479004278, b=0, c=40, d=43}
11: dec d      {a=479004278, b=0, c=40, d=42}
9: jnz d -2   {a=479004278, b=0, c=40, d=42}
10: inc a      {a=479004279, b=0, c=40, d=42}
11: dec d      {a=479004279, b=0, c=40, d=41}
9: jnz d -2   {a=479004279, b=0, c=40, d=41}
10: inc a      {a=479004280, b=0, c=40, d=41}
11: dec d      {a=479004280, b=0, c=40, d=40}
9: jnz d -2   {a=479004280, b=0, c=40, d=40}
10: inc a      {a=479004281, b=0, c=40, d=40}
11: dec d      {a=479004281, b=0, c=40, d=39}
9: jnz d -2   {a=479004281, b=0, c=40, d=39}
10: inc a      {a=479004282, b=0, c=40, d=39}
11: dec d      {a=479004282, b=0, c=40, d=38}
9: jnz d -2   {a=479004282, b=0, c=40, d=38}
10: inc a      {a=479004283, b=0, c=40, d=38}
11: dec d      {a=479004283, b=0, c=40, d=37}
9: jnz d -2   {a=479004283, b=0, c=40, d=37}
10: inc a      {a=479004284, b=0, c=40, d=37}
11: dec d      {a=479004284, b=0, c=40, d=36}
9: jnz d -2   {a=479004284, b=0, c=40, d=36}
10: inc a      {a=479004285, b=0, c=40, d=36}
11: dec d      {a=479004285, b=0, c=40, d=35}
9: jnz d -2   {a=479004285, b=0, c=40, d=35}
10: inc a      {a=479004286, b=0, c=40, d=35}
11: dec d      {a=479004286, b=0, c=40, d=34}
9: jnz d -2   {a=479004286, b=0, c=40, d=34}
10: inc a      {a=479004287, b=0, c=40, d=34}
11: dec d      {a=479004287, b=0, c=40, d=33}
9: jnz d -2   {a=479004287, b=0, c=40, d=33}
10: inc a      {a=479004288, b=0, c=40, d=33}
11: dec d      {a=479004288, b=0, c=40, d=32}
9: jnz d -2   {a=479004288, b=0, c=40, d=32}
10: inc a      {a=479004289, b=0, c=40, d=32}
11: dec d      {a=479004289, b=0, c=40, d=31}
9: jnz d -2   {a=479004289, b=0, c=40, d=31}
10: inc a      {a=479004290, b=0, c=40, d=31}
11: dec d      {a=479004290, b=0, c=40, d=30}
9: jnz d -2   {a=479004290, b=0, c=40, d=30}
10: inc a      {a=479004291, b=0, c=40, d=30}
11: dec d      {a=479004291, b=0, c=40, d=29}
9: jnz d -2   {a=479004291, b=0, c=40, d=29}
10: inc a      {a=479004292, b=0, c=40, d=29}
11: dec d      {a=479004292, b=0, c=40, d=28}
9: jnz d -2   {a=479004292, b=0, c=40, d=28}
10: inc a      {a=479004293, b=0, c=40, d=28}
11: dec d      {a=479004293, b=0, c=40, d=27}
9: jnz d -2   {a=479004293, b=0, c=40, d=27}
10: inc a      {a=479004294, b=0, c=40, d=27}
11: dec d      {a=479004294, b=0, c=40, d=26}
9: jnz d -2   {a=479004294, b=0, c=40, d=26}
10: inc a      {a=479004295, b=0, c=40, d=26}
11: dec d      {a=479004295, b=0, c=40, d=25}
9: jnz d -2   {a=479004295, b=0, c=40, d=25}
10: inc a      {a=479004296, b=0, c=40, d=25}
11: dec d      {a=479004296, b=0, c=40, d=24}
9: jnz d -2   {a=479004296, b=0, c=40, d=24}
10: inc a      {a=479004297, b=0, c=40, d=24}
11: dec d      {a=479004297, b=0, c=40, d=23}
9: jnz d -2   {a=479004297, b=0, c=40, d=23}
10: inc a      {a=479004298, b=0, c=40, d=23}
11: dec d      {a=479004298, b=0, c=40, d=22}
9: jnz d -2   {a=479004298, b=0, c=40, d=22}
10: inc a      {a=479004299, b=0, c=40, d=22}
11: dec d      {a=479004299, b=0, c=40, d=21}
9: jnz d -2   {a=479004299, b=0, c=40, d=21}
10: inc a      {a=479004300, b=0, c=40, d=21}
11: dec d      {a=479004300, b=0, c=40, d=20}
9: jnz d -2   {a=479004300, b=0, c=40, d=20}
10: inc a      {a=479004301, b=0, c=40, d=20}
11: dec d      {a=479004301, b=0, c=40, d=19}
9: jnz d -2   {a=479004301, b=0, c=40, d=19}
10: inc a      {a=479004302, b=0, c=40, d=19}
11: dec d      {a=479004302, b=0, c=40, d=18}
9: jnz d -2   {a=479004302, b=0, c=40, d=18}
10: inc a      {a=479004303, b=0, c=40, d=18}
11: dec d      {a=479004303, b=0, c=40, d=17}
9: jnz d -2   {a=479004303, b=0, c=40, d=17}
10: inc a      {a=479004304, b=0, c=40, d=17}
11: dec d      {a=479004304, b=0, c=40, d=16}
9: jnz d -2   {a=479004304, b=0, c=40, d=16}
10: inc a      {a=479004305, b=0, c=40, d=16}
11: dec d      {a=479004305, b=0, c=40, d=15}
9: jnz d -2   {a=479004305, b=0, c=40, d=15}
10: inc a      {a=479004306, b=0, c=40, d=15}
11: dec d      {a=479004306, b=0, c=40, d=14}
9: jnz d -2   {a=479004306, b=0, c=40, d=14}
10: inc a      {a=479004307, b=0, c=40, d=14}
11: dec d      {a=479004307, b=0, c=40, d=13}
9: jnz d -2   {a=479004307, b=0, c=40, d=13}
10: inc a      {a=479004308, b=0, c=40, d=13}
11: dec d      {a=479004308, b=0, c=40, d=12}
9: jnz d -2   {a=479004308, b=0, c=40, d=12}
10: inc a      {a=479004309, b=0, c=40, d=12}
11: dec d      {a=479004309, b=0, c=40, d=11}
9: jnz d -2   {a=479004309, b=0, c=40, d=11}
10: inc a      {a=479004310, b=0, c=40, d=11}
11: dec d      {a=479004310, b=0, c=40, d=10}
9: jnz d -2   {a=479004310, b=0, c=40, d=10}
10: inc a      {a=479004311, b=0, c=40, d=10}
11: dec d      {a=479004311, b=0, c=40, d=9}
9: jnz d -2   {a=479004311, b=0, c=40, d=9}
10: inc a      {a=479004312, b=0, c=40, d=9}
11: dec d      {a=479004312, b=0, c=40, d=8}
9: jnz d -2   {a=479004312, b=0, c=40, d=8}
10: inc a      {a=479004313, b=0, c=40, d=8}
11: dec d      {a=479004313, b=0, c=40, d=7}
9: jnz d -2   {a=479004313, b=0, c=40, d=7}
10: inc a      {a=479004314, b=0, c=40, d=7}
11: dec d      {a=479004314, b=0, c=40, d=6}
9: jnz d -2   {a=479004314, b=0, c=40, d=6}
10: inc a      {a=479004315, b=0, c=40, d=6}
11: dec d      {a=479004315, b=0, c=40, d=5}
9: jnz d -2   {a=479004315, b=0, c=40, d=5}
10: inc a      {a=479004316, b=0, c=40, d=5}
11: dec d      {a=479004316, b=0, c=40, d=4}
9: jnz d -2   {a=479004316, b=0, c=40, d=4}
10: inc a      {a=479004317, b=0, c=40, d=4}
11: dec d      {a=479004317, b=0, c=40, d=3}
9: jnz d -2   {a=479004317, b=0, c=40, d=3}
10: inc a      {a=479004318, b=0, c=40, d=3}
11: dec d      {a=479004318, b=0, c=40, d=2}
9: jnz d -2   {a=479004318, b=0, c=40, d=2}
10: inc a      {a=479004319, b=0, c=40, d=2}
11: dec d      {a=479004319, b=0, c=40, d=1}
9: jnz d -2   {a=479004319, b=0, c=40, d=1}
10: inc a      {a=479004320, b=0, c=40, d=1}
11: dec d      {a=479004320, b=0, c=40, d=0}
12: jnz d -2   {a=479004320, b=0, c=40, d=0}
13: dec c      {a=479004320, b=0, c=39, d=0}
8: jnz c -5   {a=479004320, b=0, c=39, d=0}
9: cpy 80 d   {a=479004320, b=0, c=39, d=80}
10: inc a      {a=479004321, b=0, c=39, d=80}
11: dec d      {a=479004321, b=0, c=39, d=79}
9: jnz d -2   {a=479004321, b=0, c=39, d=79}
10: inc a      {a=479004322, b=0, c=39, d=79}
11: dec d      {a=479004322, b=0, c=39, d=78}
9: jnz d -2   {a=479004322, b=0, c=39, d=78}
10: inc a      {a=479004323, b=0, c=39, d=78}
11: dec d      {a=479004323, b=0, c=39, d=77}
9: jnz d -2   {a=479004323, b=0, c=39, d=77}
10: inc a      {a=479004324, b=0, c=39, d=77}
11: dec d      {a=479004324, b=0, c=39, d=76}
9: jnz d -2   {a=479004324, b=0, c=39, d=76}
10: inc a      {a=479004325, b=0, c=39, d=76}
11: dec d      {a=479004325, b=0, c=39, d=75}
9: jnz d -2   {a=479004325, b=0, c=39, d=75}
10: inc a      {a=479004326, b=0, c=39, d=75}
11: dec d      {a=479004326, b=0, c=39, d=74}
9: jnz d -2   {a=479004326, b=0, c=39, d=74}
10: inc a      {a=479004327, b=0, c=39, d=74}
11: dec d      {a=479004327, b=0, c=39, d=73}
9: jnz d -2   {a=479004327, b=0, c=39, d=73}
10: inc a      {a=479004328, b=0, c=39, d=73}
11: dec d      {a=479004328, b=0, c=39, d=72}
9: jnz d -2   {a=479004328, b=0, c=39, d=72}
10: inc a      {a=479004329, b=0, c=39, d=72}
11: dec d      {a=479004329, b=0, c=39, d=71}
9: jnz d -2   {a=479004329, b=0, c=39, d=71}
10: inc a      {a=479004330, b=0, c=39, d=71}
11: dec d      {a=479004330, b=0, c=39, d=70}
9: jnz d -2   {a=479004330, b=0, c=39, d=70}
10: inc a      {a=479004331, b=0, c=39, d=70}
11: dec d      {a=479004331, b=0, c=39, d=69}
9: jnz d -2   {a=479004331, b=0, c=39, d=69}
10: inc a      {a=479004332, b=0, c=39, d=69}
11: dec d      {a=479004332, b=0, c=39, d=68}
9: jnz d -2   {a=479004332, b=0, c=39, d=68}
10: inc a      {a=479004333, b=0, c=39, d=68}
11: dec d      {a=479004333, b=0, c=39, d=67}
9: jnz d -2   {a=479004333, b=0, c=39, d=67}
10: inc a      {a=479004334, b=0, c=39, d=67}
11: dec d      {a=479004334, b=0, c=39, d=66}
9: jnz d -2   {a=479004334, b=0, c=39, d=66}
10: inc a      {a=479004335, b=0, c=39, d=66}
11: dec d      {a=479004335, b=0, c=39, d=65}
9: jnz d -2   {a=479004335, b=0, c=39, d=65}
10: inc a      {a=479004336, b=0, c=39, d=65}
11: dec d      {a=479004336, b=0, c=39, d=64}
9: jnz d -2   {a=479004336, b=0, c=39, d=64}
10: inc a      {a=479004337, b=0, c=39, d=64}
11: dec d      {a=479004337, b=0, c=39, d=63}
9: jnz d -2   {a=479004337, b=0, c=39, d=63}
10: inc a      {a=479004338, b=0, c=39, d=63}
11: dec d      {a=479004338, b=0, c=39, d=62}
9: jnz d -2   {a=479004338, b=0, c=39, d=62}
10: inc a      {a=479004339, b=0, c=39, d=62}
11: dec d      {a=479004339, b=0, c=39, d=61}
9: jnz d -2   {a=479004339, b=0, c=39, d=61}
10: inc a      {a=479004340, b=0, c=39, d=61}
11: dec d      {a=479004340, b=0, c=39, d=60}
9: jnz d -2   {a=479004340, b=0, c=39, d=60}
10: inc a      {a=479004341, b=0, c=39, d=60}
11: dec d      {a=479004341, b=0, c=39, d=59}
9: jnz d -2   {a=479004341, b=0, c=39, d=59}
10: inc a      {a=479004342, b=0, c=39, d=59}
11: dec d      {a=479004342, b=0, c=39, d=58}
9: jnz d -2   {a=479004342, b=0, c=39, d=58}
10: inc a      {a=479004343, b=0, c=39, d=58}
11: dec d      {a=479004343, b=0, c=39, d=57}
9: jnz d -2   {a=479004343, b=0, c=39, d=57}
10: inc a      {a=479004344, b=0, c=39, d=57}
11: dec d      {a=479004344, b=0, c=39, d=56}
9: jnz d -2   {a=479004344, b=0, c=39, d=56}
10: inc a      {a=479004345, b=0, c=39, d=56}
11: dec d      {a=479004345, b=0, c=39, d=55}
9: jnz d -2   {a=479004345, b=0, c=39, d=55}
10: inc a      {a=479004346, b=0, c=39, d=55}
11: dec d      {a=479004346, b=0, c=39, d=54}
9: jnz d -2   {a=479004346, b=0, c=39, d=54}
10: inc a      {a=479004347, b=0, c=39, d=54}
11: dec d      {a=479004347, b=0, c=39, d=53}
9: jnz d -2   {a=479004347, b=0, c=39, d=53}
10: inc a      {a=479004348, b=0, c=39, d=53}
11: dec d      {a=479004348, b=0, c=39, d=52}
9: jnz d -2   {a=479004348, b=0, c=39, d=52}
10: inc a      {a=479004349, b=0, c=39, d=52}
11: dec d      {a=479004349, b=0, c=39, d=51}
9: jnz d -2   {a=479004349, b=0, c=39, d=51}
10: inc a      {a=479004350, b=0, c=39, d=51}
11: dec d      {a=479004350, b=0, c=39, d=50}
9: jnz d -2   {a=479004350, b=0, c=39, d=50}
10: inc a      {a=479004351, b=0, c=39, d=50}
11: dec d      {a=479004351, b=0, c=39, d=49}
9: jnz d -2   {a=479004351, b=0, c=39, d=49}
10: inc a      {a=479004352, b=0, c=39, d=49}
11: dec d      {a=479004352, b=0, c=39, d=48}
9: jnz d -2   {a=479004352, b=0, c=39, d=48}
10: inc a      {a=479004353, b=0, c=39, d=48}
11: dec d      {a=479004353, b=0, c=39, d=47}
9: jnz d -2   {a=479004353, b=0, c=39, d=47}
10: inc a      {a=479004354, b=0, c=39, d=47}
11: dec d      {a=479004354, b=0, c=39, d=46}
9: jnz d -2   {a=479004354, b=0, c=39, d=46}
10: inc a      {a=479004355, b=0, c=39, d=46}
11: dec d      {a=479004355, b=0, c=39, d=45}
9: jnz d -2   {a=479004355, b=0, c=39, d=45}
10: inc a      {a=479004356, b=0, c=39, d=45}
11: dec d      {a=479004356, b=0, c=39, d=44}
9: jnz d -2   {a=479004356, b=0, c=39, d=44}
10: inc a      {a=479004357, b=0, c=39, d=44}
11: dec d      {a=479004357, b=0, c=39, d=43}
9: jnz d -2   {a=479004357, b=0, c=39, d=43}
10: inc a      {a=479004358, b=0, c=39, d=43}
11: dec d      {a=479004358, b=0, c=39, d=42}
9: jnz d -2   {a=479004358, b=0, c=39, d=42}
10: inc a      {a=479004359, b=0, c=39, d=42}
11: dec d      {a=479004359, b=0, c=39, d=41}
9: jnz d -2   {a=479004359, b=0, c=39, d=41}
10: inc a      {a=479004360, b=0, c=39, d=41}
11: dec d      {a=479004360, b=0, c=39, d=40}
9: jnz d -2   {a=479004360, b=0, c=39, d=40}
10: inc a      {a=479004361, b=0, c=39, d=40}
11: dec d      {a=479004361, b=0, c=39, d=39}
9: jnz d -2   {a=479004361, b=0, c=39, d=39}
10: inc a      {a=479004362, b=0, c=39, d=39}
11: dec d      {a=479004362, b=0, c=39, d=38}
9: jnz d -2   {a=479004362, b=0, c=39, d=38}
10: inc a      {a=479004363, b=0, c=39, d=38}
11: dec d      {a=479004363, b=0, c=39, d=37}
9: jnz d -2   {a=479004363, b=0, c=39, d=37}
10: inc a      {a=479004364, b=0, c=39, d=37}
11: dec d      {a=479004364, b=0, c=39, d=36}
9: jnz d -2   {a=479004364, b=0, c=39, d=36}
10: inc a      {a=479004365, b=0, c=39, d=36}
11: dec d      {a=479004365, b=0, c=39, d=35}
9: jnz d -2   {a=479004365, b=0, c=39, d=35}
10: inc a      {a=479004366, b=0, c=39, d=35}
11: dec d      {a=479004366, b=0, c=39, d=34}
9: jnz d -2   {a=479004366, b=0, c=39, d=34}
10: inc a      {a=479004367, b=0, c=39, d=34}
11: dec d      {a=479004367, b=0, c=39, d=33}
9: jnz d -2   {a=479004367, b=0, c=39, d=33}
10: inc a      {a=479004368, b=0, c=39, d=33}
11: dec d      {a=479004368, b=0, c=39, d=32}
9: jnz d -2   {a=479004368, b=0, c=39, d=32}
10: inc a      {a=479004369, b=0, c=39, d=32}
11: dec d      {a=479004369, b=0, c=39, d=31}
9: jnz d -2   {a=479004369, b=0, c=39, d=31}
10: inc a      {a=479004370, b=0, c=39, d=31}
11: dec d      {a=479004370, b=0, c=39, d=30}
9: jnz d -2   {a=479004370, b=0, c=39, d=30}
10: inc a      {a=479004371, b=0, c=39, d=30}
11: dec d      {a=479004371, b=0, c=39, d=29}
9: jnz d -2   {a=479004371, b=0, c=39, d=29}
10: inc a      {a=479004372, b=0, c=39, d=29}
11: dec d      {a=479004372, b=0, c=39, d=28}
9: jnz d -2   {a=479004372, b=0, c=39, d=28}
10: inc a      {a=479004373, b=0, c=39, d=28}
11: dec d      {a=479004373, b=0, c=39, d=27}
9: jnz d -2   {a=479004373, b=0, c=39, d=27}
10: inc a      {a=479004374, b=0, c=39, d=27}
11: dec d      {a=479004374, b=0, c=39, d=26}
9: jnz d -2   {a=479004374, b=0, c=39, d=26}
10: inc a      {a=479004375, b=0, c=39, d=26}
11: dec d      {a=479004375, b=0, c=39, d=25}
9: jnz d -2   {a=479004375, b=0, c=39, d=25}
10: inc a      {a=479004376, b=0, c=39, d=25}
11: dec d      {a=479004376, b=0, c=39, d=24}
9: jnz d -2   {a=479004376, b=0, c=39, d=24}
10: inc a      {a=479004377, b=0, c=39, d=24}
11: dec d      {a=479004377, b=0, c=39, d=23}
9: jnz d -2   {a=479004377, b=0, c=39, d=23}
10: inc a      {a=479004378, b=0, c=39, d=23}
11: dec d      {a=479004378, b=0, c=39, d=22}
9: jnz d -2   {a=479004378, b=0, c=39, d=22}
10: inc a      {a=479004379, b=0, c=39, d=22}
11: dec d      {a=479004379, b=0, c=39, d=21}
9: jnz d -2   {a=479004379, b=0, c=39, d=21}
10: inc a      {a=479004380, b=0, c=39, d=21}
11: dec d      {a=479004380, b=0, c=39, d=20}
9: jnz d -2   {a=479004380, b=0, c=39, d=20}
10: inc a      {a=479004381, b=0, c=39, d=20}
11: dec d      {a=479004381, b=0, c=39, d=19}
9: jnz d -2   {a=479004381, b=0, c=39, d=19}
10: inc a      {a=479004382, b=0, c=39, d=19}
11: dec d      {a=479004382, b=0, c=39, d=18}
9: jnz d -2   {a=479004382, b=0, c=39, d=18}
10: inc a      {a=479004383, b=0, c=39, d=18}
11: dec d      {a=479004383, b=0, c=39, d=17}
9: jnz d -2   {a=479004383, b=0, c=39, d=17}
10: inc a      {a=479004384, b=0, c=39, d=17}
11: dec d      {a=479004384, b=0, c=39, d=16}
9: jnz d -2   {a=479004384, b=0, c=39, d=16}
10: inc a      {a=479004385, b=0, c=39, d=16}
11: dec d      {a=479004385, b=0, c=39, d=15}
9: jnz d -2   {a=479004385, b=0, c=39, d=15}
10: inc a      {a=479004386, b=0, c=39, d=15}
11: dec d      {a=479004386, b=0, c=39, d=14}
9: jnz d -2   {a=479004386, b=0, c=39, d=14}
10: inc a      {a=479004387, b=0, c=39, d=14}
11: dec d      {a=479004387, b=0, c=39, d=13}
9: jnz d -2   {a=479004387, b=0, c=39, d=13}
10: inc a      {a=479004388, b=0, c=39, d=13}
11: dec d      {a=479004388, b=0, c=39, d=12}
9: jnz d -2   {a=479004388, b=0, c=39, d=12}
10: inc a      {a=479004389, b=0, c=39, d=12}
11: dec d      {a=479004389, b=0, c=39, d=11}
9: jnz d -2   {a=479004389, b=0, c=39, d=11}
10: inc a      {a=479004390, b=0, c=39, d=11}
11: dec d      {a=479004390, b=0, c=39, d=10}
9: jnz d -2   {a=479004390, b=0, c=39, d=10}
10: inc a      {a=479004391, b=0, c=39, d=10}
11: dec d      {a=479004391, b=0, c=39, d=9}
9: jnz d -2   {a=479004391, b=0, c=39, d=9}
10: inc a      {a=479004392, b=0, c=39, d=9}
11: dec d      {a=479004392, b=0, c=39, d=8}
9: jnz d -2   {a=479004392, b=0, c=39, d=8}
10: inc a      {a=479004393, b=0, c=39, d=8}
11: dec d      {a=479004393, b=0, c=39, d=7}
9: jnz d -2   {a=479004393, b=0, c=39, d=7}
10: inc a      {a=479004394, b=0, c=39, d=7}
11: dec d      {a=479004394, b=0, c=39, d=6}
9: jnz d -2   {a=479004394, b=0, c=39, d=6}
10: inc a      {a=479004395, b=0, c=39, d=6}
11: dec d      {a=479004395, b=0, c=39, d=5}
9: jnz d -2   {a=479004395, b=0, c=39, d=5}
10: inc a      {a=479004396, b=0, c=39, d=5}
11: dec d      {a=479004396, b=0, c=39, d=4}
9: jnz d -2   {a=479004396, b=0, c=39, d=4}
10: inc a      {a=479004397, b=0, c=39, d=4}
11: dec d      {a=479004397, b=0, c=39, d=3}
9: jnz d -2   {a=479004397, b=0, c=39, d=3}
10: inc a      {a=479004398, b=0, c=39, d=3}
11: dec d      {a=479004398, b=0, c=39, d=2}
9: jnz d -2   {a=479004398, b=0, c=39, d=2}
10: inc a      {a=479004399, b=0, c=39, d=2}
11: dec d      {a=479004399, b=0, c=39, d=1}
9: jnz d -2   {a=479004399, b=0, c=39, d=1}
10: inc a      {a=479004400, b=0, c=39, d=1}
11: dec d      {a=479004400, b=0, c=39, d=0}
12: jnz d -2   {a=479004400, b=0, c=39, d=0}
13: dec c      {a=479004400, b=0, c=38, d=0}
8: jnz c -5   {a=479004400, b=0, c=38, d=0}
9: cpy 80 d   {a=479004400, b=0, c=38, d=80}
10: inc a      {a=479004401, b=0, c=38, d=80}
11: dec d      {a=479004401, b=0, c=38, d=79}
9: jnz d -2   {a=479004401, b=0, c=38, d=79}
10: inc a      {a=479004402, b=0, c=38, d=79}
11: dec d      {a=479004402, b=0, c=38, d=78}
9: jnz d -2   {a=479004402, b=0, c=38, d=78}
10: inc a      {a=479004403, b=0, c=38, d=78}
11: dec d      {a=479004403, b=0, c=38, d=77}
9: jnz d -2   {a=479004403, b=0, c=38, d=77}
10: inc a      {a=479004404, b=0, c=38, d=77}
11: dec d      {a=479004404, b=0, c=38, d=76}
9: jnz d -2   {a=479004404, b=0, c=38, d=76}
10: inc a      {a=479004405, b=0, c=38, d=76}
11: dec d      {a=479004405, b=0, c=38, d=75}
9: jnz d -2   {a=479004405, b=0, c=38, d=75}
10: inc a      {a=479004406, b=0, c=38, d=75}
11: dec d      {a=479004406, b=0, c=38, d=74}
9: jnz d -2   {a=479004406, b=0, c=38, d=74}
10: inc a      {a=479004407, b=0, c=38, d=74}
11: dec d      {a=479004407, b=0, c=38, d=73}
9: jnz d -2   {a=479004407, b=0, c=38, d=73}
10: inc a      {a=479004408, b=0, c=38, d=73}
11: dec d      {a=479004408, b=0, c=38, d=72}
9: jnz d -2   {a=479004408, b=0, c=38, d=72}
10: inc a      {a=479004409, b=0, c=38, d=72}
11: dec d      {a=479004409, b=0, c=38, d=71}
9: jnz d -2   {a=479004409, b=0, c=38, d=71}
10: inc a      {a=479004410, b=0, c=38, d=71}
11: dec d      {a=479004410, b=0, c=38, d=70}
9: jnz d -2   {a=479004410, b=0, c=38, d=70}
10: inc a      {a=479004411, b=0, c=38, d=70}
11: dec d      {a=479004411, b=0, c=38, d=69}
9: jnz d -2   {a=479004411, b=0, c=38, d=69}
10: inc a      {a=479004412, b=0, c=38, d=69}
11: dec d      {a=479004412, b=0, c=38, d=68}
9: jnz d -2   {a=479004412, b=0, c=38, d=68}
10: inc a      {a=479004413, b=0, c=38, d=68}
11: dec d      {a=479004413, b=0, c=38, d=67}
9: jnz d -2   {a=479004413, b=0, c=38, d=67}
10: inc a      {a=479004414, b=0, c=38, d=67}
11: dec d      {a=479004414, b=0, c=38, d=66}
9: jnz d -2   {a=479004414, b=0, c=38, d=66}
10: inc a      {a=479004415, b=0, c=38, d=66}
11: dec d      {a=479004415, b=0, c=38, d=65}
9: jnz d -2   {a=479004415, b=0, c=38, d=65}
10: inc a      {a=479004416, b=0, c=38, d=65}
11: dec d      {a=479004416, b=0, c=38, d=64}
9: jnz d -2   {a=479004416, b=0, c=38, d=64}
10: inc a      {a=479004417, b=0, c=38, d=64}
11: dec d      {a=479004417, b=0, c=38, d=63}
9: jnz d -2   {a=479004417, b=0, c=38, d=63}
10: inc a      {a=479004418, b=0, c=38, d=63}
11: dec d      {a=479004418, b=0, c=38, d=62}
9: jnz d -2   {a=479004418, b=0, c=38, d=62}
10: inc a      {a=479004419, b=0, c=38, d=62}
11: dec d      {a=479004419, b=0, c=38, d=61}
9: jnz d -2   {a=479004419, b=0, c=38, d=61}
10: inc a      {a=479004420, b=0, c=38, d=61}
11: dec d      {a=479004420, b=0, c=38, d=60}
9: jnz d -2   {a=479004420, b=0, c=38, d=60}
10: inc a      {a=479004421, b=0, c=38, d=60}
11: dec d      {a=479004421, b=0, c=38, d=59}
9: jnz d -2   {a=479004421, b=0, c=38, d=59}
10: inc a      {a=479004422, b=0, c=38, d=59}
11: dec d      {a=479004422, b=0, c=38, d=58}
9: jnz d -2   {a=479004422, b=0, c=38, d=58}
10: inc a      {a=479004423, b=0, c=38, d=58}
11: dec d      {a=479004423, b=0, c=38, d=57}
9: jnz d -2   {a=479004423, b=0, c=38, d=57}
10: inc a      {a=479004424, b=0, c=38, d=57}
11: dec d      {a=479004424, b=0, c=38, d=56}
9: jnz d -2   {a=479004424, b=0, c=38, d=56}
10: inc a      {a=479004425, b=0, c=38, d=56}
11: dec d      {a=479004425, b=0, c=38, d=55}
9: jnz d -2   {a=479004425, b=0, c=38, d=55}
10: inc a      {a=479004426, b=0, c=38, d=55}
11: dec d      {a=479004426, b=0, c=38, d=54}
9: jnz d -2   {a=479004426, b=0, c=38, d=54}
10: inc a      {a=479004427, b=0, c=38, d=54}
11: dec d      {a=479004427, b=0, c=38, d=53}
9: jnz d -2   {a=479004427, b=0, c=38, d=53}
10: inc a      {a=479004428, b=0, c=38, d=53}
11: dec d      {a=479004428, b=0, c=38, d=52}
9: jnz d -2   {a=479004428, b=0, c=38, d=52}
10: inc a      {a=479004429, b=0, c=38, d=52}
11: dec d      {a=479004429, b=0, c=38, d=51}
9: jnz d -2   {a=479004429, b=0, c=38, d=51}
10: inc a      {a=479004430, b=0, c=38, d=51}
11: dec d      {a=479004430, b=0, c=38, d=50}
9: jnz d -2   {a=479004430, b=0, c=38, d=50}
10: inc a      {a=479004431, b=0, c=38, d=50}
11: dec d      {a=479004431, b=0, c=38, d=49}
9: jnz d -2   {a=479004431, b=0, c=38, d=49}
10: inc a      {a=479004432, b=0, c=38, d=49}
11: dec d      {a=479004432, b=0, c=38, d=48}
9: jnz d -2   {a=479004432, b=0, c=38, d=48}
10: inc a      {a=479004433, b=0, c=38, d=48}
11: dec d      {a=479004433, b=0, c=38, d=47}
9: jnz d -2   {a=479004433, b=0, c=38, d=47}
10: inc a      {a=479004434, b=0, c=38, d=47}
11: dec d      {a=479004434, b=0, c=38, d=46}
9: jnz d -2   {a=479004434, b=0, c=38, d=46}
10: inc a      {a=479004435, b=0, c=38, d=46}
11: dec d      {a=479004435, b=0, c=38, d=45}
9: jnz d -2   {a=479004435, b=0, c=38, d=45}
10: inc a      {a=479004436, b=0, c=38, d=45}
11: dec d      {a=479004436, b=0, c=38, d=44}
9: jnz d -2   {a=479004436, b=0, c=38, d=44}
10: inc a      {a=479004437, b=0, c=38, d=44}
11: dec d      {a=479004437, b=0, c=38, d=43}
9: jnz d -2   {a=479004437, b=0, c=38, d=43}
10: inc a      {a=479004438, b=0, c=38, d=43}
11: dec d      {a=479004438, b=0, c=38, d=42}
9: jnz d -2   {a=479004438, b=0, c=38, d=42}
10: inc a      {a=479004439, b=0, c=38, d=42}
11: dec d      {a=479004439, b=0, c=38, d=41}
9: jnz d -2   {a=479004439, b=0, c=38, d=41}
10: inc a      {a=479004440, b=0, c=38, d=41}
11: dec d      {a=479004440, b=0, c=38, d=40}
9: jnz d -2   {a=479004440, b=0, c=38, d=40}
10: inc a      {a=479004441, b=0, c=38, d=40}
11: dec d      {a=479004441, b=0, c=38, d=39}
9: jnz d -2   {a=479004441, b=0, c=38, d=39}
10: inc a      {a=479004442, b=0, c=38, d=39}
11: dec d      {a=479004442, b=0, c=38, d=38}
9: jnz d -2   {a=479004442, b=0, c=38, d=38}
10: inc a      {a=479004443, b=0, c=38, d=38}
11: dec d      {a=479004443, b=0, c=38, d=37}
9: jnz d -2   {a=479004443, b=0, c=38, d=37}
10: inc a      {a=479004444, b=0, c=38, d=37}
11: dec d      {a=479004444, b=0, c=38, d=36}
9: jnz d -2   {a=479004444, b=0, c=38, d=36}
10: inc a      {a=479004445, b=0, c=38, d=36}
11: dec d      {a=479004445, b=0, c=38, d=35}
9: jnz d -2   {a=479004445, b=0, c=38, d=35}
10: inc a      {a=479004446, b=0, c=38, d=35}
11: dec d      {a=479004446, b=0, c=38, d=34}
9: jnz d -2   {a=479004446, b=0, c=38, d=34}
10: inc a      {a=479004447, b=0, c=38, d=34}
11: dec d      {a=479004447, b=0, c=38, d=33}
9: jnz d -2   {a=479004447, b=0, c=38, d=33}
10: inc a      {a=479004448, b=0, c=38, d=33}
11: dec d      {a=479004448, b=0, c=38, d=32}
9: jnz d -2   {a=479004448, b=0, c=38, d=32}
10: inc a      {a=479004449, b=0, c=38, d=32}
11: dec d      {a=479004449, b=0, c=38, d=31}
9: jnz d -2   {a=479004449, b=0, c=38, d=31}
10: inc a      {a=479004450, b=0, c=38, d=31}
11: dec d      {a=479004450, b=0, c=38, d=30}
9: jnz d -2   {a=479004450, b=0, c=38, d=30}
10: inc a      {a=479004451, b=0, c=38, d=30}
11: dec d      {a=479004451, b=0, c=38, d=29}
9: jnz d -2   {a=479004451, b=0, c=38, d=29}
10: inc a      {a=479004452, b=0, c=38, d=29}
11: dec d      {a=479004452, b=0, c=38, d=28}
9: jnz d -2   {a=479004452, b=0, c=38, d=28}
10: inc a      {a=479004453, b=0, c=38, d=28}
11: dec d      {a=479004453, b=0, c=38, d=27}
9: jnz d -2   {a=479004453, b=0, c=38, d=27}
10: inc a      {a=479004454, b=0, c=38, d=27}
11: dec d      {a=479004454, b=0, c=38, d=26}
9: jnz d -2   {a=479004454, b=0, c=38, d=26}
10: inc a      {a=479004455, b=0, c=38, d=26}
11: dec d      {a=479004455, b=0, c=38, d=25}
9: jnz d -2   {a=479004455, b=0, c=38, d=25}
10: inc a      {a=479004456, b=0, c=38, d=25}
11: dec d      {a=479004456, b=0, c=38, d=24}
9: jnz d -2   {a=479004456, b=0, c=38, d=24}
10: inc a      {a=479004457, b=0, c=38, d=24}
11: dec d      {a=479004457, b=0, c=38, d=23}
9: jnz d -2   {a=479004457, b=0, c=38, d=23}
10: inc a      {a=479004458, b=0, c=38, d=23}
11: dec d      {a=479004458, b=0, c=38, d=22}
9: jnz d -2   {a=479004458, b=0, c=38, d=22}
10: inc a      {a=479004459, b=0, c=38, d=22}
11: dec d      {a=479004459, b=0, c=38, d=21}
9: jnz d -2   {a=479004459, b=0, c=38, d=21}
10: inc a      {a=479004460, b=0, c=38, d=21}
11: dec d      {a=479004460, b=0, c=38, d=20}
9: jnz d -2   {a=479004460, b=0, c=38, d=20}
10: inc a      {a=479004461, b=0, c=38, d=20}
11: dec d      {a=479004461, b=0, c=38, d=19}
9: jnz d -2   {a=479004461, b=0, c=38, d=19}
10: inc a      {a=479004462, b=0, c=38, d=19}
11: dec d      {a=479004462, b=0, c=38, d=18}
9: jnz d -2   {a=479004462, b=0, c=38, d=18}
10: inc a      {a=479004463, b=0, c=38, d=18}
11: dec d      {a=479004463, b=0, c=38, d=17}
9: jnz d -2   {a=479004463, b=0, c=38, d=17}
10: inc a      {a=479004464, b=0, c=38, d=17}
11: dec d      {a=479004464, b=0, c=38, d=16}
9: jnz d -2   {a=479004464, b=0, c=38, d=16}
10: inc a      {a=479004465, b=0, c=38, d=16}
11: dec d      {a=479004465, b=0, c=38, d=15}
9: jnz d -2   {a=479004465, b=0, c=38, d=15}
10: inc a      {a=479004466, b=0, c=38, d=15}
11: dec d      {a=479004466, b=0, c=38, d=14}
9: jnz d -2   {a=479004466, b=0, c=38, d=14}
10: inc a      {a=479004467, b=0, c=38, d=14}
11: dec d      {a=479004467, b=0, c=38, d=13}
9: jnz d -2   {a=479004467, b=0, c=38, d=13}
10: inc a      {a=479004468, b=0, c=38, d=13}
11: dec d      {a=479004468, b=0, c=38, d=12}
9: jnz d -2   {a=479004468, b=0, c=38, d=12}
10: inc a      {a=479004469, b=0, c=38, d=12}
11: dec d      {a=479004469, b=0, c=38, d=11}
9: jnz d -2   {a=479004469, b=0, c=38, d=11}
10: inc a      {a=479004470, b=0, c=38, d=11}
11: dec d      {a=479004470, b=0, c=38, d=10}
9: jnz d -2   {a=479004470, b=0, c=38, d=10}
10: inc a      {a=479004471, b=0, c=38, d=10}
11: dec d      {a=479004471, b=0, c=38, d=9}
9: jnz d -2   {a=479004471, b=0, c=38, d=9}
10: inc a      {a=479004472, b=0, c=38, d=9}
11: dec d      {a=479004472, b=0, c=38, d=8}
9: jnz d -2   {a=479004472, b=0, c=38, d=8}
10: inc a      {a=479004473, b=0, c=38, d=8}
11: dec d      {a=479004473, b=0, c=38, d=7}
9: jnz d -2   {a=479004473, b=0, c=38, d=7}
10: inc a      {a=479004474, b=0, c=38, d=7}
11: dec d      {a=479004474, b=0, c=38, d=6}
9: jnz d -2   {a=479004474, b=0, c=38, d=6}
10: inc a      {a=479004475, b=0, c=38, d=6}
11: dec d      {a=479004475, b=0, c=38, d=5}
9: jnz d -2   {a=479004475, b=0, c=38, d=5}
10: inc a      {a=479004476, b=0, c=38, d=5}
11: dec d      {a=479004476, b=0, c=38, d=4}
9: jnz d -2   {a=479004476, b=0, c=38, d=4}
10: inc a      {a=479004477, b=0, c=38, d=4}
11: dec d      {a=479004477, b=0, c=38, d=3}
9: jnz d -2   {a=479004477, b=0, c=38, d=3}
10: inc a      {a=479004478, b=0, c=38, d=3}
11: dec d      {a=479004478, b=0, c=38, d=2}
9: jnz d -2   {a=479004478, b=0, c=38, d=2}
10: inc a      {a=479004479, b=0, c=38, d=2}
11: dec d      {a=479004479, b=0, c=38, d=1}
9: jnz d -2   {a=479004479, b=0, c=38, d=1}
10: inc a      {a=479004480, b=0, c=38, d=1}
11: dec d      {a=479004480, b=0, c=38, d=0}
12: jnz d -2   {a=479004480, b=0, c=38, d=0}
13: dec c      {a=479004480, b=0, c=37, d=0}
8: jnz c -5   {a=479004480, b=0, c=37, d=0}
9: cpy 80 d   {a=479004480, b=0, c=37, d=80}
10: inc a      {a=479004481, b=0, c=37, d=80}
11: dec d      {a=479004481, b=0, c=37, d=79}
9: jnz d -2   {a=479004481, b=0, c=37, d=79}
10: inc a      {a=479004482, b=0, c=37, d=79}
11: dec d      {a=479004482, b=0, c=37, d=78}
9: jnz d -2   {a=479004482, b=0, c=37, d=78}
10: inc a      {a=479004483, b=0, c=37, d=78}
11: dec d      {a=479004483, b=0, c=37, d=77}
9: jnz d -2   {a=479004483, b=0, c=37, d=77}
10: inc a      {a=479004484, b=0, c=37, d=77}
11: dec d      {a=479004484, b=0, c=37, d=76}
9: jnz d -2   {a=479004484, b=0, c=37, d=76}
10: inc a      {a=479004485, b=0, c=37, d=76}
11: dec d      {a=479004485, b=0, c=37, d=75}
9: jnz d -2   {a=479004485, b=0, c=37, d=75}
10: inc a      {a=479004486, b=0, c=37, d=75}
11: dec d      {a=479004486, b=0, c=37, d=74}
9: jnz d -2   {a=479004486, b=0, c=37, d=74}
10: inc a      {a=479004487, b=0, c=37, d=74}
11: dec d      {a=479004487, b=0, c=37, d=73}
9: jnz d -2   {a=479004487, b=0, c=37, d=73}
10: inc a      {a=479004488, b=0, c=37, d=73}
11: dec d      {a=479004488, b=0, c=37, d=72}
9: jnz d -2   {a=479004488, b=0, c=37, d=72}
10: inc a      {a=479004489, b=0, c=37, d=72}
11: dec d      {a=479004489, b=0, c=37, d=71}
9: jnz d -2   {a=479004489, b=0, c=37, d=71}
10: inc a      {a=479004490, b=0, c=37, d=71}
11: dec d      {a=479004490, b=0, c=37, d=70}
9: jnz d -2   {a=479004490, b=0, c=37, d=70}
10: inc a      {a=479004491, b=0, c=37, d=70}
11: dec d      {a=479004491, b=0, c=37, d=69}
9: jnz d -2   {a=479004491, b=0, c=37, d=69}
10: inc a      {a=479004492, b=0, c=37, d=69}
11: dec d      {a=479004492, b=0, c=37, d=68}
9: jnz d -2   {a=479004492, b=0, c=37, d=68}
10: inc a      {a=479004493, b=0, c=37, d=68}
11: dec d      {a=479004493, b=0, c=37, d=67}
9: jnz d -2   {a=479004493, b=0, c=37, d=67}
10: inc a      {a=479004494, b=0, c=37, d=67}
11: dec d      {a=479004494, b=0, c=37, d=66}
9: jnz d -2   {a=479004494, b=0, c=37, d=66}
10: inc a      {a=479004495, b=0, c=37, d=66}
11: dec d      {a=479004495, b=0, c=37, d=65}
9: jnz d -2   {a=479004495, b=0, c=37, d=65}
10: inc a      {a=479004496, b=0, c=37, d=65}
11: dec d      {a=479004496, b=0, c=37, d=64}
9: jnz d -2   {a=479004496, b=0, c=37, d=64}
10: inc a      {a=479004497, b=0, c=37, d=64}
11: dec d      {a=479004497, b=0, c=37, d=63}
9: jnz d -2   {a=479004497, b=0, c=37, d=63}
10: inc a      {a=479004498, b=0, c=37, d=63}
11: dec d      {a=479004498, b=0, c=37, d=62}
9: jnz d -2   {a=479004498, b=0, c=37, d=62}
10: inc a      {a=479004499, b=0, c=37, d=62}
11: dec d      {a=479004499, b=0, c=37, d=61}
9: jnz d -2   {a=479004499, b=0, c=37, d=61}
10: inc a      {a=479004500, b=0, c=37, d=61}
11: dec d      {a=479004500, b=0, c=37, d=60}
9: jnz d -2   {a=479004500, b=0, c=37, d=60}
10: inc a      {a=479004501, b=0, c=37, d=60}
11: dec d      {a=479004501, b=0, c=37, d=59}
9: jnz d -2   {a=479004501, b=0, c=37, d=59}
10: inc a      {a=479004502, b=0, c=37, d=59}
11: dec d      {a=479004502, b=0, c=37, d=58}
9: jnz d -2   {a=479004502, b=0, c=37, d=58}
10: inc a      {a=479004503, b=0, c=37, d=58}
11: dec d      {a=479004503, b=0, c=37, d=57}
9: jnz d -2   {a=479004503, b=0, c=37, d=57}
10: inc a      {a=479004504, b=0, c=37, d=57}
11: dec d      {a=479004504, b=0, c=37, d=56}
9: jnz d -2   {a=479004504, b=0, c=37, d=56}
10: inc a      {a=479004505, b=0, c=37, d=56}
11: dec d      {a=479004505, b=0, c=37, d=55}
9: jnz d -2   {a=479004505, b=0, c=37, d=55}
10: inc a      {a=479004506, b=0, c=37, d=55}
11: dec d      {a=479004506, b=0, c=37, d=54}
9: jnz d -2   {a=479004506, b=0, c=37, d=54}
10: inc a      {a=479004507, b=0, c=37, d=54}
11: dec d      {a=479004507, b=0, c=37, d=53}
9: jnz d -2   {a=479004507, b=0, c=37, d=53}
10: inc a      {a=479004508, b=0, c=37, d=53}
11: dec d      {a=479004508, b=0, c=37, d=52}
9: jnz d -2   {a=479004508, b=0, c=37, d=52}
10: inc a      {a=479004509, b=0, c=37, d=52}
11: dec d      {a=479004509, b=0, c=37, d=51}
9: jnz d -2   {a=479004509, b=0, c=37, d=51}
10: inc a      {a=479004510, b=0, c=37, d=51}
11: dec d      {a=479004510, b=0, c=37, d=50}
9: jnz d -2   {a=479004510, b=0, c=37, d=50}
10: inc a      {a=479004511, b=0, c=37, d=50}
11: dec d      {a=479004511, b=0, c=37, d=49}
9: jnz d -2   {a=479004511, b=0, c=37, d=49}
10: inc a      {a=479004512, b=0, c=37, d=49}
11: dec d      {a=479004512, b=0, c=37, d=48}
9: jnz d -2   {a=479004512, b=0, c=37, d=48}
10: inc a      {a=479004513, b=0, c=37, d=48}
11: dec d      {a=479004513, b=0, c=37, d=47}
9: jnz d -2   {a=479004513, b=0, c=37, d=47}
10: inc a      {a=479004514, b=0, c=37, d=47}
11: dec d      {a=479004514, b=0, c=37, d=46}
9: jnz d -2   {a=479004514, b=0, c=37, d=46}
10: inc a      {a=479004515, b=0, c=37, d=46}
11: dec d      {a=479004515, b=0, c=37, d=45}
9: jnz d -2   {a=479004515, b=0, c=37, d=45}
10: inc a      {a=479004516, b=0, c=37, d=45}
11: dec d      {a=479004516, b=0, c=37, d=44}
9: jnz d -2   {a=479004516, b=0, c=37, d=44}
10: inc a      {a=479004517, b=0, c=37, d=44}
11: dec d      {a=479004517, b=0, c=37, d=43}
9: jnz d -2   {a=479004517, b=0, c=37, d=43}
10: inc a      {a=479004518, b=0, c=37, d=43}
11: dec d      {a=479004518, b=0, c=37, d=42}
9: jnz d -2   {a=479004518, b=0, c=37, d=42}
10: inc a      {a=479004519, b=0, c=37, d=42}
11: dec d      {a=479004519, b=0, c=37, d=41}
9: jnz d -2   {a=479004519, b=0, c=37, d=41}
10: inc a      {a=479004520, b=0, c=37, d=41}
11: dec d      {a=479004520, b=0, c=37, d=40}
9: jnz d -2   {a=479004520, b=0, c=37, d=40}
10: inc a      {a=479004521, b=0, c=37, d=40}
11: dec d      {a=479004521, b=0, c=37, d=39}
9: jnz d -2   {a=479004521, b=0, c=37, d=39}
10: inc a      {a=479004522, b=0, c=37, d=39}
11: dec d      {a=479004522, b=0, c=37, d=38}
9: jnz d -2   {a=479004522, b=0, c=37, d=38}
10: inc a      {a=479004523, b=0, c=37, d=38}
11: dec d      {a=479004523, b=0, c=37, d=37}
9: jnz d -2   {a=479004523, b=0, c=37, d=37}
10: inc a      {a=479004524, b=0, c=37, d=37}
11: dec d      {a=479004524, b=0, c=37, d=36}
9: jnz d -2   {a=479004524, b=0, c=37, d=36}
10: inc a      {a=479004525, b=0, c=37, d=36}
11: dec d      {a=479004525, b=0, c=37, d=35}
9: jnz d -2   {a=479004525, b=0, c=37, d=35}
10: inc a      {a=479004526, b=0, c=37, d=35}
11: dec d      {a=479004526, b=0, c=37, d=34}
9: jnz d -2   {a=479004526, b=0, c=37, d=34}
10: inc a      {a=479004527, b=0, c=37, d=34}
11: dec d      {a=479004527, b=0, c=37, d=33}
9: jnz d -2   {a=479004527, b=0, c=37, d=33}
10: inc a      {a=479004528, b=0, c=37, d=33}
11: dec d      {a=479004528, b=0, c=37, d=32}
9: jnz d -2   {a=479004528, b=0, c=37, d=32}
10: inc a      {a=479004529, b=0, c=37, d=32}
11: dec d      {a=479004529, b=0, c=37, d=31}
9: jnz d -2   {a=479004529, b=0, c=37, d=31}
10: inc a      {a=479004530, b=0, c=37, d=31}
11: dec d      {a=479004530, b=0, c=37, d=30}
9: jnz d -2   {a=479004530, b=0, c=37, d=30}
10: inc a      {a=479004531, b=0, c=37, d=30}
11: dec d      {a=479004531, b=0, c=37, d=29}
9: jnz d -2   {a=479004531, b=0, c=37, d=29}
10: inc a      {a=479004532, b=0, c=37, d=29}
11: dec d      {a=479004532, b=0, c=37, d=28}
9: jnz d -2   {a=479004532, b=0, c=37, d=28}
10: inc a      {a=479004533, b=0, c=37, d=28}
11: dec d      {a=479004533, b=0, c=37, d=27}
9: jnz d -2   {a=479004533, b=0, c=37, d=27}
10: inc a      {a=479004534, b=0, c=37, d=27}
11: dec d      {a=479004534, b=0, c=37, d=26}
9: jnz d -2   {a=479004534, b=0, c=37, d=26}
10: inc a      {a=479004535, b=0, c=37, d=26}
11: dec d      {a=479004535, b=0, c=37, d=25}
9: jnz d -2   {a=479004535, b=0, c=37, d=25}
10: inc a      {a=479004536, b=0, c=37, d=25}
11: dec d      {a=479004536, b=0, c=37, d=24}
9: jnz d -2   {a=479004536, b=0, c=37, d=24}
10: inc a      {a=479004537, b=0, c=37, d=24}
11: dec d      {a=479004537, b=0, c=37, d=23}
9: jnz d -2   {a=479004537, b=0, c=37, d=23}
10: inc a      {a=479004538, b=0, c=37, d=23}
11: dec d      {a=479004538, b=0, c=37, d=22}
9: jnz d -2   {a=479004538, b=0, c=37, d=22}
10: inc a      {a=479004539, b=0, c=37, d=22}
11: dec d      {a=479004539, b=0, c=37, d=21}
9: jnz d -2   {a=479004539, b=0, c=37, d=21}
10: inc a      {a=479004540, b=0, c=37, d=21}
11: dec d      {a=479004540, b=0, c=37, d=20}
9: jnz d -2   {a=479004540, b=0, c=37, d=20}
10: inc a      {a=479004541, b=0, c=37, d=20}
11: dec d      {a=479004541, b=0, c=37, d=19}
9: jnz d -2   {a=479004541, b=0, c=37, d=19}
10: inc a      {a=479004542, b=0, c=37, d=19}
11: dec d      {a=479004542, b=0, c=37, d=18}
9: jnz d -2   {a=479004542, b=0, c=37, d=18}
10: inc a      {a=479004543, b=0, c=37, d=18}
11: dec d      {a=479004543, b=0, c=37, d=17}
9: jnz d -2   {a=479004543, b=0, c=37, d=17}
10: inc a      {a=479004544, b=0, c=37, d=17}
11: dec d      {a=479004544, b=0, c=37, d=16}
9: jnz d -2   {a=479004544, b=0, c=37, d=16}
10: inc a      {a=479004545, b=0, c=37, d=16}
11: dec d      {a=479004545, b=0, c=37, d=15}
9: jnz d -2   {a=479004545, b=0, c=37, d=15}
10: inc a      {a=479004546, b=0, c=37, d=15}
11: dec d      {a=479004546, b=0, c=37, d=14}
9: jnz d -2   {a=479004546, b=0, c=37, d=14}
10: inc a      {a=479004547, b=0, c=37, d=14}
11: dec d      {a=479004547, b=0, c=37, d=13}
9: jnz d -2   {a=479004547, b=0, c=37, d=13}
10: inc a      {a=479004548, b=0, c=37, d=13}
11: dec d      {a=479004548, b=0, c=37, d=12}
9: jnz d -2   {a=479004548, b=0, c=37, d=12}
10: inc a      {a=479004549, b=0, c=37, d=12}
11: dec d      {a=479004549, b=0, c=37, d=11}
9: jnz d -2   {a=479004549, b=0, c=37, d=11}
10: inc a      {a=479004550, b=0, c=37, d=11}
11: dec d      {a=479004550, b=0, c=37, d=10}
9: jnz d -2   {a=479004550, b=0, c=37, d=10}
10: inc a      {a=479004551, b=0, c=37, d=10}
11: dec d      {a=479004551, b=0, c=37, d=9}
9: jnz d -2   {a=479004551, b=0, c=37, d=9}
10: inc a      {a=479004552, b=0, c=37, d=9}
11: dec d      {a=479004552, b=0, c=37, d=8}
9: jnz d -2   {a=479004552, b=0, c=37, d=8}
10: inc a      {a=479004553, b=0, c=37, d=8}
11: dec d      {a=479004553, b=0, c=37, d=7}
9: jnz d -2   {a=479004553, b=0, c=37, d=7}
10: inc a      {a=479004554, b=0, c=37, d=7}
11: dec d      {a=479004554, b=0, c=37, d=6}
9: jnz d -2   {a=479004554, b=0, c=37, d=6}
10: inc a      {a=479004555, b=0, c=37, d=6}
11: dec d      {a=479004555, b=0, c=37, d=5}
9: jnz d -2   {a=479004555, b=0, c=37, d=5}
10: inc a      {a=479004556, b=0, c=37, d=5}
11: dec d      {a=479004556, b=0, c=37, d=4}
9: jnz d -2   {a=479004556, b=0, c=37, d=4}
10: inc a      {a=479004557, b=0, c=37, d=4}
11: dec d      {a=479004557, b=0, c=37, d=3}
9: jnz d -2   {a=479004557, b=0, c=37, d=3}
10: inc a      {a=479004558, b=0, c=37, d=3}
11: dec d      {a=479004558, b=0, c=37, d=2}
9: jnz d -2   {a=479004558, b=0, c=37, d=2}
10: inc a      {a=479004559, b=0, c=37, d=2}
11: dec d      {a=479004559, b=0, c=37, d=1}
9: jnz d -2   {a=479004559, b=0, c=37, d=1}
10: inc a      {a=479004560, b=0, c=37, d=1}
11: dec d      {a=479004560, b=0, c=37, d=0}
12: jnz d -2   {a=479004560, b=0, c=37, d=0}
13: dec c      {a=479004560, b=0, c=36, d=0}
8: jnz c -5   {a=479004560, b=0, c=36, d=0}
9: cpy 80 d   {a=479004560, b=0, c=36, d=80}
10: inc a      {a=479004561, b=0, c=36, d=80}
11: dec d      {a=479004561, b=0, c=36, d=79}
9: jnz d -2   {a=479004561, b=0, c=36, d=79}
10: inc a      {a=479004562, b=0, c=36, d=79}
11: dec d      {a=479004562, b=0, c=36, d=78}
9: jnz d -2   {a=479004562, b=0, c=36, d=78}
10: inc a      {a=479004563, b=0, c=36, d=78}
11: dec d      {a=479004563, b=0, c=36, d=77}
9: jnz d -2   {a=479004563, b=0, c=36, d=77}
10: inc a      {a=479004564, b=0, c=36, d=77}
11: dec d      {a=479004564, b=0, c=36, d=76}
9: jnz d -2   {a=479004564, b=0, c=36, d=76}
10: inc a      {a=479004565, b=0, c=36, d=76}
11: dec d      {a=479004565, b=0, c=36, d=75}
9: jnz d -2   {a=479004565, b=0, c=36, d=75}
10: inc a      {a=479004566, b=0, c=36, d=75}
11: dec d      {a=479004566, b=0, c=36, d=74}
9: jnz d -2   {a=479004566, b=0, c=36, d=74}
10: inc a      {a=479004567, b=0, c=36, d=74}
11: dec d      {a=479004567, b=0, c=36, d=73}
9: jnz d -2   {a=479004567, b=0, c=36, d=73}
10: inc a      {a=479004568, b=0, c=36, d=73}
11: dec d      {a=479004568, b=0, c=36, d=72}
9: jnz d -2   {a=479004568, b=0, c=36, d=72}
10: inc a      {a=479004569, b=0, c=36, d=72}
11: dec d      {a=479004569, b=0, c=36, d=71}
9: jnz d -2   {a=479004569, b=0, c=36, d=71}
10: inc a      {a=479004570, b=0, c=36, d=71}
11: dec d      {a=479004570, b=0, c=36, d=70}
9: jnz d -2   {a=479004570, b=0, c=36, d=70}
10: inc a      {a=479004571, b=0, c=36, d=70}
11: dec d      {a=479004571, b=0, c=36, d=69}
9: jnz d -2   {a=479004571, b=0, c=36, d=69}
10: inc a      {a=479004572, b=0, c=36, d=69}
11: dec d      {a=479004572, b=0, c=36, d=68}
9: jnz d -2   {a=479004572, b=0, c=36, d=68}
10: inc a      {a=479004573, b=0, c=36, d=68}
11: dec d      {a=479004573, b=0, c=36, d=67}
9: jnz d -2   {a=479004573, b=0, c=36, d=67}
10: inc a      {a=479004574, b=0, c=36, d=67}
11: dec d      {a=479004574, b=0, c=36, d=66}
9: jnz d -2   {a=479004574, b=0, c=36, d=66}
10: inc a      {a=479004575, b=0, c=36, d=66}
11: dec d      {a=479004575, b=0, c=36, d=65}
9: jnz d -2   {a=479004575, b=0, c=36, d=65}
10: inc a      {a=479004576, b=0, c=36, d=65}
11: dec d      {a=479004576, b=0, c=36, d=64}
9: jnz d -2   {a=479004576, b=0, c=36, d=64}
10: inc a      {a=479004577, b=0, c=36, d=64}
11: dec d      {a=479004577, b=0, c=36, d=63}
9: jnz d -2   {a=479004577, b=0, c=36, d=63}
10: inc a      {a=479004578, b=0, c=36, d=63}
11: dec d      {a=479004578, b=0, c=36, d=62}
9: jnz d -2   {a=479004578, b=0, c=36, d=62}
10: inc a      {a=479004579, b=0, c=36, d=62}
11: dec d      {a=479004579, b=0, c=36, d=61}
9: jnz d -2   {a=479004579, b=0, c=36, d=61}
10: inc a      {a=479004580, b=0, c=36, d=61}
11: dec d      {a=479004580, b=0, c=36, d=60}
9: jnz d -2   {a=479004580, b=0, c=36, d=60}
10: inc a      {a=479004581, b=0, c=36, d=60}
11: dec d      {a=479004581, b=0, c=36, d=59}
9: jnz d -2   {a=479004581, b=0, c=36, d=59}
10: inc a      {a=479004582, b=0, c=36, d=59}
11: dec d      {a=479004582, b=0, c=36, d=58}
9: jnz d -2   {a=479004582, b=0, c=36, d=58}
10: inc a      {a=479004583, b=0, c=36, d=58}
11: dec d      {a=479004583, b=0, c=36, d=57}
9: jnz d -2   {a=479004583, b=0, c=36, d=57}
10: inc a      {a=479004584, b=0, c=36, d=57}
11: dec d      {a=479004584, b=0, c=36, d=56}
9: jnz d -2   {a=479004584, b=0, c=36, d=56}
10: inc a      {a=479004585, b=0, c=36, d=56}
11: dec d      {a=479004585, b=0, c=36, d=55}
9: jnz d -2   {a=479004585, b=0, c=36, d=55}
10: inc a      {a=479004586, b=0, c=36, d=55}
11: dec d      {a=479004586, b=0, c=36, d=54}
9: jnz d -2   {a=479004586, b=0, c=36, d=54}
10: inc a      {a=479004587, b=0, c=36, d=54}
11: dec d      {a=479004587, b=0, c=36, d=53}
9: jnz d -2   {a=479004587, b=0, c=36, d=53}
10: inc a      {a=479004588, b=0, c=36, d=53}
11: dec d      {a=479004588, b=0, c=36, d=52}
9: jnz d -2   {a=479004588, b=0, c=36, d=52}
10: inc a      {a=479004589, b=0, c=36, d=52}
11: dec d      {a=479004589, b=0, c=36, d=51}
9: jnz d -2   {a=479004589, b=0, c=36, d=51}
10: inc a      {a=479004590, b=0, c=36, d=51}
11: dec d      {a=479004590, b=0, c=36, d=50}
9: jnz d -2   {a=479004590, b=0, c=36, d=50}
10: inc a      {a=479004591, b=0, c=36, d=50}
11: dec d      {a=479004591, b=0, c=36, d=49}
9: jnz d -2   {a=479004591, b=0, c=36, d=49}
10: inc a      {a=479004592, b=0, c=36, d=49}
11: dec d      {a=479004592, b=0, c=36, d=48}
9: jnz d -2   {a=479004592, b=0, c=36, d=48}
10: inc a      {a=479004593, b=0, c=36, d=48}
11: dec d      {a=479004593, b=0, c=36, d=47}
9: jnz d -2   {a=479004593, b=0, c=36, d=47}
10: inc a      {a=479004594, b=0, c=36, d=47}
11: dec d      {a=479004594, b=0, c=36, d=46}
9: jnz d -2   {a=479004594, b=0, c=36, d=46}
10: inc a      {a=479004595, b=0, c=36, d=46}
11: dec d      {a=479004595, b=0, c=36, d=45}
9: jnz d -2   {a=479004595, b=0, c=36, d=45}
10: inc a      {a=479004596, b=0, c=36, d=45}
11: dec d      {a=479004596, b=0, c=36, d=44}
9: jnz d -2   {a=479004596, b=0, c=36, d=44}
10: inc a      {a=479004597, b=0, c=36, d=44}
11: dec d      {a=479004597, b=0, c=36, d=43}
9: jnz d -2   {a=479004597, b=0, c=36, d=43}
10: inc a      {a=479004598, b=0, c=36, d=43}
11: dec d      {a=479004598, b=0, c=36, d=42}
9: jnz d -2   {a=479004598, b=0, c=36, d=42}
10: inc a      {a=479004599, b=0, c=36, d=42}
11: dec d      {a=479004599, b=0, c=36, d=41}
9: jnz d -2   {a=479004599, b=0, c=36, d=41}
10: inc a      {a=479004600, b=0, c=36, d=41}
11: dec d      {a=479004600, b=0, c=36, d=40}
9: jnz d -2   {a=479004600, b=0, c=36, d=40}
10: inc a      {a=479004601, b=0, c=36, d=40}
11: dec d      {a=479004601, b=0, c=36, d=39}
9: jnz d -2   {a=479004601, b=0, c=36, d=39}
10: inc a      {a=479004602, b=0, c=36, d=39}
11: dec d      {a=479004602, b=0, c=36, d=38}
9: jnz d -2   {a=479004602, b=0, c=36, d=38}
10: inc a      {a=479004603, b=0, c=36, d=38}
11: dec d      {a=479004603, b=0, c=36, d=37}
9: jnz d -2   {a=479004603, b=0, c=36, d=37}
10: inc a      {a=479004604, b=0, c=36, d=37}
11: dec d      {a=479004604, b=0, c=36, d=36}
9: jnz d -2   {a=479004604, b=0, c=36, d=36}
10: inc a      {a=479004605, b=0, c=36, d=36}
11: dec d      {a=479004605, b=0, c=36, d=35}
9: jnz d -2   {a=479004605, b=0, c=36, d=35}
10: inc a      {a=479004606, b=0, c=36, d=35}
11: dec d      {a=479004606, b=0, c=36, d=34}
9: jnz d -2   {a=479004606, b=0, c=36, d=34}
10: inc a      {a=479004607, b=0, c=36, d=34}
11: dec d      {a=479004607, b=0, c=36, d=33}
9: jnz d -2   {a=479004607, b=0, c=36, d=33}
10: inc a      {a=479004608, b=0, c=36, d=33}
11: dec d      {a=479004608, b=0, c=36, d=32}
9: jnz d -2   {a=479004608, b=0, c=36, d=32}
10: inc a      {a=479004609, b=0, c=36, d=32}
11: dec d      {a=479004609, b=0, c=36, d=31}
9: jnz d -2   {a=479004609, b=0, c=36, d=31}
10: inc a      {a=479004610, b=0, c=36, d=31}
11: dec d      {a=479004610, b=0, c=36, d=30}
9: jnz d -2   {a=479004610, b=0, c=36, d=30}
10: inc a      {a=479004611, b=0, c=36, d=30}
11: dec d      {a=479004611, b=0, c=36, d=29}
9: jnz d -2   {a=479004611, b=0, c=36, d=29}
10: inc a      {a=479004612, b=0, c=36, d=29}
11: dec d      {a=479004612, b=0, c=36, d=28}
9: jnz d -2   {a=479004612, b=0, c=36, d=28}
10: inc a      {a=479004613, b=0, c=36, d=28}
11: dec d      {a=479004613, b=0, c=36, d=27}
9: jnz d -2   {a=479004613, b=0, c=36, d=27}
10: inc a      {a=479004614, b=0, c=36, d=27}
11: dec d      {a=479004614, b=0, c=36, d=26}
9: jnz d -2   {a=479004614, b=0, c=36, d=26}
10: inc a      {a=479004615, b=0, c=36, d=26}
11: dec d      {a=479004615, b=0, c=36, d=25}
9: jnz d -2   {a=479004615, b=0, c=36, d=25}
10: inc a      {a=479004616, b=0, c=36, d=25}
11: dec d      {a=479004616, b=0, c=36, d=24}
9: jnz d -2   {a=479004616, b=0, c=36, d=24}
10: inc a      {a=479004617, b=0, c=36, d=24}
11: dec d      {a=479004617, b=0, c=36, d=23}
9: jnz d -2   {a=479004617, b=0, c=36, d=23}
10: inc a      {a=479004618, b=0, c=36, d=23}
11: dec d      {a=479004618, b=0, c=36, d=22}
9: jnz d -2   {a=479004618, b=0, c=36, d=22}
10: inc a      {a=479004619, b=0, c=36, d=22}
11: dec d      {a=479004619, b=0, c=36, d=21}
9: jnz d -2   {a=479004619, b=0, c=36, d=21}
10: inc a      {a=479004620, b=0, c=36, d=21}
11: dec d      {a=479004620, b=0, c=36, d=20}
9: jnz d -2   {a=479004620, b=0, c=36, d=20}
10: inc a      {a=479004621, b=0, c=36, d=20}
11: dec d      {a=479004621, b=0, c=36, d=19}
9: jnz d -2   {a=479004621, b=0, c=36, d=19}
10: inc a      {a=479004622, b=0, c=36, d=19}
11: dec d      {a=479004622, b=0, c=36, d=18}
9: jnz d -2   {a=479004622, b=0, c=36, d=18}
10: inc a      {a=479004623, b=0, c=36, d=18}
11: dec d      {a=479004623, b=0, c=36, d=17}
9: jnz d -2   {a=479004623, b=0, c=36, d=17}
10: inc a      {a=479004624, b=0, c=36, d=17}
11: dec d      {a=479004624, b=0, c=36, d=16}
9: jnz d -2   {a=479004624, b=0, c=36, d=16}
10: inc a      {a=479004625, b=0, c=36, d=16}
11: dec d      {a=479004625, b=0, c=36, d=15}
9: jnz d -2   {a=479004625, b=0, c=36, d=15}
10: inc a      {a=479004626, b=0, c=36, d=15}
11: dec d      {a=479004626, b=0, c=36, d=14}
9: jnz d -2   {a=479004626, b=0, c=36, d=14}
10: inc a      {a=479004627, b=0, c=36, d=14}
11: dec d      {a=479004627, b=0, c=36, d=13}
9: jnz d -2   {a=479004627, b=0, c=36, d=13}
10: inc a      {a=479004628, b=0, c=36, d=13}
11: dec d      {a=479004628, b=0, c=36, d=12}
9: jnz d -2   {a=479004628, b=0, c=36, d=12}
10: inc a      {a=479004629, b=0, c=36, d=12}
11: dec d      {a=479004629, b=0, c=36, d=11}
9: jnz d -2   {a=479004629, b=0, c=36, d=11}
10: inc a      {a=479004630, b=0, c=36, d=11}
11: dec d      {a=479004630, b=0, c=36, d=10}
9: jnz d -2   {a=479004630, b=0, c=36, d=10}
10: inc a      {a=479004631, b=0, c=36, d=10}
11: dec d      {a=479004631, b=0, c=36, d=9}
9: jnz d -2   {a=479004631, b=0, c=36, d=9}
10: inc a      {a=479004632, b=0, c=36, d=9}
11: dec d      {a=479004632, b=0, c=36, d=8}
9: jnz d -2   {a=479004632, b=0, c=36, d=8}
10: inc a      {a=479004633, b=0, c=36, d=8}
11: dec d      {a=479004633, b=0, c=36, d=7}
9: jnz d -2   {a=479004633, b=0, c=36, d=7}
10: inc a      {a=479004634, b=0, c=36, d=7}
11: dec d      {a=479004634, b=0, c=36, d=6}
9: jnz d -2   {a=479004634, b=0, c=36, d=6}
10: inc a      {a=479004635, b=0, c=36, d=6}
11: dec d      {a=479004635, b=0, c=36, d=5}
9: jnz d -2   {a=479004635, b=0, c=36, d=5}
10: inc a      {a=479004636, b=0, c=36, d=5}
11: dec d      {a=479004636, b=0, c=36, d=4}
9: jnz d -2   {a=479004636, b=0, c=36, d=4}
10: inc a      {a=479004637, b=0, c=36, d=4}
11: dec d      {a=479004637, b=0, c=36, d=3}
9: jnz d -2   {a=479004637, b=0, c=36, d=3}
10: inc a      {a=479004638, b=0, c=36, d=3}
11: dec d      {a=479004638, b=0, c=36, d=2}
9: jnz d -2   {a=479004638, b=0, c=36, d=2}
10: inc a      {a=479004639, b=0, c=36, d=2}
11: dec d      {a=479004639, b=0, c=36, d=1}
9: jnz d -2   {a=479004639, b=0, c=36, d=1}
10: inc a      {a=479004640, b=0, c=36, d=1}
11: dec d      {a=479004640, b=0, c=36, d=0}
12: jnz d -2   {a=479004640, b=0, c=36, d=0}
13: dec c      {a=479004640, b=0, c=35, d=0}
8: jnz c -5   {a=479004640, b=0, c=35, d=0}
9: cpy 80 d   {a=479004640, b=0, c=35, d=80}
10: inc a      {a=479004641, b=0, c=35, d=80}
11: dec d      {a=479004641, b=0, c=35, d=79}
9: jnz d -2   {a=479004641, b=0, c=35, d=79}
10: inc a      {a=479004642, b=0, c=35, d=79}
11: dec d      {a=479004642, b=0, c=35, d=78}
9: jnz d -2   {a=479004642, b=0, c=35, d=78}
10: inc a      {a=479004643, b=0, c=35, d=78}
11: dec d      {a=479004643, b=0, c=35, d=77}
9: jnz d -2   {a=479004643, b=0, c=35, d=77}
10: inc a      {a=479004644, b=0, c=35, d=77}
11: dec d      {a=479004644, b=0, c=35, d=76}
9: jnz d -2   {a=479004644, b=0, c=35, d=76}
10: inc a      {a=479004645, b=0, c=35, d=76}
11: dec d      {a=479004645, b=0, c=35, d=75}
9: jnz d -2   {a=479004645, b=0, c=35, d=75}
10: inc a      {a=479004646, b=0, c=35, d=75}
11: dec d      {a=479004646, b=0, c=35, d=74}
9: jnz d -2   {a=479004646, b=0, c=35, d=74}
10: inc a      {a=479004647, b=0, c=35, d=74}
11: dec d      {a=479004647, b=0, c=35, d=73}
9: jnz d -2   {a=479004647, b=0, c=35, d=73}
10: inc a      {a=479004648, b=0, c=35, d=73}
11: dec d      {a=479004648, b=0, c=35, d=72}
9: jnz d -2   {a=479004648, b=0, c=35, d=72}
10: inc a      {a=479004649, b=0, c=35, d=72}
11: dec d      {a=479004649, b=0, c=35, d=71}
9: jnz d -2   {a=479004649, b=0, c=35, d=71}
10: inc a      {a=479004650, b=0, c=35, d=71}
11: dec d      {a=479004650, b=0, c=35, d=70}
9: jnz d -2   {a=479004650, b=0, c=35, d=70}
10: inc a      {a=479004651, b=0, c=35, d=70}
11: dec d      {a=479004651, b=0, c=35, d=69}
9: jnz d -2   {a=479004651, b=0, c=35, d=69}
10: inc a      {a=479004652, b=0, c=35, d=69}
11: dec d      {a=479004652, b=0, c=35, d=68}
9: jnz d -2   {a=479004652, b=0, c=35, d=68}
10: inc a      {a=479004653, b=0, c=35, d=68}
11: dec d      {a=479004653, b=0, c=35, d=67}
9: jnz d -2   {a=479004653, b=0, c=35, d=67}
10: inc a      {a=479004654, b=0, c=35, d=67}
11: dec d      {a=479004654, b=0, c=35, d=66}
9: jnz d -2   {a=479004654, b=0, c=35, d=66}
10: inc a      {a=479004655, b=0, c=35, d=66}
11: dec d      {a=479004655, b=0, c=35, d=65}
9: jnz d -2   {a=479004655, b=0, c=35, d=65}
10: inc a      {a=479004656, b=0, c=35, d=65}
11: dec d      {a=479004656, b=0, c=35, d=64}
9: jnz d -2   {a=479004656, b=0, c=35, d=64}
10: inc a      {a=479004657, b=0, c=35, d=64}
11: dec d      {a=479004657, b=0, c=35, d=63}
9: jnz d -2   {a=479004657, b=0, c=35, d=63}
10: inc a      {a=479004658, b=0, c=35, d=63}
11: dec d      {a=479004658, b=0, c=35, d=62}
9: jnz d -2   {a=479004658, b=0, c=35, d=62}
10: inc a      {a=479004659, b=0, c=35, d=62}
11: dec d      {a=479004659, b=0, c=35, d=61}
9: jnz d -2   {a=479004659, b=0, c=35, d=61}
10: inc a      {a=479004660, b=0, c=35, d=61}
11: dec d      {a=479004660, b=0, c=35, d=60}
9: jnz d -2   {a=479004660, b=0, c=35, d=60}
10: inc a      {a=479004661, b=0, c=35, d=60}
11: dec d      {a=479004661, b=0, c=35, d=59}
9: jnz d -2   {a=479004661, b=0, c=35, d=59}
10: inc a      {a=479004662, b=0, c=35, d=59}
11: dec d      {a=479004662, b=0, c=35, d=58}
9: jnz d -2   {a=479004662, b=0, c=35, d=58}
10: inc a      {a=479004663, b=0, c=35, d=58}
11: dec d      {a=479004663, b=0, c=35, d=57}
9: jnz d -2   {a=479004663, b=0, c=35, d=57}
10: inc a      {a=479004664, b=0, c=35, d=57}
11: dec d      {a=479004664, b=0, c=35, d=56}
9: jnz d -2   {a=479004664, b=0, c=35, d=56}
10: inc a      {a=479004665, b=0, c=35, d=56}
11: dec d      {a=479004665, b=0, c=35, d=55}
9: jnz d -2   {a=479004665, b=0, c=35, d=55}
10: inc a      {a=479004666, b=0, c=35, d=55}
11: dec d      {a=479004666, b=0, c=35, d=54}
9: jnz d -2   {a=479004666, b=0, c=35, d=54}
10: inc a      {a=479004667, b=0, c=35, d=54}
11: dec d      {a=479004667, b=0, c=35, d=53}
9: jnz d -2   {a=479004667, b=0, c=35, d=53}
10: inc a      {a=479004668, b=0, c=35, d=53}
11: dec d      {a=479004668, b=0, c=35, d=52}
9: jnz d -2   {a=479004668, b=0, c=35, d=52}
10: inc a      {a=479004669, b=0, c=35, d=52}
11: dec d      {a=479004669, b=0, c=35, d=51}
9: jnz d -2   {a=479004669, b=0, c=35, d=51}
10: inc a      {a=479004670, b=0, c=35, d=51}
11: dec d      {a=479004670, b=0, c=35, d=50}
9: jnz d -2   {a=479004670, b=0, c=35, d=50}
10: inc a      {a=479004671, b=0, c=35, d=50}
11: dec d      {a=479004671, b=0, c=35, d=49}
9: jnz d -2   {a=479004671, b=0, c=35, d=49}
10: inc a      {a=479004672, b=0, c=35, d=49}
11: dec d      {a=479004672, b=0, c=35, d=48}
9: jnz d -2   {a=479004672, b=0, c=35, d=48}
10: inc a      {a=479004673, b=0, c=35, d=48}
11: dec d      {a=479004673, b=0, c=35, d=47}
9: jnz d -2   {a=479004673, b=0, c=35, d=47}
10: inc a      {a=479004674, b=0, c=35, d=47}
11: dec d      {a=479004674, b=0, c=35, d=46}
9: jnz d -2   {a=479004674, b=0, c=35, d=46}
10: inc a      {a=479004675, b=0, c=35, d=46}
11: dec d      {a=479004675, b=0, c=35, d=45}
9: jnz d -2   {a=479004675, b=0, c=35, d=45}
10: inc a      {a=479004676, b=0, c=35, d=45}
11: dec d      {a=479004676, b=0, c=35, d=44}
9: jnz d -2   {a=479004676, b=0, c=35, d=44}
10: inc a      {a=479004677, b=0, c=35, d=44}
11: dec d      {a=479004677, b=0, c=35, d=43}
9: jnz d -2   {a=479004677, b=0, c=35, d=43}
10: inc a      {a=479004678, b=0, c=35, d=43}
11: dec d      {a=479004678, b=0, c=35, d=42}
9: jnz d -2   {a=479004678, b=0, c=35, d=42}
10: inc a      {a=479004679, b=0, c=35, d=42}
11: dec d      {a=479004679, b=0, c=35, d=41}
9: jnz d -2   {a=479004679, b=0, c=35, d=41}
10: inc a      {a=479004680, b=0, c=35, d=41}
11: dec d      {a=479004680, b=0, c=35, d=40}
9: jnz d -2   {a=479004680, b=0, c=35, d=40}
10: inc a      {a=479004681, b=0, c=35, d=40}
11: dec d      {a=479004681, b=0, c=35, d=39}
9: jnz d -2   {a=479004681, b=0, c=35, d=39}
10: inc a      {a=479004682, b=0, c=35, d=39}
11: dec d      {a=479004682, b=0, c=35, d=38}
9: jnz d -2   {a=479004682, b=0, c=35, d=38}
10: inc a      {a=479004683, b=0, c=35, d=38}
11: dec d      {a=479004683, b=0, c=35, d=37}
9: jnz d -2   {a=479004683, b=0, c=35, d=37}
10: inc a      {a=479004684, b=0, c=35, d=37}
11: dec d      {a=479004684, b=0, c=35, d=36}
9: jnz d -2   {a=479004684, b=0, c=35, d=36}
10: inc a      {a=479004685, b=0, c=35, d=36}
11: dec d      {a=479004685, b=0, c=35, d=35}
9: jnz d -2   {a=479004685, b=0, c=35, d=35}
10: inc a      {a=479004686, b=0, c=35, d=35}
11: dec d      {a=479004686, b=0, c=35, d=34}
9: jnz d -2   {a=479004686, b=0, c=35, d=34}
10: inc a      {a=479004687, b=0, c=35, d=34}
11: dec d      {a=479004687, b=0, c=35, d=33}
9: jnz d -2   {a=479004687, b=0, c=35, d=33}
10: inc a      {a=479004688, b=0, c=35, d=33}
11: dec d      {a=479004688, b=0, c=35, d=32}
9: jnz d -2   {a=479004688, b=0, c=35, d=32}
10: inc a      {a=479004689, b=0, c=35, d=32}
11: dec d      {a=479004689, b=0, c=35, d=31}
9: jnz d -2   {a=479004689, b=0, c=35, d=31}
10: inc a      {a=479004690, b=0, c=35, d=31}
11: dec d      {a=479004690, b=0, c=35, d=30}
9: jnz d -2   {a=479004690, b=0, c=35, d=30}
10: inc a      {a=479004691, b=0, c=35, d=30}
11: dec d      {a=479004691, b=0, c=35, d=29}
9: jnz d -2   {a=479004691, b=0, c=35, d=29}
10: inc a      {a=479004692, b=0, c=35, d=29}
11: dec d      {a=479004692, b=0, c=35, d=28}
9: jnz d -2   {a=479004692, b=0, c=35, d=28}
10: inc a      {a=479004693, b=0, c=35, d=28}
11: dec d      {a=479004693, b=0, c=35, d=27}
9: jnz d -2   {a=479004693, b=0, c=35, d=27}
10: inc a      {a=479004694, b=0, c=35, d=27}
11: dec d      {a=479004694, b=0, c=35, d=26}
9: jnz d -2   {a=479004694, b=0, c=35, d=26}
10: inc a      {a=479004695, b=0, c=35, d=26}
11: dec d      {a=479004695, b=0, c=35, d=25}
9: jnz d -2   {a=479004695, b=0, c=35, d=25}
10: inc a      {a=479004696, b=0, c=35, d=25}
11: dec d      {a=479004696, b=0, c=35, d=24}
9: jnz d -2   {a=479004696, b=0, c=35, d=24}
10: inc a      {a=479004697, b=0, c=35, d=24}
11: dec d      {a=479004697, b=0, c=35, d=23}
9: jnz d -2   {a=479004697, b=0, c=35, d=23}
10: inc a      {a=479004698, b=0, c=35, d=23}
11: dec d      {a=479004698, b=0, c=35, d=22}
9: jnz d -2   {a=479004698, b=0, c=35, d=22}
10: inc a      {a=479004699, b=0, c=35, d=22}
11: dec d      {a=479004699, b=0, c=35, d=21}
9: jnz d -2   {a=479004699, b=0, c=35, d=21}
10: inc a      {a=479004700, b=0, c=35, d=21}
11: dec d      {a=479004700, b=0, c=35, d=20}
9: jnz d -2   {a=479004700, b=0, c=35, d=20}
10: inc a      {a=479004701, b=0, c=35, d=20}
11: dec d      {a=479004701, b=0, c=35, d=19}
9: jnz d -2   {a=479004701, b=0, c=35, d=19}
10: inc a      {a=479004702, b=0, c=35, d=19}
11: dec d      {a=479004702, b=0, c=35, d=18}
9: jnz d -2   {a=479004702, b=0, c=35, d=18}
10: inc a      {a=479004703, b=0, c=35, d=18}
11: dec d      {a=479004703, b=0, c=35, d=17}
9: jnz d -2   {a=479004703, b=0, c=35, d=17}
10: inc a      {a=479004704, b=0, c=35, d=17}
11: dec d      {a=479004704, b=0, c=35, d=16}
9: jnz d -2   {a=479004704, b=0, c=35, d=16}
10: inc a      {a=479004705, b=0, c=35, d=16}
11: dec d      {a=479004705, b=0, c=35, d=15}
9: jnz d -2   {a=479004705, b=0, c=35, d=15}
10: inc a      {a=479004706, b=0, c=35, d=15}
11: dec d      {a=479004706, b=0, c=35, d=14}
9: jnz d -2   {a=479004706, b=0, c=35, d=14}
10: inc a      {a=479004707, b=0, c=35, d=14}
11: dec d      {a=479004707, b=0, c=35, d=13}
9: jnz d -2   {a=479004707, b=0, c=35, d=13}
10: inc a      {a=479004708, b=0, c=35, d=13}
11: dec d      {a=479004708, b=0, c=35, d=12}
9: jnz d -2   {a=479004708, b=0, c=35, d=12}
10: inc a      {a=479004709, b=0, c=35, d=12}
11: dec d      {a=479004709, b=0, c=35, d=11}
9: jnz d -2   {a=479004709, b=0, c=35, d=11}
10: inc a      {a=479004710, b=0, c=35, d=11}
11: dec d      {a=479004710, b=0, c=35, d=10}
9: jnz d -2   {a=479004710, b=0, c=35, d=10}
10: inc a      {a=479004711, b=0, c=35, d=10}
11: dec d      {a=479004711, b=0, c=35, d=9}
9: jnz d -2   {a=479004711, b=0, c=35, d=9}
10: inc a      {a=479004712, b=0, c=35, d=9}
11: dec d      {a=479004712, b=0, c=35, d=8}
9: jnz d -2   {a=479004712, b=0, c=35, d=8}
10: inc a      {a=479004713, b=0, c=35, d=8}
11: dec d      {a=479004713, b=0, c=35, d=7}
9: jnz d -2   {a=479004713, b=0, c=35, d=7}
10: inc a      {a=479004714, b=0, c=35, d=7}
11: dec d      {a=479004714, b=0, c=35, d=6}
9: jnz d -2   {a=479004714, b=0, c=35, d=6}
10: inc a      {a=479004715, b=0, c=35, d=6}
11: dec d      {a=479004715, b=0, c=35, d=5}
9: jnz d -2   {a=479004715, b=0, c=35, d=5}
10: inc a      {a=479004716, b=0, c=35, d=5}
11: dec d      {a=479004716, b=0, c=35, d=4}
9: jnz d -2   {a=479004716, b=0, c=35, d=4}
10: inc a      {a=479004717, b=0, c=35, d=4}
11: dec d      {a=479004717, b=0, c=35, d=3}
9: jnz d -2   {a=479004717, b=0, c=35, d=3}
10: inc a      {a=479004718, b=0, c=35, d=3}
11: dec d      {a=479004718, b=0, c=35, d=2}
9: jnz d -2   {a=479004718, b=0, c=35, d=2}
10: inc a      {a=479004719, b=0, c=35, d=2}
11: dec d      {a=479004719, b=0, c=35, d=1}
9: jnz d -2   {a=479004719, b=0, c=35, d=1}
10: inc a      {a=479004720, b=0, c=35, d=1}
11: dec d      {a=479004720, b=0, c=35, d=0}
12: jnz d -2   {a=479004720, b=0, c=35, d=0}
13: dec c      {a=479004720, b=0, c=34, d=0}
8: jnz c -5   {a=479004720, b=0, c=34, d=0}
9: cpy 80 d   {a=479004720, b=0, c=34, d=80}
10: inc a      {a=479004721, b=0, c=34, d=80}
11: dec d      {a=479004721, b=0, c=34, d=79}
9: jnz d -2   {a=479004721, b=0, c=34, d=79}
10: inc a      {a=479004722, b=0, c=34, d=79}
11: dec d      {a=479004722, b=0, c=34, d=78}
9: jnz d -2   {a=479004722, b=0, c=34, d=78}
10: inc a      {a=479004723, b=0, c=34, d=78}
11: dec d      {a=479004723, b=0, c=34, d=77}
9: jnz d -2   {a=479004723, b=0, c=34, d=77}
10: inc a      {a=479004724, b=0, c=34, d=77}
11: dec d      {a=479004724, b=0, c=34, d=76}
9: jnz d -2   {a=479004724, b=0, c=34, d=76}
10: inc a      {a=479004725, b=0, c=34, d=76}
11: dec d      {a=479004725, b=0, c=34, d=75}
9: jnz d -2   {a=479004725, b=0, c=34, d=75}
10: inc a      {a=479004726, b=0, c=34, d=75}
11: dec d      {a=479004726, b=0, c=34, d=74}
9: jnz d -2   {a=479004726, b=0, c=34, d=74}
10: inc a      {a=479004727, b=0, c=34, d=74}
11: dec d      {a=479004727, b=0, c=34, d=73}
9: jnz d -2   {a=479004727, b=0, c=34, d=73}
10: inc a      {a=479004728, b=0, c=34, d=73}
11: dec d      {a=479004728, b=0, c=34, d=72}
9: jnz d -2   {a=479004728, b=0, c=34, d=72}
10: inc a      {a=479004729, b=0, c=34, d=72}
11: dec d      {a=479004729, b=0, c=34, d=71}
9: jnz d -2   {a=479004729, b=0, c=34, d=71}
10: inc a      {a=479004730, b=0, c=34, d=71}
11: dec d      {a=479004730, b=0, c=34, d=70}
9: jnz d -2   {a=479004730, b=0, c=34, d=70}
10: inc a      {a=479004731, b=0, c=34, d=70}
11: dec d      {a=479004731, b=0, c=34, d=69}
9: jnz d -2   {a=479004731, b=0, c=34, d=69}
10: inc a      {a=479004732, b=0, c=34, d=69}
11: dec d      {a=479004732, b=0, c=34, d=68}
9: jnz d -2   {a=479004732, b=0, c=34, d=68}
10: inc a      {a=479004733, b=0, c=34, d=68}
11: dec d      {a=479004733, b=0, c=34, d=67}
9: jnz d -2   {a=479004733, b=0, c=34, d=67}
10: inc a      {a=479004734, b=0, c=34, d=67}
11: dec d      {a=479004734, b=0, c=34, d=66}
9: jnz d -2   {a=479004734, b=0, c=34, d=66}
10: inc a      {a=479004735, b=0, c=34, d=66}
11: dec d      {a=479004735, b=0, c=34, d=65}
9: jnz d -2   {a=479004735, b=0, c=34, d=65}
10: inc a      {a=479004736, b=0, c=34, d=65}
11: dec d      {a=479004736, b=0, c=34, d=64}
9: jnz d -2   {a=479004736, b=0, c=34, d=64}
10: inc a      {a=479004737, b=0, c=34, d=64}
11: dec d      {a=479004737, b=0, c=34, d=63}
9: jnz d -2   {a=479004737, b=0, c=34, d=63}
10: inc a      {a=479004738, b=0, c=34, d=63}
11: dec d      {a=479004738, b=0, c=34, d=62}
9: jnz d -2   {a=479004738, b=0, c=34, d=62}
10: inc a      {a=479004739, b=0, c=34, d=62}
11: dec d      {a=479004739, b=0, c=34, d=61}
9: jnz d -2   {a=479004739, b=0, c=34, d=61}
10: inc a      {a=479004740, b=0, c=34, d=61}
11: dec d      {a=479004740, b=0, c=34, d=60}
9: jnz d -2   {a=479004740, b=0, c=34, d=60}
10: inc a      {a=479004741, b=0, c=34, d=60}
11: dec d      {a=479004741, b=0, c=34, d=59}
9: jnz d -2   {a=479004741, b=0, c=34, d=59}
10: inc a      {a=479004742, b=0, c=34, d=59}
11: dec d      {a=479004742, b=0, c=34, d=58}
9: jnz d -2   {a=479004742, b=0, c=34, d=58}
10: inc a      {a=479004743, b=0, c=34, d=58}
11: dec d      {a=479004743, b=0, c=34, d=57}
9: jnz d -2   {a=479004743, b=0, c=34, d=57}
10: inc a      {a=479004744, b=0, c=34, d=57}
11: dec d      {a=479004744, b=0, c=34, d=56}
9: jnz d -2   {a=479004744, b=0, c=34, d=56}
10: inc a      {a=479004745, b=0, c=34, d=56}
11: dec d      {a=479004745, b=0, c=34, d=55}
9: jnz d -2   {a=479004745, b=0, c=34, d=55}
10: inc a      {a=479004746, b=0, c=34, d=55}
11: dec d      {a=479004746, b=0, c=34, d=54}
9: jnz d -2   {a=479004746, b=0, c=34, d=54}
10: inc a      {a=479004747, b=0, c=34, d=54}
11: dec d      {a=479004747, b=0, c=34, d=53}
9: jnz d -2   {a=479004747, b=0, c=34, d=53}
10: inc a      {a=479004748, b=0, c=34, d=53}
11: dec d      {a=479004748, b=0, c=34, d=52}
9: jnz d -2   {a=479004748, b=0, c=34, d=52}
10: inc a      {a=479004749, b=0, c=34, d=52}
11: dec d      {a=479004749, b=0, c=34, d=51}
9: jnz d -2   {a=479004749, b=0, c=34, d=51}
10: inc a      {a=479004750, b=0, c=34, d=51}
11: dec d      {a=479004750, b=0, c=34, d=50}
9: jnz d -2   {a=479004750, b=0, c=34, d=50}
10: inc a      {a=479004751, b=0, c=34, d=50}
11: dec d      {a=479004751, b=0, c=34, d=49}
9: jnz d -2   {a=479004751, b=0, c=34, d=49}
10: inc a      {a=479004752, b=0, c=34, d=49}
11: dec d      {a=479004752, b=0, c=34, d=48}
9: jnz d -2   {a=479004752, b=0, c=34, d=48}
10: inc a      {a=479004753, b=0, c=34, d=48}
11: dec d      {a=479004753, b=0, c=34, d=47}
9: jnz d -2   {a=479004753, b=0, c=34, d=47}
10: inc a      {a=479004754, b=0, c=34, d=47}
11: dec d      {a=479004754, b=0, c=34, d=46}
9: jnz d -2   {a=479004754, b=0, c=34, d=46}
10: inc a      {a=479004755, b=0, c=34, d=46}
11: dec d      {a=479004755, b=0, c=34, d=45}
9: jnz d -2   {a=479004755, b=0, c=34, d=45}
10: inc a      {a=479004756, b=0, c=34, d=45}
11: dec d      {a=479004756, b=0, c=34, d=44}
9: jnz d -2   {a=479004756, b=0, c=34, d=44}
10: inc a      {a=479004757, b=0, c=34, d=44}
11: dec d      {a=479004757, b=0, c=34, d=43}
9: jnz d -2   {a=479004757, b=0, c=34, d=43}
10: inc a      {a=479004758, b=0, c=34, d=43}
11: dec d      {a=479004758, b=0, c=34, d=42}
9: jnz d -2   {a=479004758, b=0, c=34, d=42}
10: inc a      {a=479004759, b=0, c=34, d=42}
11: dec d      {a=479004759, b=0, c=34, d=41}
9: jnz d -2   {a=479004759, b=0, c=34, d=41}
10: inc a      {a=479004760, b=0, c=34, d=41}
11: dec d      {a=479004760, b=0, c=34, d=40}
9: jnz d -2   {a=479004760, b=0, c=34, d=40}
10: inc a      {a=479004761, b=0, c=34, d=40}
11: dec d      {a=479004761, b=0, c=34, d=39}
9: jnz d -2   {a=479004761, b=0, c=34, d=39}
10: inc a      {a=479004762, b=0, c=34, d=39}
11: dec d      {a=479004762, b=0, c=34, d=38}
9: jnz d -2   {a=479004762, b=0, c=34, d=38}
10: inc a      {a=479004763, b=0, c=34, d=38}
11: dec d      {a=479004763, b=0, c=34, d=37}
9: jnz d -2   {a=479004763, b=0, c=34, d=37}
10: inc a      {a=479004764, b=0, c=34, d=37}
11: dec d      {a=479004764, b=0, c=34, d=36}
9: jnz d -2   {a=479004764, b=0, c=34, d=36}
10: inc a      {a=479004765, b=0, c=34, d=36}
11: dec d      {a=479004765, b=0, c=34, d=35}
9: jnz d -2   {a=479004765, b=0, c=34, d=35}
10: inc a      {a=479004766, b=0, c=34, d=35}
11: dec d      {a=479004766, b=0, c=34, d=34}
9: jnz d -2   {a=479004766, b=0, c=34, d=34}
10: inc a      {a=479004767, b=0, c=34, d=34}
11: dec d      {a=479004767, b=0, c=34, d=33}
9: jnz d -2   {a=479004767, b=0, c=34, d=33}
10: inc a      {a=479004768, b=0, c=34, d=33}
11: dec d      {a=479004768, b=0, c=34, d=32}
9: jnz d -2   {a=479004768, b=0, c=34, d=32}
10: inc a      {a=479004769, b=0, c=34, d=32}
11: dec d      {a=479004769, b=0, c=34, d=31}
9: jnz d -2   {a=479004769, b=0, c=34, d=31}
10: inc a      {a=479004770, b=0, c=34, d=31}
11: dec d      {a=479004770, b=0, c=34, d=30}
9: jnz d -2   {a=479004770, b=0, c=34, d=30}
10: inc a      {a=479004771, b=0, c=34, d=30}
11: dec d      {a=479004771, b=0, c=34, d=29}
9: jnz d -2   {a=479004771, b=0, c=34, d=29}
10: inc a      {a=479004772, b=0, c=34, d=29}
11: dec d      {a=479004772, b=0, c=34, d=28}
9: jnz d -2   {a=479004772, b=0, c=34, d=28}
10: inc a      {a=479004773, b=0, c=34, d=28}
11: dec d      {a=479004773, b=0, c=34, d=27}
9: jnz d -2   {a=479004773, b=0, c=34, d=27}
10: inc a      {a=479004774, b=0, c=34, d=27}
11: dec d      {a=479004774, b=0, c=34, d=26}
9: jnz d -2   {a=479004774, b=0, c=34, d=26}
10: inc a      {a=479004775, b=0, c=34, d=26}
11: dec d      {a=479004775, b=0, c=34, d=25}
9: jnz d -2   {a=479004775, b=0, c=34, d=25}
10: inc a      {a=479004776, b=0, c=34, d=25}
11: dec d      {a=479004776, b=0, c=34, d=24}
9: jnz d -2   {a=479004776, b=0, c=34, d=24}
10: inc a      {a=479004777, b=0, c=34, d=24}
11: dec d      {a=479004777, b=0, c=34, d=23}
9: jnz d -2   {a=479004777, b=0, c=34, d=23}
10: inc a      {a=479004778, b=0, c=34, d=23}
11: dec d      {a=479004778, b=0, c=34, d=22}
9: jnz d -2   {a=479004778, b=0, c=34, d=22}
10: inc a      {a=479004779, b=0, c=34, d=22}
11: dec d      {a=479004779, b=0, c=34, d=21}
9: jnz d -2   {a=479004779, b=0, c=34, d=21}
10: inc a      {a=479004780, b=0, c=34, d=21}
11: dec d      {a=479004780, b=0, c=34, d=20}
9: jnz d -2   {a=479004780, b=0, c=34, d=20}
10: inc a      {a=479004781, b=0, c=34, d=20}
11: dec d      {a=479004781, b=0, c=34, d=19}
9: jnz d -2   {a=479004781, b=0, c=34, d=19}
10: inc a      {a=479004782, b=0, c=34, d=19}
11: dec d      {a=479004782, b=0, c=34, d=18}
9: jnz d -2   {a=479004782, b=0, c=34, d=18}
10: inc a      {a=479004783, b=0, c=34, d=18}
11: dec d      {a=479004783, b=0, c=34, d=17}
9: jnz d -2   {a=479004783, b=0, c=34, d=17}
10: inc a      {a=479004784, b=0, c=34, d=17}
11: dec d      {a=479004784, b=0, c=34, d=16}
9: jnz d -2   {a=479004784, b=0, c=34, d=16}
10: inc a      {a=479004785, b=0, c=34, d=16}
11: dec d      {a=479004785, b=0, c=34, d=15}
9: jnz d -2   {a=479004785, b=0, c=34, d=15}
10: inc a      {a=479004786, b=0, c=34, d=15}
11: dec d      {a=479004786, b=0, c=34, d=14}
9: jnz d -2   {a=479004786, b=0, c=34, d=14}
10: inc a      {a=479004787, b=0, c=34, d=14}
11: dec d      {a=479004787, b=0, c=34, d=13}
9: jnz d -2   {a=479004787, b=0, c=34, d=13}
10: inc a      {a=479004788, b=0, c=34, d=13}
11: dec d      {a=479004788, b=0, c=34, d=12}
9: jnz d -2   {a=479004788, b=0, c=34, d=12}
10: inc a      {a=479004789, b=0, c=34, d=12}
11: dec d      {a=479004789, b=0, c=34, d=11}
9: jnz d -2   {a=479004789, b=0, c=34, d=11}
10: inc a      {a=479004790, b=0, c=34, d=11}
11: dec d      {a=479004790, b=0, c=34, d=10}
9: jnz d -2   {a=479004790, b=0, c=34, d=10}
10: inc a      {a=479004791, b=0, c=34, d=10}
11: dec d      {a=479004791, b=0, c=34, d=9}
9: jnz d -2   {a=479004791, b=0, c=34, d=9}
10: inc a      {a=479004792, b=0, c=34, d=9}
11: dec d      {a=479004792, b=0, c=34, d=8}
9: jnz d -2   {a=479004792, b=0, c=34, d=8}
10: inc a      {a=479004793, b=0, c=34, d=8}
11: dec d      {a=479004793, b=0, c=34, d=7}
9: jnz d -2   {a=479004793, b=0, c=34, d=7}
10: inc a      {a=479004794, b=0, c=34, d=7}
11: dec d      {a=479004794, b=0, c=34, d=6}
9: jnz d -2   {a=479004794, b=0, c=34, d=6}
10: inc a      {a=479004795, b=0, c=34, d=6}
11: dec d      {a=479004795, b=0, c=34, d=5}
9: jnz d -2   {a=479004795, b=0, c=34, d=5}
10: inc a      {a=479004796, b=0, c=34, d=5}
11: dec d      {a=479004796, b=0, c=34, d=4}
9: jnz d -2   {a=479004796, b=0, c=34, d=4}
10: inc a      {a=479004797, b=0, c=34, d=4}
11: dec d      {a=479004797, b=0, c=34, d=3}
9: jnz d -2   {a=479004797, b=0, c=34, d=3}
10: inc a      {a=479004798, b=0, c=34, d=3}
11: dec d      {a=479004798, b=0, c=34, d=2}
9: jnz d -2   {a=479004798, b=0, c=34, d=2}
10: inc a      {a=479004799, b=0, c=34, d=2}
11: dec d      {a=479004799, b=0, c=34, d=1}
9: jnz d -2   {a=479004799, b=0, c=34, d=1}
10: inc a      {a=479004800, b=0, c=34, d=1}
11: dec d      {a=479004800, b=0, c=34, d=0}
12: jnz d -2   {a=479004800, b=0, c=34, d=0}
13: dec c      {a=479004800, b=0, c=33, d=0}
8: jnz c -5   {a=479004800, b=0, c=33, d=0}
9: cpy 80 d   {a=479004800, b=0, c=33, d=80}
10: inc a      {a=479004801, b=0, c=33, d=80}
11: dec d      {a=479004801, b=0, c=33, d=79}
9: jnz d -2   {a=479004801, b=0, c=33, d=79}
10: inc a      {a=479004802, b=0, c=33, d=79}
11: dec d      {a=479004802, b=0, c=33, d=78}
9: jnz d -2   {a=479004802, b=0, c=33, d=78}
10: inc a      {a=479004803, b=0, c=33, d=78}
11: dec d      {a=479004803, b=0, c=33, d=77}
9: jnz d -2   {a=479004803, b=0, c=33, d=77}
10: inc a      {a=479004804, b=0, c=33, d=77}
11: dec d      {a=479004804, b=0, c=33, d=76}
9: jnz d -2   {a=479004804, b=0, c=33, d=76}
10: inc a      {a=479004805, b=0, c=33, d=76}
11: dec d      {a=479004805, b=0, c=33, d=75}
9: jnz d -2   {a=479004805, b=0, c=33, d=75}
10: inc a      {a=479004806, b=0, c=33, d=75}
11: dec d      {a=479004806, b=0, c=33, d=74}
9: jnz d -2   {a=479004806, b=0, c=33, d=74}
10: inc a      {a=479004807, b=0, c=33, d=74}
11: dec d      {a=479004807, b=0, c=33, d=73}
9: jnz d -2   {a=479004807, b=0, c=33, d=73}
10: inc a      {a=479004808, b=0, c=33, d=73}
11: dec d      {a=479004808, b=0, c=33, d=72}
9: jnz d -2   {a=479004808, b=0, c=33, d=72}
10: inc a      {a=479004809, b=0, c=33, d=72}
11: dec d      {a=479004809, b=0, c=33, d=71}
9: jnz d -2   {a=479004809, b=0, c=33, d=71}
10: inc a      {a=479004810, b=0, c=33, d=71}
11: dec d      {a=479004810, b=0, c=33, d=70}
9: jnz d -2   {a=479004810, b=0, c=33, d=70}
10: inc a      {a=479004811, b=0, c=33, d=70}
11: dec d      {a=479004811, b=0, c=33, d=69}
9: jnz d -2   {a=479004811, b=0, c=33, d=69}
10: inc a      {a=479004812, b=0, c=33, d=69}
11: dec d      {a=479004812, b=0, c=33, d=68}
9: jnz d -2   {a=479004812, b=0, c=33, d=68}
10: inc a      {a=479004813, b=0, c=33, d=68}
11: dec d      {a=479004813, b=0, c=33, d=67}
9: jnz d -2   {a=479004813, b=0, c=33, d=67}
10: inc a      {a=479004814, b=0, c=33, d=67}
11: dec d      {a=479004814, b=0, c=33, d=66}
9: jnz d -2   {a=479004814, b=0, c=33, d=66}
10: inc a      {a=479004815, b=0, c=33, d=66}
11: dec d      {a=479004815, b=0, c=33, d=65}
9: jnz d -2   {a=479004815, b=0, c=33, d=65}
10: inc a      {a=479004816, b=0, c=33, d=65}
11: dec d      {a=479004816, b=0, c=33, d=64}
9: jnz d -2   {a=479004816, b=0, c=33, d=64}
10: inc a      {a=479004817, b=0, c=33, d=64}
11: dec d      {a=479004817, b=0, c=33, d=63}
9: jnz d -2   {a=479004817, b=0, c=33, d=63}
10: inc a      {a=479004818, b=0, c=33, d=63}
11: dec d      {a=479004818, b=0, c=33, d=62}
9: jnz d -2   {a=479004818, b=0, c=33, d=62}
10: inc a      {a=479004819, b=0, c=33, d=62}
11: dec d      {a=479004819, b=0, c=33, d=61}
9: jnz d -2   {a=479004819, b=0, c=33, d=61}
10: inc a      {a=479004820, b=0, c=33, d=61}
11: dec d      {a=479004820, b=0, c=33, d=60}
9: jnz d -2   {a=479004820, b=0, c=33, d=60}
10: inc a      {a=479004821, b=0, c=33, d=60}
11: dec d      {a=479004821, b=0, c=33, d=59}
9: jnz d -2   {a=479004821, b=0, c=33, d=59}
10: inc a      {a=479004822, b=0, c=33, d=59}
11: dec d      {a=479004822, b=0, c=33, d=58}
9: jnz d -2   {a=479004822, b=0, c=33, d=58}
10: inc a      {a=479004823, b=0, c=33, d=58}
11: dec d      {a=479004823, b=0, c=33, d=57}
9: jnz d -2   {a=479004823, b=0, c=33, d=57}
10: inc a      {a=479004824, b=0, c=33, d=57}
11: dec d      {a=479004824, b=0, c=33, d=56}
9: jnz d -2   {a=479004824, b=0, c=33, d=56}
10: inc a      {a=479004825, b=0, c=33, d=56}
11: dec d      {a=479004825, b=0, c=33, d=55}
9: jnz d -2   {a=479004825, b=0, c=33, d=55}
10: inc a      {a=479004826, b=0, c=33, d=55}
11: dec d      {a=479004826, b=0, c=33, d=54}
9: jnz d -2   {a=479004826, b=0, c=33, d=54}
10: inc a      {a=479004827, b=0, c=33, d=54}
11: dec d      {a=479004827, b=0, c=33, d=53}
9: jnz d -2   {a=479004827, b=0, c=33, d=53}
10: inc a      {a=479004828, b=0, c=33, d=53}
11: dec d      {a=479004828, b=0, c=33, d=52}
9: jnz d -2   {a=479004828, b=0, c=33, d=52}
10: inc a      {a=479004829, b=0, c=33, d=52}
11: dec d      {a=479004829, b=0, c=33, d=51}
9: jnz d -2   {a=479004829, b=0, c=33, d=51}
10: inc a      {a=479004830, b=0, c=33, d=51}
11: dec d      {a=479004830, b=0, c=33, d=50}
9: jnz d -2   {a=479004830, b=0, c=33, d=50}
10: inc a      {a=479004831, b=0, c=33, d=50}
11: dec d      {a=479004831, b=0, c=33, d=49}
9: jnz d -2   {a=479004831, b=0, c=33, d=49}
10: inc a      {a=479004832, b=0, c=33, d=49}
11: dec d      {a=479004832, b=0, c=33, d=48}
9: jnz d -2   {a=479004832, b=0, c=33, d=48}
10: inc a      {a=479004833, b=0, c=33, d=48}
11: dec d      {a=479004833, b=0, c=33, d=47}
9: jnz d -2   {a=479004833, b=0, c=33, d=47}
10: inc a      {a=479004834, b=0, c=33, d=47}
11: dec d      {a=479004834, b=0, c=33, d=46}
9: jnz d -2   {a=479004834, b=0, c=33, d=46}
10: inc a      {a=479004835, b=0, c=33, d=46}
11: dec d      {a=479004835, b=0, c=33, d=45}
9: jnz d -2   {a=479004835, b=0, c=33, d=45}
10: inc a      {a=479004836, b=0, c=33, d=45}
11: dec d      {a=479004836, b=0, c=33, d=44}
9: jnz d -2   {a=479004836, b=0, c=33, d=44}
10: inc a      {a=479004837, b=0, c=33, d=44}
11: dec d      {a=479004837, b=0, c=33, d=43}
9: jnz d -2   {a=479004837, b=0, c=33, d=43}
10: inc a      {a=479004838, b=0, c=33, d=43}
11: dec d      {a=479004838, b=0, c=33, d=42}
9: jnz d -2   {a=479004838, b=0, c=33, d=42}
10: inc a      {a=479004839, b=0, c=33, d=42}
11: dec d      {a=479004839, b=0, c=33, d=41}
9: jnz d -2   {a=479004839, b=0, c=33, d=41}
10: inc a      {a=479004840, b=0, c=33, d=41}
11: dec d      {a=479004840, b=0, c=33, d=40}
9: jnz d -2   {a=479004840, b=0, c=33, d=40}
10: inc a      {a=479004841, b=0, c=33, d=40}
11: dec d      {a=479004841, b=0, c=33, d=39}
9: jnz d -2   {a=479004841, b=0, c=33, d=39}
10: inc a      {a=479004842, b=0, c=33, d=39}
11: dec d      {a=479004842, b=0, c=33, d=38}
9: jnz d -2   {a=479004842, b=0, c=33, d=38}
10: inc a      {a=479004843, b=0, c=33, d=38}
11: dec d      {a=479004843, b=0, c=33, d=37}
9: jnz d -2   {a=479004843, b=0, c=33, d=37}
10: inc a      {a=479004844, b=0, c=33, d=37}
11: dec d      {a=479004844, b=0, c=33, d=36}
9: jnz d -2   {a=479004844, b=0, c=33, d=36}
10: inc a      {a=479004845, b=0, c=33, d=36}
11: dec d      {a=479004845, b=0, c=33, d=35}
9: jnz d -2   {a=479004845, b=0, c=33, d=35}
10: inc a      {a=479004846, b=0, c=33, d=35}
11: dec d      {a=479004846, b=0, c=33, d=34}
9: jnz d -2   {a=479004846, b=0, c=33, d=34}
10: inc a      {a=479004847, b=0, c=33, d=34}
11: dec d      {a=479004847, b=0, c=33, d=33}
9: jnz d -2   {a=479004847, b=0, c=33, d=33}
10: inc a      {a=479004848, b=0, c=33, d=33}
11: dec d      {a=479004848, b=0, c=33, d=32}
9: jnz d -2   {a=479004848, b=0, c=33, d=32}
10: inc a      {a=479004849, b=0, c=33, d=32}
11: dec d      {a=479004849, b=0, c=33, d=31}
9: jnz d -2   {a=479004849, b=0, c=33, d=31}
10: inc a      {a=479004850, b=0, c=33, d=31}
11: dec d      {a=479004850, b=0, c=33, d=30}
9: jnz d -2   {a=479004850, b=0, c=33, d=30}
10: inc a      {a=479004851, b=0, c=33, d=30}
11: dec d      {a=479004851, b=0, c=33, d=29}
9: jnz d -2   {a=479004851, b=0, c=33, d=29}
10: inc a      {a=479004852, b=0, c=33, d=29}
11: dec d      {a=479004852, b=0, c=33, d=28}
9: jnz d -2   {a=479004852, b=0, c=33, d=28}
10: inc a      {a=479004853, b=0, c=33, d=28}
11: dec d      {a=479004853, b=0, c=33, d=27}
9: jnz d -2   {a=479004853, b=0, c=33, d=27}
10: inc a      {a=479004854, b=0, c=33, d=27}
11: dec d      {a=479004854, b=0, c=33, d=26}
9: jnz d -2   {a=479004854, b=0, c=33, d=26}
10: inc a      {a=479004855, b=0, c=33, d=26}
11: dec d      {a=479004855, b=0, c=33, d=25}
9: jnz d -2   {a=479004855, b=0, c=33, d=25}
10: inc a      {a=479004856, b=0, c=33, d=25}
11: dec d      {a=479004856, b=0, c=33, d=24}
9: jnz d -2   {a=479004856, b=0, c=33, d=24}
10: inc a      {a=479004857, b=0, c=33, d=24}
11: dec d      {a=479004857, b=0, c=33, d=23}
9: jnz d -2   {a=479004857, b=0, c=33, d=23}
10: inc a      {a=479004858, b=0, c=33, d=23}
11: dec d      {a=479004858, b=0, c=33, d=22}
9: jnz d -2   {a=479004858, b=0, c=33, d=22}
10: inc a      {a=479004859, b=0, c=33, d=22}
11: dec d      {a=479004859, b=0, c=33, d=21}
9: jnz d -2   {a=479004859, b=0, c=33, d=21}
10: inc a      {a=479004860, b=0, c=33, d=21}
11: dec d      {a=479004860, b=0, c=33, d=20}
9: jnz d -2   {a=479004860, b=0, c=33, d=20}
10: inc a      {a=479004861, b=0, c=33, d=20}
11: dec d      {a=479004861, b=0, c=33, d=19}
9: jnz d -2   {a=479004861, b=0, c=33, d=19}
10: inc a      {a=479004862, b=0, c=33, d=19}
11: dec d      {a=479004862, b=0, c=33, d=18}
9: jnz d -2   {a=479004862, b=0, c=33, d=18}
10: inc a      {a=479004863, b=0, c=33, d=18}
11: dec d      {a=479004863, b=0, c=33, d=17}
9: jnz d -2   {a=479004863, b=0, c=33, d=17}
10: inc a      {a=479004864, b=0, c=33, d=17}
11: dec d      {a=479004864, b=0, c=33, d=16}
9: jnz d -2   {a=479004864, b=0, c=33, d=16}
10: inc a      {a=479004865, b=0, c=33, d=16}
11: dec d      {a=479004865, b=0, c=33, d=15}
9: jnz d -2   {a=479004865, b=0, c=33, d=15}
10: inc a      {a=479004866, b=0, c=33, d=15}
11: dec d      {a=479004866, b=0, c=33, d=14}
9: jnz d -2   {a=479004866, b=0, c=33, d=14}
10: inc a      {a=479004867, b=0, c=33, d=14}
11: dec d      {a=479004867, b=0, c=33, d=13}
9: jnz d -2   {a=479004867, b=0, c=33, d=13}
10: inc a      {a=479004868, b=0, c=33, d=13}
11: dec d      {a=479004868, b=0, c=33, d=12}
9: jnz d -2   {a=479004868, b=0, c=33, d=12}
10: inc a      {a=479004869, b=0, c=33, d=12}
11: dec d      {a=479004869, b=0, c=33, d=11}
9: jnz d -2   {a=479004869, b=0, c=33, d=11}
10: inc a      {a=479004870, b=0, c=33, d=11}
11: dec d      {a=479004870, b=0, c=33, d=10}
9: jnz d -2   {a=479004870, b=0, c=33, d=10}
10: inc a      {a=479004871, b=0, c=33, d=10}
11: dec d      {a=479004871, b=0, c=33, d=9}
9: jnz d -2   {a=479004871, b=0, c=33, d=9}
10: inc a      {a=479004872, b=0, c=33, d=9}
11: dec d      {a=479004872, b=0, c=33, d=8}
9: jnz d -2   {a=479004872, b=0, c=33, d=8}
10: inc a      {a=479004873, b=0, c=33, d=8}
11: dec d      {a=479004873, b=0, c=33, d=7}
9: jnz d -2   {a=479004873, b=0, c=33, d=7}
10: inc a      {a=479004874, b=0, c=33, d=7}
11: dec d      {a=479004874, b=0, c=33, d=6}
9: jnz d -2   {a=479004874, b=0, c=33, d=6}
10: inc a      {a=479004875, b=0, c=33, d=6}
11: dec d      {a=479004875, b=0, c=33, d=5}
9: jnz d -2   {a=479004875, b=0, c=33, d=5}
10: inc a      {a=479004876, b=0, c=33, d=5}
11: dec d      {a=479004876, b=0, c=33, d=4}
9: jnz d -2   {a=479004876, b=0, c=33, d=4}
10: inc a      {a=479004877, b=0, c=33, d=4}
11: dec d      {a=479004877, b=0, c=33, d=3}
9: jnz d -2   {a=479004877, b=0, c=33, d=3}
10: inc a      {a=479004878, b=0, c=33, d=3}
11: dec d      {a=479004878, b=0, c=33, d=2}
9: jnz d -2   {a=479004878, b=0, c=33, d=2}
10: inc a      {a=479004879, b=0, c=33, d=2}
11: dec d      {a=479004879, b=0, c=33, d=1}
9: jnz d -2   {a=479004879, b=0, c=33, d=1}
10: inc a      {a=479004880, b=0, c=33, d=1}
11: dec d      {a=479004880, b=0, c=33, d=0}
12: jnz d -2   {a=479004880, b=0, c=33, d=0}
13: dec c      {a=479004880, b=0, c=32, d=0}
8: jnz c -5   {a=479004880, b=0, c=32, d=0}
9: cpy 80 d   {a=479004880, b=0, c=32, d=80}
10: inc a      {a=479004881, b=0, c=32, d=80}
11: dec d      {a=479004881, b=0, c=32, d=79}
9: jnz d -2   {a=479004881, b=0, c=32, d=79}
10: inc a      {a=479004882, b=0, c=32, d=79}
11: dec d      {a=479004882, b=0, c=32, d=78}
9: jnz d -2   {a=479004882, b=0, c=32, d=78}
10: inc a      {a=479004883, b=0, c=32, d=78}
11: dec d      {a=479004883, b=0, c=32, d=77}
9: jnz d -2   {a=479004883, b=0, c=32, d=77}
10: inc a      {a=479004884, b=0, c=32, d=77}
11: dec d      {a=479004884, b=0, c=32, d=76}
9: jnz d -2   {a=479004884, b=0, c=32, d=76}
10: inc a      {a=479004885, b=0, c=32, d=76}
11: dec d      {a=479004885, b=0, c=32, d=75}
9: jnz d -2   {a=479004885, b=0, c=32, d=75}
10: inc a      {a=479004886, b=0, c=32, d=75}
11: dec d      {a=479004886, b=0, c=32, d=74}
9: jnz d -2   {a=479004886, b=0, c=32, d=74}
10: inc a      {a=479004887, b=0, c=32, d=74}
11: dec d      {a=479004887, b=0, c=32, d=73}
9: jnz d -2   {a=479004887, b=0, c=32, d=73}
10: inc a      {a=479004888, b=0, c=32, d=73}
11: dec d      {a=479004888, b=0, c=32, d=72}
9: jnz d -2   {a=479004888, b=0, c=32, d=72}
10: inc a      {a=479004889, b=0, c=32, d=72}
11: dec d      {a=479004889, b=0, c=32, d=71}
9: jnz d -2   {a=479004889, b=0, c=32, d=71}
10: inc a      {a=479004890, b=0, c=32, d=71}
11: dec d      {a=479004890, b=0, c=32, d=70}
9: jnz d -2   {a=479004890, b=0, c=32, d=70}
10: inc a      {a=479004891, b=0, c=32, d=70}
11: dec d      {a=479004891, b=0, c=32, d=69}
9: jnz d -2   {a=479004891, b=0, c=32, d=69}
10: inc a      {a=479004892, b=0, c=32, d=69}
11: dec d      {a=479004892, b=0, c=32, d=68}
9: jnz d -2   {a=479004892, b=0, c=32, d=68}
10: inc a      {a=479004893, b=0, c=32, d=68}
11: dec d      {a=479004893, b=0, c=32, d=67}
9: jnz d -2   {a=479004893, b=0, c=32, d=67}
10: inc a      {a=479004894, b=0, c=32, d=67}
11: dec d      {a=479004894, b=0, c=32, d=66}
9: jnz d -2   {a=479004894, b=0, c=32, d=66}
10: inc a      {a=479004895, b=0, c=32, d=66}
11: dec d      {a=479004895, b=0, c=32, d=65}
9: jnz d -2   {a=479004895, b=0, c=32, d=65}
10: inc a      {a=479004896, b=0, c=32, d=65}
11: dec d      {a=479004896, b=0, c=32, d=64}
9: jnz d -2   {a=479004896, b=0, c=32, d=64}
10: inc a      {a=479004897, b=0, c=32, d=64}
11: dec d      {a=479004897, b=0, c=32, d=63}
9: jnz d -2   {a=479004897, b=0, c=32, d=63}
10: inc a      {a=479004898, b=0, c=32, d=63}
11: dec d      {a=479004898, b=0, c=32, d=62}
9: jnz d -2   {a=479004898, b=0, c=32, d=62}
10: inc a      {a=479004899, b=0, c=32, d=62}
11: dec d      {a=479004899, b=0, c=32, d=61}
9: jnz d -2   {a=479004899, b=0, c=32, d=61}
10: inc a      {a=479004900, b=0, c=32, d=61}
11: dec d      {a=479004900, b=0, c=32, d=60}
9: jnz d -2   {a=479004900, b=0, c=32, d=60}
10: inc a      {a=479004901, b=0, c=32, d=60}
11: dec d      {a=479004901, b=0, c=32, d=59}
9: jnz d -2   {a=479004901, b=0, c=32, d=59}
10: inc a      {a=479004902, b=0, c=32, d=59}
11: dec d      {a=479004902, b=0, c=32, d=58}
9: jnz d -2   {a=479004902, b=0, c=32, d=58}
10: inc a      {a=479004903, b=0, c=32, d=58}
11: dec d      {a=479004903, b=0, c=32, d=57}
9: jnz d -2   {a=479004903, b=0, c=32, d=57}
10: inc a      {a=479004904, b=0, c=32, d=57}
11: dec d      {a=479004904, b=0, c=32, d=56}
9: jnz d -2   {a=479004904, b=0, c=32, d=56}
10: inc a      {a=479004905, b=0, c=32, d=56}
11: dec d      {a=479004905, b=0, c=32, d=55}
9: jnz d -2   {a=479004905, b=0, c=32, d=55}
10: inc a      {a=479004906, b=0, c=32, d=55}
11: dec d      {a=479004906, b=0, c=32, d=54}
9: jnz d -2   {a=479004906, b=0, c=32, d=54}
10: inc a      {a=479004907, b=0, c=32, d=54}
11: dec d      {a=479004907, b=0, c=32, d=53}
9: jnz d -2   {a=479004907, b=0, c=32, d=53}
10: inc a      {a=479004908, b=0, c=32, d=53}
11: dec d      {a=479004908, b=0, c=32, d=52}
9: jnz d -2   {a=479004908, b=0, c=32, d=52}
10: inc a      {a=479004909, b=0, c=32, d=52}
11: dec d      {a=479004909, b=0, c=32, d=51}
9: jnz d -2   {a=479004909, b=0, c=32, d=51}
10: inc a      {a=479004910, b=0, c=32, d=51}
11: dec d      {a=479004910, b=0, c=32, d=50}
9: jnz d -2   {a=479004910, b=0, c=32, d=50}
10: inc a      {a=479004911, b=0, c=32, d=50}
11: dec d      {a=479004911, b=0, c=32, d=49}
9: jnz d -2   {a=479004911, b=0, c=32, d=49}
10: inc a      {a=479004912, b=0, c=32, d=49}
11: dec d      {a=479004912, b=0, c=32, d=48}
9: jnz d -2   {a=479004912, b=0, c=32, d=48}
10: inc a      {a=479004913, b=0, c=32, d=48}
11: dec d      {a=479004913, b=0, c=32, d=47}
9: jnz d -2   {a=479004913, b=0, c=32, d=47}
10: inc a      {a=479004914, b=0, c=32, d=47}
11: dec d      {a=479004914, b=0, c=32, d=46}
9: jnz d -2   {a=479004914, b=0, c=32, d=46}
10: inc a      {a=479004915, b=0, c=32, d=46}
11: dec d      {a=479004915, b=0, c=32, d=45}
9: jnz d -2   {a=479004915, b=0, c=32, d=45}
10: inc a      {a=479004916, b=0, c=32, d=45}
11: dec d      {a=479004916, b=0, c=32, d=44}
9: jnz d -2   {a=479004916, b=0, c=32, d=44}
10: inc a      {a=479004917, b=0, c=32, d=44}
11: dec d      {a=479004917, b=0, c=32, d=43}
9: jnz d -2   {a=479004917, b=0, c=32, d=43}
10: inc a      {a=479004918, b=0, c=32, d=43}
11: dec d      {a=479004918, b=0, c=32, d=42}
9: jnz d -2   {a=479004918, b=0, c=32, d=42}
10: inc a      {a=479004919, b=0, c=32, d=42}
11: dec d      {a=479004919, b=0, c=32, d=41}
9: jnz d -2   {a=479004919, b=0, c=32, d=41}
10: inc a      {a=479004920, b=0, c=32, d=41}
11: dec d      {a=479004920, b=0, c=32, d=40}
9: jnz d -2   {a=479004920, b=0, c=32, d=40}
10: inc a      {a=479004921, b=0, c=32, d=40}
11: dec d      {a=479004921, b=0, c=32, d=39}
9: jnz d -2   {a=479004921, b=0, c=32, d=39}
10: inc a      {a=479004922, b=0, c=32, d=39}
11: dec d      {a=479004922, b=0, c=32, d=38}
9: jnz d -2   {a=479004922, b=0, c=32, d=38}
10: inc a      {a=479004923, b=0, c=32, d=38}
11: dec d      {a=479004923, b=0, c=32, d=37}
9: jnz d -2   {a=479004923, b=0, c=32, d=37}
10: inc a      {a=479004924, b=0, c=32, d=37}
11: dec d      {a=479004924, b=0, c=32, d=36}
9: jnz d -2   {a=479004924, b=0, c=32, d=36}
10: inc a      {a=479004925, b=0, c=32, d=36}
11: dec d      {a=479004925, b=0, c=32, d=35}
9: jnz d -2   {a=479004925, b=0, c=32, d=35}
10: inc a      {a=479004926, b=0, c=32, d=35}
11: dec d      {a=479004926, b=0, c=32, d=34}
9: jnz d -2   {a=479004926, b=0, c=32, d=34}
10: inc a      {a=479004927, b=0, c=32, d=34}
11: dec d      {a=479004927, b=0, c=32, d=33}
9: jnz d -2   {a=479004927, b=0, c=32, d=33}
10: inc a      {a=479004928, b=0, c=32, d=33}
11: dec d      {a=479004928, b=0, c=32, d=32}
9: jnz d -2   {a=479004928, b=0, c=32, d=32}
10: inc a      {a=479004929, b=0, c=32, d=32}
11: dec d      {a=479004929, b=0, c=32, d=31}
9: jnz d -2   {a=479004929, b=0, c=32, d=31}
10: inc a      {a=479004930, b=0, c=32, d=31}
11: dec d      {a=479004930, b=0, c=32, d=30}
9: jnz d -2   {a=479004930, b=0, c=32, d=30}
10: inc a      {a=479004931, b=0, c=32, d=30}
11: dec d      {a=479004931, b=0, c=32, d=29}
9: jnz d -2   {a=479004931, b=0, c=32, d=29}
10: inc a      {a=479004932, b=0, c=32, d=29}
11: dec d      {a=479004932, b=0, c=32, d=28}
9: jnz d -2   {a=479004932, b=0, c=32, d=28}
10: inc a      {a=479004933, b=0, c=32, d=28}
11: dec d      {a=479004933, b=0, c=32, d=27}
9: jnz d -2   {a=479004933, b=0, c=32, d=27}
10: inc a      {a=479004934, b=0, c=32, d=27}
11: dec d      {a=479004934, b=0, c=32, d=26}
9: jnz d -2   {a=479004934, b=0, c=32, d=26}
10: inc a      {a=479004935, b=0, c=32, d=26}
11: dec d      {a=479004935, b=0, c=32, d=25}
9: jnz d -2   {a=479004935, b=0, c=32, d=25}
10: inc a      {a=479004936, b=0, c=32, d=25}
11: dec d      {a=479004936, b=0, c=32, d=24}
9: jnz d -2   {a=479004936, b=0, c=32, d=24}
10: inc a      {a=479004937, b=0, c=32, d=24}
11: dec d      {a=479004937, b=0, c=32, d=23}
9: jnz d -2   {a=479004937, b=0, c=32, d=23}
10: inc a      {a=479004938, b=0, c=32, d=23}
11: dec d      {a=479004938, b=0, c=32, d=22}
9: jnz d -2   {a=479004938, b=0, c=32, d=22}
10: inc a      {a=479004939, b=0, c=32, d=22}
11: dec d      {a=479004939, b=0, c=32, d=21}
9: jnz d -2   {a=479004939, b=0, c=32, d=21}
10: inc a      {a=479004940, b=0, c=32, d=21}
11: dec d      {a=479004940, b=0, c=32, d=20}
9: jnz d -2   {a=479004940, b=0, c=32, d=20}
10: inc a      {a=479004941, b=0, c=32, d=20}
11: dec d      {a=479004941, b=0, c=32, d=19}
9: jnz d -2   {a=479004941, b=0, c=32, d=19}
10: inc a      {a=479004942, b=0, c=32, d=19}
11: dec d      {a=479004942, b=0, c=32, d=18}
9: jnz d -2   {a=479004942, b=0, c=32, d=18}
10: inc a      {a=479004943, b=0, c=32, d=18}
11: dec d      {a=479004943, b=0, c=32, d=17}
9: jnz d -2   {a=479004943, b=0, c=32, d=17}
10: inc a      {a=479004944, b=0, c=32, d=17}
11: dec d      {a=479004944, b=0, c=32, d=16}
9: jnz d -2   {a=479004944, b=0, c=32, d=16}
10: inc a      {a=479004945, b=0, c=32, d=16}
11: dec d      {a=479004945, b=0, c=32, d=15}
9: jnz d -2   {a=479004945, b=0, c=32, d=15}
10: inc a      {a=479004946, b=0, c=32, d=15}
11: dec d      {a=479004946, b=0, c=32, d=14}
9: jnz d -2   {a=479004946, b=0, c=32, d=14}
10: inc a      {a=479004947, b=0, c=32, d=14}
11: dec d      {a=479004947, b=0, c=32, d=13}
9: jnz d -2   {a=479004947, b=0, c=32, d=13}
10: inc a      {a=479004948, b=0, c=32, d=13}
11: dec d      {a=479004948, b=0, c=32, d=12}
9: jnz d -2   {a=479004948, b=0, c=32, d=12}
10: inc a      {a=479004949, b=0, c=32, d=12}
11: dec d      {a=479004949, b=0, c=32, d=11}
9: jnz d -2   {a=479004949, b=0, c=32, d=11}
10: inc a      {a=479004950, b=0, c=32, d=11}
11: dec d      {a=479004950, b=0, c=32, d=10}
9: jnz d -2   {a=479004950, b=0, c=32, d=10}
10: inc a      {a=479004951, b=0, c=32, d=10}
11: dec d      {a=479004951, b=0, c=32, d=9}
9: jnz d -2   {a=479004951, b=0, c=32, d=9}
10: inc a      {a=479004952, b=0, c=32, d=9}
11: dec d      {a=479004952, b=0, c=32, d=8}
9: jnz d -2   {a=479004952, b=0, c=32, d=8}
10: inc a      {a=479004953, b=0, c=32, d=8}
11: dec d      {a=479004953, b=0, c=32, d=7}
9: jnz d -2   {a=479004953, b=0, c=32, d=7}
10: inc a      {a=479004954, b=0, c=32, d=7}
11: dec d      {a=479004954, b=0, c=32, d=6}
9: jnz d -2   {a=479004954, b=0, c=32, d=6}
10: inc a      {a=479004955, b=0, c=32, d=6}
11: dec d      {a=479004955, b=0, c=32, d=5}
9: jnz d -2   {a=479004955, b=0, c=32, d=5}
10: inc a      {a=479004956, b=0, c=32, d=5}
11: dec d      {a=479004956, b=0, c=32, d=4}
9: jnz d -2   {a=479004956, b=0, c=32, d=4}
10: inc a      {a=479004957, b=0, c=32, d=4}
11: dec d      {a=479004957, b=0, c=32, d=3}
9: jnz d -2   {a=479004957, b=0, c=32, d=3}
10: inc a      {a=479004958, b=0, c=32, d=3}
11: dec d      {a=479004958, b=0, c=32, d=2}
9: jnz d -2   {a=479004958, b=0, c=32, d=2}
10: inc a      {a=479004959, b=0, c=32, d=2}
11: dec d      {a=479004959, b=0, c=32, d=1}
9: jnz d -2   {a=479004959, b=0, c=32, d=1}
10: inc a      {a=479004960, b=0, c=32, d=1}
11: dec d      {a=479004960, b=0, c=32, d=0}
12: jnz d -2   {a=479004960, b=0, c=32, d=0}
13: dec c      {a=479004960, b=0, c=31, d=0}
8: jnz c -5   {a=479004960, b=0, c=31, d=0}
9: cpy 80 d   {a=479004960, b=0, c=31, d=80}
10: inc a      {a=479004961, b=0, c=31, d=80}
11: dec d      {a=479004961, b=0, c=31, d=79}
9: jnz d -2   {a=479004961, b=0, c=31, d=79}
10: inc a      {a=479004962, b=0, c=31, d=79}
11: dec d      {a=479004962, b=0, c=31, d=78}
9: jnz d -2   {a=479004962, b=0, c=31, d=78}
10: inc a      {a=479004963, b=0, c=31, d=78}
11: dec d      {a=479004963, b=0, c=31, d=77}
9: jnz d -2   {a=479004963, b=0, c=31, d=77}
10: inc a      {a=479004964, b=0, c=31, d=77}
11: dec d      {a=479004964, b=0, c=31, d=76}
9: jnz d -2   {a=479004964, b=0, c=31, d=76}
10: inc a      {a=479004965, b=0, c=31, d=76}
11: dec d      {a=479004965, b=0, c=31, d=75}
9: jnz d -2   {a=479004965, b=0, c=31, d=75}
10: inc a      {a=479004966, b=0, c=31, d=75}
11: dec d      {a=479004966, b=0, c=31, d=74}
9: jnz d -2   {a=479004966, b=0, c=31, d=74}
10: inc a      {a=479004967, b=0, c=31, d=74}
11: dec d      {a=479004967, b=0, c=31, d=73}
9: jnz d -2   {a=479004967, b=0, c=31, d=73}
10: inc a      {a=479004968, b=0, c=31, d=73}
11: dec d      {a=479004968, b=0, c=31, d=72}
9: jnz d -2   {a=479004968, b=0, c=31, d=72}
10: inc a      {a=479004969, b=0, c=31, d=72}
11: dec d      {a=479004969, b=0, c=31, d=71}
9: jnz d -2   {a=479004969, b=0, c=31, d=71}
10: inc a      {a=479004970, b=0, c=31, d=71}
11: dec d      {a=479004970, b=0, c=31, d=70}
9: jnz d -2   {a=479004970, b=0, c=31, d=70}
10: inc a      {a=479004971, b=0, c=31, d=70}
11: dec d      {a=479004971, b=0, c=31, d=69}
9: jnz d -2   {a=479004971, b=0, c=31, d=69}
10: inc a      {a=479004972, b=0, c=31, d=69}
11: dec d      {a=479004972, b=0, c=31, d=68}
9: jnz d -2   {a=479004972, b=0, c=31, d=68}
10: inc a      {a=479004973, b=0, c=31, d=68}
11: dec d      {a=479004973, b=0, c=31, d=67}
9: jnz d -2   {a=479004973, b=0, c=31, d=67}
10: inc a      {a=479004974, b=0, c=31, d=67}
11: dec d      {a=479004974, b=0, c=31, d=66}
9: jnz d -2   {a=479004974, b=0, c=31, d=66}
10: inc a      {a=479004975, b=0, c=31, d=66}
11: dec d      {a=479004975, b=0, c=31, d=65}
9: jnz d -2   {a=479004975, b=0, c=31, d=65}
10: inc a      {a=479004976, b=0, c=31, d=65}
11: dec d      {a=479004976, b=0, c=31, d=64}
9: jnz d -2   {a=479004976, b=0, c=31, d=64}
10: inc a      {a=479004977, b=0, c=31, d=64}
11: dec d      {a=479004977, b=0, c=31, d=63}
9: jnz d -2   {a=479004977, b=0, c=31, d=63}
10: inc a      {a=479004978, b=0, c=31, d=63}
11: dec d      {a=479004978, b=0, c=31, d=62}
9: jnz d -2   {a=479004978, b=0, c=31, d=62}
10: inc a      {a=479004979, b=0, c=31, d=62}
11: dec d      {a=479004979, b=0, c=31, d=61}
9: jnz d -2   {a=479004979, b=0, c=31, d=61}
10: inc a      {a=479004980, b=0, c=31, d=61}
11: dec d      {a=479004980, b=0, c=31, d=60}
9: jnz d -2   {a=479004980, b=0, c=31, d=60}
10: inc a      {a=479004981, b=0, c=31, d=60}
11: dec d      {a=479004981, b=0, c=31, d=59}
9: jnz d -2   {a=479004981, b=0, c=31, d=59}
10: inc a      {a=479004982, b=0, c=31, d=59}
11: dec d      {a=479004982, b=0, c=31, d=58}
9: jnz d -2   {a=479004982, b=0, c=31, d=58}
10: inc a      {a=479004983, b=0, c=31, d=58}
11: dec d      {a=479004983, b=0, c=31, d=57}
9: jnz d -2   {a=479004983, b=0, c=31, d=57}
10: inc a      {a=479004984, b=0, c=31, d=57}
11: dec d      {a=479004984, b=0, c=31, d=56}
9: jnz d -2   {a=479004984, b=0, c=31, d=56}
10: inc a      {a=479004985, b=0, c=31, d=56}
11: dec d      {a=479004985, b=0, c=31, d=55}
9: jnz d -2   {a=479004985, b=0, c=31, d=55}
10: inc a      {a=479004986, b=0, c=31, d=55}
11: dec d      {a=479004986, b=0, c=31, d=54}
9: jnz d -2   {a=479004986, b=0, c=31, d=54}
10: inc a      {a=479004987, b=0, c=31, d=54}
11: dec d      {a=479004987, b=0, c=31, d=53}
9: jnz d -2   {a=479004987, b=0, c=31, d=53}
10: inc a      {a=479004988, b=0, c=31, d=53}
11: dec d      {a=479004988, b=0, c=31, d=52}
9: jnz d -2   {a=479004988, b=0, c=31, d=52}
10: inc a      {a=479004989, b=0, c=31, d=52}
11: dec d      {a=479004989, b=0, c=31, d=51}
9: jnz d -2   {a=479004989, b=0, c=31, d=51}
10: inc a      {a=479004990, b=0, c=31, d=51}
11: dec d      {a=479004990, b=0, c=31, d=50}
9: jnz d -2   {a=479004990, b=0, c=31, d=50}
10: inc a      {a=479004991, b=0, c=31, d=50}
11: dec d      {a=479004991, b=0, c=31, d=49}
9: jnz d -2   {a=479004991, b=0, c=31, d=49}
10: inc a      {a=479004992, b=0, c=31, d=49}
11: dec d      {a=479004992, b=0, c=31, d=48}
9: jnz d -2   {a=479004992, b=0, c=31, d=48}
10: inc a      {a=479004993, b=0, c=31, d=48}
11: dec d      {a=479004993, b=0, c=31, d=47}
9: jnz d -2   {a=479004993, b=0, c=31, d=47}
10: inc a      {a=479004994, b=0, c=31, d=47}
11: dec d      {a=479004994, b=0, c=31, d=46}
9: jnz d -2   {a=479004994, b=0, c=31, d=46}
10: inc a      {a=479004995, b=0, c=31, d=46}
11: dec d      {a=479004995, b=0, c=31, d=45}
9: jnz d -2   {a=479004995, b=0, c=31, d=45}
10: inc a      {a=479004996, b=0, c=31, d=45}
11: dec d      {a=479004996, b=0, c=31, d=44}
9: jnz d -2   {a=479004996, b=0, c=31, d=44}
10: inc a      {a=479004997, b=0, c=31, d=44}
11: dec d      {a=479004997, b=0, c=31, d=43}
9: jnz d -2   {a=479004997, b=0, c=31, d=43}
10: inc a      {a=479004998, b=0, c=31, d=43}
11: dec d      {a=479004998, b=0, c=31, d=42}
9: jnz d -2   {a=479004998, b=0, c=31, d=42}
10: inc a      {a=479004999, b=0, c=31, d=42}
11: dec d      {a=479004999, b=0, c=31, d=41}
9: jnz d -2   {a=479004999, b=0, c=31, d=41}
10: inc a      {a=479005000, b=0, c=31, d=41}
11: dec d      {a=479005000, b=0, c=31, d=40}
9: jnz d -2   {a=479005000, b=0, c=31, d=40}
10: inc a      {a=479005001, b=0, c=31, d=40}
11: dec d      {a=479005001, b=0, c=31, d=39}
9: jnz d -2   {a=479005001, b=0, c=31, d=39}
10: inc a      {a=479005002, b=0, c=31, d=39}
11: dec d      {a=479005002, b=0, c=31, d=38}
9: jnz d -2   {a=479005002, b=0, c=31, d=38}
10: inc a      {a=479005003, b=0, c=31, d=38}
11: dec d      {a=479005003, b=0, c=31, d=37}
9: jnz d -2   {a=479005003, b=0, c=31, d=37}
10: inc a      {a=479005004, b=0, c=31, d=37}
11: dec d      {a=479005004, b=0, c=31, d=36}
9: jnz d -2   {a=479005004, b=0, c=31, d=36}
10: inc a      {a=479005005, b=0, c=31, d=36}
11: dec d      {a=479005005, b=0, c=31, d=35}
9: jnz d -2   {a=479005005, b=0, c=31, d=35}
10: inc a      {a=479005006, b=0, c=31, d=35}
11: dec d      {a=479005006, b=0, c=31, d=34}
9: jnz d -2   {a=479005006, b=0, c=31, d=34}
10: inc a      {a=479005007, b=0, c=31, d=34}
11: dec d      {a=479005007, b=0, c=31, d=33}
9: jnz d -2   {a=479005007, b=0, c=31, d=33}
10: inc a      {a=479005008, b=0, c=31, d=33}
11: dec d      {a=479005008, b=0, c=31, d=32}
9: jnz d -2   {a=479005008, b=0, c=31, d=32}
10: inc a      {a=479005009, b=0, c=31, d=32}
11: dec d      {a=479005009, b=0, c=31, d=31}
9: jnz d -2   {a=479005009, b=0, c=31, d=31}
10: inc a      {a=479005010, b=0, c=31, d=31}
11: dec d      {a=479005010, b=0, c=31, d=30}
9: jnz d -2   {a=479005010, b=0, c=31, d=30}
10: inc a      {a=479005011, b=0, c=31, d=30}
11: dec d      {a=479005011, b=0, c=31, d=29}
9: jnz d -2   {a=479005011, b=0, c=31, d=29}
10: inc a      {a=479005012, b=0, c=31, d=29}
11: dec d      {a=479005012, b=0, c=31, d=28}
9: jnz d -2   {a=479005012, b=0, c=31, d=28}
10: inc a      {a=479005013, b=0, c=31, d=28}
11: dec d      {a=479005013, b=0, c=31, d=27}
9: jnz d -2   {a=479005013, b=0, c=31, d=27}
10: inc a      {a=479005014, b=0, c=31, d=27}
11: dec d      {a=479005014, b=0, c=31, d=26}
9: jnz d -2   {a=479005014, b=0, c=31, d=26}
10: inc a      {a=479005015, b=0, c=31, d=26}
11: dec d      {a=479005015, b=0, c=31, d=25}
9: jnz d -2   {a=479005015, b=0, c=31, d=25}
10: inc a      {a=479005016, b=0, c=31, d=25}
11: dec d      {a=479005016, b=0, c=31, d=24}
9: jnz d -2   {a=479005016, b=0, c=31, d=24}
10: inc a      {a=479005017, b=0, c=31, d=24}
11: dec d      {a=479005017, b=0, c=31, d=23}
9: jnz d -2   {a=479005017, b=0, c=31, d=23}
10: inc a      {a=479005018, b=0, c=31, d=23}
11: dec d      {a=479005018, b=0, c=31, d=22}
9: jnz d -2   {a=479005018, b=0, c=31, d=22}
10: inc a      {a=479005019, b=0, c=31, d=22}
11: dec d      {a=479005019, b=0, c=31, d=21}
9: jnz d -2   {a=479005019, b=0, c=31, d=21}
10: inc a      {a=479005020, b=0, c=31, d=21}
11: dec d      {a=479005020, b=0, c=31, d=20}
9: jnz d -2   {a=479005020, b=0, c=31, d=20}
10: inc a      {a=479005021, b=0, c=31, d=20}
11: dec d      {a=479005021, b=0, c=31, d=19}
9: jnz d -2   {a=479005021, b=0, c=31, d=19}
10: inc a      {a=479005022, b=0, c=31, d=19}
11: dec d      {a=479005022, b=0, c=31, d=18}
9: jnz d -2   {a=479005022, b=0, c=31, d=18}
10: inc a      {a=479005023, b=0, c=31, d=18}
11: dec d      {a=479005023, b=0, c=31, d=17}
9: jnz d -2   {a=479005023, b=0, c=31, d=17}
10: inc a      {a=479005024, b=0, c=31, d=17}
11: dec d      {a=479005024, b=0, c=31, d=16}
9: jnz d -2   {a=479005024, b=0, c=31, d=16}
10: inc a      {a=479005025, b=0, c=31, d=16}
11: dec d      {a=479005025, b=0, c=31, d=15}
9: jnz d -2   {a=479005025, b=0, c=31, d=15}
10: inc a      {a=479005026, b=0, c=31, d=15}
11: dec d      {a=479005026, b=0, c=31, d=14}
9: jnz d -2   {a=479005026, b=0, c=31, d=14}
10: inc a      {a=479005027, b=0, c=31, d=14}
11: dec d      {a=479005027, b=0, c=31, d=13}
9: jnz d -2   {a=479005027, b=0, c=31, d=13}
10: inc a      {a=479005028, b=0, c=31, d=13}
11: dec d      {a=479005028, b=0, c=31, d=12}
9: jnz d -2   {a=479005028, b=0, c=31, d=12}
10: inc a      {a=479005029, b=0, c=31, d=12}
11: dec d      {a=479005029, b=0, c=31, d=11}
9: jnz d -2   {a=479005029, b=0, c=31, d=11}
10: inc a      {a=479005030, b=0, c=31, d=11}
11: dec d      {a=479005030, b=0, c=31, d=10}
9: jnz d -2   {a=479005030, b=0, c=31, d=10}
10: inc a      {a=479005031, b=0, c=31, d=10}
11: dec d      {a=479005031, b=0, c=31, d=9}
9: jnz d -2   {a=479005031, b=0, c=31, d=9}
10: inc a      {a=479005032, b=0, c=31, d=9}
11: dec d      {a=479005032, b=0, c=31, d=8}
9: jnz d -2   {a=479005032, b=0, c=31, d=8}
10: inc a      {a=479005033, b=0, c=31, d=8}
11: dec d      {a=479005033, b=0, c=31, d=7}
9: jnz d -2   {a=479005033, b=0, c=31, d=7}
10: inc a      {a=479005034, b=0, c=31, d=7}
11: dec d      {a=479005034, b=0, c=31, d=6}
9: jnz d -2   {a=479005034, b=0, c=31, d=6}
10: inc a      {a=479005035, b=0, c=31, d=6}
11: dec d      {a=479005035, b=0, c=31, d=5}
9: jnz d -2   {a=479005035, b=0, c=31, d=5}
10: inc a      {a=479005036, b=0, c=31, d=5}
11: dec d      {a=479005036, b=0, c=31, d=4}
9: jnz d -2   {a=479005036, b=0, c=31, d=4}
10: inc a      {a=479005037, b=0, c=31, d=4}
11: dec d      {a=479005037, b=0, c=31, d=3}
9: jnz d -2   {a=479005037, b=0, c=31, d=3}
10: inc a      {a=479005038, b=0, c=31, d=3}
11: dec d      {a=479005038, b=0, c=31, d=2}
9: jnz d -2   {a=479005038, b=0, c=31, d=2}
10: inc a      {a=479005039, b=0, c=31, d=2}
11: dec d      {a=479005039, b=0, c=31, d=1}
9: jnz d -2   {a=479005039, b=0, c=31, d=1}
10: inc a      {a=479005040, b=0, c=31, d=1}
11: dec d      {a=479005040, b=0, c=31, d=0}
12: jnz d -2   {a=479005040, b=0, c=31, d=0}
13: dec c      {a=479005040, b=0, c=30, d=0}
8: jnz c -5   {a=479005040, b=0, c=30, d=0}
9: cpy 80 d   {a=479005040, b=0, c=30, d=80}
10: inc a      {a=479005041, b=0, c=30, d=80}
11: dec d      {a=479005041, b=0, c=30, d=79}
9: jnz d -2   {a=479005041, b=0, c=30, d=79}
10: inc a      {a=479005042, b=0, c=30, d=79}
11: dec d      {a=479005042, b=0, c=30, d=78}
9: jnz d -2   {a=479005042, b=0, c=30, d=78}
10: inc a      {a=479005043, b=0, c=30, d=78}
11: dec d      {a=479005043, b=0, c=30, d=77}
9: jnz d -2   {a=479005043, b=0, c=30, d=77}
10: inc a      {a=479005044, b=0, c=30, d=77}
11: dec d      {a=479005044, b=0, c=30, d=76}
9: jnz d -2   {a=479005044, b=0, c=30, d=76}
10: inc a      {a=479005045, b=0, c=30, d=76}
11: dec d      {a=479005045, b=0, c=30, d=75}
9: jnz d -2   {a=479005045, b=0, c=30, d=75}
10: inc a      {a=479005046, b=0, c=30, d=75}
11: dec d      {a=479005046, b=0, c=30, d=74}
9: jnz d -2   {a=479005046, b=0, c=30, d=74}
10: inc a      {a=479005047, b=0, c=30, d=74}
11: dec d      {a=479005047, b=0, c=30, d=73}
9: jnz d -2   {a=479005047, b=0, c=30, d=73}
10: inc a      {a=479005048, b=0, c=30, d=73}
11: dec d      {a=479005048, b=0, c=30, d=72}
9: jnz d -2   {a=479005048, b=0, c=30, d=72}
10: inc a      {a=479005049, b=0, c=30, d=72}
11: dec d      {a=479005049, b=0, c=30, d=71}
9: jnz d -2   {a=479005049, b=0, c=30, d=71}
10: inc a      {a=479005050, b=0, c=30, d=71}
11: dec d      {a=479005050, b=0, c=30, d=70}
9: jnz d -2   {a=479005050, b=0, c=30, d=70}
10: inc a      {a=479005051, b=0, c=30, d=70}
11: dec d      {a=479005051, b=0, c=30, d=69}
9: jnz d -2   {a=479005051, b=0, c=30, d=69}
10: inc a      {a=479005052, b=0, c=30, d=69}
11: dec d      {a=479005052, b=0, c=30, d=68}
9: jnz d -2   {a=479005052, b=0, c=30, d=68}
10: inc a      {a=479005053, b=0, c=30, d=68}
11: dec d      {a=479005053, b=0, c=30, d=67}
9: jnz d -2   {a=479005053, b=0, c=30, d=67}
10: inc a      {a=479005054, b=0, c=30, d=67}
11: dec d      {a=479005054, b=0, c=30, d=66}
9: jnz d -2   {a=479005054, b=0, c=30, d=66}
10: inc a      {a=479005055, b=0, c=30, d=66}
11: dec d      {a=479005055, b=0, c=30, d=65}
9: jnz d -2   {a=479005055, b=0, c=30, d=65}
10: inc a      {a=479005056, b=0, c=30, d=65}
11: dec d      {a=479005056, b=0, c=30, d=64}
9: jnz d -2   {a=479005056, b=0, c=30, d=64}
10: inc a      {a=479005057, b=0, c=30, d=64}
11: dec d      {a=479005057, b=0, c=30, d=63}
9: jnz d -2   {a=479005057, b=0, c=30, d=63}
10: inc a      {a=479005058, b=0, c=30, d=63}
11: dec d      {a=479005058, b=0, c=30, d=62}
9: jnz d -2   {a=479005058, b=0, c=30, d=62}
10: inc a      {a=479005059, b=0, c=30, d=62}
11: dec d      {a=479005059, b=0, c=30, d=61}
9: jnz d -2   {a=479005059, b=0, c=30, d=61}
10: inc a      {a=479005060, b=0, c=30, d=61}
11: dec d      {a=479005060, b=0, c=30, d=60}
9: jnz d -2   {a=479005060, b=0, c=30, d=60}
10: inc a      {a=479005061, b=0, c=30, d=60}
11: dec d      {a=479005061, b=0, c=30, d=59}
9: jnz d -2   {a=479005061, b=0, c=30, d=59}
10: inc a      {a=479005062, b=0, c=30, d=59}
11: dec d      {a=479005062, b=0, c=30, d=58}
9: jnz d -2   {a=479005062, b=0, c=30, d=58}
10: inc a      {a=479005063, b=0, c=30, d=58}
11: dec d      {a=479005063, b=0, c=30, d=57}
9: jnz d -2   {a=479005063, b=0, c=30, d=57}
10: inc a      {a=479005064, b=0, c=30, d=57}
11: dec d      {a=479005064, b=0, c=30, d=56}
9: jnz d -2   {a=479005064, b=0, c=30, d=56}
10: inc a      {a=479005065, b=0, c=30, d=56}
11: dec d      {a=479005065, b=0, c=30, d=55}
9: jnz d -2   {a=479005065, b=0, c=30, d=55}
10: inc a      {a=479005066, b=0, c=30, d=55}
11: dec d      {a=479005066, b=0, c=30, d=54}
9: jnz d -2   {a=479005066, b=0, c=30, d=54}
10: inc a      {a=479005067, b=0, c=30, d=54}
11: dec d      {a=479005067, b=0, c=30, d=53}
9: jnz d -2   {a=479005067, b=0, c=30, d=53}
10: inc a      {a=479005068, b=0, c=30, d=53}
11: dec d      {a=479005068, b=0, c=30, d=52}
9: jnz d -2   {a=479005068, b=0, c=30, d=52}
10: inc a      {a=479005069, b=0, c=30, d=52}
11: dec d      {a=479005069, b=0, c=30, d=51}
9: jnz d -2   {a=479005069, b=0, c=30, d=51}
10: inc a      {a=479005070, b=0, c=30, d=51}
11: dec d      {a=479005070, b=0, c=30, d=50}
9: jnz d -2   {a=479005070, b=0, c=30, d=50}
10: inc a      {a=479005071, b=0, c=30, d=50}
11: dec d      {a=479005071, b=0, c=30, d=49}
9: jnz d -2   {a=479005071, b=0, c=30, d=49}
10: inc a      {a=479005072, b=0, c=30, d=49}
11: dec d      {a=479005072, b=0, c=30, d=48}
9: jnz d -2   {a=479005072, b=0, c=30, d=48}
10: inc a      {a=479005073, b=0, c=30, d=48}
11: dec d      {a=479005073, b=0, c=30, d=47}
9: jnz d -2   {a=479005073, b=0, c=30, d=47}
10: inc a      {a=479005074, b=0, c=30, d=47}
11: dec d      {a=479005074, b=0, c=30, d=46}
9: jnz d -2   {a=479005074, b=0, c=30, d=46}
10: inc a      {a=479005075, b=0, c=30, d=46}
11: dec d      {a=479005075, b=0, c=30, d=45}
9: jnz d -2   {a=479005075, b=0, c=30, d=45}
10: inc a      {a=479005076, b=0, c=30, d=45}
11: dec d      {a=479005076, b=0, c=30, d=44}
9: jnz d -2   {a=479005076, b=0, c=30, d=44}
10: inc a      {a=479005077, b=0, c=30, d=44}
11: dec d      {a=479005077, b=0, c=30, d=43}
9: jnz d -2   {a=479005077, b=0, c=30, d=43}
10: inc a      {a=479005078, b=0, c=30, d=43}
11: dec d      {a=479005078, b=0, c=30, d=42}
9: jnz d -2   {a=479005078, b=0, c=30, d=42}
10: inc a      {a=479005079, b=0, c=30, d=42}
11: dec d      {a=479005079, b=0, c=30, d=41}
9: jnz d -2   {a=479005079, b=0, c=30, d=41}
10: inc a      {a=479005080, b=0, c=30, d=41}
11: dec d      {a=479005080, b=0, c=30, d=40}
9: jnz d -2   {a=479005080, b=0, c=30, d=40}
10: inc a      {a=479005081, b=0, c=30, d=40}
11: dec d      {a=479005081, b=0, c=30, d=39}
9: jnz d -2   {a=479005081, b=0, c=30, d=39}
10: inc a      {a=479005082, b=0, c=30, d=39}
11: dec d      {a=479005082, b=0, c=30, d=38}
9: jnz d -2   {a=479005082, b=0, c=30, d=38}
10: inc a      {a=479005083, b=0, c=30, d=38}
11: dec d      {a=479005083, b=0, c=30, d=37}
9: jnz d -2   {a=479005083, b=0, c=30, d=37}
10: inc a      {a=479005084, b=0, c=30, d=37}
11: dec d      {a=479005084, b=0, c=30, d=36}
9: jnz d -2   {a=479005084, b=0, c=30, d=36}
10: inc a      {a=479005085, b=0, c=30, d=36}
11: dec d      {a=479005085, b=0, c=30, d=35}
9: jnz d -2   {a=479005085, b=0, c=30, d=35}
10: inc a      {a=479005086, b=0, c=30, d=35}
11: dec d      {a=479005086, b=0, c=30, d=34}
9: jnz d -2   {a=479005086, b=0, c=30, d=34}
10: inc a      {a=479005087, b=0, c=30, d=34}
11: dec d      {a=479005087, b=0, c=30, d=33}
9: jnz d -2   {a=479005087, b=0, c=30, d=33}
10: inc a      {a=479005088, b=0, c=30, d=33}
11: dec d      {a=479005088, b=0, c=30, d=32}
9: jnz d -2   {a=479005088, b=0, c=30, d=32}
10: inc a      {a=479005089, b=0, c=30, d=32}
11: dec d      {a=479005089, b=0, c=30, d=31}
9: jnz d -2   {a=479005089, b=0, c=30, d=31}
10: inc a      {a=479005090, b=0, c=30, d=31}
11: dec d      {a=479005090, b=0, c=30, d=30}
9: jnz d -2   {a=479005090, b=0, c=30, d=30}
10: inc a      {a=479005091, b=0, c=30, d=30}
11: dec d      {a=479005091, b=0, c=30, d=29}
9: jnz d -2   {a=479005091, b=0, c=30, d=29}
10: inc a      {a=479005092, b=0, c=30, d=29}
11: dec d      {a=479005092, b=0, c=30, d=28}
9: jnz d -2   {a=479005092, b=0, c=30, d=28}
10: inc a      {a=479005093, b=0, c=30, d=28}
11: dec d      {a=479005093, b=0, c=30, d=27}
9: jnz d -2   {a=479005093, b=0, c=30, d=27}
10: inc a      {a=479005094, b=0, c=30, d=27}
11: dec d      {a=479005094, b=0, c=30, d=26}
9: jnz d -2   {a=479005094, b=0, c=30, d=26}
10: inc a      {a=479005095, b=0, c=30, d=26}
11: dec d      {a=479005095, b=0, c=30, d=25}
9: jnz d -2   {a=479005095, b=0, c=30, d=25}
10: inc a      {a=479005096, b=0, c=30, d=25}
11: dec d      {a=479005096, b=0, c=30, d=24}
9: jnz d -2   {a=479005096, b=0, c=30, d=24}
10: inc a      {a=479005097, b=0, c=30, d=24}
11: dec d      {a=479005097, b=0, c=30, d=23}
9: jnz d -2   {a=479005097, b=0, c=30, d=23}
10: inc a      {a=479005098, b=0, c=30, d=23}
11: dec d      {a=479005098, b=0, c=30, d=22}
9: jnz d -2   {a=479005098, b=0, c=30, d=22}
10: inc a      {a=479005099, b=0, c=30, d=22}
11: dec d      {a=479005099, b=0, c=30, d=21}
9: jnz d -2   {a=479005099, b=0, c=30, d=21}
10: inc a      {a=479005100, b=0, c=30, d=21}
11: dec d      {a=479005100, b=0, c=30, d=20}
9: jnz d -2   {a=479005100, b=0, c=30, d=20}
10: inc a      {a=479005101, b=0, c=30, d=20}
11: dec d      {a=479005101, b=0, c=30, d=19}
9: jnz d -2   {a=479005101, b=0, c=30, d=19}
10: inc a      {a=479005102, b=0, c=30, d=19}
11: dec d      {a=479005102, b=0, c=30, d=18}
9: jnz d -2   {a=479005102, b=0, c=30, d=18}
10: inc a      {a=479005103, b=0, c=30, d=18}
11: dec d      {a=479005103, b=0, c=30, d=17}
9: jnz d -2   {a=479005103, b=0, c=30, d=17}
10: inc a      {a=479005104, b=0, c=30, d=17}
11: dec d      {a=479005104, b=0, c=30, d=16}
9: jnz d -2   {a=479005104, b=0, c=30, d=16}
10: inc a      {a=479005105, b=0, c=30, d=16}
11: dec d      {a=479005105, b=0, c=30, d=15}
9: jnz d -2   {a=479005105, b=0, c=30, d=15}
10: inc a      {a=479005106, b=0, c=30, d=15}
11: dec d      {a=479005106, b=0, c=30, d=14}
9: jnz d -2   {a=479005106, b=0, c=30, d=14}
10: inc a      {a=479005107, b=0, c=30, d=14}
11: dec d      {a=479005107, b=0, c=30, d=13}
9: jnz d -2   {a=479005107, b=0, c=30, d=13}
10: inc a      {a=479005108, b=0, c=30, d=13}
11: dec d      {a=479005108, b=0, c=30, d=12}
9: jnz d -2   {a=479005108, b=0, c=30, d=12}
10: inc a      {a=479005109, b=0, c=30, d=12}
11: dec d      {a=479005109, b=0, c=30, d=11}
9: jnz d -2   {a=479005109, b=0, c=30, d=11}
10: inc a      {a=479005110, b=0, c=30, d=11}
11: dec d      {a=479005110, b=0, c=30, d=10}
9: jnz d -2   {a=479005110, b=0, c=30, d=10}
10: inc a      {a=479005111, b=0, c=30, d=10}
11: dec d      {a=479005111, b=0, c=30, d=9}
9: jnz d -2   {a=479005111, b=0, c=30, d=9}
10: inc a      {a=479005112, b=0, c=30, d=9}
11: dec d      {a=479005112, b=0, c=30, d=8}
9: jnz d -2   {a=479005112, b=0, c=30, d=8}
10: inc a      {a=479005113, b=0, c=30, d=8}
11: dec d      {a=479005113, b=0, c=30, d=7}
9: jnz d -2   {a=479005113, b=0, c=30, d=7}
10: inc a      {a=479005114, b=0, c=30, d=7}
11: dec d      {a=479005114, b=0, c=30, d=6}
9: jnz d -2   {a=479005114, b=0, c=30, d=6}
10: inc a      {a=479005115, b=0, c=30, d=6}
11: dec d      {a=479005115, b=0, c=30, d=5}
9: jnz d -2   {a=479005115, b=0, c=30, d=5}
10: inc a      {a=479005116, b=0, c=30, d=5}
11: dec d      {a=479005116, b=0, c=30, d=4}
9: jnz d -2   {a=479005116, b=0, c=30, d=4}
10: inc a      {a=479005117, b=0, c=30, d=4}
11: dec d      {a=479005117, b=0, c=30, d=3}
9: jnz d -2   {a=479005117, b=0, c=30, d=3}
10: inc a      {a=479005118, b=0, c=30, d=3}
11: dec d      {a=479005118, b=0, c=30, d=2}
9: jnz d -2   {a=479005118, b=0, c=30, d=2}
10: inc a      {a=479005119, b=0, c=30, d=2}
11: dec d      {a=479005119, b=0, c=30, d=1}
9: jnz d -2   {a=479005119, b=0, c=30, d=1}
10: inc a      {a=479005120, b=0, c=30, d=1}
11: dec d      {a=479005120, b=0, c=30, d=0}
12: jnz d -2   {a=479005120, b=0, c=30, d=0}
13: dec c      {a=479005120, b=0, c=29, d=0}
8: jnz c -5   {a=479005120, b=0, c=29, d=0}
9: cpy 80 d   {a=479005120, b=0, c=29, d=80}
10: inc a      {a=479005121, b=0, c=29, d=80}
11: dec d      {a=479005121, b=0, c=29, d=79}
9: jnz d -2   {a=479005121, b=0, c=29, d=79}
10: inc a      {a=479005122, b=0, c=29, d=79}
11: dec d      {a=479005122, b=0, c=29, d=78}
9: jnz d -2   {a=479005122, b=0, c=29, d=78}
10: inc a      {a=479005123, b=0, c=29, d=78}
11: dec d      {a=479005123, b=0, c=29, d=77}
9: jnz d -2   {a=479005123, b=0, c=29, d=77}
10: inc a      {a=479005124, b=0, c=29, d=77}
11: dec d      {a=479005124, b=0, c=29, d=76}
9: jnz d -2   {a=479005124, b=0, c=29, d=76}
10: inc a      {a=479005125, b=0, c=29, d=76}
11: dec d      {a=479005125, b=0, c=29, d=75}
9: jnz d -2   {a=479005125, b=0, c=29, d=75}
10: inc a      {a=479005126, b=0, c=29, d=75}
11: dec d      {a=479005126, b=0, c=29, d=74}
9: jnz d -2   {a=479005126, b=0, c=29, d=74}
10: inc a      {a=479005127, b=0, c=29, d=74}
11: dec d      {a=479005127, b=0, c=29, d=73}
9: jnz d -2   {a=479005127, b=0, c=29, d=73}
10: inc a      {a=479005128, b=0, c=29, d=73}
11: dec d      {a=479005128, b=0, c=29, d=72}
9: jnz d -2   {a=479005128, b=0, c=29, d=72}
10: inc a      {a=479005129, b=0, c=29, d=72}
11: dec d      {a=479005129, b=0, c=29, d=71}
9: jnz d -2   {a=479005129, b=0, c=29, d=71}
10: inc a      {a=479005130, b=0, c=29, d=71}
11: dec d      {a=479005130, b=0, c=29, d=70}
9: jnz d -2   {a=479005130, b=0, c=29, d=70}
10: inc a      {a=479005131, b=0, c=29, d=70}
11: dec d      {a=479005131, b=0, c=29, d=69}
9: jnz d -2   {a=479005131, b=0, c=29, d=69}
10: inc a      {a=479005132, b=0, c=29, d=69}
11: dec d      {a=479005132, b=0, c=29, d=68}
9: jnz d -2   {a=479005132, b=0, c=29, d=68}
10: inc a      {a=479005133, b=0, c=29, d=68}
11: dec d      {a=479005133, b=0, c=29, d=67}
9: jnz d -2   {a=479005133, b=0, c=29, d=67}
10: inc a      {a=479005134, b=0, c=29, d=67}
11: dec d      {a=479005134, b=0, c=29, d=66}
9: jnz d -2   {a=479005134, b=0, c=29, d=66}
10: inc a      {a=479005135, b=0, c=29, d=66}
11: dec d      {a=479005135, b=0, c=29, d=65}
9: jnz d -2   {a=479005135, b=0, c=29, d=65}
10: inc a      {a=479005136, b=0, c=29, d=65}
11: dec d      {a=479005136, b=0, c=29, d=64}
9: jnz d -2   {a=479005136, b=0, c=29, d=64}
10: inc a      {a=479005137, b=0, c=29, d=64}
11: dec d      {a=479005137, b=0, c=29, d=63}
9: jnz d -2   {a=479005137, b=0, c=29, d=63}
10: inc a      {a=479005138, b=0, c=29, d=63}
11: dec d      {a=479005138, b=0, c=29, d=62}
9: jnz d -2   {a=479005138, b=0, c=29, d=62}
10: inc a      {a=479005139, b=0, c=29, d=62}
11: dec d      {a=479005139, b=0, c=29, d=61}
9: jnz d -2   {a=479005139, b=0, c=29, d=61}
10: inc a      {a=479005140, b=0, c=29, d=61}
11: dec d      {a=479005140, b=0, c=29, d=60}
9: jnz d -2   {a=479005140, b=0, c=29, d=60}
10: inc a      {a=479005141, b=0, c=29, d=60}
11: dec d      {a=479005141, b=0, c=29, d=59}
9: jnz d -2   {a=479005141, b=0, c=29, d=59}
10: inc a      {a=479005142, b=0, c=29, d=59}
11: dec d      {a=479005142, b=0, c=29, d=58}
9: jnz d -2   {a=479005142, b=0, c=29, d=58}
10: inc a      {a=479005143, b=0, c=29, d=58}
11: dec d      {a=479005143, b=0, c=29, d=57}
9: jnz d -2   {a=479005143, b=0, c=29, d=57}
10: inc a      {a=479005144, b=0, c=29, d=57}
11: dec d      {a=479005144, b=0, c=29, d=56}
9: jnz d -2   {a=479005144, b=0, c=29, d=56}
10: inc a      {a=479005145, b=0, c=29, d=56}
11: dec d      {a=479005145, b=0, c=29, d=55}
9: jnz d -2   {a=479005145, b=0, c=29, d=55}
10: inc a      {a=479005146, b=0, c=29, d=55}
11: dec d      {a=479005146, b=0, c=29, d=54}
9: jnz d -2   {a=479005146, b=0, c=29, d=54}
10: inc a      {a=479005147, b=0, c=29, d=54}
11: dec d      {a=479005147, b=0, c=29, d=53}
9: jnz d -2   {a=479005147, b=0, c=29, d=53}
10: inc a      {a=479005148, b=0, c=29, d=53}
11: dec d      {a=479005148, b=0, c=29, d=52}
9: jnz d -2   {a=479005148, b=0, c=29, d=52}
10: inc a      {a=479005149, b=0, c=29, d=52}
11: dec d      {a=479005149, b=0, c=29, d=51}
9: jnz d -2   {a=479005149, b=0, c=29, d=51}
10: inc a      {a=479005150, b=0, c=29, d=51}
11: dec d      {a=479005150, b=0, c=29, d=50}
9: jnz d -2   {a=479005150, b=0, c=29, d=50}
10: inc a      {a=479005151, b=0, c=29, d=50}
11: dec d      {a=479005151, b=0, c=29, d=49}
9: jnz d -2   {a=479005151, b=0, c=29, d=49}
10: inc a      {a=479005152, b=0, c=29, d=49}
11: dec d      {a=479005152, b=0, c=29, d=48}
9: jnz d -2   {a=479005152, b=0, c=29, d=48}
10: inc a      {a=479005153, b=0, c=29, d=48}
11: dec d      {a=479005153, b=0, c=29, d=47}
9: jnz d -2   {a=479005153, b=0, c=29, d=47}
10: inc a      {a=479005154, b=0, c=29, d=47}
11: dec d      {a=479005154, b=0, c=29, d=46}
9: jnz d -2   {a=479005154, b=0, c=29, d=46}
10: inc a      {a=479005155, b=0, c=29, d=46}
11: dec d      {a=479005155, b=0, c=29, d=45}
9: jnz d -2   {a=479005155, b=0, c=29, d=45}
10: inc a      {a=479005156, b=0, c=29, d=45}
11: dec d      {a=479005156, b=0, c=29, d=44}
9: jnz d -2   {a=479005156, b=0, c=29, d=44}
10: inc a      {a=479005157, b=0, c=29, d=44}
11: dec d      {a=479005157, b=0, c=29, d=43}
9: jnz d -2   {a=479005157, b=0, c=29, d=43}
10: inc a      {a=479005158, b=0, c=29, d=43}
11: dec d      {a=479005158, b=0, c=29, d=42}
9: jnz d -2   {a=479005158, b=0, c=29, d=42}
10: inc a      {a=479005159, b=0, c=29, d=42}
11: dec d      {a=479005159, b=0, c=29, d=41}
9: jnz d -2   {a=479005159, b=0, c=29, d=41}
10: inc a      {a=479005160, b=0, c=29, d=41}
11: dec d      {a=479005160, b=0, c=29, d=40}
9: jnz d -2   {a=479005160, b=0, c=29, d=40}
10: inc a      {a=479005161, b=0, c=29, d=40}
11: dec d      {a=479005161, b=0, c=29, d=39}
9: jnz d -2   {a=479005161, b=0, c=29, d=39}
10: inc a      {a=479005162, b=0, c=29, d=39}
11: dec d      {a=479005162, b=0, c=29, d=38}
9: jnz d -2   {a=479005162, b=0, c=29, d=38}
10: inc a      {a=479005163, b=0, c=29, d=38}
11: dec d      {a=479005163, b=0, c=29, d=37}
9: jnz d -2   {a=479005163, b=0, c=29, d=37}
10: inc a      {a=479005164, b=0, c=29, d=37}
11: dec d      {a=479005164, b=0, c=29, d=36}
9: jnz d -2   {a=479005164, b=0, c=29, d=36}
10: inc a      {a=479005165, b=0, c=29, d=36}
11: dec d      {a=479005165, b=0, c=29, d=35}
9: jnz d -2   {a=479005165, b=0, c=29, d=35}
10: inc a      {a=479005166, b=0, c=29, d=35}
11: dec d      {a=479005166, b=0, c=29, d=34}
9: jnz d -2   {a=479005166, b=0, c=29, d=34}
10: inc a      {a=479005167, b=0, c=29, d=34}
11: dec d      {a=479005167, b=0, c=29, d=33}
9: jnz d -2   {a=479005167, b=0, c=29, d=33}
10: inc a      {a=479005168, b=0, c=29, d=33}
11: dec d      {a=479005168, b=0, c=29, d=32}
9: jnz d -2   {a=479005168, b=0, c=29, d=32}
10: inc a      {a=479005169, b=0, c=29, d=32}
11: dec d      {a=479005169, b=0, c=29, d=31}
9: jnz d -2   {a=479005169, b=0, c=29, d=31}
10: inc a      {a=479005170, b=0, c=29, d=31}
11: dec d      {a=479005170, b=0, c=29, d=30}
9: jnz d -2   {a=479005170, b=0, c=29, d=30}
10: inc a      {a=479005171, b=0, c=29, d=30}
11: dec d      {a=479005171, b=0, c=29, d=29}
9: jnz d -2   {a=479005171, b=0, c=29, d=29}
10: inc a      {a=479005172, b=0, c=29, d=29}
11: dec d      {a=479005172, b=0, c=29, d=28}
9: jnz d -2   {a=479005172, b=0, c=29, d=28}
10: inc a      {a=479005173, b=0, c=29, d=28}
11: dec d      {a=479005173, b=0, c=29, d=27}
9: jnz d -2   {a=479005173, b=0, c=29, d=27}
10: inc a      {a=479005174, b=0, c=29, d=27}
11: dec d      {a=479005174, b=0, c=29, d=26}
9: jnz d -2   {a=479005174, b=0, c=29, d=26}
10: inc a      {a=479005175, b=0, c=29, d=26}
11: dec d      {a=479005175, b=0, c=29, d=25}
9: jnz d -2   {a=479005175, b=0, c=29, d=25}
10: inc a      {a=479005176, b=0, c=29, d=25}
11: dec d      {a=479005176, b=0, c=29, d=24}
9: jnz d -2   {a=479005176, b=0, c=29, d=24}
10: inc a      {a=479005177, b=0, c=29, d=24}
11: dec d      {a=479005177, b=0, c=29, d=23}
9: jnz d -2   {a=479005177, b=0, c=29, d=23}
10: inc a      {a=479005178, b=0, c=29, d=23}
11: dec d      {a=479005178, b=0, c=29, d=22}
9: jnz d -2   {a=479005178, b=0, c=29, d=22}
10: inc a      {a=479005179, b=0, c=29, d=22}
11: dec d      {a=479005179, b=0, c=29, d=21}
9: jnz d -2   {a=479005179, b=0, c=29, d=21}
10: inc a      {a=479005180, b=0, c=29, d=21}
11: dec d      {a=479005180, b=0, c=29, d=20}
9: jnz d -2   {a=479005180, b=0, c=29, d=20}
10: inc a      {a=479005181, b=0, c=29, d=20}
11: dec d      {a=479005181, b=0, c=29, d=19}
9: jnz d -2   {a=479005181, b=0, c=29, d=19}
10: inc a      {a=479005182, b=0, c=29, d=19}
11: dec d      {a=479005182, b=0, c=29, d=18}
9: jnz d -2   {a=479005182, b=0, c=29, d=18}
10: inc a      {a=479005183, b=0, c=29, d=18}
11: dec d      {a=479005183, b=0, c=29, d=17}
9: jnz d -2   {a=479005183, b=0, c=29, d=17}
10: inc a      {a=479005184, b=0, c=29, d=17}
11: dec d      {a=479005184, b=0, c=29, d=16}
9: jnz d -2   {a=479005184, b=0, c=29, d=16}
10: inc a      {a=479005185, b=0, c=29, d=16}
11: dec d      {a=479005185, b=0, c=29, d=15}
9: jnz d -2   {a=479005185, b=0, c=29, d=15}
10: inc a      {a=479005186, b=0, c=29, d=15}
11: dec d      {a=479005186, b=0, c=29, d=14}
9: jnz d -2   {a=479005186, b=0, c=29, d=14}
10: inc a      {a=479005187, b=0, c=29, d=14}
11: dec d      {a=479005187, b=0, c=29, d=13}
9: jnz d -2   {a=479005187, b=0, c=29, d=13}
10: inc a      {a=479005188, b=0, c=29, d=13}
11: dec d      {a=479005188, b=0, c=29, d=12}
9: jnz d -2   {a=479005188, b=0, c=29, d=12}
10: inc a      {a=479005189, b=0, c=29, d=12}
11: dec d      {a=479005189, b=0, c=29, d=11}
9: jnz d -2   {a=479005189, b=0, c=29, d=11}
10: inc a      {a=479005190, b=0, c=29, d=11}
11: dec d      {a=479005190, b=0, c=29, d=10}
9: jnz d -2   {a=479005190, b=0, c=29, d=10}
10: inc a      {a=479005191, b=0, c=29, d=10}
11: dec d      {a=479005191, b=0, c=29, d=9}
9: jnz d -2   {a=479005191, b=0, c=29, d=9}
10: inc a      {a=479005192, b=0, c=29, d=9}
11: dec d      {a=479005192, b=0, c=29, d=8}
9: jnz d -2   {a=479005192, b=0, c=29, d=8}
10: inc a      {a=479005193, b=0, c=29, d=8}
11: dec d      {a=479005193, b=0, c=29, d=7}
9: jnz d -2   {a=479005193, b=0, c=29, d=7}
10: inc a      {a=479005194, b=0, c=29, d=7}
11: dec d      {a=479005194, b=0, c=29, d=6}
9: jnz d -2   {a=479005194, b=0, c=29, d=6}
10: inc a      {a=479005195, b=0, c=29, d=6}
11: dec d      {a=479005195, b=0, c=29, d=5}
9: jnz d -2   {a=479005195, b=0, c=29, d=5}
10: inc a      {a=479005196, b=0, c=29, d=5}
11: dec d      {a=479005196, b=0, c=29, d=4}
9: jnz d -2   {a=479005196, b=0, c=29, d=4}
10: inc a      {a=479005197, b=0, c=29, d=4}
11: dec d      {a=479005197, b=0, c=29, d=3}
9: jnz d -2   {a=479005197, b=0, c=29, d=3}
10: inc a      {a=479005198, b=0, c=29, d=3}
11: dec d      {a=479005198, b=0, c=29, d=2}
9: jnz d -2   {a=479005198, b=0, c=29, d=2}
10: inc a      {a=479005199, b=0, c=29, d=2}
11: dec d      {a=479005199, b=0, c=29, d=1}
9: jnz d -2   {a=479005199, b=0, c=29, d=1}
10: inc a      {a=479005200, b=0, c=29, d=1}
11: dec d      {a=479005200, b=0, c=29, d=0}
12: jnz d -2   {a=479005200, b=0, c=29, d=0}
13: dec c      {a=479005200, b=0, c=28, d=0}
8: jnz c -5   {a=479005200, b=0, c=28, d=0}
9: cpy 80 d   {a=479005200, b=0, c=28, d=80}
10: inc a      {a=479005201, b=0, c=28, d=80}
11: dec d      {a=479005201, b=0, c=28, d=79}
9: jnz d -2   {a=479005201, b=0, c=28, d=79}
10: inc a      {a=479005202, b=0, c=28, d=79}
11: dec d      {a=479005202, b=0, c=28, d=78}
9: jnz d -2   {a=479005202, b=0, c=28, d=78}
10: inc a      {a=479005203, b=0, c=28, d=78}
11: dec d      {a=479005203, b=0, c=28, d=77}
9: jnz d -2   {a=479005203, b=0, c=28, d=77}
10: inc a      {a=479005204, b=0, c=28, d=77}
11: dec d      {a=479005204, b=0, c=28, d=76}
9: jnz d -2   {a=479005204, b=0, c=28, d=76}
10: inc a      {a=479005205, b=0, c=28, d=76}
11: dec d      {a=479005205, b=0, c=28, d=75}
9: jnz d -2   {a=479005205, b=0, c=28, d=75}
10: inc a      {a=479005206, b=0, c=28, d=75}
11: dec d      {a=479005206, b=0, c=28, d=74}
9: jnz d -2   {a=479005206, b=0, c=28, d=74}
10: inc a      {a=479005207, b=0, c=28, d=74}
11: dec d      {a=479005207, b=0, c=28, d=73}
9: jnz d -2   {a=479005207, b=0, c=28, d=73}
10: inc a      {a=479005208, b=0, c=28, d=73}
11: dec d      {a=479005208, b=0, c=28, d=72}
9: jnz d -2   {a=479005208, b=0, c=28, d=72}
10: inc a      {a=479005209, b=0, c=28, d=72}
11: dec d      {a=479005209, b=0, c=28, d=71}
9: jnz d -2   {a=479005209, b=0, c=28, d=71}
10: inc a      {a=479005210, b=0, c=28, d=71}
11: dec d      {a=479005210, b=0, c=28, d=70}
9: jnz d -2   {a=479005210, b=0, c=28, d=70}
10: inc a      {a=479005211, b=0, c=28, d=70}
11: dec d      {a=479005211, b=0, c=28, d=69}
9: jnz d -2   {a=479005211, b=0, c=28, d=69}
10: inc a      {a=479005212, b=0, c=28, d=69}
11: dec d      {a=479005212, b=0, c=28, d=68}
9: jnz d -2   {a=479005212, b=0, c=28, d=68}
10: inc a      {a=479005213, b=0, c=28, d=68}
11: dec d      {a=479005213, b=0, c=28, d=67}
9: jnz d -2   {a=479005213, b=0, c=28, d=67}
10: inc a      {a=479005214, b=0, c=28, d=67}
11: dec d      {a=479005214, b=0, c=28, d=66}
9: jnz d -2   {a=479005214, b=0, c=28, d=66}
10: inc a      {a=479005215, b=0, c=28, d=66}
11: dec d      {a=479005215, b=0, c=28, d=65}
9: jnz d -2   {a=479005215, b=0, c=28, d=65}
10: inc a      {a=479005216, b=0, c=28, d=65}
11: dec d      {a=479005216, b=0, c=28, d=64}
9: jnz d -2   {a=479005216, b=0, c=28, d=64}
10: inc a      {a=479005217, b=0, c=28, d=64}
11: dec d      {a=479005217, b=0, c=28, d=63}
9: jnz d -2   {a=479005217, b=0, c=28, d=63}
10: inc a      {a=479005218, b=0, c=28, d=63}
11: dec d      {a=479005218, b=0, c=28, d=62}
9: jnz d -2   {a=479005218, b=0, c=28, d=62}
10: inc a      {a=479005219, b=0, c=28, d=62}
11: dec d      {a=479005219, b=0, c=28, d=61}
9: jnz d -2   {a=479005219, b=0, c=28, d=61}
10: inc a      {a=479005220, b=0, c=28, d=61}
11: dec d      {a=479005220, b=0, c=28, d=60}
9: jnz d -2   {a=479005220, b=0, c=28, d=60}
10: inc a      {a=479005221, b=0, c=28, d=60}
11: dec d      {a=479005221, b=0, c=28, d=59}
9: jnz d -2   {a=479005221, b=0, c=28, d=59}
10: inc a      {a=479005222, b=0, c=28, d=59}
11: dec d      {a=479005222, b=0, c=28, d=58}
9: jnz d -2   {a=479005222, b=0, c=28, d=58}
10: inc a      {a=479005223, b=0, c=28, d=58}
11: dec d      {a=479005223, b=0, c=28, d=57}
9: jnz d -2   {a=479005223, b=0, c=28, d=57}
10: inc a      {a=479005224, b=0, c=28, d=57}
11: dec d      {a=479005224, b=0, c=28, d=56}
9: jnz d -2   {a=479005224, b=0, c=28, d=56}
10: inc a      {a=479005225, b=0, c=28, d=56}
11: dec d      {a=479005225, b=0, c=28, d=55}
9: jnz d -2   {a=479005225, b=0, c=28, d=55}
10: inc a      {a=479005226, b=0, c=28, d=55}
11: dec d      {a=479005226, b=0, c=28, d=54}
9: jnz d -2   {a=479005226, b=0, c=28, d=54}
10: inc a      {a=479005227, b=0, c=28, d=54}
11: dec d      {a=479005227, b=0, c=28, d=53}
9: jnz d -2   {a=479005227, b=0, c=28, d=53}
10: inc a      {a=479005228, b=0, c=28, d=53}
11: dec d      {a=479005228, b=0, c=28, d=52}
9: jnz d -2   {a=479005228, b=0, c=28, d=52}
10: inc a      {a=479005229, b=0, c=28, d=52}
11: dec d      {a=479005229, b=0, c=28, d=51}
9: jnz d -2   {a=479005229, b=0, c=28, d=51}
10: inc a      {a=479005230, b=0, c=28, d=51}
11: dec d      {a=479005230, b=0, c=28, d=50}
9: jnz d -2   {a=479005230, b=0, c=28, d=50}
10: inc a      {a=479005231, b=0, c=28, d=50}
11: dec d      {a=479005231, b=0, c=28, d=49}
9: jnz d -2   {a=479005231, b=0, c=28, d=49}
10: inc a      {a=479005232, b=0, c=28, d=49}
11: dec d      {a=479005232, b=0, c=28, d=48}
9: jnz d -2   {a=479005232, b=0, c=28, d=48}
10: inc a      {a=479005233, b=0, c=28, d=48}
11: dec d      {a=479005233, b=0, c=28, d=47}
9: jnz d -2   {a=479005233, b=0, c=28, d=47}
10: inc a      {a=479005234, b=0, c=28, d=47}
11: dec d      {a=479005234, b=0, c=28, d=46}
9: jnz d -2   {a=479005234, b=0, c=28, d=46}
10: inc a      {a=479005235, b=0, c=28, d=46}
11: dec d      {a=479005235, b=0, c=28, d=45}
9: jnz d -2   {a=479005235, b=0, c=28, d=45}
10: inc a      {a=479005236, b=0, c=28, d=45}
11: dec d      {a=479005236, b=0, c=28, d=44}
9: jnz d -2   {a=479005236, b=0, c=28, d=44}
10: inc a      {a=479005237, b=0, c=28, d=44}
11: dec d      {a=479005237, b=0, c=28, d=43}
9: jnz d -2   {a=479005237, b=0, c=28, d=43}
10: inc a      {a=479005238, b=0, c=28, d=43}
11: dec d      {a=479005238, b=0, c=28, d=42}
9: jnz d -2   {a=479005238, b=0, c=28, d=42}
10: inc a      {a=479005239, b=0, c=28, d=42}
11: dec d      {a=479005239, b=0, c=28, d=41}
9: jnz d -2   {a=479005239, b=0, c=28, d=41}
10: inc a      {a=479005240, b=0, c=28, d=41}
11: dec d      {a=479005240, b=0, c=28, d=40}
9: jnz d -2   {a=479005240, b=0, c=28, d=40}
10: inc a      {a=479005241, b=0, c=28, d=40}
11: dec d      {a=479005241, b=0, c=28, d=39}
9: jnz d -2   {a=479005241, b=0, c=28, d=39}
10: inc a      {a=479005242, b=0, c=28, d=39}
11: dec d      {a=479005242, b=0, c=28, d=38}
9: jnz d -2   {a=479005242, b=0, c=28, d=38}
10: inc a      {a=479005243, b=0, c=28, d=38}
11: dec d      {a=479005243, b=0, c=28, d=37}
9: jnz d -2   {a=479005243, b=0, c=28, d=37}
10: inc a      {a=479005244, b=0, c=28, d=37}
11: dec d      {a=479005244, b=0, c=28, d=36}
9: jnz d -2   {a=479005244, b=0, c=28, d=36}
10: inc a      {a=479005245, b=0, c=28, d=36}
11: dec d      {a=479005245, b=0, c=28, d=35}
9: jnz d -2   {a=479005245, b=0, c=28, d=35}
10: inc a      {a=479005246, b=0, c=28, d=35}
11: dec d      {a=479005246, b=0, c=28, d=34}
9: jnz d -2   {a=479005246, b=0, c=28, d=34}
10: inc a      {a=479005247, b=0, c=28, d=34}
11: dec d      {a=479005247, b=0, c=28, d=33}
9: jnz d -2   {a=479005247, b=0, c=28, d=33}
10: inc a      {a=479005248, b=0, c=28, d=33}
11: dec d      {a=479005248, b=0, c=28, d=32}
9: jnz d -2   {a=479005248, b=0, c=28, d=32}
10: inc a      {a=479005249, b=0, c=28, d=32}
11: dec d      {a=479005249, b=0, c=28, d=31}
9: jnz d -2   {a=479005249, b=0, c=28, d=31}
10: inc a      {a=479005250, b=0, c=28, d=31}
11: dec d      {a=479005250, b=0, c=28, d=30}
9: jnz d -2   {a=479005250, b=0, c=28, d=30}
10: inc a      {a=479005251, b=0, c=28, d=30}
11: dec d      {a=479005251, b=0, c=28, d=29}
9: jnz d -2   {a=479005251, b=0, c=28, d=29}
10: inc a      {a=479005252, b=0, c=28, d=29}
11: dec d      {a=479005252, b=0, c=28, d=28}
9: jnz d -2   {a=479005252, b=0, c=28, d=28}
10: inc a      {a=479005253, b=0, c=28, d=28}
11: dec d      {a=479005253, b=0, c=28, d=27}
9: jnz d -2   {a=479005253, b=0, c=28, d=27}
10: inc a      {a=479005254, b=0, c=28, d=27}
11: dec d      {a=479005254, b=0, c=28, d=26}
9: jnz d -2   {a=479005254, b=0, c=28, d=26}
10: inc a      {a=479005255, b=0, c=28, d=26}
11: dec d      {a=479005255, b=0, c=28, d=25}
9: jnz d -2   {a=479005255, b=0, c=28, d=25}
10: inc a      {a=479005256, b=0, c=28, d=25}
11: dec d      {a=479005256, b=0, c=28, d=24}
9: jnz d -2   {a=479005256, b=0, c=28, d=24}
10: inc a      {a=479005257, b=0, c=28, d=24}
11: dec d      {a=479005257, b=0, c=28, d=23}
9: jnz d -2   {a=479005257, b=0, c=28, d=23}
10: inc a      {a=479005258, b=0, c=28, d=23}
11: dec d      {a=479005258, b=0, c=28, d=22}
9: jnz d -2   {a=479005258, b=0, c=28, d=22}
10: inc a      {a=479005259, b=0, c=28, d=22}
11: dec d      {a=479005259, b=0, c=28, d=21}
9: jnz d -2   {a=479005259, b=0, c=28, d=21}
10: inc a      {a=479005260, b=0, c=28, d=21}
11: dec d      {a=479005260, b=0, c=28, d=20}
9: jnz d -2   {a=479005260, b=0, c=28, d=20}
10: inc a      {a=479005261, b=0, c=28, d=20}
11: dec d      {a=479005261, b=0, c=28, d=19}
9: jnz d -2   {a=479005261, b=0, c=28, d=19}
10: inc a      {a=479005262, b=0, c=28, d=19}
11: dec d      {a=479005262, b=0, c=28, d=18}
9: jnz d -2   {a=479005262, b=0, c=28, d=18}
10: inc a      {a=479005263, b=0, c=28, d=18}
11: dec d      {a=479005263, b=0, c=28, d=17}
9: jnz d -2   {a=479005263, b=0, c=28, d=17}
10: inc a      {a=479005264, b=0, c=28, d=17}
11: dec d      {a=479005264, b=0, c=28, d=16}
9: jnz d -2   {a=479005264, b=0, c=28, d=16}
10: inc a      {a=479005265, b=0, c=28, d=16}
11: dec d      {a=479005265, b=0, c=28, d=15}
9: jnz d -2   {a=479005265, b=0, c=28, d=15}
10: inc a      {a=479005266, b=0, c=28, d=15}
11: dec d      {a=479005266, b=0, c=28, d=14}
9: jnz d -2   {a=479005266, b=0, c=28, d=14}
10: inc a      {a=479005267, b=0, c=28, d=14}
11: dec d      {a=479005267, b=0, c=28, d=13}
9: jnz d -2   {a=479005267, b=0, c=28, d=13}
10: inc a      {a=479005268, b=0, c=28, d=13}
11: dec d      {a=479005268, b=0, c=28, d=12}
9: jnz d -2   {a=479005268, b=0, c=28, d=12}
10: inc a      {a=479005269, b=0, c=28, d=12}
11: dec d      {a=479005269, b=0, c=28, d=11}
9: jnz d -2   {a=479005269, b=0, c=28, d=11}
10: inc a      {a=479005270, b=0, c=28, d=11}
11: dec d      {a=479005270, b=0, c=28, d=10}
9: jnz d -2   {a=479005270, b=0, c=28, d=10}
10: inc a      {a=479005271, b=0, c=28, d=10}
11: dec d      {a=479005271, b=0, c=28, d=9}
9: jnz d -2   {a=479005271, b=0, c=28, d=9}
10: inc a      {a=479005272, b=0, c=28, d=9}
11: dec d      {a=479005272, b=0, c=28, d=8}
9: jnz d -2   {a=479005272, b=0, c=28, d=8}
10: inc a      {a=479005273, b=0, c=28, d=8}
11: dec d      {a=479005273, b=0, c=28, d=7}
9: jnz d -2   {a=479005273, b=0, c=28, d=7}
10: inc a      {a=479005274, b=0, c=28, d=7}
11: dec d      {a=479005274, b=0, c=28, d=6}
9: jnz d -2   {a=479005274, b=0, c=28, d=6}
10: inc a      {a=479005275, b=0, c=28, d=6}
11: dec d      {a=479005275, b=0, c=28, d=5}
9: jnz d -2   {a=479005275, b=0, c=28, d=5}
10: inc a      {a=479005276, b=0, c=28, d=5}
11: dec d      {a=479005276, b=0, c=28, d=4}
9: jnz d -2   {a=479005276, b=0, c=28, d=4}
10: inc a      {a=479005277, b=0, c=28, d=4}
11: dec d      {a=479005277, b=0, c=28, d=3}
9: jnz d -2   {a=479005277, b=0, c=28, d=3}
10: inc a      {a=479005278, b=0, c=28, d=3}
11: dec d      {a=479005278, b=0, c=28, d=2}
9: jnz d -2   {a=479005278, b=0, c=28, d=2}
10: inc a      {a=479005279, b=0, c=28, d=2}
11: dec d      {a=479005279, b=0, c=28, d=1}
9: jnz d -2   {a=479005279, b=0, c=28, d=1}
10: inc a      {a=479005280, b=0, c=28, d=1}
11: dec d      {a=479005280, b=0, c=28, d=0}
12: jnz d -2   {a=479005280, b=0, c=28, d=0}
13: dec c      {a=479005280, b=0, c=27, d=0}
8: jnz c -5   {a=479005280, b=0, c=27, d=0}
9: cpy 80 d   {a=479005280, b=0, c=27, d=80}
10: inc a      {a=479005281, b=0, c=27, d=80}
11: dec d      {a=479005281, b=0, c=27, d=79}
9: jnz d -2   {a=479005281, b=0, c=27, d=79}
10: inc a      {a=479005282, b=0, c=27, d=79}
11: dec d      {a=479005282, b=0, c=27, d=78}
9: jnz d -2   {a=479005282, b=0, c=27, d=78}
10: inc a      {a=479005283, b=0, c=27, d=78}
11: dec d      {a=479005283, b=0, c=27, d=77}
9: jnz d -2   {a=479005283, b=0, c=27, d=77}
10: inc a      {a=479005284, b=0, c=27, d=77}
11: dec d      {a=479005284, b=0, c=27, d=76}
9: jnz d -2   {a=479005284, b=0, c=27, d=76}
10: inc a      {a=479005285, b=0, c=27, d=76}
11: dec d      {a=479005285, b=0, c=27, d=75}
9: jnz d -2   {a=479005285, b=0, c=27, d=75}
10: inc a      {a=479005286, b=0, c=27, d=75}
11: dec d      {a=479005286, b=0, c=27, d=74}
9: jnz d -2   {a=479005286, b=0, c=27, d=74}
10: inc a      {a=479005287, b=0, c=27, d=74}
11: dec d      {a=479005287, b=0, c=27, d=73}
9: jnz d -2   {a=479005287, b=0, c=27, d=73}
10: inc a      {a=479005288, b=0, c=27, d=73}
11: dec d      {a=479005288, b=0, c=27, d=72}
9: jnz d -2   {a=479005288, b=0, c=27, d=72}
10: inc a      {a=479005289, b=0, c=27, d=72}
11: dec d      {a=479005289, b=0, c=27, d=71}
9: jnz d -2   {a=479005289, b=0, c=27, d=71}
10: inc a      {a=479005290, b=0, c=27, d=71}
11: dec d      {a=479005290, b=0, c=27, d=70}
9: jnz d -2   {a=479005290, b=0, c=27, d=70}
10: inc a      {a=479005291, b=0, c=27, d=70}
11: dec d      {a=479005291, b=0, c=27, d=69}
9: jnz d -2   {a=479005291, b=0, c=27, d=69}
10: inc a      {a=479005292, b=0, c=27, d=69}
11: dec d      {a=479005292, b=0, c=27, d=68}
9: jnz d -2   {a=479005292, b=0, c=27, d=68}
10: inc a      {a=479005293, b=0, c=27, d=68}
11: dec d      {a=479005293, b=0, c=27, d=67}
9: jnz d -2   {a=479005293, b=0, c=27, d=67}
10: inc a      {a=479005294, b=0, c=27, d=67}
11: dec d      {a=479005294, b=0, c=27, d=66}
9: jnz d -2   {a=479005294, b=0, c=27, d=66}
10: inc a      {a=479005295, b=0, c=27, d=66}
11: dec d      {a=479005295, b=0, c=27, d=65}
9: jnz d -2   {a=479005295, b=0, c=27, d=65}
10: inc a      {a=479005296, b=0, c=27, d=65}
11: dec d      {a=479005296, b=0, c=27, d=64}
9: jnz d -2   {a=479005296, b=0, c=27, d=64}
10: inc a      {a=479005297, b=0, c=27, d=64}
11: dec d      {a=479005297, b=0, c=27, d=63}
9: jnz d -2   {a=479005297, b=0, c=27, d=63}
10: inc a      {a=479005298, b=0, c=27, d=63}
11: dec d      {a=479005298, b=0, c=27, d=62}
9: jnz d -2   {a=479005298, b=0, c=27, d=62}
10: inc a      {a=479005299, b=0, c=27, d=62}
11: dec d      {a=479005299, b=0, c=27, d=61}
9: jnz d -2   {a=479005299, b=0, c=27, d=61}
10: inc a      {a=479005300, b=0, c=27, d=61}
11: dec d      {a=479005300, b=0, c=27, d=60}
9: jnz d -2   {a=479005300, b=0, c=27, d=60}
10: inc a      {a=479005301, b=0, c=27, d=60}
11: dec d      {a=479005301, b=0, c=27, d=59}
9: jnz d -2   {a=479005301, b=0, c=27, d=59}
10: inc a      {a=479005302, b=0, c=27, d=59}
11: dec d      {a=479005302, b=0, c=27, d=58}
9: jnz d -2   {a=479005302, b=0, c=27, d=58}
10: inc a      {a=479005303, b=0, c=27, d=58}
11: dec d      {a=479005303, b=0, c=27, d=57}
9: jnz d -2   {a=479005303, b=0, c=27, d=57}
10: inc a      {a=479005304, b=0, c=27, d=57}
11: dec d      {a=479005304, b=0, c=27, d=56}
9: jnz d -2   {a=479005304, b=0, c=27, d=56}
10: inc a      {a=479005305, b=0, c=27, d=56}
11: dec d      {a=479005305, b=0, c=27, d=55}
9: jnz d -2   {a=479005305, b=0, c=27, d=55}
10: inc a      {a=479005306, b=0, c=27, d=55}
11: dec d      {a=479005306, b=0, c=27, d=54}
9: jnz d -2   {a=479005306, b=0, c=27, d=54}
10: inc a      {a=479005307, b=0, c=27, d=54}
11: dec d      {a=479005307, b=0, c=27, d=53}
9: jnz d -2   {a=479005307, b=0, c=27, d=53}
10: inc a      {a=479005308, b=0, c=27, d=53}
11: dec d      {a=479005308, b=0, c=27, d=52}
9: jnz d -2   {a=479005308, b=0, c=27, d=52}
10: inc a      {a=479005309, b=0, c=27, d=52}
11: dec d      {a=479005309, b=0, c=27, d=51}
9: jnz d -2   {a=479005309, b=0, c=27, d=51}
10: inc a      {a=479005310, b=0, c=27, d=51}
11: dec d      {a=479005310, b=0, c=27, d=50}
9: jnz d -2   {a=479005310, b=0, c=27, d=50}
10: inc a      {a=479005311, b=0, c=27, d=50}
11: dec d      {a=479005311, b=0, c=27, d=49}
9: jnz d -2   {a=479005311, b=0, c=27, d=49}
10: inc a      {a=479005312, b=0, c=27, d=49}
11: dec d      {a=479005312, b=0, c=27, d=48}
9: jnz d -2   {a=479005312, b=0, c=27, d=48}
10: inc a      {a=479005313, b=0, c=27, d=48}
11: dec d      {a=479005313, b=0, c=27, d=47}
9: jnz d -2   {a=479005313, b=0, c=27, d=47}
10: inc a      {a=479005314, b=0, c=27, d=47}
11: dec d      {a=479005314, b=0, c=27, d=46}
9: jnz d -2   {a=479005314, b=0, c=27, d=46}
10: inc a      {a=479005315, b=0, c=27, d=46}
11: dec d      {a=479005315, b=0, c=27, d=45}
9: jnz d -2   {a=479005315, b=0, c=27, d=45}
10: inc a      {a=479005316, b=0, c=27, d=45}
11: dec d      {a=479005316, b=0, c=27, d=44}
9: jnz d -2   {a=479005316, b=0, c=27, d=44}
10: inc a      {a=479005317, b=0, c=27, d=44}
11: dec d      {a=479005317, b=0, c=27, d=43}
9: jnz d -2   {a=479005317, b=0, c=27, d=43}
10: inc a      {a=479005318, b=0, c=27, d=43}
11: dec d      {a=479005318, b=0, c=27, d=42}
9: jnz d -2   {a=479005318, b=0, c=27, d=42}
10: inc a      {a=479005319, b=0, c=27, d=42}
11: dec d      {a=479005319, b=0, c=27, d=41}
9: jnz d -2   {a=479005319, b=0, c=27, d=41}
10: inc a      {a=479005320, b=0, c=27, d=41}
11: dec d      {a=479005320, b=0, c=27, d=40}
9: jnz d -2   {a=479005320, b=0, c=27, d=40}
10: inc a      {a=479005321, b=0, c=27, d=40}
11: dec d      {a=479005321, b=0, c=27, d=39}
9: jnz d -2   {a=479005321, b=0, c=27, d=39}
10: inc a      {a=479005322, b=0, c=27, d=39}
11: dec d      {a=479005322, b=0, c=27, d=38}
9: jnz d -2   {a=479005322, b=0, c=27, d=38}
10: inc a      {a=479005323, b=0, c=27, d=38}
11: dec d      {a=479005323, b=0, c=27, d=37}
9: jnz d -2   {a=479005323, b=0, c=27, d=37}
10: inc a      {a=479005324, b=0, c=27, d=37}
11: dec d      {a=479005324, b=0, c=27, d=36}
9: jnz d -2   {a=479005324, b=0, c=27, d=36}
10: inc a      {a=479005325, b=0, c=27, d=36}
11: dec d      {a=479005325, b=0, c=27, d=35}
9: jnz d -2   {a=479005325, b=0, c=27, d=35}
10: inc a      {a=479005326, b=0, c=27, d=35}
11: dec d      {a=479005326, b=0, c=27, d=34}
9: jnz d -2   {a=479005326, b=0, c=27, d=34}
10: inc a      {a=479005327, b=0, c=27, d=34}
11: dec d      {a=479005327, b=0, c=27, d=33}
9: jnz d -2   {a=479005327, b=0, c=27, d=33}
10: inc a      {a=479005328, b=0, c=27, d=33}
11: dec d      {a=479005328, b=0, c=27, d=32}
9: jnz d -2   {a=479005328, b=0, c=27, d=32}
10: inc a      {a=479005329, b=0, c=27, d=32}
11: dec d      {a=479005329, b=0, c=27, d=31}
9: jnz d -2   {a=479005329, b=0, c=27, d=31}
10: inc a      {a=479005330, b=0, c=27, d=31}
11: dec d      {a=479005330, b=0, c=27, d=30}
9: jnz d -2   {a=479005330, b=0, c=27, d=30}
10: inc a      {a=479005331, b=0, c=27, d=30}
11: dec d      {a=479005331, b=0, c=27, d=29}
9: jnz d -2   {a=479005331, b=0, c=27, d=29}
10: inc a      {a=479005332, b=0, c=27, d=29}
11: dec d      {a=479005332, b=0, c=27, d=28}
9: jnz d -2   {a=479005332, b=0, c=27, d=28}
10: inc a      {a=479005333, b=0, c=27, d=28}
11: dec d      {a=479005333, b=0, c=27, d=27}
9: jnz d -2   {a=479005333, b=0, c=27, d=27}
10: inc a      {a=479005334, b=0, c=27, d=27}
11: dec d      {a=479005334, b=0, c=27, d=26}
9: jnz d -2   {a=479005334, b=0, c=27, d=26}
10: inc a      {a=479005335, b=0, c=27, d=26}
11: dec d      {a=479005335, b=0, c=27, d=25}
9: jnz d -2   {a=479005335, b=0, c=27, d=25}
10: inc a      {a=479005336, b=0, c=27, d=25}
11: dec d      {a=479005336, b=0, c=27, d=24}
9: jnz d -2   {a=479005336, b=0, c=27, d=24}
10: inc a      {a=479005337, b=0, c=27, d=24}
11: dec d      {a=479005337, b=0, c=27, d=23}
9: jnz d -2   {a=479005337, b=0, c=27, d=23}
10: inc a      {a=479005338, b=0, c=27, d=23}
11: dec d      {a=479005338, b=0, c=27, d=22}
9: jnz d -2   {a=479005338, b=0, c=27, d=22}
10: inc a      {a=479005339, b=0, c=27, d=22}
11: dec d      {a=479005339, b=0, c=27, d=21}
9: jnz d -2   {a=479005339, b=0, c=27, d=21}
10: inc a      {a=479005340, b=0, c=27, d=21}
11: dec d      {a=479005340, b=0, c=27, d=20}
9: jnz d -2   {a=479005340, b=0, c=27, d=20}
10: inc a      {a=479005341, b=0, c=27, d=20}
11: dec d      {a=479005341, b=0, c=27, d=19}
9: jnz d -2   {a=479005341, b=0, c=27, d=19}
10: inc a      {a=479005342, b=0, c=27, d=19}
11: dec d      {a=479005342, b=0, c=27, d=18}
9: jnz d -2   {a=479005342, b=0, c=27, d=18}
10: inc a      {a=479005343, b=0, c=27, d=18}
11: dec d      {a=479005343, b=0, c=27, d=17}
9: jnz d -2   {a=479005343, b=0, c=27, d=17}
10: inc a      {a=479005344, b=0, c=27, d=17}
11: dec d      {a=479005344, b=0, c=27, d=16}
9: jnz d -2   {a=479005344, b=0, c=27, d=16}
10: inc a      {a=479005345, b=0, c=27, d=16}
11: dec d      {a=479005345, b=0, c=27, d=15}
9: jnz d -2   {a=479005345, b=0, c=27, d=15}
10: inc a      {a=479005346, b=0, c=27, d=15}
11: dec d      {a=479005346, b=0, c=27, d=14}
9: jnz d -2   {a=479005346, b=0, c=27, d=14}
10: inc a      {a=479005347, b=0, c=27, d=14}
11: dec d      {a=479005347, b=0, c=27, d=13}
9: jnz d -2   {a=479005347, b=0, c=27, d=13}
10: inc a      {a=479005348, b=0, c=27, d=13}
11: dec d      {a=479005348, b=0, c=27, d=12}
9: jnz d -2   {a=479005348, b=0, c=27, d=12}
10: inc a      {a=479005349, b=0, c=27, d=12}
11: dec d      {a=479005349, b=0, c=27, d=11}
9: jnz d -2   {a=479005349, b=0, c=27, d=11}
10: inc a      {a=479005350, b=0, c=27, d=11}
11: dec d      {a=479005350, b=0, c=27, d=10}
9: jnz d -2   {a=479005350, b=0, c=27, d=10}
10: inc a      {a=479005351, b=0, c=27, d=10}
11: dec d      {a=479005351, b=0, c=27, d=9}
9: jnz d -2   {a=479005351, b=0, c=27, d=9}
10: inc a      {a=479005352, b=0, c=27, d=9}
11: dec d      {a=479005352, b=0, c=27, d=8}
9: jnz d -2   {a=479005352, b=0, c=27, d=8}
10: inc a      {a=479005353, b=0, c=27, d=8}
11: dec d      {a=479005353, b=0, c=27, d=7}
9: jnz d -2   {a=479005353, b=0, c=27, d=7}
10: inc a      {a=479005354, b=0, c=27, d=7}
11: dec d      {a=479005354, b=0, c=27, d=6}
9: jnz d -2   {a=479005354, b=0, c=27, d=6}
10: inc a      {a=479005355, b=0, c=27, d=6}
11: dec d      {a=479005355, b=0, c=27, d=5}
9: jnz d -2   {a=479005355, b=0, c=27, d=5}
10: inc a      {a=479005356, b=0, c=27, d=5}
11: dec d      {a=479005356, b=0, c=27, d=4}
9: jnz d -2   {a=479005356, b=0, c=27, d=4}
10: inc a      {a=479005357, b=0, c=27, d=4}
11: dec d      {a=479005357, b=0, c=27, d=3}
9: jnz d -2   {a=479005357, b=0, c=27, d=3}
10: inc a      {a=479005358, b=0, c=27, d=3}
11: dec d      {a=479005358, b=0, c=27, d=2}
9: jnz d -2   {a=479005358, b=0, c=27, d=2}
10: inc a      {a=479005359, b=0, c=27, d=2}
11: dec d      {a=479005359, b=0, c=27, d=1}
9: jnz d -2   {a=479005359, b=0, c=27, d=1}
10: inc a      {a=479005360, b=0, c=27, d=1}
11: dec d      {a=479005360, b=0, c=27, d=0}
12: jnz d -2   {a=479005360, b=0, c=27, d=0}
13: dec c      {a=479005360, b=0, c=26, d=0}
8: jnz c -5   {a=479005360, b=0, c=26, d=0}
9: cpy 80 d   {a=479005360, b=0, c=26, d=80}
10: inc a      {a=479005361, b=0, c=26, d=80}
11: dec d      {a=479005361, b=0, c=26, d=79}
9: jnz d -2   {a=479005361, b=0, c=26, d=79}
10: inc a      {a=479005362, b=0, c=26, d=79}
11: dec d      {a=479005362, b=0, c=26, d=78}
9: jnz d -2   {a=479005362, b=0, c=26, d=78}
10: inc a      {a=479005363, b=0, c=26, d=78}
11: dec d      {a=479005363, b=0, c=26, d=77}
9: jnz d -2   {a=479005363, b=0, c=26, d=77}
10: inc a      {a=479005364, b=0, c=26, d=77}
11: dec d      {a=479005364, b=0, c=26, d=76}
9: jnz d -2   {a=479005364, b=0, c=26, d=76}
10: inc a      {a=479005365, b=0, c=26, d=76}
11: dec d      {a=479005365, b=0, c=26, d=75}
9: jnz d -2   {a=479005365, b=0, c=26, d=75}
10: inc a      {a=479005366, b=0, c=26, d=75}
11: dec d      {a=479005366, b=0, c=26, d=74}
9: jnz d -2   {a=479005366, b=0, c=26, d=74}
10: inc a      {a=479005367, b=0, c=26, d=74}
11: dec d      {a=479005367, b=0, c=26, d=73}
9: jnz d -2   {a=479005367, b=0, c=26, d=73}
10: inc a      {a=479005368, b=0, c=26, d=73}
11: dec d      {a=479005368, b=0, c=26, d=72}
9: jnz d -2   {a=479005368, b=0, c=26, d=72}
10: inc a      {a=479005369, b=0, c=26, d=72}
11: dec d      {a=479005369, b=0, c=26, d=71}
9: jnz d -2   {a=479005369, b=0, c=26, d=71}
10: inc a      {a=479005370, b=0, c=26, d=71}
11: dec d      {a=479005370, b=0, c=26, d=70}
9: jnz d -2   {a=479005370, b=0, c=26, d=70}
10: inc a      {a=479005371, b=0, c=26, d=70}
11: dec d      {a=479005371, b=0, c=26, d=69}
9: jnz d -2   {a=479005371, b=0, c=26, d=69}
10: inc a      {a=479005372, b=0, c=26, d=69}
11: dec d      {a=479005372, b=0, c=26, d=68}
9: jnz d -2   {a=479005372, b=0, c=26, d=68}
10: inc a      {a=479005373, b=0, c=26, d=68}
11: dec d      {a=479005373, b=0, c=26, d=67}
9: jnz d -2   {a=479005373, b=0, c=26, d=67}
10: inc a      {a=479005374, b=0, c=26, d=67}
11: dec d      {a=479005374, b=0, c=26, d=66}
9: jnz d -2   {a=479005374, b=0, c=26, d=66}
10: inc a      {a=479005375, b=0, c=26, d=66}
11: dec d      {a=479005375, b=0, c=26, d=65}
9: jnz d -2   {a=479005375, b=0, c=26, d=65}
10: inc a      {a=479005376, b=0, c=26, d=65}
11: dec d      {a=479005376, b=0, c=26, d=64}
9: jnz d -2   {a=479005376, b=0, c=26, d=64}
10: inc a      {a=479005377, b=0, c=26, d=64}
11: dec d      {a=479005377, b=0, c=26, d=63}
9: jnz d -2   {a=479005377, b=0, c=26, d=63}
10: inc a      {a=479005378, b=0, c=26, d=63}
11: dec d      {a=479005378, b=0, c=26, d=62}
9: jnz d -2   {a=479005378, b=0, c=26, d=62}
10: inc a      {a=479005379, b=0, c=26, d=62}
11: dec d      {a=479005379, b=0, c=26, d=61}
9: jnz d -2   {a=479005379, b=0, c=26, d=61}
10: inc a      {a=479005380, b=0, c=26, d=61}
11: dec d      {a=479005380, b=0, c=26, d=60}
9: jnz d -2   {a=479005380, b=0, c=26, d=60}
10: inc a      {a=479005381, b=0, c=26, d=60}
11: dec d      {a=479005381, b=0, c=26, d=59}
9: jnz d -2   {a=479005381, b=0, c=26, d=59}
10: inc a      {a=479005382, b=0, c=26, d=59}
11: dec d      {a=479005382, b=0, c=26, d=58}
9: jnz d -2   {a=479005382, b=0, c=26, d=58}
10: inc a      {a=479005383, b=0, c=26, d=58}
11: dec d      {a=479005383, b=0, c=26, d=57}
9: jnz d -2   {a=479005383, b=0, c=26, d=57}
10: inc a      {a=479005384, b=0, c=26, d=57}
11: dec d      {a=479005384, b=0, c=26, d=56}
9: jnz d -2   {a=479005384, b=0, c=26, d=56}
10: inc a      {a=479005385, b=0, c=26, d=56}
11: dec d      {a=479005385, b=0, c=26, d=55}
9: jnz d -2   {a=479005385, b=0, c=26, d=55}
10: inc a      {a=479005386, b=0, c=26, d=55}
11: dec d      {a=479005386, b=0, c=26, d=54}
9: jnz d -2   {a=479005386, b=0, c=26, d=54}
10: inc a      {a=479005387, b=0, c=26, d=54}
11: dec d      {a=479005387, b=0, c=26, d=53}
9: jnz d -2   {a=479005387, b=0, c=26, d=53}
10: inc a      {a=479005388, b=0, c=26, d=53}
11: dec d      {a=479005388, b=0, c=26, d=52}
9: jnz d -2   {a=479005388, b=0, c=26, d=52}
10: inc a      {a=479005389, b=0, c=26, d=52}
11: dec d      {a=479005389, b=0, c=26, d=51}
9: jnz d -2   {a=479005389, b=0, c=26, d=51}
10: inc a      {a=479005390, b=0, c=26, d=51}
11: dec d      {a=479005390, b=0, c=26, d=50}
9: jnz d -2   {a=479005390, b=0, c=26, d=50}
10: inc a      {a=479005391, b=0, c=26, d=50}
11: dec d      {a=479005391, b=0, c=26, d=49}
9: jnz d -2   {a=479005391, b=0, c=26, d=49}
10: inc a      {a=479005392, b=0, c=26, d=49}
11: dec d      {a=479005392, b=0, c=26, d=48}
9: jnz d -2   {a=479005392, b=0, c=26, d=48}
10: inc a      {a=479005393, b=0, c=26, d=48}
11: dec d      {a=479005393, b=0, c=26, d=47}
9: jnz d -2   {a=479005393, b=0, c=26, d=47}
10: inc a      {a=479005394, b=0, c=26, d=47}
11: dec d      {a=479005394, b=0, c=26, d=46}
9: jnz d -2   {a=479005394, b=0, c=26, d=46}
10: inc a      {a=479005395, b=0, c=26, d=46}
11: dec d      {a=479005395, b=0, c=26, d=45}
9: jnz d -2   {a=479005395, b=0, c=26, d=45}
10: inc a      {a=479005396, b=0, c=26, d=45}
11: dec d      {a=479005396, b=0, c=26, d=44}
9: jnz d -2   {a=479005396, b=0, c=26, d=44}
10: inc a      {a=479005397, b=0, c=26, d=44}
11: dec d      {a=479005397, b=0, c=26, d=43}
9: jnz d -2   {a=479005397, b=0, c=26, d=43}
10: inc a      {a=479005398, b=0, c=26, d=43}
11: dec d      {a=479005398, b=0, c=26, d=42}
9: jnz d -2   {a=479005398, b=0, c=26, d=42}
10: inc a      {a=479005399, b=0, c=26, d=42}
11: dec d      {a=479005399, b=0, c=26, d=41}
9: jnz d -2   {a=479005399, b=0, c=26, d=41}
10: inc a      {a=479005400, b=0, c=26, d=41}
11: dec d      {a=479005400, b=0, c=26, d=40}
9: jnz d -2   {a=479005400, b=0, c=26, d=40}
10: inc a      {a=479005401, b=0, c=26, d=40}
11: dec d      {a=479005401, b=0, c=26, d=39}
9: jnz d -2   {a=479005401, b=0, c=26, d=39}
10: inc a      {a=479005402, b=0, c=26, d=39}
11: dec d      {a=479005402, b=0, c=26, d=38}
9: jnz d -2   {a=479005402, b=0, c=26, d=38}
10: inc a      {a=479005403, b=0, c=26, d=38}
11: dec d      {a=479005403, b=0, c=26, d=37}
9: jnz d -2   {a=479005403, b=0, c=26, d=37}
10: inc a      {a=479005404, b=0, c=26, d=37}
11: dec d      {a=479005404, b=0, c=26, d=36}
9: jnz d -2   {a=479005404, b=0, c=26, d=36}
10: inc a      {a=479005405, b=0, c=26, d=36}
11: dec d      {a=479005405, b=0, c=26, d=35}
9: jnz d -2   {a=479005405, b=0, c=26, d=35}
10: inc a      {a=479005406, b=0, c=26, d=35}
11: dec d      {a=479005406, b=0, c=26, d=34}
9: jnz d -2   {a=479005406, b=0, c=26, d=34}
10: inc a      {a=479005407, b=0, c=26, d=34}
11: dec d      {a=479005407, b=0, c=26, d=33}
9: jnz d -2   {a=479005407, b=0, c=26, d=33}
10: inc a      {a=479005408, b=0, c=26, d=33}
11: dec d      {a=479005408, b=0, c=26, d=32}
9: jnz d -2   {a=479005408, b=0, c=26, d=32}
10: inc a      {a=479005409, b=0, c=26, d=32}
11: dec d      {a=479005409, b=0, c=26, d=31}
9: jnz d -2   {a=479005409, b=0, c=26, d=31}
10: inc a      {a=479005410, b=0, c=26, d=31}
11: dec d      {a=479005410, b=0, c=26, d=30}
9: jnz d -2   {a=479005410, b=0, c=26, d=30}
10: inc a      {a=479005411, b=0, c=26, d=30}
11: dec d      {a=479005411, b=0, c=26, d=29}
9: jnz d -2   {a=479005411, b=0, c=26, d=29}
10: inc a      {a=479005412, b=0, c=26, d=29}
11: dec d      {a=479005412, b=0, c=26, d=28}
9: jnz d -2   {a=479005412, b=0, c=26, d=28}
10: inc a      {a=479005413, b=0, c=26, d=28}
11: dec d      {a=479005413, b=0, c=26, d=27}
9: jnz d -2   {a=479005413, b=0, c=26, d=27}
10: inc a      {a=479005414, b=0, c=26, d=27}
11: dec d      {a=479005414, b=0, c=26, d=26}
9: jnz d -2   {a=479005414, b=0, c=26, d=26}
10: inc a      {a=479005415, b=0, c=26, d=26}
11: dec d      {a=479005415, b=0, c=26, d=25}
9: jnz d -2   {a=479005415, b=0, c=26, d=25}
10: inc a      {a=479005416, b=0, c=26, d=25}
11: dec d      {a=479005416, b=0, c=26, d=24}
9: jnz d -2   {a=479005416, b=0, c=26, d=24}
10: inc a      {a=479005417, b=0, c=26, d=24}
11: dec d      {a=479005417, b=0, c=26, d=23}
9: jnz d -2   {a=479005417, b=0, c=26, d=23}
10: inc a      {a=479005418, b=0, c=26, d=23}
11: dec d      {a=479005418, b=0, c=26, d=22}
9: jnz d -2   {a=479005418, b=0, c=26, d=22}
10: inc a      {a=479005419, b=0, c=26, d=22}
11: dec d      {a=479005419, b=0, c=26, d=21}
9: jnz d -2   {a=479005419, b=0, c=26, d=21}
10: inc a      {a=479005420, b=0, c=26, d=21}
11: dec d      {a=479005420, b=0, c=26, d=20}
9: jnz d -2   {a=479005420, b=0, c=26, d=20}
10: inc a      {a=479005421, b=0, c=26, d=20}
11: dec d      {a=479005421, b=0, c=26, d=19}
9: jnz d -2   {a=479005421, b=0, c=26, d=19}
10: inc a      {a=479005422, b=0, c=26, d=19}
11: dec d      {a=479005422, b=0, c=26, d=18}
9: jnz d -2   {a=479005422, b=0, c=26, d=18}
10: inc a      {a=479005423, b=0, c=26, d=18}
11: dec d      {a=479005423, b=0, c=26, d=17}
9: jnz d -2   {a=479005423, b=0, c=26, d=17}
10: inc a      {a=479005424, b=0, c=26, d=17}
11: dec d      {a=479005424, b=0, c=26, d=16}
9: jnz d -2   {a=479005424, b=0, c=26, d=16}
10: inc a      {a=479005425, b=0, c=26, d=16}
11: dec d      {a=479005425, b=0, c=26, d=15}
9: jnz d -2   {a=479005425, b=0, c=26, d=15}
10: inc a      {a=479005426, b=0, c=26, d=15}
11: dec d      {a=479005426, b=0, c=26, d=14}
9: jnz d -2   {a=479005426, b=0, c=26, d=14}
10: inc a      {a=479005427, b=0, c=26, d=14}
11: dec d      {a=479005427, b=0, c=26, d=13}
9: jnz d -2   {a=479005427, b=0, c=26, d=13}
10: inc a      {a=479005428, b=0, c=26, d=13}
11: dec d      {a=479005428, b=0, c=26, d=12}
9: jnz d -2   {a=479005428, b=0, c=26, d=12}
10: inc a      {a=479005429, b=0, c=26, d=12}
11: dec d      {a=479005429, b=0, c=26, d=11}
9: jnz d -2   {a=479005429, b=0, c=26, d=11}
10: inc a      {a=479005430, b=0, c=26, d=11}
11: dec d      {a=479005430, b=0, c=26, d=10}
9: jnz d -2   {a=479005430, b=0, c=26, d=10}
10: inc a      {a=479005431, b=0, c=26, d=10}
11: dec d      {a=479005431, b=0, c=26, d=9}
9: jnz d -2   {a=479005431, b=0, c=26, d=9}
10: inc a      {a=479005432, b=0, c=26, d=9}
11: dec d      {a=479005432, b=0, c=26, d=8}
9: jnz d -2   {a=479005432, b=0, c=26, d=8}
10: inc a      {a=479005433, b=0, c=26, d=8}
11: dec d      {a=479005433, b=0, c=26, d=7}
9: jnz d -2   {a=479005433, b=0, c=26, d=7}
10: inc a      {a=479005434, b=0, c=26, d=7}
11: dec d      {a=479005434, b=0, c=26, d=6}
9: jnz d -2   {a=479005434, b=0, c=26, d=6}
10: inc a      {a=479005435, b=0, c=26, d=6}
11: dec d      {a=479005435, b=0, c=26, d=5}
9: jnz d -2   {a=479005435, b=0, c=26, d=5}
10: inc a      {a=479005436, b=0, c=26, d=5}
11: dec d      {a=479005436, b=0, c=26, d=4}
9: jnz d -2   {a=479005436, b=0, c=26, d=4}
10: inc a      {a=479005437, b=0, c=26, d=4}
11: dec d      {a=479005437, b=0, c=26, d=3}
9: jnz d -2   {a=479005437, b=0, c=26, d=3}
10: inc a      {a=479005438, b=0, c=26, d=3}
11: dec d      {a=479005438, b=0, c=26, d=2}
9: jnz d -2   {a=479005438, b=0, c=26, d=2}
10: inc a      {a=479005439, b=0, c=26, d=2}
11: dec d      {a=479005439, b=0, c=26, d=1}
9: jnz d -2   {a=479005439, b=0, c=26, d=1}
10: inc a      {a=479005440, b=0, c=26, d=1}
11: dec d      {a=479005440, b=0, c=26, d=0}
12: jnz d -2   {a=479005440, b=0, c=26, d=0}
13: dec c      {a=479005440, b=0, c=25, d=0}
8: jnz c -5   {a=479005440, b=0, c=25, d=0}
9: cpy 80 d   {a=479005440, b=0, c=25, d=80}
10: inc a      {a=479005441, b=0, c=25, d=80}
11: dec d      {a=479005441, b=0, c=25, d=79}
9: jnz d -2   {a=479005441, b=0, c=25, d=79}
10: inc a      {a=479005442, b=0, c=25, d=79}
11: dec d      {a=479005442, b=0, c=25, d=78}
9: jnz d -2   {a=479005442, b=0, c=25, d=78}
10: inc a      {a=479005443, b=0, c=25, d=78}
11: dec d      {a=479005443, b=0, c=25, d=77}
9: jnz d -2   {a=479005443, b=0, c=25, d=77}
10: inc a      {a=479005444, b=0, c=25, d=77}
11: dec d      {a=479005444, b=0, c=25, d=76}
9: jnz d -2   {a=479005444, b=0, c=25, d=76}
10: inc a      {a=479005445, b=0, c=25, d=76}
11: dec d      {a=479005445, b=0, c=25, d=75}
9: jnz d -2   {a=479005445, b=0, c=25, d=75}
10: inc a      {a=479005446, b=0, c=25, d=75}
11: dec d      {a=479005446, b=0, c=25, d=74}
9: jnz d -2   {a=479005446, b=0, c=25, d=74}
10: inc a      {a=479005447, b=0, c=25, d=74}
11: dec d      {a=479005447, b=0, c=25, d=73}
9: jnz d -2   {a=479005447, b=0, c=25, d=73}
10: inc a      {a=479005448, b=0, c=25, d=73}
11: dec d      {a=479005448, b=0, c=25, d=72}
9: jnz d -2   {a=479005448, b=0, c=25, d=72}
10: inc a      {a=479005449, b=0, c=25, d=72}
11: dec d      {a=479005449, b=0, c=25, d=71}
9: jnz d -2   {a=479005449, b=0, c=25, d=71}
10: inc a      {a=479005450, b=0, c=25, d=71}
11: dec d      {a=479005450, b=0, c=25, d=70}
9: jnz d -2   {a=479005450, b=0, c=25, d=70}
10: inc a      {a=479005451, b=0, c=25, d=70}
11: dec d      {a=479005451, b=0, c=25, d=69}
9: jnz d -2   {a=479005451, b=0, c=25, d=69}
10: inc a      {a=479005452, b=0, c=25, d=69}
11: dec d      {a=479005452, b=0, c=25, d=68}
9: jnz d -2   {a=479005452, b=0, c=25, d=68}
10: inc a      {a=479005453, b=0, c=25, d=68}
11: dec d      {a=479005453, b=0, c=25, d=67}
9: jnz d -2   {a=479005453, b=0, c=25, d=67}
10: inc a      {a=479005454, b=0, c=25, d=67}
11: dec d      {a=479005454, b=0, c=25, d=66}
9: jnz d -2   {a=479005454, b=0, c=25, d=66}
10: inc a      {a=479005455, b=0, c=25, d=66}
11: dec d      {a=479005455, b=0, c=25, d=65}
9: jnz d -2   {a=479005455, b=0, c=25, d=65}
10: inc a      {a=479005456, b=0, c=25, d=65}
11: dec d      {a=479005456, b=0, c=25, d=64}
9: jnz d -2   {a=479005456, b=0, c=25, d=64}
10: inc a      {a=479005457, b=0, c=25, d=64}
11: dec d      {a=479005457, b=0, c=25, d=63}
9: jnz d -2   {a=479005457, b=0, c=25, d=63}
10: inc a      {a=479005458, b=0, c=25, d=63}
11: dec d      {a=479005458, b=0, c=25, d=62}
9: jnz d -2   {a=479005458, b=0, c=25, d=62}
10: inc a      {a=479005459, b=0, c=25, d=62}
11: dec d      {a=479005459, b=0, c=25, d=61}
9: jnz d -2   {a=479005459, b=0, c=25, d=61}
10: inc a      {a=479005460, b=0, c=25, d=61}
11: dec d      {a=479005460, b=0, c=25, d=60}
9: jnz d -2   {a=479005460, b=0, c=25, d=60}
10: inc a      {a=479005461, b=0, c=25, d=60}
11: dec d      {a=479005461, b=0, c=25, d=59}
9: jnz d -2   {a=479005461, b=0, c=25, d=59}
10: inc a      {a=479005462, b=0, c=25, d=59}
11: dec d      {a=479005462, b=0, c=25, d=58}
9: jnz d -2   {a=479005462, b=0, c=25, d=58}
10: inc a      {a=479005463, b=0, c=25, d=58}
11: dec d      {a=479005463, b=0, c=25, d=57}
9: jnz d -2   {a=479005463, b=0, c=25, d=57}
10: inc a      {a=479005464, b=0, c=25, d=57}
11: dec d      {a=479005464, b=0, c=25, d=56}
9: jnz d -2   {a=479005464, b=0, c=25, d=56}
10: inc a      {a=479005465, b=0, c=25, d=56}
11: dec d      {a=479005465, b=0, c=25, d=55}
9: jnz d -2   {a=479005465, b=0, c=25, d=55}
10: inc a      {a=479005466, b=0, c=25, d=55}
11: dec d      {a=479005466, b=0, c=25, d=54}
9: jnz d -2   {a=479005466, b=0, c=25, d=54}
10: inc a      {a=479005467, b=0, c=25, d=54}
11: dec d      {a=479005467, b=0, c=25, d=53}
9: jnz d -2   {a=479005467, b=0, c=25, d=53}
10: inc a      {a=479005468, b=0, c=25, d=53}
11: dec d      {a=479005468, b=0, c=25, d=52}
9: jnz d -2   {a=479005468, b=0, c=25, d=52}
10: inc a      {a=479005469, b=0, c=25, d=52}
11: dec d      {a=479005469, b=0, c=25, d=51}
9: jnz d -2   {a=479005469, b=0, c=25, d=51}
10: inc a      {a=479005470, b=0, c=25, d=51}
11: dec d      {a=479005470, b=0, c=25, d=50}
9: jnz d -2   {a=479005470, b=0, c=25, d=50}
10: inc a      {a=479005471, b=0, c=25, d=50}
11: dec d      {a=479005471, b=0, c=25, d=49}
9: jnz d -2   {a=479005471, b=0, c=25, d=49}
10: inc a      {a=479005472, b=0, c=25, d=49}
11: dec d      {a=479005472, b=0, c=25, d=48}
9: jnz d -2   {a=479005472, b=0, c=25, d=48}
10: inc a      {a=479005473, b=0, c=25, d=48}
11: dec d      {a=479005473, b=0, c=25, d=47}
9: jnz d -2   {a=479005473, b=0, c=25, d=47}
10: inc a      {a=479005474, b=0, c=25, d=47}
11: dec d      {a=479005474, b=0, c=25, d=46}
9: jnz d -2   {a=479005474, b=0, c=25, d=46}
10: inc a      {a=479005475, b=0, c=25, d=46}
11: dec d      {a=479005475, b=0, c=25, d=45}
9: jnz d -2   {a=479005475, b=0, c=25, d=45}
10: inc a      {a=479005476, b=0, c=25, d=45}
11: dec d      {a=479005476, b=0, c=25, d=44}
9: jnz d -2   {a=479005476, b=0, c=25, d=44}
10: inc a      {a=479005477, b=0, c=25, d=44}
11: dec d      {a=479005477, b=0, c=25, d=43}
9: jnz d -2   {a=479005477, b=0, c=25, d=43}
10: inc a      {a=479005478, b=0, c=25, d=43}
11: dec d      {a=479005478, b=0, c=25, d=42}
9: jnz d -2   {a=479005478, b=0, c=25, d=42}
10: inc a      {a=479005479, b=0, c=25, d=42}
11: dec d      {a=479005479, b=0, c=25, d=41}
9: jnz d -2   {a=479005479, b=0, c=25, d=41}
10: inc a      {a=479005480, b=0, c=25, d=41}
11: dec d      {a=479005480, b=0, c=25, d=40}
9: jnz d -2   {a=479005480, b=0, c=25, d=40}
10: inc a      {a=479005481, b=0, c=25, d=40}
11: dec d      {a=479005481, b=0, c=25, d=39}
9: jnz d -2   {a=479005481, b=0, c=25, d=39}
10: inc a      {a=479005482, b=0, c=25, d=39}
11: dec d      {a=479005482, b=0, c=25, d=38}
9: jnz d -2   {a=479005482, b=0, c=25, d=38}
10: inc a      {a=479005483, b=0, c=25, d=38}
11: dec d      {a=479005483, b=0, c=25, d=37}
9: jnz d -2   {a=479005483, b=0, c=25, d=37}
10: inc a      {a=479005484, b=0, c=25, d=37}
11: dec d      {a=479005484, b=0, c=25, d=36}
9: jnz d -2   {a=479005484, b=0, c=25, d=36}
10: inc a      {a=479005485, b=0, c=25, d=36}
11: dec d      {a=479005485, b=0, c=25, d=35}
9: jnz d -2   {a=479005485, b=0, c=25, d=35}
10: inc a      {a=479005486, b=0, c=25, d=35}
11: dec d      {a=479005486, b=0, c=25, d=34}
9: jnz d -2   {a=479005486, b=0, c=25, d=34}
10: inc a      {a=479005487, b=0, c=25, d=34}
11: dec d      {a=479005487, b=0, c=25, d=33}
9: jnz d -2   {a=479005487, b=0, c=25, d=33}
10: inc a      {a=479005488, b=0, c=25, d=33}
11: dec d      {a=479005488, b=0, c=25, d=32}
9: jnz d -2   {a=479005488, b=0, c=25, d=32}
10: inc a      {a=479005489, b=0, c=25, d=32}
11: dec d      {a=479005489, b=0, c=25, d=31}
9: jnz d -2   {a=479005489, b=0, c=25, d=31}
10: inc a      {a=479005490, b=0, c=25, d=31}
11: dec d      {a=479005490, b=0, c=25, d=30}
9: jnz d -2   {a=479005490, b=0, c=25, d=30}
10: inc a      {a=479005491, b=0, c=25, d=30}
11: dec d      {a=479005491, b=0, c=25, d=29}
9: jnz d -2   {a=479005491, b=0, c=25, d=29}
10: inc a      {a=479005492, b=0, c=25, d=29}
11: dec d      {a=479005492, b=0, c=25, d=28}
9: jnz d -2   {a=479005492, b=0, c=25, d=28}
10: inc a      {a=479005493, b=0, c=25, d=28}
11: dec d      {a=479005493, b=0, c=25, d=27}
9: jnz d -2   {a=479005493, b=0, c=25, d=27}
10: inc a      {a=479005494, b=0, c=25, d=27}
11: dec d      {a=479005494, b=0, c=25, d=26}
9: jnz d -2   {a=479005494, b=0, c=25, d=26}
10: inc a      {a=479005495, b=0, c=25, d=26}
11: dec d      {a=479005495, b=0, c=25, d=25}
9: jnz d -2   {a=479005495, b=0, c=25, d=25}
10: inc a      {a=479005496, b=0, c=25, d=25}
11: dec d      {a=479005496, b=0, c=25, d=24}
9: jnz d -2   {a=479005496, b=0, c=25, d=24}
10: inc a      {a=479005497, b=0, c=25, d=24}
11: dec d      {a=479005497, b=0, c=25, d=23}
9: jnz d -2   {a=479005497, b=0, c=25, d=23}
10: inc a      {a=479005498, b=0, c=25, d=23}
11: dec d      {a=479005498, b=0, c=25, d=22}
9: jnz d -2   {a=479005498, b=0, c=25, d=22}
10: inc a      {a=479005499, b=0, c=25, d=22}
11: dec d      {a=479005499, b=0, c=25, d=21}
9: jnz d -2   {a=479005499, b=0, c=25, d=21}
10: inc a      {a=479005500, b=0, c=25, d=21}
11: dec d      {a=479005500, b=0, c=25, d=20}
9: jnz d -2   {a=479005500, b=0, c=25, d=20}
10: inc a      {a=479005501, b=0, c=25, d=20}
11: dec d      {a=479005501, b=0, c=25, d=19}
9: jnz d -2   {a=479005501, b=0, c=25, d=19}
10: inc a      {a=479005502, b=0, c=25, d=19}
11: dec d      {a=479005502, b=0, c=25, d=18}
9: jnz d -2   {a=479005502, b=0, c=25, d=18}
10: inc a      {a=479005503, b=0, c=25, d=18}
11: dec d      {a=479005503, b=0, c=25, d=17}
9: jnz d -2   {a=479005503, b=0, c=25, d=17}
10: inc a      {a=479005504, b=0, c=25, d=17}
11: dec d      {a=479005504, b=0, c=25, d=16}
9: jnz d -2   {a=479005504, b=0, c=25, d=16}
10: inc a      {a=479005505, b=0, c=25, d=16}
11: dec d      {a=479005505, b=0, c=25, d=15}
9: jnz d -2   {a=479005505, b=0, c=25, d=15}
10: inc a      {a=479005506, b=0, c=25, d=15}
11: dec d      {a=479005506, b=0, c=25, d=14}
9: jnz d -2   {a=479005506, b=0, c=25, d=14}
10: inc a      {a=479005507, b=0, c=25, d=14}
11: dec d      {a=479005507, b=0, c=25, d=13}
9: jnz d -2   {a=479005507, b=0, c=25, d=13}
10: inc a      {a=479005508, b=0, c=25, d=13}
11: dec d      {a=479005508, b=0, c=25, d=12}
9: jnz d -2   {a=479005508, b=0, c=25, d=12}
10: inc a      {a=479005509, b=0, c=25, d=12}
11: dec d      {a=479005509, b=0, c=25, d=11}
9: jnz d -2   {a=479005509, b=0, c=25, d=11}
10: inc a      {a=479005510, b=0, c=25, d=11}
11: dec d      {a=479005510, b=0, c=25, d=10}
9: jnz d -2   {a=479005510, b=0, c=25, d=10}
10: inc a      {a=479005511, b=0, c=25, d=10}
11: dec d      {a=479005511, b=0, c=25, d=9}
9: jnz d -2   {a=479005511, b=0, c=25, d=9}
10: inc a      {a=479005512, b=0, c=25, d=9}
11: dec d      {a=479005512, b=0, c=25, d=8}
9: jnz d -2   {a=479005512, b=0, c=25, d=8}
10: inc a      {a=479005513, b=0, c=25, d=8}
11: dec d      {a=479005513, b=0, c=25, d=7}
9: jnz d -2   {a=479005513, b=0, c=25, d=7}
10: inc a      {a=479005514, b=0, c=25, d=7}
11: dec d      {a=479005514, b=0, c=25, d=6}
9: jnz d -2   {a=479005514, b=0, c=25, d=6}
10: inc a      {a=479005515, b=0, c=25, d=6}
11: dec d      {a=479005515, b=0, c=25, d=5}
9: jnz d -2   {a=479005515, b=0, c=25, d=5}
10: inc a      {a=479005516, b=0, c=25, d=5}
11: dec d      {a=479005516, b=0, c=25, d=4}
9: jnz d -2   {a=479005516, b=0, c=25, d=4}
10: inc a      {a=479005517, b=0, c=25, d=4}
11: dec d      {a=479005517, b=0, c=25, d=3}
9: jnz d -2   {a=479005517, b=0, c=25, d=3}
10: inc a      {a=479005518, b=0, c=25, d=3}
11: dec d      {a=479005518, b=0, c=25, d=2}
9: jnz d -2   {a=479005518, b=0, c=25, d=2}
10: inc a      {a=479005519, b=0, c=25, d=2}
11: dec d      {a=479005519, b=0, c=25, d=1}
9: jnz d -2   {a=479005519, b=0, c=25, d=1}
10: inc a      {a=479005520, b=0, c=25, d=1}
11: dec d      {a=479005520, b=0, c=25, d=0}
12: jnz d -2   {a=479005520, b=0, c=25, d=0}
13: dec c      {a=479005520, b=0, c=24, d=0}
8: jnz c -5   {a=479005520, b=0, c=24, d=0}
9: cpy 80 d   {a=479005520, b=0, c=24, d=80}
10: inc a      {a=479005521, b=0, c=24, d=80}
11: dec d      {a=479005521, b=0, c=24, d=79}
9: jnz d -2   {a=479005521, b=0, c=24, d=79}
10: inc a      {a=479005522, b=0, c=24, d=79}
11: dec d      {a=479005522, b=0, c=24, d=78}
9: jnz d -2   {a=479005522, b=0, c=24, d=78}
10: inc a      {a=479005523, b=0, c=24, d=78}
11: dec d      {a=479005523, b=0, c=24, d=77}
9: jnz d -2   {a=479005523, b=0, c=24, d=77}
10: inc a      {a=479005524, b=0, c=24, d=77}
11: dec d      {a=479005524, b=0, c=24, d=76}
9: jnz d -2   {a=479005524, b=0, c=24, d=76}
10: inc a      {a=479005525, b=0, c=24, d=76}
11: dec d      {a=479005525, b=0, c=24, d=75}
9: jnz d -2   {a=479005525, b=0, c=24, d=75}
10: inc a      {a=479005526, b=0, c=24, d=75}
11: dec d      {a=479005526, b=0, c=24, d=74}
9: jnz d -2   {a=479005526, b=0, c=24, d=74}
10: inc a      {a=479005527, b=0, c=24, d=74}
11: dec d      {a=479005527, b=0, c=24, d=73}
9: jnz d -2   {a=479005527, b=0, c=24, d=73}
10: inc a      {a=479005528, b=0, c=24, d=73}
11: dec d      {a=479005528, b=0, c=24, d=72}
9: jnz d -2   {a=479005528, b=0, c=24, d=72}
10: inc a      {a=479005529, b=0, c=24, d=72}
11: dec d      {a=479005529, b=0, c=24, d=71}
9: jnz d -2   {a=479005529, b=0, c=24, d=71}
10: inc a      {a=479005530, b=0, c=24, d=71}
11: dec d      {a=479005530, b=0, c=24, d=70}
9: jnz d -2   {a=479005530, b=0, c=24, d=70}
10: inc a      {a=479005531, b=0, c=24, d=70}
11: dec d      {a=479005531, b=0, c=24, d=69}
9: jnz d -2   {a=479005531, b=0, c=24, d=69}
10: inc a      {a=479005532, b=0, c=24, d=69}
11: dec d      {a=479005532, b=0, c=24, d=68}
9: jnz d -2   {a=479005532, b=0, c=24, d=68}
10: inc a      {a=479005533, b=0, c=24, d=68}
11: dec d      {a=479005533, b=0, c=24, d=67}
9: jnz d -2   {a=479005533, b=0, c=24, d=67}
10: inc a      {a=479005534, b=0, c=24, d=67}
11: dec d      {a=479005534, b=0, c=24, d=66}
9: jnz d -2   {a=479005534, b=0, c=24, d=66}
10: inc a      {a=479005535, b=0, c=24, d=66}
11: dec d      {a=479005535, b=0, c=24, d=65}
9: jnz d -2   {a=479005535, b=0, c=24, d=65}
10: inc a      {a=479005536, b=0, c=24, d=65}
11: dec d      {a=479005536, b=0, c=24, d=64}
9: jnz d -2   {a=479005536, b=0, c=24, d=64}
10: inc a      {a=479005537, b=0, c=24, d=64}
11: dec d      {a=479005537, b=0, c=24, d=63}
9: jnz d -2   {a=479005537, b=0, c=24, d=63}
10: inc a      {a=479005538, b=0, c=24, d=63}
11: dec d      {a=479005538, b=0, c=24, d=62}
9: jnz d -2   {a=479005538, b=0, c=24, d=62}
10: inc a      {a=479005539, b=0, c=24, d=62}
11: dec d      {a=479005539, b=0, c=24, d=61}
9: jnz d -2   {a=479005539, b=0, c=24, d=61}
10: inc a      {a=479005540, b=0, c=24, d=61}
11: dec d      {a=479005540, b=0, c=24, d=60}
9: jnz d -2   {a=479005540, b=0, c=24, d=60}
10: inc a      {a=479005541, b=0, c=24, d=60}
11: dec d      {a=479005541, b=0, c=24, d=59}
9: jnz d -2   {a=479005541, b=0, c=24, d=59}
10: inc a      {a=479005542, b=0, c=24, d=59}
11: dec d      {a=479005542, b=0, c=24, d=58}
9: jnz d -2   {a=479005542, b=0, c=24, d=58}
10: inc a      {a=479005543, b=0, c=24, d=58}
11: dec d      {a=479005543, b=0, c=24, d=57}
9: jnz d -2   {a=479005543, b=0, c=24, d=57}
10: inc a      {a=479005544, b=0, c=24, d=57}
11: dec d      {a=479005544, b=0, c=24, d=56}
9: jnz d -2   {a=479005544, b=0, c=24, d=56}
10: inc a      {a=479005545, b=0, c=24, d=56}
11: dec d      {a=479005545, b=0, c=24, d=55}
9: jnz d -2   {a=479005545, b=0, c=24, d=55}
10: inc a      {a=479005546, b=0, c=24, d=55}
11: dec d      {a=479005546, b=0, c=24, d=54}
9: jnz d -2   {a=479005546, b=0, c=24, d=54}
10: inc a      {a=479005547, b=0, c=24, d=54}
11: dec d      {a=479005547, b=0, c=24, d=53}
9: jnz d -2   {a=479005547, b=0, c=24, d=53}
10: inc a      {a=479005548, b=0, c=24, d=53}
11: dec d      {a=479005548, b=0, c=24, d=52}
9: jnz d -2   {a=479005548, b=0, c=24, d=52}
10: inc a      {a=479005549, b=0, c=24, d=52}
11: dec d      {a=479005549, b=0, c=24, d=51}
9: jnz d -2   {a=479005549, b=0, c=24, d=51}
10: inc a      {a=479005550, b=0, c=24, d=51}
11: dec d      {a=479005550, b=0, c=24, d=50}
9: jnz d -2   {a=479005550, b=0, c=24, d=50}
10: inc a      {a=479005551, b=0, c=24, d=50}
11: dec d      {a=479005551, b=0, c=24, d=49}
9: jnz d -2   {a=479005551, b=0, c=24, d=49}
10: inc a      {a=479005552, b=0, c=24, d=49}
11: dec d      {a=479005552, b=0, c=24, d=48}
9: jnz d -2   {a=479005552, b=0, c=24, d=48}
10: inc a      {a=479005553, b=0, c=24, d=48}
11: dec d      {a=479005553, b=0, c=24, d=47}
9: jnz d -2   {a=479005553, b=0, c=24, d=47}
10: inc a      {a=479005554, b=0, c=24, d=47}
11: dec d      {a=479005554, b=0, c=24, d=46}
9: jnz d -2   {a=479005554, b=0, c=24, d=46}
10: inc a      {a=479005555, b=0, c=24, d=46}
11: dec d      {a=479005555, b=0, c=24, d=45}
9: jnz d -2   {a=479005555, b=0, c=24, d=45}
10: inc a      {a=479005556, b=0, c=24, d=45}
11: dec d      {a=479005556, b=0, c=24, d=44}
9: jnz d -2   {a=479005556, b=0, c=24, d=44}
10: inc a      {a=479005557, b=0, c=24, d=44}
11: dec d      {a=479005557, b=0, c=24, d=43}
9: jnz d -2   {a=479005557, b=0, c=24, d=43}
10: inc a      {a=479005558, b=0, c=24, d=43}
11: dec d      {a=479005558, b=0, c=24, d=42}
9: jnz d -2   {a=479005558, b=0, c=24, d=42}
10: inc a      {a=479005559, b=0, c=24, d=42}
11: dec d      {a=479005559, b=0, c=24, d=41}
9: jnz d -2   {a=479005559, b=0, c=24, d=41}
10: inc a      {a=479005560, b=0, c=24, d=41}
11: dec d      {a=479005560, b=0, c=24, d=40}
9: jnz d -2   {a=479005560, b=0, c=24, d=40}
10: inc a      {a=479005561, b=0, c=24, d=40}
11: dec d      {a=479005561, b=0, c=24, d=39}
9: jnz d -2   {a=479005561, b=0, c=24, d=39}
10: inc a      {a=479005562, b=0, c=24, d=39}
11: dec d      {a=479005562, b=0, c=24, d=38}
9: jnz d -2   {a=479005562, b=0, c=24, d=38}
10: inc a      {a=479005563, b=0, c=24, d=38}
11: dec d      {a=479005563, b=0, c=24, d=37}
9: jnz d -2   {a=479005563, b=0, c=24, d=37}
10: inc a      {a=479005564, b=0, c=24, d=37}
11: dec d      {a=479005564, b=0, c=24, d=36}
9: jnz d -2   {a=479005564, b=0, c=24, d=36}
10: inc a      {a=479005565, b=0, c=24, d=36}
11: dec d      {a=479005565, b=0, c=24, d=35}
9: jnz d -2   {a=479005565, b=0, c=24, d=35}
10: inc a      {a=479005566, b=0, c=24, d=35}
11: dec d      {a=479005566, b=0, c=24, d=34}
9: jnz d -2   {a=479005566, b=0, c=24, d=34}
10: inc a      {a=479005567, b=0, c=24, d=34}
11: dec d      {a=479005567, b=0, c=24, d=33}
9: jnz d -2   {a=479005567, b=0, c=24, d=33}
10: inc a      {a=479005568, b=0, c=24, d=33}
11: dec d      {a=479005568, b=0, c=24, d=32}
9: jnz d -2   {a=479005568, b=0, c=24, d=32}
10: inc a      {a=479005569, b=0, c=24, d=32}
11: dec d      {a=479005569, b=0, c=24, d=31}
9: jnz d -2   {a=479005569, b=0, c=24, d=31}
10: inc a      {a=479005570, b=0, c=24, d=31}
11: dec d      {a=479005570, b=0, c=24, d=30}
9: jnz d -2   {a=479005570, b=0, c=24, d=30}
10: inc a      {a=479005571, b=0, c=24, d=30}
11: dec d      {a=479005571, b=0, c=24, d=29}
9: jnz d -2   {a=479005571, b=0, c=24, d=29}
10: inc a      {a=479005572, b=0, c=24, d=29}
11: dec d      {a=479005572, b=0, c=24, d=28}
9: jnz d -2   {a=479005572, b=0, c=24, d=28}
10: inc a      {a=479005573, b=0, c=24, d=28}
11: dec d      {a=479005573, b=0, c=24, d=27}
9: jnz d -2   {a=479005573, b=0, c=24, d=27}
10: inc a      {a=479005574, b=0, c=24, d=27}
11: dec d      {a=479005574, b=0, c=24, d=26}
9: jnz d -2   {a=479005574, b=0, c=24, d=26}
10: inc a      {a=479005575, b=0, c=24, d=26}
11: dec d      {a=479005575, b=0, c=24, d=25}
9: jnz d -2   {a=479005575, b=0, c=24, d=25}
10: inc a      {a=479005576, b=0, c=24, d=25}
11: dec d      {a=479005576, b=0, c=24, d=24}
9: jnz d -2   {a=479005576, b=0, c=24, d=24}
10: inc a      {a=479005577, b=0, c=24, d=24}
11: dec d      {a=479005577, b=0, c=24, d=23}
9: jnz d -2   {a=479005577, b=0, c=24, d=23}
10: inc a      {a=479005578, b=0, c=24, d=23}
11: dec d      {a=479005578, b=0, c=24, d=22}
9: jnz d -2   {a=479005578, b=0, c=24, d=22}
10: inc a      {a=479005579, b=0, c=24, d=22}
11: dec d      {a=479005579, b=0, c=24, d=21}
9: jnz d -2   {a=479005579, b=0, c=24, d=21}
10: inc a      {a=479005580, b=0, c=24, d=21}
11: dec d      {a=479005580, b=0, c=24, d=20}
9: jnz d -2   {a=479005580, b=0, c=24, d=20}
10: inc a      {a=479005581, b=0, c=24, d=20}
11: dec d      {a=479005581, b=0, c=24, d=19}
9: jnz d -2   {a=479005581, b=0, c=24, d=19}
10: inc a      {a=479005582, b=0, c=24, d=19}
11: dec d      {a=479005582, b=0, c=24, d=18}
9: jnz d -2   {a=479005582, b=0, c=24, d=18}
10: inc a      {a=479005583, b=0, c=24, d=18}
11: dec d      {a=479005583, b=0, c=24, d=17}
9: jnz d -2   {a=479005583, b=0, c=24, d=17}
10: inc a      {a=479005584, b=0, c=24, d=17}
11: dec d      {a=479005584, b=0, c=24, d=16}
9: jnz d -2   {a=479005584, b=0, c=24, d=16}
10: inc a      {a=479005585, b=0, c=24, d=16}
11: dec d      {a=479005585, b=0, c=24, d=15}
9: jnz d -2   {a=479005585, b=0, c=24, d=15}
10: inc a      {a=479005586, b=0, c=24, d=15}
11: dec d      {a=479005586, b=0, c=24, d=14}
9: jnz d -2   {a=479005586, b=0, c=24, d=14}
10: inc a      {a=479005587, b=0, c=24, d=14}
11: dec d      {a=479005587, b=0, c=24, d=13}
9: jnz d -2   {a=479005587, b=0, c=24, d=13}
10: inc a      {a=479005588, b=0, c=24, d=13}
11: dec d      {a=479005588, b=0, c=24, d=12}
9: jnz d -2   {a=479005588, b=0, c=24, d=12}
10: inc a      {a=479005589, b=0, c=24, d=12}
11: dec d      {a=479005589, b=0, c=24, d=11}
9: jnz d -2   {a=479005589, b=0, c=24, d=11}
10: inc a      {a=479005590, b=0, c=24, d=11}
11: dec d      {a=479005590, b=0, c=24, d=10}
9: jnz d -2   {a=479005590, b=0, c=24, d=10}
10: inc a      {a=479005591, b=0, c=24, d=10}
11: dec d      {a=479005591, b=0, c=24, d=9}
9: jnz d -2   {a=479005591, b=0, c=24, d=9}
10: inc a      {a=479005592, b=0, c=24, d=9}
11: dec d      {a=479005592, b=0, c=24, d=8}
9: jnz d -2   {a=479005592, b=0, c=24, d=8}
10: inc a      {a=479005593, b=0, c=24, d=8}
11: dec d      {a=479005593, b=0, c=24, d=7}
9: jnz d -2   {a=479005593, b=0, c=24, d=7}
10: inc a      {a=479005594, b=0, c=24, d=7}
11: dec d      {a=479005594, b=0, c=24, d=6}
9: jnz d -2   {a=479005594, b=0, c=24, d=6}
10: inc a      {a=479005595, b=0, c=24, d=6}
11: dec d      {a=479005595, b=0, c=24, d=5}
9: jnz d -2   {a=479005595, b=0, c=24, d=5}
10: inc a      {a=479005596, b=0, c=24, d=5}
11: dec d      {a=479005596, b=0, c=24, d=4}
9: jnz d -2   {a=479005596, b=0, c=24, d=4}
10: inc a      {a=479005597, b=0, c=24, d=4}
11: dec d      {a=479005597, b=0, c=24, d=3}
9: jnz d -2   {a=479005597, b=0, c=24, d=3}
10: inc a      {a=479005598, b=0, c=24, d=3}
11: dec d      {a=479005598, b=0, c=24, d=2}
9: jnz d -2   {a=479005598, b=0, c=24, d=2}
10: inc a      {a=479005599, b=0, c=24, d=2}
11: dec d      {a=479005599, b=0, c=24, d=1}
9: jnz d -2   {a=479005599, b=0, c=24, d=1}
10: inc a      {a=479005600, b=0, c=24, d=1}
11: dec d      {a=479005600, b=0, c=24, d=0}
12: jnz d -2   {a=479005600, b=0, c=24, d=0}
13: dec c      {a=479005600, b=0, c=23, d=0}
8: jnz c -5   {a=479005600, b=0, c=23, d=0}
9: cpy 80 d   {a=479005600, b=0, c=23, d=80}
10: inc a      {a=479005601, b=0, c=23, d=80}
11: dec d      {a=479005601, b=0, c=23, d=79}
9: jnz d -2   {a=479005601, b=0, c=23, d=79}
10: inc a      {a=479005602, b=0, c=23, d=79}
11: dec d      {a=479005602, b=0, c=23, d=78}
9: jnz d -2   {a=479005602, b=0, c=23, d=78}
10: inc a      {a=479005603, b=0, c=23, d=78}
11: dec d      {a=479005603, b=0, c=23, d=77}
9: jnz d -2   {a=479005603, b=0, c=23, d=77}
10: inc a      {a=479005604, b=0, c=23, d=77}
11: dec d      {a=479005604, b=0, c=23, d=76}
9: jnz d -2   {a=479005604, b=0, c=23, d=76}
10: inc a      {a=479005605, b=0, c=23, d=76}
11: dec d      {a=479005605, b=0, c=23, d=75}
9: jnz d -2   {a=479005605, b=0, c=23, d=75}
10: inc a      {a=479005606, b=0, c=23, d=75}
11: dec d      {a=479005606, b=0, c=23, d=74}
9: jnz d -2   {a=479005606, b=0, c=23, d=74}
10: inc a      {a=479005607, b=0, c=23, d=74}
11: dec d      {a=479005607, b=0, c=23, d=73}
9: jnz d -2   {a=479005607, b=0, c=23, d=73}
10: inc a      {a=479005608, b=0, c=23, d=73}
11: dec d      {a=479005608, b=0, c=23, d=72}
9: jnz d -2   {a=479005608, b=0, c=23, d=72}
10: inc a      {a=479005609, b=0, c=23, d=72}
11: dec d      {a=479005609, b=0, c=23, d=71}
9: jnz d -2   {a=479005609, b=0, c=23, d=71}
10: inc a      {a=479005610, b=0, c=23, d=71}
11: dec d      {a=479005610, b=0, c=23, d=70}
9: jnz d -2   {a=479005610, b=0, c=23, d=70}
10: inc a      {a=479005611, b=0, c=23, d=70}
11: dec d      {a=479005611, b=0, c=23, d=69}
9: jnz d -2   {a=479005611, b=0, c=23, d=69}
10: inc a      {a=479005612, b=0, c=23, d=69}
11: dec d      {a=479005612, b=0, c=23, d=68}
9: jnz d -2   {a=479005612, b=0, c=23, d=68}
10: inc a      {a=479005613, b=0, c=23, d=68}
11: dec d      {a=479005613, b=0, c=23, d=67}
9: jnz d -2   {a=479005613, b=0, c=23, d=67}
10: inc a      {a=479005614, b=0, c=23, d=67}
11: dec d      {a=479005614, b=0, c=23, d=66}
9: jnz d -2   {a=479005614, b=0, c=23, d=66}
10: inc a      {a=479005615, b=0, c=23, d=66}
11: dec d      {a=479005615, b=0, c=23, d=65}
9: jnz d -2   {a=479005615, b=0, c=23, d=65}
10: inc a      {a=479005616, b=0, c=23, d=65}
11: dec d      {a=479005616, b=0, c=23, d=64}
9: jnz d -2   {a=479005616, b=0, c=23, d=64}
10: inc a      {a=479005617, b=0, c=23, d=64}
11: dec d      {a=479005617, b=0, c=23, d=63}
9: jnz d -2   {a=479005617, b=0, c=23, d=63}
10: inc a      {a=479005618, b=0, c=23, d=63}
11: dec d      {a=479005618, b=0, c=23, d=62}
9: jnz d -2   {a=479005618, b=0, c=23, d=62}
10: inc a      {a=479005619, b=0, c=23, d=62}
11: dec d      {a=479005619, b=0, c=23, d=61}
9: jnz d -2   {a=479005619, b=0, c=23, d=61}
10: inc a      {a=479005620, b=0, c=23, d=61}
11: dec d      {a=479005620, b=0, c=23, d=60}
9: jnz d -2   {a=479005620, b=0, c=23, d=60}
10: inc a      {a=479005621, b=0, c=23, d=60}
11: dec d      {a=479005621, b=0, c=23, d=59}
9: jnz d -2   {a=479005621, b=0, c=23, d=59}
10: inc a      {a=479005622, b=0, c=23, d=59}
11: dec d      {a=479005622, b=0, c=23, d=58}
9: jnz d -2   {a=479005622, b=0, c=23, d=58}
10: inc a      {a=479005623, b=0, c=23, d=58}
11: dec d      {a=479005623, b=0, c=23, d=57}
9: jnz d -2   {a=479005623, b=0, c=23, d=57}
10: inc a      {a=479005624, b=0, c=23, d=57}
11: dec d      {a=479005624, b=0, c=23, d=56}
9: jnz d -2   {a=479005624, b=0, c=23, d=56}
10: inc a      {a=479005625, b=0, c=23, d=56}
11: dec d      {a=479005625, b=0, c=23, d=55}
9: jnz d -2   {a=479005625, b=0, c=23, d=55}
10: inc a      {a=479005626, b=0, c=23, d=55}
11: dec d      {a=479005626, b=0, c=23, d=54}
9: jnz d -2   {a=479005626, b=0, c=23, d=54}
10: inc a      {a=479005627, b=0, c=23, d=54}
11: dec d      {a=479005627, b=0, c=23, d=53}
9: jnz d -2   {a=479005627, b=0, c=23, d=53}
10: inc a      {a=479005628, b=0, c=23, d=53}
11: dec d      {a=479005628, b=0, c=23, d=52}
9: jnz d -2   {a=479005628, b=0, c=23, d=52}
10: inc a      {a=479005629, b=0, c=23, d=52}
11: dec d      {a=479005629, b=0, c=23, d=51}
9: jnz d -2   {a=479005629, b=0, c=23, d=51}
10: inc a      {a=479005630, b=0, c=23, d=51}
11: dec d      {a=479005630, b=0, c=23, d=50}
9: jnz d -2   {a=479005630, b=0, c=23, d=50}
10: inc a      {a=479005631, b=0, c=23, d=50}
11: dec d      {a=479005631, b=0, c=23, d=49}
9: jnz d -2   {a=479005631, b=0, c=23, d=49}
10: inc a      {a=479005632, b=0, c=23, d=49}
11: dec d      {a=479005632, b=0, c=23, d=48}
9: jnz d -2   {a=479005632, b=0, c=23, d=48}
10: inc a      {a=479005633, b=0, c=23, d=48}
11: dec d      {a=479005633, b=0, c=23, d=47}
9: jnz d -2   {a=479005633, b=0, c=23, d=47}
10: inc a      {a=479005634, b=0, c=23, d=47}
11: dec d      {a=479005634, b=0, c=23, d=46}
9: jnz d -2   {a=479005634, b=0, c=23, d=46}
10: inc a      {a=479005635, b=0, c=23, d=46}
11: dec d      {a=479005635, b=0, c=23, d=45}
9: jnz d -2   {a=479005635, b=0, c=23, d=45}
10: inc a      {a=479005636, b=0, c=23, d=45}
11: dec d      {a=479005636, b=0, c=23, d=44}
9: jnz d -2   {a=479005636, b=0, c=23, d=44}
10: inc a      {a=479005637, b=0, c=23, d=44}
11: dec d      {a=479005637, b=0, c=23, d=43}
9: jnz d -2   {a=479005637, b=0, c=23, d=43}
10: inc a      {a=479005638, b=0, c=23, d=43}
11: dec d      {a=479005638, b=0, c=23, d=42}
9: jnz d -2   {a=479005638, b=0, c=23, d=42}
10: inc a      {a=479005639, b=0, c=23, d=42}
11: dec d      {a=479005639, b=0, c=23, d=41}
9: jnz d -2   {a=479005639, b=0, c=23, d=41}
10: inc a      {a=479005640, b=0, c=23, d=41}
11: dec d      {a=479005640, b=0, c=23, d=40}
9: jnz d -2   {a=479005640, b=0, c=23, d=40}
10: inc a      {a=479005641, b=0, c=23, d=40}
11: dec d      {a=479005641, b=0, c=23, d=39}
9: jnz d -2   {a=479005641, b=0, c=23, d=39}
10: inc a      {a=479005642, b=0, c=23, d=39}
11: dec d      {a=479005642, b=0, c=23, d=38}
9: jnz d -2   {a=479005642, b=0, c=23, d=38}
10: inc a      {a=479005643, b=0, c=23, d=38}
11: dec d      {a=479005643, b=0, c=23, d=37}
9: jnz d -2   {a=479005643, b=0, c=23, d=37}
10: inc a      {a=479005644, b=0, c=23, d=37}
11: dec d      {a=479005644, b=0, c=23, d=36}
9: jnz d -2   {a=479005644, b=0, c=23, d=36}
10: inc a      {a=479005645, b=0, c=23, d=36}
11: dec d      {a=479005645, b=0, c=23, d=35}
9: jnz d -2   {a=479005645, b=0, c=23, d=35}
10: inc a      {a=479005646, b=0, c=23, d=35}
11: dec d      {a=479005646, b=0, c=23, d=34}
9: jnz d -2   {a=479005646, b=0, c=23, d=34}
10: inc a      {a=479005647, b=0, c=23, d=34}
11: dec d      {a=479005647, b=0, c=23, d=33}
9: jnz d -2   {a=479005647, b=0, c=23, d=33}
10: inc a      {a=479005648, b=0, c=23, d=33}
11: dec d      {a=479005648, b=0, c=23, d=32}
9: jnz d -2   {a=479005648, b=0, c=23, d=32}
10: inc a      {a=479005649, b=0, c=23, d=32}
11: dec d      {a=479005649, b=0, c=23, d=31}
9: jnz d -2   {a=479005649, b=0, c=23, d=31}
10: inc a      {a=479005650, b=0, c=23, d=31}
11: dec d      {a=479005650, b=0, c=23, d=30}
9: jnz d -2   {a=479005650, b=0, c=23, d=30}
10: inc a      {a=479005651, b=0, c=23, d=30}
11: dec d      {a=479005651, b=0, c=23, d=29}
9: jnz d -2   {a=479005651, b=0, c=23, d=29}
10: inc a      {a=479005652, b=0, c=23, d=29}
11: dec d      {a=479005652, b=0, c=23, d=28}
9: jnz d -2   {a=479005652, b=0, c=23, d=28}
10: inc a      {a=479005653, b=0, c=23, d=28}
11: dec d      {a=479005653, b=0, c=23, d=27}
9: jnz d -2   {a=479005653, b=0, c=23, d=27}
10: inc a      {a=479005654, b=0, c=23, d=27}
11: dec d      {a=479005654, b=0, c=23, d=26}
9: jnz d -2   {a=479005654, b=0, c=23, d=26}
10: inc a      {a=479005655, b=0, c=23, d=26}
11: dec d      {a=479005655, b=0, c=23, d=25}
9: jnz d -2   {a=479005655, b=0, c=23, d=25}
10: inc a      {a=479005656, b=0, c=23, d=25}
11: dec d      {a=479005656, b=0, c=23, d=24}
9: jnz d -2   {a=479005656, b=0, c=23, d=24}
10: inc a      {a=479005657, b=0, c=23, d=24}
11: dec d      {a=479005657, b=0, c=23, d=23}
9: jnz d -2   {a=479005657, b=0, c=23, d=23}
10: inc a      {a=479005658, b=0, c=23, d=23}
11: dec d      {a=479005658, b=0, c=23, d=22}
9: jnz d -2   {a=479005658, b=0, c=23, d=22}
10: inc a      {a=479005659, b=0, c=23, d=22}
11: dec d      {a=479005659, b=0, c=23, d=21}
9: jnz d -2   {a=479005659, b=0, c=23, d=21}
10: inc a      {a=479005660, b=0, c=23, d=21}
11: dec d      {a=479005660, b=0, c=23, d=20}
9: jnz d -2   {a=479005660, b=0, c=23, d=20}
10: inc a      {a=479005661, b=0, c=23, d=20}
11: dec d      {a=479005661, b=0, c=23, d=19}
9: jnz d -2   {a=479005661, b=0, c=23, d=19}
10: inc a      {a=479005662, b=0, c=23, d=19}
11: dec d      {a=479005662, b=0, c=23, d=18}
9: jnz d -2   {a=479005662, b=0, c=23, d=18}
10: inc a      {a=479005663, b=0, c=23, d=18}
11: dec d      {a=479005663, b=0, c=23, d=17}
9: jnz d -2   {a=479005663, b=0, c=23, d=17}
10: inc a      {a=479005664, b=0, c=23, d=17}
11: dec d      {a=479005664, b=0, c=23, d=16}
9: jnz d -2   {a=479005664, b=0, c=23, d=16}
10: inc a      {a=479005665, b=0, c=23, d=16}
11: dec d      {a=479005665, b=0, c=23, d=15}
9: jnz d -2   {a=479005665, b=0, c=23, d=15}
10: inc a      {a=479005666, b=0, c=23, d=15}
11: dec d      {a=479005666, b=0, c=23, d=14}
9: jnz d -2   {a=479005666, b=0, c=23, d=14}
10: inc a      {a=479005667, b=0, c=23, d=14}
11: dec d      {a=479005667, b=0, c=23, d=13}
9: jnz d -2   {a=479005667, b=0, c=23, d=13}
10: inc a      {a=479005668, b=0, c=23, d=13}
11: dec d      {a=479005668, b=0, c=23, d=12}
9: jnz d -2   {a=479005668, b=0, c=23, d=12}
10: inc a      {a=479005669, b=0, c=23, d=12}
11: dec d      {a=479005669, b=0, c=23, d=11}
9: jnz d -2   {a=479005669, b=0, c=23, d=11}
10: inc a      {a=479005670, b=0, c=23, d=11}
11: dec d      {a=479005670, b=0, c=23, d=10}
9: jnz d -2   {a=479005670, b=0, c=23, d=10}
10: inc a      {a=479005671, b=0, c=23, d=10}
11: dec d      {a=479005671, b=0, c=23, d=9}
9: jnz d -2   {a=479005671, b=0, c=23, d=9}
10: inc a      {a=479005672, b=0, c=23, d=9}
11: dec d      {a=479005672, b=0, c=23, d=8}
9: jnz d -2   {a=479005672, b=0, c=23, d=8}
10: inc a      {a=479005673, b=0, c=23, d=8}
11: dec d      {a=479005673, b=0, c=23, d=7}
9: jnz d -2   {a=479005673, b=0, c=23, d=7}
10: inc a      {a=479005674, b=0, c=23, d=7}
11: dec d      {a=479005674, b=0, c=23, d=6}
9: jnz d -2   {a=479005674, b=0, c=23, d=6}
10: inc a      {a=479005675, b=0, c=23, d=6}
11: dec d      {a=479005675, b=0, c=23, d=5}
9: jnz d -2   {a=479005675, b=0, c=23, d=5}
10: inc a      {a=479005676, b=0, c=23, d=5}
11: dec d      {a=479005676, b=0, c=23, d=4}
9: jnz d -2   {a=479005676, b=0, c=23, d=4}
10: inc a      {a=479005677, b=0, c=23, d=4}
11: dec d      {a=479005677, b=0, c=23, d=3}
9: jnz d -2   {a=479005677, b=0, c=23, d=3}
10: inc a      {a=479005678, b=0, c=23, d=3}
11: dec d      {a=479005678, b=0, c=23, d=2}
9: jnz d -2   {a=479005678, b=0, c=23, d=2}
10: inc a      {a=479005679, b=0, c=23, d=2}
11: dec d      {a=479005679, b=0, c=23, d=1}
9: jnz d -2   {a=479005679, b=0, c=23, d=1}
10: inc a      {a=479005680, b=0, c=23, d=1}
11: dec d      {a=479005680, b=0, c=23, d=0}
12: jnz d -2   {a=479005680, b=0, c=23, d=0}
13: dec c      {a=479005680, b=0, c=22, d=0}
8: jnz c -5   {a=479005680, b=0, c=22, d=0}
9: cpy 80 d   {a=479005680, b=0, c=22, d=80}
10: inc a      {a=479005681, b=0, c=22, d=80}
11: dec d      {a=479005681, b=0, c=22, d=79}
9: jnz d -2   {a=479005681, b=0, c=22, d=79}
10: inc a      {a=479005682, b=0, c=22, d=79}
11: dec d      {a=479005682, b=0, c=22, d=78}
9: jnz d -2   {a=479005682, b=0, c=22, d=78}
10: inc a      {a=479005683, b=0, c=22, d=78}
11: dec d      {a=479005683, b=0, c=22, d=77}
9: jnz d -2   {a=479005683, b=0, c=22, d=77}
10: inc a      {a=479005684, b=0, c=22, d=77}
11: dec d      {a=479005684, b=0, c=22, d=76}
9: jnz d -2   {a=479005684, b=0, c=22, d=76}
10: inc a      {a=479005685, b=0, c=22, d=76}
11: dec d      {a=479005685, b=0, c=22, d=75}
9: jnz d -2   {a=479005685, b=0, c=22, d=75}
10: inc a      {a=479005686, b=0, c=22, d=75}
11: dec d      {a=479005686, b=0, c=22, d=74}
9: jnz d -2   {a=479005686, b=0, c=22, d=74}
10: inc a      {a=479005687, b=0, c=22, d=74}
11: dec d      {a=479005687, b=0, c=22, d=73}
9: jnz d -2   {a=479005687, b=0, c=22, d=73}
10: inc a      {a=479005688, b=0, c=22, d=73}
11: dec d      {a=479005688, b=0, c=22, d=72}
9: jnz d -2   {a=479005688, b=0, c=22, d=72}
10: inc a      {a=479005689, b=0, c=22, d=72}
11: dec d      {a=479005689, b=0, c=22, d=71}
9: jnz d -2   {a=479005689, b=0, c=22, d=71}
10: inc a      {a=479005690, b=0, c=22, d=71}
11: dec d      {a=479005690, b=0, c=22, d=70}
9: jnz d -2   {a=479005690, b=0, c=22, d=70}
10: inc a      {a=479005691, b=0, c=22, d=70}
11: dec d      {a=479005691, b=0, c=22, d=69}
9: jnz d -2   {a=479005691, b=0, c=22, d=69}
10: inc a      {a=479005692, b=0, c=22, d=69}
11: dec d      {a=479005692, b=0, c=22, d=68}
9: jnz d -2   {a=479005692, b=0, c=22, d=68}
10: inc a      {a=479005693, b=0, c=22, d=68}
11: dec d      {a=479005693, b=0, c=22, d=67}
9: jnz d -2   {a=479005693, b=0, c=22, d=67}
10: inc a      {a=479005694, b=0, c=22, d=67}
11: dec d      {a=479005694, b=0, c=22, d=66}
9: jnz d -2   {a=479005694, b=0, c=22, d=66}
10: inc a      {a=479005695, b=0, c=22, d=66}
11: dec d      {a=479005695, b=0, c=22, d=65}
9: jnz d -2   {a=479005695, b=0, c=22, d=65}
10: inc a      {a=479005696, b=0, c=22, d=65}
11: dec d      {a=479005696, b=0, c=22, d=64}
9: jnz d -2   {a=479005696, b=0, c=22, d=64}
10: inc a      {a=479005697, b=0, c=22, d=64}
11: dec d      {a=479005697, b=0, c=22, d=63}
9: jnz d -2   {a=479005697, b=0, c=22, d=63}
10: inc a      {a=479005698, b=0, c=22, d=63}
11: dec d      {a=479005698, b=0, c=22, d=62}
9: jnz d -2   {a=479005698, b=0, c=22, d=62}
10: inc a      {a=479005699, b=0, c=22, d=62}
11: dec d      {a=479005699, b=0, c=22, d=61}
9: jnz d -2   {a=479005699, b=0, c=22, d=61}
10: inc a      {a=479005700, b=0, c=22, d=61}
11: dec d      {a=479005700, b=0, c=22, d=60}
9: jnz d -2   {a=479005700, b=0, c=22, d=60}
10: inc a      {a=479005701, b=0, c=22, d=60}
11: dec d      {a=479005701, b=0, c=22, d=59}
9: jnz d -2   {a=479005701, b=0, c=22, d=59}
10: inc a      {a=479005702, b=0, c=22, d=59}
11: dec d      {a=479005702, b=0, c=22, d=58}
9: jnz d -2   {a=479005702, b=0, c=22, d=58}
10: inc a      {a=479005703, b=0, c=22, d=58}
11: dec d      {a=479005703, b=0, c=22, d=57}
9: jnz d -2   {a=479005703, b=0, c=22, d=57}
10: inc a      {a=479005704, b=0, c=22, d=57}
11: dec d      {a=479005704, b=0, c=22, d=56}
9: jnz d -2   {a=479005704, b=0, c=22, d=56}
10: inc a      {a=479005705, b=0, c=22, d=56}
11: dec d      {a=479005705, b=0, c=22, d=55}
9: jnz d -2   {a=479005705, b=0, c=22, d=55}
10: inc a      {a=479005706, b=0, c=22, d=55}
11: dec d      {a=479005706, b=0, c=22, d=54}
9: jnz d -2   {a=479005706, b=0, c=22, d=54}
10: inc a      {a=479005707, b=0, c=22, d=54}
11: dec d      {a=479005707, b=0, c=22, d=53}
9: jnz d -2   {a=479005707, b=0, c=22, d=53}
10: inc a      {a=479005708, b=0, c=22, d=53}
11: dec d      {a=479005708, b=0, c=22, d=52}
9: jnz d -2   {a=479005708, b=0, c=22, d=52}
10: inc a      {a=479005709, b=0, c=22, d=52}
11: dec d      {a=479005709, b=0, c=22, d=51}
9: jnz d -2   {a=479005709, b=0, c=22, d=51}
10: inc a      {a=479005710, b=0, c=22, d=51}
11: dec d      {a=479005710, b=0, c=22, d=50}
9: jnz d -2   {a=479005710, b=0, c=22, d=50}
10: inc a      {a=479005711, b=0, c=22, d=50}
11: dec d      {a=479005711, b=0, c=22, d=49}
9: jnz d -2   {a=479005711, b=0, c=22, d=49}
10: inc a      {a=479005712, b=0, c=22, d=49}
11: dec d      {a=479005712, b=0, c=22, d=48}
9: jnz d -2   {a=479005712, b=0, c=22, d=48}
10: inc a      {a=479005713, b=0, c=22, d=48}
11: dec d      {a=479005713, b=0, c=22, d=47}
9: jnz d -2   {a=479005713, b=0, c=22, d=47}
10: inc a      {a=479005714, b=0, c=22, d=47}
11: dec d      {a=479005714, b=0, c=22, d=46}
9: jnz d -2   {a=479005714, b=0, c=22, d=46}
10: inc a      {a=479005715, b=0, c=22, d=46}
11: dec d      {a=479005715, b=0, c=22, d=45}
9: jnz d -2   {a=479005715, b=0, c=22, d=45}
10: inc a      {a=479005716, b=0, c=22, d=45}
11: dec d      {a=479005716, b=0, c=22, d=44}
9: jnz d -2   {a=479005716, b=0, c=22, d=44}
10: inc a      {a=479005717, b=0, c=22, d=44}
11: dec d      {a=479005717, b=0, c=22, d=43}
9: jnz d -2   {a=479005717, b=0, c=22, d=43}
10: inc a      {a=479005718, b=0, c=22, d=43}
11: dec d      {a=479005718, b=0, c=22, d=42}
9: jnz d -2   {a=479005718, b=0, c=22, d=42}
10: inc a      {a=479005719, b=0, c=22, d=42}
11: dec d      {a=479005719, b=0, c=22, d=41}
9: jnz d -2   {a=479005719, b=0, c=22, d=41}
10: inc a      {a=479005720, b=0, c=22, d=41}
11: dec d      {a=479005720, b=0, c=22, d=40}
9: jnz d -2   {a=479005720, b=0, c=22, d=40}
10: inc a      {a=479005721, b=0, c=22, d=40}
11: dec d      {a=479005721, b=0, c=22, d=39}
9: jnz d -2   {a=479005721, b=0, c=22, d=39}
10: inc a      {a=479005722, b=0, c=22, d=39}
11: dec d      {a=479005722, b=0, c=22, d=38}
9: jnz d -2   {a=479005722, b=0, c=22, d=38}
10: inc a      {a=479005723, b=0, c=22, d=38}
11: dec d      {a=479005723, b=0, c=22, d=37}
9: jnz d -2   {a=479005723, b=0, c=22, d=37}
10: inc a      {a=479005724, b=0, c=22, d=37}
11: dec d      {a=479005724, b=0, c=22, d=36}
9: jnz d -2   {a=479005724, b=0, c=22, d=36}
10: inc a      {a=479005725, b=0, c=22, d=36}
11: dec d      {a=479005725, b=0, c=22, d=35}
9: jnz d -2   {a=479005725, b=0, c=22, d=35}
10: inc a      {a=479005726, b=0, c=22, d=35}
11: dec d      {a=479005726, b=0, c=22, d=34}
9: jnz d -2   {a=479005726, b=0, c=22, d=34}
10: inc a      {a=479005727, b=0, c=22, d=34}
11: dec d      {a=479005727, b=0, c=22, d=33}
9: jnz d -2   {a=479005727, b=0, c=22, d=33}
10: inc a      {a=479005728, b=0, c=22, d=33}
11: dec d      {a=479005728, b=0, c=22, d=32}
9: jnz d -2   {a=479005728, b=0, c=22, d=32}
10: inc a      {a=479005729, b=0, c=22, d=32}
11: dec d      {a=479005729, b=0, c=22, d=31}
9: jnz d -2   {a=479005729, b=0, c=22, d=31}
10: inc a      {a=479005730, b=0, c=22, d=31}
11: dec d      {a=479005730, b=0, c=22, d=30}
9: jnz d -2   {a=479005730, b=0, c=22, d=30}
10: inc a      {a=479005731, b=0, c=22, d=30}
11: dec d      {a=479005731, b=0, c=22, d=29}
9: jnz d -2   {a=479005731, b=0, c=22, d=29}
10: inc a      {a=479005732, b=0, c=22, d=29}
11: dec d      {a=479005732, b=0, c=22, d=28}
9: jnz d -2   {a=479005732, b=0, c=22, d=28}
10: inc a      {a=479005733, b=0, c=22, d=28}
11: dec d      {a=479005733, b=0, c=22, d=27}
9: jnz d -2   {a=479005733, b=0, c=22, d=27}
10: inc a      {a=479005734, b=0, c=22, d=27}
11: dec d      {a=479005734, b=0, c=22, d=26}
9: jnz d -2   {a=479005734, b=0, c=22, d=26}
10: inc a      {a=479005735, b=0, c=22, d=26}
11: dec d      {a=479005735, b=0, c=22, d=25}
9: jnz d -2   {a=479005735, b=0, c=22, d=25}
10: inc a      {a=479005736, b=0, c=22, d=25}
11: dec d      {a=479005736, b=0, c=22, d=24}
9: jnz d -2   {a=479005736, b=0, c=22, d=24}
10: inc a      {a=479005737, b=0, c=22, d=24}
11: dec d      {a=479005737, b=0, c=22, d=23}
9: jnz d -2   {a=479005737, b=0, c=22, d=23}
10: inc a      {a=479005738, b=0, c=22, d=23}
11: dec d      {a=479005738, b=0, c=22, d=22}
9: jnz d -2   {a=479005738, b=0, c=22, d=22}
10: inc a      {a=479005739, b=0, c=22, d=22}
11: dec d      {a=479005739, b=0, c=22, d=21}
9: jnz d -2   {a=479005739, b=0, c=22, d=21}
10: inc a      {a=479005740, b=0, c=22, d=21}
11: dec d      {a=479005740, b=0, c=22, d=20}
9: jnz d -2   {a=479005740, b=0, c=22, d=20}
10: inc a      {a=479005741, b=0, c=22, d=20}
11: dec d      {a=479005741, b=0, c=22, d=19}
9: jnz d -2   {a=479005741, b=0, c=22, d=19}
10: inc a      {a=479005742, b=0, c=22, d=19}
11: dec d      {a=479005742, b=0, c=22, d=18}
9: jnz d -2   {a=479005742, b=0, c=22, d=18}
10: inc a      {a=479005743, b=0, c=22, d=18}
11: dec d      {a=479005743, b=0, c=22, d=17}
9: jnz d -2   {a=479005743, b=0, c=22, d=17}
10: inc a      {a=479005744, b=0, c=22, d=17}
11: dec d      {a=479005744, b=0, c=22, d=16}
9: jnz d -2   {a=479005744, b=0, c=22, d=16}
10: inc a      {a=479005745, b=0, c=22, d=16}
11: dec d      {a=479005745, b=0, c=22, d=15}
9: jnz d -2   {a=479005745, b=0, c=22, d=15}
10: inc a      {a=479005746, b=0, c=22, d=15}
11: dec d      {a=479005746, b=0, c=22, d=14}
9: jnz d -2   {a=479005746, b=0, c=22, d=14}
10: inc a      {a=479005747, b=0, c=22, d=14}
11: dec d      {a=479005747, b=0, c=22, d=13}
9: jnz d -2   {a=479005747, b=0, c=22, d=13}
10: inc a      {a=479005748, b=0, c=22, d=13}
11: dec d      {a=479005748, b=0, c=22, d=12}
9: jnz d -2   {a=479005748, b=0, c=22, d=12}
10: inc a      {a=479005749, b=0, c=22, d=12}
11: dec d      {a=479005749, b=0, c=22, d=11}
9: jnz d -2   {a=479005749, b=0, c=22, d=11}
10: inc a      {a=479005750, b=0, c=22, d=11}
11: dec d      {a=479005750, b=0, c=22, d=10}
9: jnz d -2   {a=479005750, b=0, c=22, d=10}
10: inc a      {a=479005751, b=0, c=22, d=10}
11: dec d      {a=479005751, b=0, c=22, d=9}
9: jnz d -2   {a=479005751, b=0, c=22, d=9}
10: inc a      {a=479005752, b=0, c=22, d=9}
11: dec d      {a=479005752, b=0, c=22, d=8}
9: jnz d -2   {a=479005752, b=0, c=22, d=8}
10: inc a      {a=479005753, b=0, c=22, d=8}
11: dec d      {a=479005753, b=0, c=22, d=7}
9: jnz d -2   {a=479005753, b=0, c=22, d=7}
10: inc a      {a=479005754, b=0, c=22, d=7}
11: dec d      {a=479005754, b=0, c=22, d=6}
9: jnz d -2   {a=479005754, b=0, c=22, d=6}
10: inc a      {a=479005755, b=0, c=22, d=6}
11: dec d      {a=479005755, b=0, c=22, d=5}
9: jnz d -2   {a=479005755, b=0, c=22, d=5}
10: inc a      {a=479005756, b=0, c=22, d=5}
11: dec d      {a=479005756, b=0, c=22, d=4}
9: jnz d -2   {a=479005756, b=0, c=22, d=4}
10: inc a      {a=479005757, b=0, c=22, d=4}
11: dec d      {a=479005757, b=0, c=22, d=3}
9: jnz d -2   {a=479005757, b=0, c=22, d=3}
10: inc a      {a=479005758, b=0, c=22, d=3}
11: dec d      {a=479005758, b=0, c=22, d=2}
9: jnz d -2   {a=479005758, b=0, c=22, d=2}
10: inc a      {a=479005759, b=0, c=22, d=2}
11: dec d      {a=479005759, b=0, c=22, d=1}
9: jnz d -2   {a=479005759, b=0, c=22, d=1}
10: inc a      {a=479005760, b=0, c=22, d=1}
11: dec d      {a=479005760, b=0, c=22, d=0}
12: jnz d -2   {a=479005760, b=0, c=22, d=0}
13: dec c      {a=479005760, b=0, c=21, d=0}
8: jnz c -5   {a=479005760, b=0, c=21, d=0}
9: cpy 80 d   {a=479005760, b=0, c=21, d=80}
10: inc a      {a=479005761, b=0, c=21, d=80}
11: dec d      {a=479005761, b=0, c=21, d=79}
9: jnz d -2   {a=479005761, b=0, c=21, d=79}
10: inc a      {a=479005762, b=0, c=21, d=79}
11: dec d      {a=479005762, b=0, c=21, d=78}
9: jnz d -2   {a=479005762, b=0, c=21, d=78}
10: inc a      {a=479005763, b=0, c=21, d=78}
11: dec d      {a=479005763, b=0, c=21, d=77}
9: jnz d -2   {a=479005763, b=0, c=21, d=77}
10: inc a      {a=479005764, b=0, c=21, d=77}
11: dec d      {a=479005764, b=0, c=21, d=76}
9: jnz d -2   {a=479005764, b=0, c=21, d=76}
10: inc a      {a=479005765, b=0, c=21, d=76}
11: dec d      {a=479005765, b=0, c=21, d=75}
9: jnz d -2   {a=479005765, b=0, c=21, d=75}
10: inc a      {a=479005766, b=0, c=21, d=75}
11: dec d      {a=479005766, b=0, c=21, d=74}
9: jnz d -2   {a=479005766, b=0, c=21, d=74}
10: inc a      {a=479005767, b=0, c=21, d=74}
11: dec d      {a=479005767, b=0, c=21, d=73}
9: jnz d -2   {a=479005767, b=0, c=21, d=73}
10: inc a      {a=479005768, b=0, c=21, d=73}
11: dec d      {a=479005768, b=0, c=21, d=72}
9: jnz d -2   {a=479005768, b=0, c=21, d=72}
10: inc a      {a=479005769, b=0, c=21, d=72}
11: dec d      {a=479005769, b=0, c=21, d=71}
9: jnz d -2   {a=479005769, b=0, c=21, d=71}
10: inc a      {a=479005770, b=0, c=21, d=71}
11: dec d      {a=479005770, b=0, c=21, d=70}
9: jnz d -2   {a=479005770, b=0, c=21, d=70}
10: inc a      {a=479005771, b=0, c=21, d=70}
11: dec d      {a=479005771, b=0, c=21, d=69}
9: jnz d -2   {a=479005771, b=0, c=21, d=69}
10: inc a      {a=479005772, b=0, c=21, d=69}
11: dec d      {a=479005772, b=0, c=21, d=68}
9: jnz d -2   {a=479005772, b=0, c=21, d=68}
10: inc a      {a=479005773, b=0, c=21, d=68}
11: dec d      {a=479005773, b=0, c=21, d=67}
9: jnz d -2   {a=479005773, b=0, c=21, d=67}
10: inc a      {a=479005774, b=0, c=21, d=67}
11: dec d      {a=479005774, b=0, c=21, d=66}
9: jnz d -2   {a=479005774, b=0, c=21, d=66}
10: inc a      {a=479005775, b=0, c=21, d=66}
11: dec d      {a=479005775, b=0, c=21, d=65}
9: jnz d -2   {a=479005775, b=0, c=21, d=65}
10: inc a      {a=479005776, b=0, c=21, d=65}
11: dec d      {a=479005776, b=0, c=21, d=64}
9: jnz d -2   {a=479005776, b=0, c=21, d=64}
10: inc a      {a=479005777, b=0, c=21, d=64}
11: dec d      {a=479005777, b=0, c=21, d=63}
9: jnz d -2   {a=479005777, b=0, c=21, d=63}
10: inc a      {a=479005778, b=0, c=21, d=63}
11: dec d      {a=479005778, b=0, c=21, d=62}
9: jnz d -2   {a=479005778, b=0, c=21, d=62}
10: inc a      {a=479005779, b=0, c=21, d=62}
11: dec d      {a=479005779, b=0, c=21, d=61}
9: jnz d -2   {a=479005779, b=0, c=21, d=61}
10: inc a      {a=479005780, b=0, c=21, d=61}
11: dec d      {a=479005780, b=0, c=21, d=60}
9: jnz d -2   {a=479005780, b=0, c=21, d=60}
10: inc a      {a=479005781, b=0, c=21, d=60}
11: dec d      {a=479005781, b=0, c=21, d=59}
9: jnz d -2   {a=479005781, b=0, c=21, d=59}
10: inc a      {a=479005782, b=0, c=21, d=59}
11: dec d      {a=479005782, b=0, c=21, d=58}
9: jnz d -2   {a=479005782, b=0, c=21, d=58}
10: inc a      {a=479005783, b=0, c=21, d=58}
11: dec d      {a=479005783, b=0, c=21, d=57}
9: jnz d -2   {a=479005783, b=0, c=21, d=57}
10: inc a      {a=479005784, b=0, c=21, d=57}
11: dec d      {a=479005784, b=0, c=21, d=56}
9: jnz d -2   {a=479005784, b=0, c=21, d=56}
10: inc a      {a=479005785, b=0, c=21, d=56}
11: dec d      {a=479005785, b=0, c=21, d=55}
9: jnz d -2   {a=479005785, b=0, c=21, d=55}
10: inc a      {a=479005786, b=0, c=21, d=55}
11: dec d      {a=479005786, b=0, c=21, d=54}
9: jnz d -2   {a=479005786, b=0, c=21, d=54}
10: inc a      {a=479005787, b=0, c=21, d=54}
11: dec d      {a=479005787, b=0, c=21, d=53}
9: jnz d -2   {a=479005787, b=0, c=21, d=53}
10: inc a      {a=479005788, b=0, c=21, d=53}
11: dec d      {a=479005788, b=0, c=21, d=52}
9: jnz d -2   {a=479005788, b=0, c=21, d=52}
10: inc a      {a=479005789, b=0, c=21, d=52}
11: dec d      {a=479005789, b=0, c=21, d=51}
9: jnz d -2   {a=479005789, b=0, c=21, d=51}
10: inc a      {a=479005790, b=0, c=21, d=51}
11: dec d      {a=479005790, b=0, c=21, d=50}
9: jnz d -2   {a=479005790, b=0, c=21, d=50}
10: inc a      {a=479005791, b=0, c=21, d=50}
11: dec d      {a=479005791, b=0, c=21, d=49}
9: jnz d -2   {a=479005791, b=0, c=21, d=49}
10: inc a      {a=479005792, b=0, c=21, d=49}
11: dec d      {a=479005792, b=0, c=21, d=48}
9: jnz d -2   {a=479005792, b=0, c=21, d=48}
10: inc a      {a=479005793, b=0, c=21, d=48}
11: dec d      {a=479005793, b=0, c=21, d=47}
9: jnz d -2   {a=479005793, b=0, c=21, d=47}
10: inc a      {a=479005794, b=0, c=21, d=47}
11: dec d      {a=479005794, b=0, c=21, d=46}
9: jnz d -2   {a=479005794, b=0, c=21, d=46}
10: inc a      {a=479005795, b=0, c=21, d=46}
11: dec d      {a=479005795, b=0, c=21, d=45}
9: jnz d -2   {a=479005795, b=0, c=21, d=45}
10: inc a      {a=479005796, b=0, c=21, d=45}
11: dec d      {a=479005796, b=0, c=21, d=44}
9: jnz d -2   {a=479005796, b=0, c=21, d=44}
10: inc a      {a=479005797, b=0, c=21, d=44}
11: dec d      {a=479005797, b=0, c=21, d=43}
9: jnz d -2   {a=479005797, b=0, c=21, d=43}
10: inc a      {a=479005798, b=0, c=21, d=43}
11: dec d      {a=479005798, b=0, c=21, d=42}
9: jnz d -2   {a=479005798, b=0, c=21, d=42}
10: inc a      {a=479005799, b=0, c=21, d=42}
11: dec d      {a=479005799, b=0, c=21, d=41}
9: jnz d -2   {a=479005799, b=0, c=21, d=41}
10: inc a      {a=479005800, b=0, c=21, d=41}
11: dec d      {a=479005800, b=0, c=21, d=40}
9: jnz d -2   {a=479005800, b=0, c=21, d=40}
10: inc a      {a=479005801, b=0, c=21, d=40}
11: dec d      {a=479005801, b=0, c=21, d=39}
9: jnz d -2   {a=479005801, b=0, c=21, d=39}
10: inc a      {a=479005802, b=0, c=21, d=39}
11: dec d      {a=479005802, b=0, c=21, d=38}
9: jnz d -2   {a=479005802, b=0, c=21, d=38}
10: inc a      {a=479005803, b=0, c=21, d=38}
11: dec d      {a=479005803, b=0, c=21, d=37}
9: jnz d -2   {a=479005803, b=0, c=21, d=37}
10: inc a      {a=479005804, b=0, c=21, d=37}
11: dec d      {a=479005804, b=0, c=21, d=36}
9: jnz d -2   {a=479005804, b=0, c=21, d=36}
10: inc a      {a=479005805, b=0, c=21, d=36}
11: dec d      {a=479005805, b=0, c=21, d=35}
9: jnz d -2   {a=479005805, b=0, c=21, d=35}
10: inc a      {a=479005806, b=0, c=21, d=35}
11: dec d      {a=479005806, b=0, c=21, d=34}
9: jnz d -2   {a=479005806, b=0, c=21, d=34}
10: inc a      {a=479005807, b=0, c=21, d=34}
11: dec d      {a=479005807, b=0, c=21, d=33}
9: jnz d -2   {a=479005807, b=0, c=21, d=33}
10: inc a      {a=479005808, b=0, c=21, d=33}
11: dec d      {a=479005808, b=0, c=21, d=32}
9: jnz d -2   {a=479005808, b=0, c=21, d=32}
10: inc a      {a=479005809, b=0, c=21, d=32}
11: dec d      {a=479005809, b=0, c=21, d=31}
9: jnz d -2   {a=479005809, b=0, c=21, d=31}
10: inc a      {a=479005810, b=0, c=21, d=31}
11: dec d      {a=479005810, b=0, c=21, d=30}
9: jnz d -2   {a=479005810, b=0, c=21, d=30}
10: inc a      {a=479005811, b=0, c=21, d=30}
11: dec d      {a=479005811, b=0, c=21, d=29}
9: jnz d -2   {a=479005811, b=0, c=21, d=29}
10: inc a      {a=479005812, b=0, c=21, d=29}
11: dec d      {a=479005812, b=0, c=21, d=28}
9: jnz d -2   {a=479005812, b=0, c=21, d=28}
10: inc a      {a=479005813, b=0, c=21, d=28}
11: dec d      {a=479005813, b=0, c=21, d=27}
9: jnz d -2   {a=479005813, b=0, c=21, d=27}
10: inc a      {a=479005814, b=0, c=21, d=27}
11: dec d      {a=479005814, b=0, c=21, d=26}
9: jnz d -2   {a=479005814, b=0, c=21, d=26}
10: inc a      {a=479005815, b=0, c=21, d=26}
11: dec d      {a=479005815, b=0, c=21, d=25}
9: jnz d -2   {a=479005815, b=0, c=21, d=25}
10: inc a      {a=479005816, b=0, c=21, d=25}
11: dec d      {a=479005816, b=0, c=21, d=24}
9: jnz d -2   {a=479005816, b=0, c=21, d=24}
10: inc a      {a=479005817, b=0, c=21, d=24}
11: dec d      {a=479005817, b=0, c=21, d=23}
9: jnz d -2   {a=479005817, b=0, c=21, d=23}
10: inc a      {a=479005818, b=0, c=21, d=23}
11: dec d      {a=479005818, b=0, c=21, d=22}
9: jnz d -2   {a=479005818, b=0, c=21, d=22}
10: inc a      {a=479005819, b=0, c=21, d=22}
11: dec d      {a=479005819, b=0, c=21, d=21}
9: jnz d -2   {a=479005819, b=0, c=21, d=21}
10: inc a      {a=479005820, b=0, c=21, d=21}
11: dec d      {a=479005820, b=0, c=21, d=20}
9: jnz d -2   {a=479005820, b=0, c=21, d=20}
10: inc a      {a=479005821, b=0, c=21, d=20}
11: dec d      {a=479005821, b=0, c=21, d=19}
9: jnz d -2   {a=479005821, b=0, c=21, d=19}
10: inc a      {a=479005822, b=0, c=21, d=19}
11: dec d      {a=479005822, b=0, c=21, d=18}
9: jnz d -2   {a=479005822, b=0, c=21, d=18}
10: inc a      {a=479005823, b=0, c=21, d=18}
11: dec d      {a=479005823, b=0, c=21, d=17}
9: jnz d -2   {a=479005823, b=0, c=21, d=17}
10: inc a      {a=479005824, b=0, c=21, d=17}
11: dec d      {a=479005824, b=0, c=21, d=16}
9: jnz d -2   {a=479005824, b=0, c=21, d=16}
10: inc a      {a=479005825, b=0, c=21, d=16}
11: dec d      {a=479005825, b=0, c=21, d=15}
9: jnz d -2   {a=479005825, b=0, c=21, d=15}
10: inc a      {a=479005826, b=0, c=21, d=15}
11: dec d      {a=479005826, b=0, c=21, d=14}
9: jnz d -2   {a=479005826, b=0, c=21, d=14}
10: inc a      {a=479005827, b=0, c=21, d=14}
11: dec d      {a=479005827, b=0, c=21, d=13}
9: jnz d -2   {a=479005827, b=0, c=21, d=13}
10: inc a      {a=479005828, b=0, c=21, d=13}
11: dec d      {a=479005828, b=0, c=21, d=12}
9: jnz d -2   {a=479005828, b=0, c=21, d=12}
10: inc a      {a=479005829, b=0, c=21, d=12}
11: dec d      {a=479005829, b=0, c=21, d=11}
9: jnz d -2   {a=479005829, b=0, c=21, d=11}
10: inc a      {a=479005830, b=0, c=21, d=11}
11: dec d      {a=479005830, b=0, c=21, d=10}
9: jnz d -2   {a=479005830, b=0, c=21, d=10}
10: inc a      {a=479005831, b=0, c=21, d=10}
11: dec d      {a=479005831, b=0, c=21, d=9}
9: jnz d -2   {a=479005831, b=0, c=21, d=9}
10: inc a      {a=479005832, b=0, c=21, d=9}
11: dec d      {a=479005832, b=0, c=21, d=8}
9: jnz d -2   {a=479005832, b=0, c=21, d=8}
10: inc a      {a=479005833, b=0, c=21, d=8}
11: dec d      {a=479005833, b=0, c=21, d=7}
9: jnz d -2   {a=479005833, b=0, c=21, d=7}
10: inc a      {a=479005834, b=0, c=21, d=7}
11: dec d      {a=479005834, b=0, c=21, d=6}
9: jnz d -2   {a=479005834, b=0, c=21, d=6}
10: inc a      {a=479005835, b=0, c=21, d=6}
11: dec d      {a=479005835, b=0, c=21, d=5}
9: jnz d -2   {a=479005835, b=0, c=21, d=5}
10: inc a      {a=479005836, b=0, c=21, d=5}
11: dec d      {a=479005836, b=0, c=21, d=4}
9: jnz d -2   {a=479005836, b=0, c=21, d=4}
10: inc a      {a=479005837, b=0, c=21, d=4}
11: dec d      {a=479005837, b=0, c=21, d=3}
9: jnz d -2   {a=479005837, b=0, c=21, d=3}
10: inc a      {a=479005838, b=0, c=21, d=3}
11: dec d      {a=479005838, b=0, c=21, d=2}
9: jnz d -2   {a=479005838, b=0, c=21, d=2}
10: inc a      {a=479005839, b=0, c=21, d=2}
11: dec d      {a=479005839, b=0, c=21, d=1}
9: jnz d -2   {a=479005839, b=0, c=21, d=1}
10: inc a      {a=479005840, b=0, c=21, d=1}
11: dec d      {a=479005840, b=0, c=21, d=0}
12: jnz d -2   {a=479005840, b=0, c=21, d=0}
13: dec c      {a=479005840, b=0, c=20, d=0}
8: jnz c -5   {a=479005840, b=0, c=20, d=0}
9: cpy 80 d   {a=479005840, b=0, c=20, d=80}
10: inc a      {a=479005841, b=0, c=20, d=80}
11: dec d      {a=479005841, b=0, c=20, d=79}
9: jnz d -2   {a=479005841, b=0, c=20, d=79}
10: inc a      {a=479005842, b=0, c=20, d=79}
11: dec d      {a=479005842, b=0, c=20, d=78}
9: jnz d -2   {a=479005842, b=0, c=20, d=78}
10: inc a      {a=479005843, b=0, c=20, d=78}
11: dec d      {a=479005843, b=0, c=20, d=77}
9: jnz d -2   {a=479005843, b=0, c=20, d=77}
10: inc a      {a=479005844, b=0, c=20, d=77}
11: dec d      {a=479005844, b=0, c=20, d=76}
9: jnz d -2   {a=479005844, b=0, c=20, d=76}
10: inc a      {a=479005845, b=0, c=20, d=76}
11: dec d      {a=479005845, b=0, c=20, d=75}
9: jnz d -2   {a=479005845, b=0, c=20, d=75}
10: inc a      {a=479005846, b=0, c=20, d=75}
11: dec d      {a=479005846, b=0, c=20, d=74}
9: jnz d -2   {a=479005846, b=0, c=20, d=74}
10: inc a      {a=479005847, b=0, c=20, d=74}
11: dec d      {a=479005847, b=0, c=20, d=73}
9: jnz d -2   {a=479005847, b=0, c=20, d=73}
10: inc a      {a=479005848, b=0, c=20, d=73}
11: dec d      {a=479005848, b=0, c=20, d=72}
9: jnz d -2   {a=479005848, b=0, c=20, d=72}
10: inc a      {a=479005849, b=0, c=20, d=72}
11: dec d      {a=479005849, b=0, c=20, d=71}
9: jnz d -2   {a=479005849, b=0, c=20, d=71}
10: inc a      {a=479005850, b=0, c=20, d=71}
11: dec d      {a=479005850, b=0, c=20, d=70}
9: jnz d -2   {a=479005850, b=0, c=20, d=70}
10: inc a      {a=479005851, b=0, c=20, d=70}
11: dec d      {a=479005851, b=0, c=20, d=69}
9: jnz d -2   {a=479005851, b=0, c=20, d=69}
10: inc a      {a=479005852, b=0, c=20, d=69}
11: dec d      {a=479005852, b=0, c=20, d=68}
9: jnz d -2   {a=479005852, b=0, c=20, d=68}
10: inc a      {a=479005853, b=0, c=20, d=68}
11: dec d      {a=479005853, b=0, c=20, d=67}
9: jnz d -2   {a=479005853, b=0, c=20, d=67}
10: inc a      {a=479005854, b=0, c=20, d=67}
11: dec d      {a=479005854, b=0, c=20, d=66}
9: jnz d -2   {a=479005854, b=0, c=20, d=66}
10: inc a      {a=479005855, b=0, c=20, d=66}
11: dec d      {a=479005855, b=0, c=20, d=65}
9: jnz d -2   {a=479005855, b=0, c=20, d=65}
10: inc a      {a=479005856, b=0, c=20, d=65}
11: dec d      {a=479005856, b=0, c=20, d=64}
9: jnz d -2   {a=479005856, b=0, c=20, d=64}
10: inc a      {a=479005857, b=0, c=20, d=64}
11: dec d      {a=479005857, b=0, c=20, d=63}
9: jnz d -2   {a=479005857, b=0, c=20, d=63}
10: inc a      {a=479005858, b=0, c=20, d=63}
11: dec d      {a=479005858, b=0, c=20, d=62}
9: jnz d -2   {a=479005858, b=0, c=20, d=62}
10: inc a      {a=479005859, b=0, c=20, d=62}
11: dec d      {a=479005859, b=0, c=20, d=61}
9: jnz d -2   {a=479005859, b=0, c=20, d=61}
10: inc a      {a=479005860, b=0, c=20, d=61}
11: dec d      {a=479005860, b=0, c=20, d=60}
9: jnz d -2   {a=479005860, b=0, c=20, d=60}
10: inc a      {a=479005861, b=0, c=20, d=60}
11: dec d      {a=479005861, b=0, c=20, d=59}
9: jnz d -2   {a=479005861, b=0, c=20, d=59}
10: inc a      {a=479005862, b=0, c=20, d=59}
11: dec d      {a=479005862, b=0, c=20, d=58}
9: jnz d -2   {a=479005862, b=0, c=20, d=58}
10: inc a      {a=479005863, b=0, c=20, d=58}
11: dec d      {a=479005863, b=0, c=20, d=57}
9: jnz d -2   {a=479005863, b=0, c=20, d=57}
10: inc a      {a=479005864, b=0, c=20, d=57}
11: dec d      {a=479005864, b=0, c=20, d=56}
9: jnz d -2   {a=479005864, b=0, c=20, d=56}
10: inc a      {a=479005865, b=0, c=20, d=56}
11: dec d      {a=479005865, b=0, c=20, d=55}
9: jnz d -2   {a=479005865, b=0, c=20, d=55}
10: inc a      {a=479005866, b=0, c=20, d=55}
11: dec d      {a=479005866, b=0, c=20, d=54}
9: jnz d -2   {a=479005866, b=0, c=20, d=54}
10: inc a      {a=479005867, b=0, c=20, d=54}
11: dec d      {a=479005867, b=0, c=20, d=53}
9: jnz d -2   {a=479005867, b=0, c=20, d=53}
10: inc a      {a=479005868, b=0, c=20, d=53}
11: dec d      {a=479005868, b=0, c=20, d=52}
9: jnz d -2   {a=479005868, b=0, c=20, d=52}
10: inc a      {a=479005869, b=0, c=20, d=52}
11: dec d      {a=479005869, b=0, c=20, d=51}
9: jnz d -2   {a=479005869, b=0, c=20, d=51}
10: inc a      {a=479005870, b=0, c=20, d=51}
11: dec d      {a=479005870, b=0, c=20, d=50}
9: jnz d -2   {a=479005870, b=0, c=20, d=50}
10: inc a      {a=479005871, b=0, c=20, d=50}
11: dec d      {a=479005871, b=0, c=20, d=49}
9: jnz d -2   {a=479005871, b=0, c=20, d=49}
10: inc a      {a=479005872, b=0, c=20, d=49}
11: dec d      {a=479005872, b=0, c=20, d=48}
9: jnz d -2   {a=479005872, b=0, c=20, d=48}
10: inc a      {a=479005873, b=0, c=20, d=48}
11: dec d      {a=479005873, b=0, c=20, d=47}
9: jnz d -2   {a=479005873, b=0, c=20, d=47}
10: inc a      {a=479005874, b=0, c=20, d=47}
11: dec d      {a=479005874, b=0, c=20, d=46}
9: jnz d -2   {a=479005874, b=0, c=20, d=46}
10: inc a      {a=479005875, b=0, c=20, d=46}
11: dec d      {a=479005875, b=0, c=20, d=45}
9: jnz d -2   {a=479005875, b=0, c=20, d=45}
10: inc a      {a=479005876, b=0, c=20, d=45}
11: dec d      {a=479005876, b=0, c=20, d=44}
9: jnz d -2   {a=479005876, b=0, c=20, d=44}
10: inc a      {a=479005877, b=0, c=20, d=44}
11: dec d      {a=479005877, b=0, c=20, d=43}
9: jnz d -2   {a=479005877, b=0, c=20, d=43}
10: inc a      {a=479005878, b=0, c=20, d=43}
11: dec d      {a=479005878, b=0, c=20, d=42}
9: jnz d -2   {a=479005878, b=0, c=20, d=42}
10: inc a      {a=479005879, b=0, c=20, d=42}
11: dec d      {a=479005879, b=0, c=20, d=41}
9: jnz d -2   {a=479005879, b=0, c=20, d=41}
10: inc a      {a=479005880, b=0, c=20, d=41}
11: dec d      {a=479005880, b=0, c=20, d=40}
9: jnz d -2   {a=479005880, b=0, c=20, d=40}
10: inc a      {a=479005881, b=0, c=20, d=40}
11: dec d      {a=479005881, b=0, c=20, d=39}
9: jnz d -2   {a=479005881, b=0, c=20, d=39}
10: inc a      {a=479005882, b=0, c=20, d=39}
11: dec d      {a=479005882, b=0, c=20, d=38}
9: jnz d -2   {a=479005882, b=0, c=20, d=38}
10: inc a      {a=479005883, b=0, c=20, d=38}
11: dec d      {a=479005883, b=0, c=20, d=37}
9: jnz d -2   {a=479005883, b=0, c=20, d=37}
10: inc a      {a=479005884, b=0, c=20, d=37}
11: dec d      {a=479005884, b=0, c=20, d=36}
9: jnz d -2   {a=479005884, b=0, c=20, d=36}
10: inc a      {a=479005885, b=0, c=20, d=36}
11: dec d      {a=479005885, b=0, c=20, d=35}
9: jnz d -2   {a=479005885, b=0, c=20, d=35}
10: inc a      {a=479005886, b=0, c=20, d=35}
11: dec d      {a=479005886, b=0, c=20, d=34}
9: jnz d -2   {a=479005886, b=0, c=20, d=34}
10: inc a      {a=479005887, b=0, c=20, d=34}
11: dec d      {a=479005887, b=0, c=20, d=33}
9: jnz d -2   {a=479005887, b=0, c=20, d=33}
10: inc a      {a=479005888, b=0, c=20, d=33}
11: dec d      {a=479005888, b=0, c=20, d=32}
9: jnz d -2   {a=479005888, b=0, c=20, d=32}
10: inc a      {a=479005889, b=0, c=20, d=32}
11: dec d      {a=479005889, b=0, c=20, d=31}
9: jnz d -2   {a=479005889, b=0, c=20, d=31}
10: inc a      {a=479005890, b=0, c=20, d=31}
11: dec d      {a=479005890, b=0, c=20, d=30}
9: jnz d -2   {a=479005890, b=0, c=20, d=30}
10: inc a      {a=479005891, b=0, c=20, d=30}
11: dec d      {a=479005891, b=0, c=20, d=29}
9: jnz d -2   {a=479005891, b=0, c=20, d=29}
10: inc a      {a=479005892, b=0, c=20, d=29}
11: dec d      {a=479005892, b=0, c=20, d=28}
9: jnz d -2   {a=479005892, b=0, c=20, d=28}
10: inc a      {a=479005893, b=0, c=20, d=28}
11: dec d      {a=479005893, b=0, c=20, d=27}
9: jnz d -2   {a=479005893, b=0, c=20, d=27}
10: inc a      {a=479005894, b=0, c=20, d=27}
11: dec d      {a=479005894, b=0, c=20, d=26}
9: jnz d -2   {a=479005894, b=0, c=20, d=26}
10: inc a      {a=479005895, b=0, c=20, d=26}
11: dec d      {a=479005895, b=0, c=20, d=25}
9: jnz d -2   {a=479005895, b=0, c=20, d=25}
10: inc a      {a=479005896, b=0, c=20, d=25}
11: dec d      {a=479005896, b=0, c=20, d=24}
9: jnz d -2   {a=479005896, b=0, c=20, d=24}
10: inc a      {a=479005897, b=0, c=20, d=24}
11: dec d      {a=479005897, b=0, c=20, d=23}
9: jnz d -2   {a=479005897, b=0, c=20, d=23}
10: inc a      {a=479005898, b=0, c=20, d=23}
11: dec d      {a=479005898, b=0, c=20, d=22}
9: jnz d -2   {a=479005898, b=0, c=20, d=22}
10: inc a      {a=479005899, b=0, c=20, d=22}
11: dec d      {a=479005899, b=0, c=20, d=21}
9: jnz d -2   {a=479005899, b=0, c=20, d=21}
10: inc a      {a=479005900, b=0, c=20, d=21}
11: dec d      {a=479005900, b=0, c=20, d=20}
9: jnz d -2   {a=479005900, b=0, c=20, d=20}
10: inc a      {a=479005901, b=0, c=20, d=20}
11: dec d      {a=479005901, b=0, c=20, d=19}
9: jnz d -2   {a=479005901, b=0, c=20, d=19}
10: inc a      {a=479005902, b=0, c=20, d=19}
11: dec d      {a=479005902, b=0, c=20, d=18}
9: jnz d -2   {a=479005902, b=0, c=20, d=18}
10: inc a      {a=479005903, b=0, c=20, d=18}
11: dec d      {a=479005903, b=0, c=20, d=17}
9: jnz d -2   {a=479005903, b=0, c=20, d=17}
10: inc a      {a=479005904, b=0, c=20, d=17}
11: dec d      {a=479005904, b=0, c=20, d=16}
9: jnz d -2   {a=479005904, b=0, c=20, d=16}
10: inc a      {a=479005905, b=0, c=20, d=16}
11: dec d      {a=479005905, b=0, c=20, d=15}
9: jnz d -2   {a=479005905, b=0, c=20, d=15}
10: inc a      {a=479005906, b=0, c=20, d=15}
11: dec d      {a=479005906, b=0, c=20, d=14}
9: jnz d -2   {a=479005906, b=0, c=20, d=14}
10: inc a      {a=479005907, b=0, c=20, d=14}
11: dec d      {a=479005907, b=0, c=20, d=13}
9: jnz d -2   {a=479005907, b=0, c=20, d=13}
10: inc a      {a=479005908, b=0, c=20, d=13}
11: dec d      {a=479005908, b=0, c=20, d=12}
9: jnz d -2   {a=479005908, b=0, c=20, d=12}
10: inc a      {a=479005909, b=0, c=20, d=12}
11: dec d      {a=479005909, b=0, c=20, d=11}
9: jnz d -2   {a=479005909, b=0, c=20, d=11}
10: inc a      {a=479005910, b=0, c=20, d=11}
11: dec d      {a=479005910, b=0, c=20, d=10}
9: jnz d -2   {a=479005910, b=0, c=20, d=10}
10: inc a      {a=479005911, b=0, c=20, d=10}
11: dec d      {a=479005911, b=0, c=20, d=9}
9: jnz d -2   {a=479005911, b=0, c=20, d=9}
10: inc a      {a=479005912, b=0, c=20, d=9}
11: dec d      {a=479005912, b=0, c=20, d=8}
9: jnz d -2   {a=479005912, b=0, c=20, d=8}
10: inc a      {a=479005913, b=0, c=20, d=8}
11: dec d      {a=479005913, b=0, c=20, d=7}
9: jnz d -2   {a=479005913, b=0, c=20, d=7}
10: inc a      {a=479005914, b=0, c=20, d=7}
11: dec d      {a=479005914, b=0, c=20, d=6}
9: jnz d -2   {a=479005914, b=0, c=20, d=6}
10: inc a      {a=479005915, b=0, c=20, d=6}
11: dec d      {a=479005915, b=0, c=20, d=5}
9: jnz d -2   {a=479005915, b=0, c=20, d=5}
10: inc a      {a=479005916, b=0, c=20, d=5}
11: dec d      {a=479005916, b=0, c=20, d=4}
9: jnz d -2   {a=479005916, b=0, c=20, d=4}
10: inc a      {a=479005917, b=0, c=20, d=4}
11: dec d      {a=479005917, b=0, c=20, d=3}
9: jnz d -2   {a=479005917, b=0, c=20, d=3}
10: inc a      {a=479005918, b=0, c=20, d=3}
11: dec d      {a=479005918, b=0, c=20, d=2}
9: jnz d -2   {a=479005918, b=0, c=20, d=2}
10: inc a      {a=479005919, b=0, c=20, d=2}
11: dec d      {a=479005919, b=0, c=20, d=1}
9: jnz d -2   {a=479005919, b=0, c=20, d=1}
10: inc a      {a=479005920, b=0, c=20, d=1}
11: dec d      {a=479005920, b=0, c=20, d=0}
12: jnz d -2   {a=479005920, b=0, c=20, d=0}
13: dec c      {a=479005920, b=0, c=19, d=0}
8: jnz c -5   {a=479005920, b=0, c=19, d=0}
9: cpy 80 d   {a=479005920, b=0, c=19, d=80}
10: inc a      {a=479005921, b=0, c=19, d=80}
11: dec d      {a=479005921, b=0, c=19, d=79}
9: jnz d -2   {a=479005921, b=0, c=19, d=79}
10: inc a      {a=479005922, b=0, c=19, d=79}
11: dec d      {a=479005922, b=0, c=19, d=78}
9: jnz d -2   {a=479005922, b=0, c=19, d=78}
10: inc a      {a=479005923, b=0, c=19, d=78}
11: dec d      {a=479005923, b=0, c=19, d=77}
9: jnz d -2   {a=479005923, b=0, c=19, d=77}
10: inc a      {a=479005924, b=0, c=19, d=77}
11: dec d      {a=479005924, b=0, c=19, d=76}
9: jnz d -2   {a=479005924, b=0, c=19, d=76}
10: inc a      {a=479005925, b=0, c=19, d=76}
11: dec d      {a=479005925, b=0, c=19, d=75}
9: jnz d -2   {a=479005925, b=0, c=19, d=75}
10: inc a      {a=479005926, b=0, c=19, d=75}
11: dec d      {a=479005926, b=0, c=19, d=74}
9: jnz d -2   {a=479005926, b=0, c=19, d=74}
10: inc a      {a=479005927, b=0, c=19, d=74}
11: dec d      {a=479005927, b=0, c=19, d=73}
9: jnz d -2   {a=479005927, b=0, c=19, d=73}
10: inc a      {a=479005928, b=0, c=19, d=73}
11: dec d      {a=479005928, b=0, c=19, d=72}
9: jnz d -2   {a=479005928, b=0, c=19, d=72}
10: inc a      {a=479005929, b=0, c=19, d=72}
11: dec d      {a=479005929, b=0, c=19, d=71}
9: jnz d -2   {a=479005929, b=0, c=19, d=71}
10: inc a      {a=479005930, b=0, c=19, d=71}
11: dec d      {a=479005930, b=0, c=19, d=70}
9: jnz d -2   {a=479005930, b=0, c=19, d=70}
10: inc a      {a=479005931, b=0, c=19, d=70}
11: dec d      {a=479005931, b=0, c=19, d=69}
9: jnz d -2   {a=479005931, b=0, c=19, d=69}
10: inc a      {a=479005932, b=0, c=19, d=69}
11: dec d      {a=479005932, b=0, c=19, d=68}
9: jnz d -2   {a=479005932, b=0, c=19, d=68}
10: inc a      {a=479005933, b=0, c=19, d=68}
11: dec d      {a=479005933, b=0, c=19, d=67}
9: jnz d -2   {a=479005933, b=0, c=19, d=67}
10: inc a      {a=479005934, b=0, c=19, d=67}
11: dec d      {a=479005934, b=0, c=19, d=66}
9: jnz d -2   {a=479005934, b=0, c=19, d=66}
10: inc a      {a=479005935, b=0, c=19, d=66}
11: dec d      {a=479005935, b=0, c=19, d=65}
9: jnz d -2   {a=479005935, b=0, c=19, d=65}
10: inc a      {a=479005936, b=0, c=19, d=65}
11: dec d      {a=479005936, b=0, c=19, d=64}
9: jnz d -2   {a=479005936, b=0, c=19, d=64}
10: inc a      {a=479005937, b=0, c=19, d=64}
11: dec d      {a=479005937, b=0, c=19, d=63}
9: jnz d -2   {a=479005937, b=0, c=19, d=63}
10: inc a      {a=479005938, b=0, c=19, d=63}
11: dec d      {a=479005938, b=0, c=19, d=62}
9: jnz d -2   {a=479005938, b=0, c=19, d=62}
10: inc a      {a=479005939, b=0, c=19, d=62}
11: dec d      {a=479005939, b=0, c=19, d=61}
9: jnz d -2   {a=479005939, b=0, c=19, d=61}
10: inc a      {a=479005940, b=0, c=19, d=61}
11: dec d      {a=479005940, b=0, c=19, d=60}
9: jnz d -2   {a=479005940, b=0, c=19, d=60}
10: inc a      {a=479005941, b=0, c=19, d=60}
11: dec d      {a=479005941, b=0, c=19, d=59}
9: jnz d -2   {a=479005941, b=0, c=19, d=59}
10: inc a      {a=479005942, b=0, c=19, d=59}
11: dec d      {a=479005942, b=0, c=19, d=58}
9: jnz d -2   {a=479005942, b=0, c=19, d=58}
10: inc a      {a=479005943, b=0, c=19, d=58}
11: dec d      {a=479005943, b=0, c=19, d=57}
9: jnz d -2   {a=479005943, b=0, c=19, d=57}
10: inc a      {a=479005944, b=0, c=19, d=57}
11: dec d      {a=479005944, b=0, c=19, d=56}
9: jnz d -2   {a=479005944, b=0, c=19, d=56}
10: inc a      {a=479005945, b=0, c=19, d=56}
11: dec d      {a=479005945, b=0, c=19, d=55}
9: jnz d -2   {a=479005945, b=0, c=19, d=55}
10: inc a      {a=479005946, b=0, c=19, d=55}
11: dec d      {a=479005946, b=0, c=19, d=54}
9: jnz d -2   {a=479005946, b=0, c=19, d=54}
10: inc a      {a=479005947, b=0, c=19, d=54}
11: dec d      {a=479005947, b=0, c=19, d=53}
9: jnz d -2   {a=479005947, b=0, c=19, d=53}
10: inc a      {a=479005948, b=0, c=19, d=53}
11: dec d      {a=479005948, b=0, c=19, d=52}
9: jnz d -2   {a=479005948, b=0, c=19, d=52}
10: inc a      {a=479005949, b=0, c=19, d=52}
11: dec d      {a=479005949, b=0, c=19, d=51}
9: jnz d -2   {a=479005949, b=0, c=19, d=51}
10: inc a      {a=479005950, b=0, c=19, d=51}
11: dec d      {a=479005950, b=0, c=19, d=50}
9: jnz d -2   {a=479005950, b=0, c=19, d=50}
10: inc a      {a=479005951, b=0, c=19, d=50}
11: dec d      {a=479005951, b=0, c=19, d=49}
9: jnz d -2   {a=479005951, b=0, c=19, d=49}
10: inc a      {a=479005952, b=0, c=19, d=49}
11: dec d      {a=479005952, b=0, c=19, d=48}
9: jnz d -2   {a=479005952, b=0, c=19, d=48}
10: inc a      {a=479005953, b=0, c=19, d=48}
11: dec d      {a=479005953, b=0, c=19, d=47}
9: jnz d -2   {a=479005953, b=0, c=19, d=47}
10: inc a      {a=479005954, b=0, c=19, d=47}
11: dec d      {a=479005954, b=0, c=19, d=46}
9: jnz d -2   {a=479005954, b=0, c=19, d=46}
10: inc a      {a=479005955, b=0, c=19, d=46}
11: dec d      {a=479005955, b=0, c=19, d=45}
9: jnz d -2   {a=479005955, b=0, c=19, d=45}
10: inc a      {a=479005956, b=0, c=19, d=45}
11: dec d      {a=479005956, b=0, c=19, d=44}
9: jnz d -2   {a=479005956, b=0, c=19, d=44}
10: inc a      {a=479005957, b=0, c=19, d=44}
11: dec d      {a=479005957, b=0, c=19, d=43}
9: jnz d -2   {a=479005957, b=0, c=19, d=43}
10: inc a      {a=479005958, b=0, c=19, d=43}
11: dec d      {a=479005958, b=0, c=19, d=42}
9: jnz d -2   {a=479005958, b=0, c=19, d=42}
10: inc a      {a=479005959, b=0, c=19, d=42}
11: dec d      {a=479005959, b=0, c=19, d=41}
9: jnz d -2   {a=479005959, b=0, c=19, d=41}
10: inc a      {a=479005960, b=0, c=19, d=41}
11: dec d      {a=479005960, b=0, c=19, d=40}
9: jnz d -2   {a=479005960, b=0, c=19, d=40}
10: inc a      {a=479005961, b=0, c=19, d=40}
11: dec d      {a=479005961, b=0, c=19, d=39}
9: jnz d -2   {a=479005961, b=0, c=19, d=39}
10: inc a      {a=479005962, b=0, c=19, d=39}
11: dec d      {a=479005962, b=0, c=19, d=38}
9: jnz d -2   {a=479005962, b=0, c=19, d=38}
10: inc a      {a=479005963, b=0, c=19, d=38}
11: dec d      {a=479005963, b=0, c=19, d=37}
9: jnz d -2   {a=479005963, b=0, c=19, d=37}
10: inc a      {a=479005964, b=0, c=19, d=37}
11: dec d      {a=479005964, b=0, c=19, d=36}
9: jnz d -2   {a=479005964, b=0, c=19, d=36}
10: inc a      {a=479005965, b=0, c=19, d=36}
11: dec d      {a=479005965, b=0, c=19, d=35}
9: jnz d -2   {a=479005965, b=0, c=19, d=35}
10: inc a      {a=479005966, b=0, c=19, d=35}
11: dec d      {a=479005966, b=0, c=19, d=34}
9: jnz d -2   {a=479005966, b=0, c=19, d=34}
10: inc a      {a=479005967, b=0, c=19, d=34}
11: dec d      {a=479005967, b=0, c=19, d=33}
9: jnz d -2   {a=479005967, b=0, c=19, d=33}
10: inc a      {a=479005968, b=0, c=19, d=33}
11: dec d      {a=479005968, b=0, c=19, d=32}
9: jnz d -2   {a=479005968, b=0, c=19, d=32}
10: inc a      {a=479005969, b=0, c=19, d=32}
11: dec d      {a=479005969, b=0, c=19, d=31}
9: jnz d -2   {a=479005969, b=0, c=19, d=31}
10: inc a      {a=479005970, b=0, c=19, d=31}
11: dec d      {a=479005970, b=0, c=19, d=30}
9: jnz d -2   {a=479005970, b=0, c=19, d=30}
10: inc a      {a=479005971, b=0, c=19, d=30}
11: dec d      {a=479005971, b=0, c=19, d=29}
9: jnz d -2   {a=479005971, b=0, c=19, d=29}
10: inc a      {a=479005972, b=0, c=19, d=29}
11: dec d      {a=479005972, b=0, c=19, d=28}
9: jnz d -2   {a=479005972, b=0, c=19, d=28}
10: inc a      {a=479005973, b=0, c=19, d=28}
11: dec d      {a=479005973, b=0, c=19, d=27}
9: jnz d -2   {a=479005973, b=0, c=19, d=27}
10: inc a      {a=479005974, b=0, c=19, d=27}
11: dec d      {a=479005974, b=0, c=19, d=26}
9: jnz d -2   {a=479005974, b=0, c=19, d=26}
10: inc a      {a=479005975, b=0, c=19, d=26}
11: dec d      {a=479005975, b=0, c=19, d=25}
9: jnz d -2   {a=479005975, b=0, c=19, d=25}
10: inc a      {a=479005976, b=0, c=19, d=25}
11: dec d      {a=479005976, b=0, c=19, d=24}
9: jnz d -2   {a=479005976, b=0, c=19, d=24}
10: inc a      {a=479005977, b=0, c=19, d=24}
11: dec d      {a=479005977, b=0, c=19, d=23}
9: jnz d -2   {a=479005977, b=0, c=19, d=23}
10: inc a      {a=479005978, b=0, c=19, d=23}
11: dec d      {a=479005978, b=0, c=19, d=22}
9: jnz d -2   {a=479005978, b=0, c=19, d=22}
10: inc a      {a=479005979, b=0, c=19, d=22}
11: dec d      {a=479005979, b=0, c=19, d=21}
9: jnz d -2   {a=479005979, b=0, c=19, d=21}
10: inc a      {a=479005980, b=0, c=19, d=21}
11: dec d      {a=479005980, b=0, c=19, d=20}
9: jnz d -2   {a=479005980, b=0, c=19, d=20}
10: inc a      {a=479005981, b=0, c=19, d=20}
11: dec d      {a=479005981, b=0, c=19, d=19}
9: jnz d -2   {a=479005981, b=0, c=19, d=19}
10: inc a      {a=479005982, b=0, c=19, d=19}
11: dec d      {a=479005982, b=0, c=19, d=18}
9: jnz d -2   {a=479005982, b=0, c=19, d=18}
10: inc a      {a=479005983, b=0, c=19, d=18}
11: dec d      {a=479005983, b=0, c=19, d=17}
9: jnz d -2   {a=479005983, b=0, c=19, d=17}
10: inc a      {a=479005984, b=0, c=19, d=17}
11: dec d      {a=479005984, b=0, c=19, d=16}
9: jnz d -2   {a=479005984, b=0, c=19, d=16}
10: inc a      {a=479005985, b=0, c=19, d=16}
11: dec d      {a=479005985, b=0, c=19, d=15}
9: jnz d -2   {a=479005985, b=0, c=19, d=15}
10: inc a      {a=479005986, b=0, c=19, d=15}
11: dec d      {a=479005986, b=0, c=19, d=14}
9: jnz d -2   {a=479005986, b=0, c=19, d=14}
10: inc a      {a=479005987, b=0, c=19, d=14}
11: dec d      {a=479005987, b=0, c=19, d=13}
9: jnz d -2   {a=479005987, b=0, c=19, d=13}
10: inc a      {a=479005988, b=0, c=19, d=13}
11: dec d      {a=479005988, b=0, c=19, d=12}
9: jnz d -2   {a=479005988, b=0, c=19, d=12}
10: inc a      {a=479005989, b=0, c=19, d=12}
11: dec d      {a=479005989, b=0, c=19, d=11}
9: jnz d -2   {a=479005989, b=0, c=19, d=11}
10: inc a      {a=479005990, b=0, c=19, d=11}
11: dec d      {a=479005990, b=0, c=19, d=10}
9: jnz d -2   {a=479005990, b=0, c=19, d=10}
10: inc a      {a=479005991, b=0, c=19, d=10}
11: dec d      {a=479005991, b=0, c=19, d=9}
9: jnz d -2   {a=479005991, b=0, c=19, d=9}
10: inc a      {a=479005992, b=0, c=19, d=9}
11: dec d      {a=479005992, b=0, c=19, d=8}
9: jnz d -2   {a=479005992, b=0, c=19, d=8}
10: inc a      {a=479005993, b=0, c=19, d=8}
11: dec d      {a=479005993, b=0, c=19, d=7}
9: jnz d -2   {a=479005993, b=0, c=19, d=7}
10: inc a      {a=479005994, b=0, c=19, d=7}
11: dec d      {a=479005994, b=0, c=19, d=6}
9: jnz d -2   {a=479005994, b=0, c=19, d=6}
10: inc a      {a=479005995, b=0, c=19, d=6}
11: dec d      {a=479005995, b=0, c=19, d=5}
9: jnz d -2   {a=479005995, b=0, c=19, d=5}
10: inc a      {a=479005996, b=0, c=19, d=5}
11: dec d      {a=479005996, b=0, c=19, d=4}
9: jnz d -2   {a=479005996, b=0, c=19, d=4}
10: inc a      {a=479005997, b=0, c=19, d=4}
11: dec d      {a=479005997, b=0, c=19, d=3}
9: jnz d -2   {a=479005997, b=0, c=19, d=3}
10: inc a      {a=479005998, b=0, c=19, d=3}
11: dec d      {a=479005998, b=0, c=19, d=2}
9: jnz d -2   {a=479005998, b=0, c=19, d=2}
10: inc a      {a=479005999, b=0, c=19, d=2}
11: dec d      {a=479005999, b=0, c=19, d=1}
9: jnz d -2   {a=479005999, b=0, c=19, d=1}
10: inc a      {a=479006000, b=0, c=19, d=1}
11: dec d      {a=479006000, b=0, c=19, d=0}
12: jnz d -2   {a=479006000, b=0, c=19, d=0}
13: dec c      {a=479006000, b=0, c=18, d=0}
8: jnz c -5   {a=479006000, b=0, c=18, d=0}
9: cpy 80 d   {a=479006000, b=0, c=18, d=80}
10: inc a      {a=479006001, b=0, c=18, d=80}
11: dec d      {a=479006001, b=0, c=18, d=79}
9: jnz d -2   {a=479006001, b=0, c=18, d=79}
10: inc a      {a=479006002, b=0, c=18, d=79}
11: dec d      {a=479006002, b=0, c=18, d=78}
9: jnz d -2   {a=479006002, b=0, c=18, d=78}
10: inc a      {a=479006003, b=0, c=18, d=78}
11: dec d      {a=479006003, b=0, c=18, d=77}
9: jnz d -2   {a=479006003, b=0, c=18, d=77}
10: inc a      {a=479006004, b=0, c=18, d=77}
11: dec d      {a=479006004, b=0, c=18, d=76}
9: jnz d -2   {a=479006004, b=0, c=18, d=76}
10: inc a      {a=479006005, b=0, c=18, d=76}
11: dec d      {a=479006005, b=0, c=18, d=75}
9: jnz d -2   {a=479006005, b=0, c=18, d=75}
10: inc a      {a=479006006, b=0, c=18, d=75}
11: dec d      {a=479006006, b=0, c=18, d=74}
9: jnz d -2   {a=479006006, b=0, c=18, d=74}
10: inc a      {a=479006007, b=0, c=18, d=74}
11: dec d      {a=479006007, b=0, c=18, d=73}
9: jnz d -2   {a=479006007, b=0, c=18, d=73}
10: inc a      {a=479006008, b=0, c=18, d=73}
11: dec d      {a=479006008, b=0, c=18, d=72}
9: jnz d -2   {a=479006008, b=0, c=18, d=72}
10: inc a      {a=479006009, b=0, c=18, d=72}
11: dec d      {a=479006009, b=0, c=18, d=71}
9: jnz d -2   {a=479006009, b=0, c=18, d=71}
10: inc a      {a=479006010, b=0, c=18, d=71}
11: dec d      {a=479006010, b=0, c=18, d=70}
9: jnz d -2   {a=479006010, b=0, c=18, d=70}
10: inc a      {a=479006011, b=0, c=18, d=70}
11: dec d      {a=479006011, b=0, c=18, d=69}
9: jnz d -2   {a=479006011, b=0, c=18, d=69}
10: inc a      {a=479006012, b=0, c=18, d=69}
11: dec d      {a=479006012, b=0, c=18, d=68}
9: jnz d -2   {a=479006012, b=0, c=18, d=68}
10: inc a      {a=479006013, b=0, c=18, d=68}
11: dec d      {a=479006013, b=0, c=18, d=67}
9: jnz d -2   {a=479006013, b=0, c=18, d=67}
10: inc a      {a=479006014, b=0, c=18, d=67}
11: dec d      {a=479006014, b=0, c=18, d=66}
9: jnz d -2   {a=479006014, b=0, c=18, d=66}
10: inc a      {a=479006015, b=0, c=18, d=66}
11: dec d      {a=479006015, b=0, c=18, d=65}
9: jnz d -2   {a=479006015, b=0, c=18, d=65}
10: inc a      {a=479006016, b=0, c=18, d=65}
11: dec d      {a=479006016, b=0, c=18, d=64}
9: jnz d -2   {a=479006016, b=0, c=18, d=64}
10: inc a      {a=479006017, b=0, c=18, d=64}
11: dec d      {a=479006017, b=0, c=18, d=63}
9: jnz d -2   {a=479006017, b=0, c=18, d=63}
10: inc a      {a=479006018, b=0, c=18, d=63}
11: dec d      {a=479006018, b=0, c=18, d=62}
9: jnz d -2   {a=479006018, b=0, c=18, d=62}
10: inc a      {a=479006019, b=0, c=18, d=62}
11: dec d      {a=479006019, b=0, c=18, d=61}
9: jnz d -2   {a=479006019, b=0, c=18, d=61}
10: inc a      {a=479006020, b=0, c=18, d=61}
11: dec d      {a=479006020, b=0, c=18, d=60}
9: jnz d -2   {a=479006020, b=0, c=18, d=60}
10: inc a      {a=479006021, b=0, c=18, d=60}
11: dec d      {a=479006021, b=0, c=18, d=59}
9: jnz d -2   {a=479006021, b=0, c=18, d=59}
10: inc a      {a=479006022, b=0, c=18, d=59}
11: dec d      {a=479006022, b=0, c=18, d=58}
9: jnz d -2   {a=479006022, b=0, c=18, d=58}
10: inc a      {a=479006023, b=0, c=18, d=58}
11: dec d      {a=479006023, b=0, c=18, d=57}
9: jnz d -2   {a=479006023, b=0, c=18, d=57}
10: inc a      {a=479006024, b=0, c=18, d=57}
11: dec d      {a=479006024, b=0, c=18, d=56}
9: jnz d -2   {a=479006024, b=0, c=18, d=56}
10: inc a      {a=479006025, b=0, c=18, d=56}
11: dec d      {a=479006025, b=0, c=18, d=55}
9: jnz d -2   {a=479006025, b=0, c=18, d=55}
10: inc a      {a=479006026, b=0, c=18, d=55}
11: dec d      {a=479006026, b=0, c=18, d=54}
9: jnz d -2   {a=479006026, b=0, c=18, d=54}
10: inc a      {a=479006027, b=0, c=18, d=54}
11: dec d      {a=479006027, b=0, c=18, d=53}
9: jnz d -2   {a=479006027, b=0, c=18, d=53}
10: inc a      {a=479006028, b=0, c=18, d=53}
11: dec d      {a=479006028, b=0, c=18, d=52}
9: jnz d -2   {a=479006028, b=0, c=18, d=52}
10: inc a      {a=479006029, b=0, c=18, d=52}
11: dec d      {a=479006029, b=0, c=18, d=51}
9: jnz d -2   {a=479006029, b=0, c=18, d=51}
10: inc a      {a=479006030, b=0, c=18, d=51}
11: dec d      {a=479006030, b=0, c=18, d=50}
9: jnz d -2   {a=479006030, b=0, c=18, d=50}
10: inc a      {a=479006031, b=0, c=18, d=50}
11: dec d      {a=479006031, b=0, c=18, d=49}
9: jnz d -2   {a=479006031, b=0, c=18, d=49}
10: inc a      {a=479006032, b=0, c=18, d=49}
11: dec d      {a=479006032, b=0, c=18, d=48}
9: jnz d -2   {a=479006032, b=0, c=18, d=48}
10: inc a      {a=479006033, b=0, c=18, d=48}
11: dec d      {a=479006033, b=0, c=18, d=47}
9: jnz d -2   {a=479006033, b=0, c=18, d=47}
10: inc a      {a=479006034, b=0, c=18, d=47}
11: dec d      {a=479006034, b=0, c=18, d=46}
9: jnz d -2   {a=479006034, b=0, c=18, d=46}
10: inc a      {a=479006035, b=0, c=18, d=46}
11: dec d      {a=479006035, b=0, c=18, d=45}
9: jnz d -2   {a=479006035, b=0, c=18, d=45}
10: inc a      {a=479006036, b=0, c=18, d=45}
11: dec d      {a=479006036, b=0, c=18, d=44}
9: jnz d -2   {a=479006036, b=0, c=18, d=44}
10: inc a      {a=479006037, b=0, c=18, d=44}
11: dec d      {a=479006037, b=0, c=18, d=43}
9: jnz d -2   {a=479006037, b=0, c=18, d=43}
10: inc a      {a=479006038, b=0, c=18, d=43}
11: dec d      {a=479006038, b=0, c=18, d=42}
9: jnz d -2   {a=479006038, b=0, c=18, d=42}
10: inc a      {a=479006039, b=0, c=18, d=42}
11: dec d      {a=479006039, b=0, c=18, d=41}
9: jnz d -2   {a=479006039, b=0, c=18, d=41}
10: inc a      {a=479006040, b=0, c=18, d=41}
11: dec d      {a=479006040, b=0, c=18, d=40}
9: jnz d -2   {a=479006040, b=0, c=18, d=40}
10: inc a      {a=479006041, b=0, c=18, d=40}
11: dec d      {a=479006041, b=0, c=18, d=39}
9: jnz d -2   {a=479006041, b=0, c=18, d=39}
10: inc a      {a=479006042, b=0, c=18, d=39}
11: dec d      {a=479006042, b=0, c=18, d=38}
9: jnz d -2   {a=479006042, b=0, c=18, d=38}
10: inc a      {a=479006043, b=0, c=18, d=38}
11: dec d      {a=479006043, b=0, c=18, d=37}
9: jnz d -2   {a=479006043, b=0, c=18, d=37}
10: inc a      {a=479006044, b=0, c=18, d=37}
11: dec d      {a=479006044, b=0, c=18, d=36}
9: jnz d -2   {a=479006044, b=0, c=18, d=36}
10: inc a      {a=479006045, b=0, c=18, d=36}
11: dec d      {a=479006045, b=0, c=18, d=35}
9: jnz d -2   {a=479006045, b=0, c=18, d=35}
10: inc a      {a=479006046, b=0, c=18, d=35}
11: dec d      {a=479006046, b=0, c=18, d=34}
9: jnz d -2   {a=479006046, b=0, c=18, d=34}
10: inc a      {a=479006047, b=0, c=18, d=34}
11: dec d      {a=479006047, b=0, c=18, d=33}
9: jnz d -2   {a=479006047, b=0, c=18, d=33}
10: inc a      {a=479006048, b=0, c=18, d=33}
11: dec d      {a=479006048, b=0, c=18, d=32}
9: jnz d -2   {a=479006048, b=0, c=18, d=32}
10: inc a      {a=479006049, b=0, c=18, d=32}
11: dec d      {a=479006049, b=0, c=18, d=31}
9: jnz d -2   {a=479006049, b=0, c=18, d=31}
10: inc a      {a=479006050, b=0, c=18, d=31}
11: dec d      {a=479006050, b=0, c=18, d=30}
9: jnz d -2   {a=479006050, b=0, c=18, d=30}
10: inc a      {a=479006051, b=0, c=18, d=30}
11: dec d      {a=479006051, b=0, c=18, d=29}
9: jnz d -2   {a=479006051, b=0, c=18, d=29}
10: inc a      {a=479006052, b=0, c=18, d=29}
11: dec d      {a=479006052, b=0, c=18, d=28}
9: jnz d -2   {a=479006052, b=0, c=18, d=28}
10: inc a      {a=479006053, b=0, c=18, d=28}
11: dec d      {a=479006053, b=0, c=18, d=27}
9: jnz d -2   {a=479006053, b=0, c=18, d=27}
10: inc a      {a=479006054, b=0, c=18, d=27}
11: dec d      {a=479006054, b=0, c=18, d=26}
9: jnz d -2   {a=479006054, b=0, c=18, d=26}
10: inc a      {a=479006055, b=0, c=18, d=26}
11: dec d      {a=479006055, b=0, c=18, d=25}
9: jnz d -2   {a=479006055, b=0, c=18, d=25}
10: inc a      {a=479006056, b=0, c=18, d=25}
11: dec d      {a=479006056, b=0, c=18, d=24}
9: jnz d -2   {a=479006056, b=0, c=18, d=24}
10: inc a      {a=479006057, b=0, c=18, d=24}
11: dec d      {a=479006057, b=0, c=18, d=23}
9: jnz d -2   {a=479006057, b=0, c=18, d=23}
10: inc a      {a=479006058, b=0, c=18, d=23}
11: dec d      {a=479006058, b=0, c=18, d=22}
9: jnz d -2   {a=479006058, b=0, c=18, d=22}
10: inc a      {a=479006059, b=0, c=18, d=22}
11: dec d      {a=479006059, b=0, c=18, d=21}
9: jnz d -2   {a=479006059, b=0, c=18, d=21}
10: inc a      {a=479006060, b=0, c=18, d=21}
11: dec d      {a=479006060, b=0, c=18, d=20}
9: jnz d -2   {a=479006060, b=0, c=18, d=20}
10: inc a      {a=479006061, b=0, c=18, d=20}
11: dec d      {a=479006061, b=0, c=18, d=19}
9: jnz d -2   {a=479006061, b=0, c=18, d=19}
10: inc a      {a=479006062, b=0, c=18, d=19}
11: dec d      {a=479006062, b=0, c=18, d=18}
9: jnz d -2   {a=479006062, b=0, c=18, d=18}
10: inc a      {a=479006063, b=0, c=18, d=18}
11: dec d      {a=479006063, b=0, c=18, d=17}
9: jnz d -2   {a=479006063, b=0, c=18, d=17}
10: inc a      {a=479006064, b=0, c=18, d=17}
11: dec d      {a=479006064, b=0, c=18, d=16}
9: jnz d -2   {a=479006064, b=0, c=18, d=16}
10: inc a      {a=479006065, b=0, c=18, d=16}
11: dec d      {a=479006065, b=0, c=18, d=15}
9: jnz d -2   {a=479006065, b=0, c=18, d=15}
10: inc a      {a=479006066, b=0, c=18, d=15}
11: dec d      {a=479006066, b=0, c=18, d=14}
9: jnz d -2   {a=479006066, b=0, c=18, d=14}
10: inc a      {a=479006067, b=0, c=18, d=14}
11: dec d      {a=479006067, b=0, c=18, d=13}
9: jnz d -2   {a=479006067, b=0, c=18, d=13}
10: inc a      {a=479006068, b=0, c=18, d=13}
11: dec d      {a=479006068, b=0, c=18, d=12}
9: jnz d -2   {a=479006068, b=0, c=18, d=12}
10: inc a      {a=479006069, b=0, c=18, d=12}
11: dec d      {a=479006069, b=0, c=18, d=11}
9: jnz d -2   {a=479006069, b=0, c=18, d=11}
10: inc a      {a=479006070, b=0, c=18, d=11}
11: dec d      {a=479006070, b=0, c=18, d=10}
9: jnz d -2   {a=479006070, b=0, c=18, d=10}
10: inc a      {a=479006071, b=0, c=18, d=10}
11: dec d      {a=479006071, b=0, c=18, d=9}
9: jnz d -2   {a=479006071, b=0, c=18, d=9}
10: inc a      {a=479006072, b=0, c=18, d=9}
11: dec d      {a=479006072, b=0, c=18, d=8}
9: jnz d -2   {a=479006072, b=0, c=18, d=8}
10: inc a      {a=479006073, b=0, c=18, d=8}
11: dec d      {a=479006073, b=0, c=18, d=7}
9: jnz d -2   {a=479006073, b=0, c=18, d=7}
10: inc a      {a=479006074, b=0, c=18, d=7}
11: dec d      {a=479006074, b=0, c=18, d=6}
9: jnz d -2   {a=479006074, b=0, c=18, d=6}
10: inc a      {a=479006075, b=0, c=18, d=6}
11: dec d      {a=479006075, b=0, c=18, d=5}
9: jnz d -2   {a=479006075, b=0, c=18, d=5}
10: inc a      {a=479006076, b=0, c=18, d=5}
11: dec d      {a=479006076, b=0, c=18, d=4}
9: jnz d -2   {a=479006076, b=0, c=18, d=4}
10: inc a      {a=479006077, b=0, c=18, d=4}
11: dec d      {a=479006077, b=0, c=18, d=3}
9: jnz d -2   {a=479006077, b=0, c=18, d=3}
10: inc a      {a=479006078, b=0, c=18, d=3}
11: dec d      {a=479006078, b=0, c=18, d=2}
9: jnz d -2   {a=479006078, b=0, c=18, d=2}
10: inc a      {a=479006079, b=0, c=18, d=2}
11: dec d      {a=479006079, b=0, c=18, d=1}
9: jnz d -2   {a=479006079, b=0, c=18, d=1}
10: inc a      {a=479006080, b=0, c=18, d=1}
11: dec d      {a=479006080, b=0, c=18, d=0}
12: jnz d -2   {a=479006080, b=0, c=18, d=0}
13: dec c      {a=479006080, b=0, c=17, d=0}
8: jnz c -5   {a=479006080, b=0, c=17, d=0}
9: cpy 80 d   {a=479006080, b=0, c=17, d=80}
10: inc a      {a=479006081, b=0, c=17, d=80}
11: dec d      {a=479006081, b=0, c=17, d=79}
9: jnz d -2   {a=479006081, b=0, c=17, d=79}
10: inc a      {a=479006082, b=0, c=17, d=79}
11: dec d      {a=479006082, b=0, c=17, d=78}
9: jnz d -2   {a=479006082, b=0, c=17, d=78}
10: inc a      {a=479006083, b=0, c=17, d=78}
11: dec d      {a=479006083, b=0, c=17, d=77}
9: jnz d -2   {a=479006083, b=0, c=17, d=77}
10: inc a      {a=479006084, b=0, c=17, d=77}
11: dec d      {a=479006084, b=0, c=17, d=76}
9: jnz d -2   {a=479006084, b=0, c=17, d=76}
10: inc a      {a=479006085, b=0, c=17, d=76}
11: dec d      {a=479006085, b=0, c=17, d=75}
9: jnz d -2   {a=479006085, b=0, c=17, d=75}
10: inc a      {a=479006086, b=0, c=17, d=75}
11: dec d      {a=479006086, b=0, c=17, d=74}
9: jnz d -2   {a=479006086, b=0, c=17, d=74}
10: inc a      {a=479006087, b=0, c=17, d=74}
11: dec d      {a=479006087, b=0, c=17, d=73}
9: jnz d -2   {a=479006087, b=0, c=17, d=73}
10: inc a      {a=479006088, b=0, c=17, d=73}
11: dec d      {a=479006088, b=0, c=17, d=72}
9: jnz d -2   {a=479006088, b=0, c=17, d=72}
10: inc a      {a=479006089, b=0, c=17, d=72}
11: dec d      {a=479006089, b=0, c=17, d=71}
9: jnz d -2   {a=479006089, b=0, c=17, d=71}
10: inc a      {a=479006090, b=0, c=17, d=71}
11: dec d      {a=479006090, b=0, c=17, d=70}
9: jnz d -2   {a=479006090, b=0, c=17, d=70}
10: inc a      {a=479006091, b=0, c=17, d=70}
11: dec d      {a=479006091, b=0, c=17, d=69}
9: jnz d -2   {a=479006091, b=0, c=17, d=69}
10: inc a      {a=479006092, b=0, c=17, d=69}
11: dec d      {a=479006092, b=0, c=17, d=68}
9: jnz d -2   {a=479006092, b=0, c=17, d=68}
10: inc a      {a=479006093, b=0, c=17, d=68}
11: dec d      {a=479006093, b=0, c=17, d=67}
9: jnz d -2   {a=479006093, b=0, c=17, d=67}
10: inc a      {a=479006094, b=0, c=17, d=67}
11: dec d      {a=479006094, b=0, c=17, d=66}
9: jnz d -2   {a=479006094, b=0, c=17, d=66}
10: inc a      {a=479006095, b=0, c=17, d=66}
11: dec d      {a=479006095, b=0, c=17, d=65}
9: jnz d -2   {a=479006095, b=0, c=17, d=65}
10: inc a      {a=479006096, b=0, c=17, d=65}
11: dec d      {a=479006096, b=0, c=17, d=64}
9: jnz d -2   {a=479006096, b=0, c=17, d=64}
10: inc a      {a=479006097, b=0, c=17, d=64}
11: dec d      {a=479006097, b=0, c=17, d=63}
9: jnz d -2   {a=479006097, b=0, c=17, d=63}
10: inc a      {a=479006098, b=0, c=17, d=63}
11: dec d      {a=479006098, b=0, c=17, d=62}
9: jnz d -2   {a=479006098, b=0, c=17, d=62}
10: inc a      {a=479006099, b=0, c=17, d=62}
11: dec d      {a=479006099, b=0, c=17, d=61}
9: jnz d -2   {a=479006099, b=0, c=17, d=61}
10: inc a      {a=479006100, b=0, c=17, d=61}
11: dec d      {a=479006100, b=0, c=17, d=60}
9: jnz d -2   {a=479006100, b=0, c=17, d=60}
10: inc a      {a=479006101, b=0, c=17, d=60}
11: dec d      {a=479006101, b=0, c=17, d=59}
9: jnz d -2   {a=479006101, b=0, c=17, d=59}
10: inc a      {a=479006102, b=0, c=17, d=59}
11: dec d      {a=479006102, b=0, c=17, d=58}
9: jnz d -2   {a=479006102, b=0, c=17, d=58}
10: inc a      {a=479006103, b=0, c=17, d=58}
11: dec d      {a=479006103, b=0, c=17, d=57}
9: jnz d -2   {a=479006103, b=0, c=17, d=57}
10: inc a      {a=479006104, b=0, c=17, d=57}
11: dec d      {a=479006104, b=0, c=17, d=56}
9: jnz d -2   {a=479006104, b=0, c=17, d=56}
10: inc a      {a=479006105, b=0, c=17, d=56}
11: dec d      {a=479006105, b=0, c=17, d=55}
9: jnz d -2   {a=479006105, b=0, c=17, d=55}
10: inc a      {a=479006106, b=0, c=17, d=55}
11: dec d      {a=479006106, b=0, c=17, d=54}
9: jnz d -2   {a=479006106, b=0, c=17, d=54}
10: inc a      {a=479006107, b=0, c=17, d=54}
11: dec d      {a=479006107, b=0, c=17, d=53}
9: jnz d -2   {a=479006107, b=0, c=17, d=53}
10: inc a      {a=479006108, b=0, c=17, d=53}
11: dec d      {a=479006108, b=0, c=17, d=52}
9: jnz d -2   {a=479006108, b=0, c=17, d=52}
10: inc a      {a=479006109, b=0, c=17, d=52}
11: dec d      {a=479006109, b=0, c=17, d=51}
9: jnz d -2   {a=479006109, b=0, c=17, d=51}
10: inc a      {a=479006110, b=0, c=17, d=51}
11: dec d      {a=479006110, b=0, c=17, d=50}
9: jnz d -2   {a=479006110, b=0, c=17, d=50}
10: inc a      {a=479006111, b=0, c=17, d=50}
11: dec d      {a=479006111, b=0, c=17, d=49}
9: jnz d -2   {a=479006111, b=0, c=17, d=49}
10: inc a      {a=479006112, b=0, c=17, d=49}
11: dec d      {a=479006112, b=0, c=17, d=48}
9: jnz d -2   {a=479006112, b=0, c=17, d=48}
10: inc a      {a=479006113, b=0, c=17, d=48}
11: dec d      {a=479006113, b=0, c=17, d=47}
9: jnz d -2   {a=479006113, b=0, c=17, d=47}
10: inc a      {a=479006114, b=0, c=17, d=47}
11: dec d      {a=479006114, b=0, c=17, d=46}
9: jnz d -2   {a=479006114, b=0, c=17, d=46}
10: inc a      {a=479006115, b=0, c=17, d=46}
11: dec d      {a=479006115, b=0, c=17, d=45}
9: jnz d -2   {a=479006115, b=0, c=17, d=45}
10: inc a      {a=479006116, b=0, c=17, d=45}
11: dec d      {a=479006116, b=0, c=17, d=44}
9: jnz d -2   {a=479006116, b=0, c=17, d=44}
10: inc a      {a=479006117, b=0, c=17, d=44}
11: dec d      {a=479006117, b=0, c=17, d=43}
9: jnz d -2   {a=479006117, b=0, c=17, d=43}
10: inc a      {a=479006118, b=0, c=17, d=43}
11: dec d      {a=479006118, b=0, c=17, d=42}
9: jnz d -2   {a=479006118, b=0, c=17, d=42}
10: inc a      {a=479006119, b=0, c=17, d=42}
11: dec d      {a=479006119, b=0, c=17, d=41}
9: jnz d -2   {a=479006119, b=0, c=17, d=41}
10: inc a      {a=479006120, b=0, c=17, d=41}
11: dec d      {a=479006120, b=0, c=17, d=40}
9: jnz d -2   {a=479006120, b=0, c=17, d=40}
10: inc a      {a=479006121, b=0, c=17, d=40}
11: dec d      {a=479006121, b=0, c=17, d=39}
9: jnz d -2   {a=479006121, b=0, c=17, d=39}
10: inc a      {a=479006122, b=0, c=17, d=39}
11: dec d      {a=479006122, b=0, c=17, d=38}
9: jnz d -2   {a=479006122, b=0, c=17, d=38}
10: inc a      {a=479006123, b=0, c=17, d=38}
11: dec d      {a=479006123, b=0, c=17, d=37}
9: jnz d -2   {a=479006123, b=0, c=17, d=37}
10: inc a      {a=479006124, b=0, c=17, d=37}
11: dec d      {a=479006124, b=0, c=17, d=36}
9: jnz d -2   {a=479006124, b=0, c=17, d=36}
10: inc a      {a=479006125, b=0, c=17, d=36}
11: dec d      {a=479006125, b=0, c=17, d=35}
9: jnz d -2   {a=479006125, b=0, c=17, d=35}
10: inc a      {a=479006126, b=0, c=17, d=35}
11: dec d      {a=479006126, b=0, c=17, d=34}
9: jnz d -2   {a=479006126, b=0, c=17, d=34}
10: inc a      {a=479006127, b=0, c=17, d=34}
11: dec d      {a=479006127, b=0, c=17, d=33}
9: jnz d -2   {a=479006127, b=0, c=17, d=33}
10: inc a      {a=479006128, b=0, c=17, d=33}
11: dec d      {a=479006128, b=0, c=17, d=32}
9: jnz d -2   {a=479006128, b=0, c=17, d=32}
10: inc a      {a=479006129, b=0, c=17, d=32}
11: dec d      {a=479006129, b=0, c=17, d=31}
9: jnz d -2   {a=479006129, b=0, c=17, d=31}
10: inc a      {a=479006130, b=0, c=17, d=31}
11: dec d      {a=479006130, b=0, c=17, d=30}
9: jnz d -2   {a=479006130, b=0, c=17, d=30}
10: inc a      {a=479006131, b=0, c=17, d=30}
11: dec d      {a=479006131, b=0, c=17, d=29}
9: jnz d -2   {a=479006131, b=0, c=17, d=29}
10: inc a      {a=479006132, b=0, c=17, d=29}
11: dec d      {a=479006132, b=0, c=17, d=28}
9: jnz d -2   {a=479006132, b=0, c=17, d=28}
10: inc a      {a=479006133, b=0, c=17, d=28}
11: dec d      {a=479006133, b=0, c=17, d=27}
9: jnz d -2   {a=479006133, b=0, c=17, d=27}
10: inc a      {a=479006134, b=0, c=17, d=27}
11: dec d      {a=479006134, b=0, c=17, d=26}
9: jnz d -2   {a=479006134, b=0, c=17, d=26}
10: inc a      {a=479006135, b=0, c=17, d=26}
11: dec d      {a=479006135, b=0, c=17, d=25}
9: jnz d -2   {a=479006135, b=0, c=17, d=25}
10: inc a      {a=479006136, b=0, c=17, d=25}
11: dec d      {a=479006136, b=0, c=17, d=24}
9: jnz d -2   {a=479006136, b=0, c=17, d=24}
10: inc a      {a=479006137, b=0, c=17, d=24}
11: dec d      {a=479006137, b=0, c=17, d=23}
9: jnz d -2   {a=479006137, b=0, c=17, d=23}
10: inc a      {a=479006138, b=0, c=17, d=23}
11: dec d      {a=479006138, b=0, c=17, d=22}
9: jnz d -2   {a=479006138, b=0, c=17, d=22}
10: inc a      {a=479006139, b=0, c=17, d=22}
11: dec d      {a=479006139, b=0, c=17, d=21}
9: jnz d -2   {a=479006139, b=0, c=17, d=21}
10: inc a      {a=479006140, b=0, c=17, d=21}
11: dec d      {a=479006140, b=0, c=17, d=20}
9: jnz d -2   {a=479006140, b=0, c=17, d=20}
10: inc a      {a=479006141, b=0, c=17, d=20}
11: dec d      {a=479006141, b=0, c=17, d=19}
9: jnz d -2   {a=479006141, b=0, c=17, d=19}
10: inc a      {a=479006142, b=0, c=17, d=19}
11: dec d      {a=479006142, b=0, c=17, d=18}
9: jnz d -2   {a=479006142, b=0, c=17, d=18}
10: inc a      {a=479006143, b=0, c=17, d=18}
11: dec d      {a=479006143, b=0, c=17, d=17}
9: jnz d -2   {a=479006143, b=0, c=17, d=17}
10: inc a      {a=479006144, b=0, c=17, d=17}
11: dec d      {a=479006144, b=0, c=17, d=16}
9: jnz d -2   {a=479006144, b=0, c=17, d=16}
10: inc a      {a=479006145, b=0, c=17, d=16}
11: dec d      {a=479006145, b=0, c=17, d=15}
9: jnz d -2   {a=479006145, b=0, c=17, d=15}
10: inc a      {a=479006146, b=0, c=17, d=15}
11: dec d      {a=479006146, b=0, c=17, d=14}
9: jnz d -2   {a=479006146, b=0, c=17, d=14}
10: inc a      {a=479006147, b=0, c=17, d=14}
11: dec d      {a=479006147, b=0, c=17, d=13}
9: jnz d -2   {a=479006147, b=0, c=17, d=13}
10: inc a      {a=479006148, b=0, c=17, d=13}
11: dec d      {a=479006148, b=0, c=17, d=12}
9: jnz d -2   {a=479006148, b=0, c=17, d=12}
10: inc a      {a=479006149, b=0, c=17, d=12}
11: dec d      {a=479006149, b=0, c=17, d=11}
9: jnz d -2   {a=479006149, b=0, c=17, d=11}
10: inc a      {a=479006150, b=0, c=17, d=11}
11: dec d      {a=479006150, b=0, c=17, d=10}
9: jnz d -2   {a=479006150, b=0, c=17, d=10}
10: inc a      {a=479006151, b=0, c=17, d=10}
11: dec d      {a=479006151, b=0, c=17, d=9}
9: jnz d -2   {a=479006151, b=0, c=17, d=9}
10: inc a      {a=479006152, b=0, c=17, d=9}
11: dec d      {a=479006152, b=0, c=17, d=8}
9: jnz d -2   {a=479006152, b=0, c=17, d=8}
10: inc a      {a=479006153, b=0, c=17, d=8}
11: dec d      {a=479006153, b=0, c=17, d=7}
9: jnz d -2   {a=479006153, b=0, c=17, d=7}
10: inc a      {a=479006154, b=0, c=17, d=7}
11: dec d      {a=479006154, b=0, c=17, d=6}
9: jnz d -2   {a=479006154, b=0, c=17, d=6}
10: inc a      {a=479006155, b=0, c=17, d=6}
11: dec d      {a=479006155, b=0, c=17, d=5}
9: jnz d -2   {a=479006155, b=0, c=17, d=5}
10: inc a      {a=479006156, b=0, c=17, d=5}
11: dec d      {a=479006156, b=0, c=17, d=4}
9: jnz d -2   {a=479006156, b=0, c=17, d=4}
10: inc a      {a=479006157, b=0, c=17, d=4}
11: dec d      {a=479006157, b=0, c=17, d=3}
9: jnz d -2   {a=479006157, b=0, c=17, d=3}
10: inc a      {a=479006158, b=0, c=17, d=3}
11: dec d      {a=479006158, b=0, c=17, d=2}
9: jnz d -2   {a=479006158, b=0, c=17, d=2}
10: inc a      {a=479006159, b=0, c=17, d=2}
11: dec d      {a=479006159, b=0, c=17, d=1}
9: jnz d -2   {a=479006159, b=0, c=17, d=1}
10: inc a      {a=479006160, b=0, c=17, d=1}
11: dec d      {a=479006160, b=0, c=17, d=0}
12: jnz d -2   {a=479006160, b=0, c=17, d=0}
13: dec c      {a=479006160, b=0, c=16, d=0}
8: jnz c -5   {a=479006160, b=0, c=16, d=0}
9: cpy 80 d   {a=479006160, b=0, c=16, d=80}
10: inc a      {a=479006161, b=0, c=16, d=80}
11: dec d      {a=479006161, b=0, c=16, d=79}
9: jnz d -2   {a=479006161, b=0, c=16, d=79}
10: inc a      {a=479006162, b=0, c=16, d=79}
11: dec d      {a=479006162, b=0, c=16, d=78}
9: jnz d -2   {a=479006162, b=0, c=16, d=78}
10: inc a      {a=479006163, b=0, c=16, d=78}
11: dec d      {a=479006163, b=0, c=16, d=77}
9: jnz d -2   {a=479006163, b=0, c=16, d=77}
10: inc a      {a=479006164, b=0, c=16, d=77}
11: dec d      {a=479006164, b=0, c=16, d=76}
9: jnz d -2   {a=479006164, b=0, c=16, d=76}
10: inc a      {a=479006165, b=0, c=16, d=76}
11: dec d      {a=479006165, b=0, c=16, d=75}
9: jnz d -2   {a=479006165, b=0, c=16, d=75}
10: inc a      {a=479006166, b=0, c=16, d=75}
11: dec d      {a=479006166, b=0, c=16, d=74}
9: jnz d -2   {a=479006166, b=0, c=16, d=74}
10: inc a      {a=479006167, b=0, c=16, d=74}
11: dec d      {a=479006167, b=0, c=16, d=73}
9: jnz d -2   {a=479006167, b=0, c=16, d=73}
10: inc a      {a=479006168, b=0, c=16, d=73}
11: dec d      {a=479006168, b=0, c=16, d=72}
9: jnz d -2   {a=479006168, b=0, c=16, d=72}
10: inc a      {a=479006169, b=0, c=16, d=72}
11: dec d      {a=479006169, b=0, c=16, d=71}
9: jnz d -2   {a=479006169, b=0, c=16, d=71}
10: inc a      {a=479006170, b=0, c=16, d=71}
11: dec d      {a=479006170, b=0, c=16, d=70}
9: jnz d -2   {a=479006170, b=0, c=16, d=70}
10: inc a      {a=479006171, b=0, c=16, d=70}
11: dec d      {a=479006171, b=0, c=16, d=69}
9: jnz d -2   {a=479006171, b=0, c=16, d=69}
10: inc a      {a=479006172, b=0, c=16, d=69}
11: dec d      {a=479006172, b=0, c=16, d=68}
9: jnz d -2   {a=479006172, b=0, c=16, d=68}
10: inc a      {a=479006173, b=0, c=16, d=68}
11: dec d      {a=479006173, b=0, c=16, d=67}
9: jnz d -2   {a=479006173, b=0, c=16, d=67}
10: inc a      {a=479006174, b=0, c=16, d=67}
11: dec d      {a=479006174, b=0, c=16, d=66}
9: jnz d -2   {a=479006174, b=0, c=16, d=66}
10: inc a      {a=479006175, b=0, c=16, d=66}
11: dec d      {a=479006175, b=0, c=16, d=65}
9: jnz d -2   {a=479006175, b=0, c=16, d=65}
10: inc a      {a=479006176, b=0, c=16, d=65}
11: dec d      {a=479006176, b=0, c=16, d=64}
9: jnz d -2   {a=479006176, b=0, c=16, d=64}
10: inc a      {a=479006177, b=0, c=16, d=64}
11: dec d      {a=479006177, b=0, c=16, d=63}
9: jnz d -2   {a=479006177, b=0, c=16, d=63}
10: inc a      {a=479006178, b=0, c=16, d=63}
11: dec d      {a=479006178, b=0, c=16, d=62}
9: jnz d -2   {a=479006178, b=0, c=16, d=62}
10: inc a      {a=479006179, b=0, c=16, d=62}
11: dec d      {a=479006179, b=0, c=16, d=61}
9: jnz d -2   {a=479006179, b=0, c=16, d=61}
10: inc a      {a=479006180, b=0, c=16, d=61}
11: dec d      {a=479006180, b=0, c=16, d=60}
9: jnz d -2   {a=479006180, b=0, c=16, d=60}
10: inc a      {a=479006181, b=0, c=16, d=60}
11: dec d      {a=479006181, b=0, c=16, d=59}
9: jnz d -2   {a=479006181, b=0, c=16, d=59}
10: inc a      {a=479006182, b=0, c=16, d=59}
11: dec d      {a=479006182, b=0, c=16, d=58}
9: jnz d -2   {a=479006182, b=0, c=16, d=58}
10: inc a      {a=479006183, b=0, c=16, d=58}
11: dec d      {a=479006183, b=0, c=16, d=57}
9: jnz d -2   {a=479006183, b=0, c=16, d=57}
10: inc a      {a=479006184, b=0, c=16, d=57}
11: dec d      {a=479006184, b=0, c=16, d=56}
9: jnz d -2   {a=479006184, b=0, c=16, d=56}
10: inc a      {a=479006185, b=0, c=16, d=56}
11: dec d      {a=479006185, b=0, c=16, d=55}
9: jnz d -2   {a=479006185, b=0, c=16, d=55}
10: inc a      {a=479006186, b=0, c=16, d=55}
11: dec d      {a=479006186, b=0, c=16, d=54}
9: jnz d -2   {a=479006186, b=0, c=16, d=54}
10: inc a      {a=479006187, b=0, c=16, d=54}
11: dec d      {a=479006187, b=0, c=16, d=53}
9: jnz d -2   {a=479006187, b=0, c=16, d=53}
10: inc a      {a=479006188, b=0, c=16, d=53}
11: dec d      {a=479006188, b=0, c=16, d=52}
9: jnz d -2   {a=479006188, b=0, c=16, d=52}
10: inc a      {a=479006189, b=0, c=16, d=52}
11: dec d      {a=479006189, b=0, c=16, d=51}
9: jnz d -2   {a=479006189, b=0, c=16, d=51}
10: inc a      {a=479006190, b=0, c=16, d=51}
11: dec d      {a=479006190, b=0, c=16, d=50}
9: jnz d -2   {a=479006190, b=0, c=16, d=50}
10: inc a      {a=479006191, b=0, c=16, d=50}
11: dec d      {a=479006191, b=0, c=16, d=49}
9: jnz d -2   {a=479006191, b=0, c=16, d=49}
10: inc a      {a=479006192, b=0, c=16, d=49}
11: dec d      {a=479006192, b=0, c=16, d=48}
9: jnz d -2   {a=479006192, b=0, c=16, d=48}
10: inc a      {a=479006193, b=0, c=16, d=48}
11: dec d      {a=479006193, b=0, c=16, d=47}
9: jnz d -2   {a=479006193, b=0, c=16, d=47}
10: inc a      {a=479006194, b=0, c=16, d=47}
11: dec d      {a=479006194, b=0, c=16, d=46}
9: jnz d -2   {a=479006194, b=0, c=16, d=46}
10: inc a      {a=479006195, b=0, c=16, d=46}
11: dec d      {a=479006195, b=0, c=16, d=45}
9: jnz d -2   {a=479006195, b=0, c=16, d=45}
10: inc a      {a=479006196, b=0, c=16, d=45}
11: dec d      {a=479006196, b=0, c=16, d=44}
9: jnz d -2   {a=479006196, b=0, c=16, d=44}
10: inc a      {a=479006197, b=0, c=16, d=44}
11: dec d      {a=479006197, b=0, c=16, d=43}
9: jnz d -2   {a=479006197, b=0, c=16, d=43}
10: inc a      {a=479006198, b=0, c=16, d=43}
11: dec d      {a=479006198, b=0, c=16, d=42}
9: jnz d -2   {a=479006198, b=0, c=16, d=42}
10: inc a      {a=479006199, b=0, c=16, d=42}
11: dec d      {a=479006199, b=0, c=16, d=41}
9: jnz d -2   {a=479006199, b=0, c=16, d=41}
10: inc a      {a=479006200, b=0, c=16, d=41}
11: dec d      {a=479006200, b=0, c=16, d=40}
9: jnz d -2   {a=479006200, b=0, c=16, d=40}
10: inc a      {a=479006201, b=0, c=16, d=40}
11: dec d      {a=479006201, b=0, c=16, d=39}
9: jnz d -2   {a=479006201, b=0, c=16, d=39}
10: inc a      {a=479006202, b=0, c=16, d=39}
11: dec d      {a=479006202, b=0, c=16, d=38}
9: jnz d -2   {a=479006202, b=0, c=16, d=38}
10: inc a      {a=479006203, b=0, c=16, d=38}
11: dec d      {a=479006203, b=0, c=16, d=37}
9: jnz d -2   {a=479006203, b=0, c=16, d=37}
10: inc a      {a=479006204, b=0, c=16, d=37}
11: dec d      {a=479006204, b=0, c=16, d=36}
9: jnz d -2   {a=479006204, b=0, c=16, d=36}
10: inc a      {a=479006205, b=0, c=16, d=36}
11: dec d      {a=479006205, b=0, c=16, d=35}
9: jnz d -2   {a=479006205, b=0, c=16, d=35}
10: inc a      {a=479006206, b=0, c=16, d=35}
11: dec d      {a=479006206, b=0, c=16, d=34}
9: jnz d -2   {a=479006206, b=0, c=16, d=34}
10: inc a      {a=479006207, b=0, c=16, d=34}
11: dec d      {a=479006207, b=0, c=16, d=33}
9: jnz d -2   {a=479006207, b=0, c=16, d=33}
10: inc a      {a=479006208, b=0, c=16, d=33}
11: dec d      {a=479006208, b=0, c=16, d=32}
9: jnz d -2   {a=479006208, b=0, c=16, d=32}
10: inc a      {a=479006209, b=0, c=16, d=32}
11: dec d      {a=479006209, b=0, c=16, d=31}
9: jnz d -2   {a=479006209, b=0, c=16, d=31}
10: inc a      {a=479006210, b=0, c=16, d=31}
11: dec d      {a=479006210, b=0, c=16, d=30}
9: jnz d -2   {a=479006210, b=0, c=16, d=30}
10: inc a      {a=479006211, b=0, c=16, d=30}
11: dec d      {a=479006211, b=0, c=16, d=29}
9: jnz d -2   {a=479006211, b=0, c=16, d=29}
10: inc a      {a=479006212, b=0, c=16, d=29}
11: dec d      {a=479006212, b=0, c=16, d=28}
9: jnz d -2   {a=479006212, b=0, c=16, d=28}
10: inc a      {a=479006213, b=0, c=16, d=28}
11: dec d      {a=479006213, b=0, c=16, d=27}
9: jnz d -2   {a=479006213, b=0, c=16, d=27}
10: inc a      {a=479006214, b=0, c=16, d=27}
11: dec d      {a=479006214, b=0, c=16, d=26}
9: jnz d -2   {a=479006214, b=0, c=16, d=26}
10: inc a      {a=479006215, b=0, c=16, d=26}
11: dec d      {a=479006215, b=0, c=16, d=25}
9: jnz d -2   {a=479006215, b=0, c=16, d=25}
10: inc a      {a=479006216, b=0, c=16, d=25}
11: dec d      {a=479006216, b=0, c=16, d=24}
9: jnz d -2   {a=479006216, b=0, c=16, d=24}
10: inc a      {a=479006217, b=0, c=16, d=24}
11: dec d      {a=479006217, b=0, c=16, d=23}
9: jnz d -2   {a=479006217, b=0, c=16, d=23}
10: inc a      {a=479006218, b=0, c=16, d=23}
11: dec d      {a=479006218, b=0, c=16, d=22}
9: jnz d -2   {a=479006218, b=0, c=16, d=22}
10: inc a      {a=479006219, b=0, c=16, d=22}
11: dec d      {a=479006219, b=0, c=16, d=21}
9: jnz d -2   {a=479006219, b=0, c=16, d=21}
10: inc a      {a=479006220, b=0, c=16, d=21}
11: dec d      {a=479006220, b=0, c=16, d=20}
9: jnz d -2   {a=479006220, b=0, c=16, d=20}
10: inc a      {a=479006221, b=0, c=16, d=20}
11: dec d      {a=479006221, b=0, c=16, d=19}
9: jnz d -2   {a=479006221, b=0, c=16, d=19}
10: inc a      {a=479006222, b=0, c=16, d=19}
11: dec d      {a=479006222, b=0, c=16, d=18}
9: jnz d -2   {a=479006222, b=0, c=16, d=18}
10: inc a      {a=479006223, b=0, c=16, d=18}
11: dec d      {a=479006223, b=0, c=16, d=17}
9: jnz d -2   {a=479006223, b=0, c=16, d=17}
10: inc a      {a=479006224, b=0, c=16, d=17}
11: dec d      {a=479006224, b=0, c=16, d=16}
9: jnz d -2   {a=479006224, b=0, c=16, d=16}
10: inc a      {a=479006225, b=0, c=16, d=16}
11: dec d      {a=479006225, b=0, c=16, d=15}
9: jnz d -2   {a=479006225, b=0, c=16, d=15}
10: inc a      {a=479006226, b=0, c=16, d=15}
11: dec d      {a=479006226, b=0, c=16, d=14}
9: jnz d -2   {a=479006226, b=0, c=16, d=14}
10: inc a      {a=479006227, b=0, c=16, d=14}
11: dec d      {a=479006227, b=0, c=16, d=13}
9: jnz d -2   {a=479006227, b=0, c=16, d=13}
10: inc a      {a=479006228, b=0, c=16, d=13}
11: dec d      {a=479006228, b=0, c=16, d=12}
9: jnz d -2   {a=479006228, b=0, c=16, d=12}
10: inc a      {a=479006229, b=0, c=16, d=12}
11: dec d      {a=479006229, b=0, c=16, d=11}
9: jnz d -2   {a=479006229, b=0, c=16, d=11}
10: inc a      {a=479006230, b=0, c=16, d=11}
11: dec d      {a=479006230, b=0, c=16, d=10}
9: jnz d -2   {a=479006230, b=0, c=16, d=10}
10: inc a      {a=479006231, b=0, c=16, d=10}
11: dec d      {a=479006231, b=0, c=16, d=9}
9: jnz d -2   {a=479006231, b=0, c=16, d=9}
10: inc a      {a=479006232, b=0, c=16, d=9}
11: dec d      {a=479006232, b=0, c=16, d=8}
9: jnz d -2   {a=479006232, b=0, c=16, d=8}
10: inc a      {a=479006233, b=0, c=16, d=8}
11: dec d      {a=479006233, b=0, c=16, d=7}
9: jnz d -2   {a=479006233, b=0, c=16, d=7}
10: inc a      {a=479006234, b=0, c=16, d=7}
11: dec d      {a=479006234, b=0, c=16, d=6}
9: jnz d -2   {a=479006234, b=0, c=16, d=6}
10: inc a      {a=479006235, b=0, c=16, d=6}
11: dec d      {a=479006235, b=0, c=16, d=5}
9: jnz d -2   {a=479006235, b=0, c=16, d=5}
10: inc a      {a=479006236, b=0, c=16, d=5}
11: dec d      {a=479006236, b=0, c=16, d=4}
9: jnz d -2   {a=479006236, b=0, c=16, d=4}
10: inc a      {a=479006237, b=0, c=16, d=4}
11: dec d      {a=479006237, b=0, c=16, d=3}
9: jnz d -2   {a=479006237, b=0, c=16, d=3}
10: inc a      {a=479006238, b=0, c=16, d=3}
11: dec d      {a=479006238, b=0, c=16, d=2}
9: jnz d -2   {a=479006238, b=0, c=16, d=2}
10: inc a      {a=479006239, b=0, c=16, d=2}
11: dec d      {a=479006239, b=0, c=16, d=1}
9: jnz d -2   {a=479006239, b=0, c=16, d=1}
10: inc a      {a=479006240, b=0, c=16, d=1}
11: dec d      {a=479006240, b=0, c=16, d=0}
12: jnz d -2   {a=479006240, b=0, c=16, d=0}
13: dec c      {a=479006240, b=0, c=15, d=0}
8: jnz c -5   {a=479006240, b=0, c=15, d=0}
9: cpy 80 d   {a=479006240, b=0, c=15, d=80}
10: inc a      {a=479006241, b=0, c=15, d=80}
11: dec d      {a=479006241, b=0, c=15, d=79}
9: jnz d -2   {a=479006241, b=0, c=15, d=79}
10: inc a      {a=479006242, b=0, c=15, d=79}
11: dec d      {a=479006242, b=0, c=15, d=78}
9: jnz d -2   {a=479006242, b=0, c=15, d=78}
10: inc a      {a=479006243, b=0, c=15, d=78}
11: dec d      {a=479006243, b=0, c=15, d=77}
9: jnz d -2   {a=479006243, b=0, c=15, d=77}
10: inc a      {a=479006244, b=0, c=15, d=77}
11: dec d      {a=479006244, b=0, c=15, d=76}
9: jnz d -2   {a=479006244, b=0, c=15, d=76}
10: inc a      {a=479006245, b=0, c=15, d=76}
11: dec d      {a=479006245, b=0, c=15, d=75}
9: jnz d -2   {a=479006245, b=0, c=15, d=75}
10: inc a      {a=479006246, b=0, c=15, d=75}
11: dec d      {a=479006246, b=0, c=15, d=74}
9: jnz d -2   {a=479006246, b=0, c=15, d=74}
10: inc a      {a=479006247, b=0, c=15, d=74}
11: dec d      {a=479006247, b=0, c=15, d=73}
9: jnz d -2   {a=479006247, b=0, c=15, d=73}
10: inc a      {a=479006248, b=0, c=15, d=73}
11: dec d      {a=479006248, b=0, c=15, d=72}
9: jnz d -2   {a=479006248, b=0, c=15, d=72}
10: inc a      {a=479006249, b=0, c=15, d=72}
11: dec d      {a=479006249, b=0, c=15, d=71}
9: jnz d -2   {a=479006249, b=0, c=15, d=71}
10: inc a      {a=479006250, b=0, c=15, d=71}
11: dec d      {a=479006250, b=0, c=15, d=70}
9: jnz d -2   {a=479006250, b=0, c=15, d=70}
10: inc a      {a=479006251, b=0, c=15, d=70}
11: dec d      {a=479006251, b=0, c=15, d=69}
9: jnz d -2   {a=479006251, b=0, c=15, d=69}
10: inc a      {a=479006252, b=0, c=15, d=69}
11: dec d      {a=479006252, b=0, c=15, d=68}
9: jnz d -2   {a=479006252, b=0, c=15, d=68}
10: inc a      {a=479006253, b=0, c=15, d=68}
11: dec d      {a=479006253, b=0, c=15, d=67}
9: jnz d -2   {a=479006253, b=0, c=15, d=67}
10: inc a      {a=479006254, b=0, c=15, d=67}
11: dec d      {a=479006254, b=0, c=15, d=66}
9: jnz d -2   {a=479006254, b=0, c=15, d=66}
10: inc a      {a=479006255, b=0, c=15, d=66}
11: dec d      {a=479006255, b=0, c=15, d=65}
9: jnz d -2   {a=479006255, b=0, c=15, d=65}
10: inc a      {a=479006256, b=0, c=15, d=65}
11: dec d      {a=479006256, b=0, c=15, d=64}
9: jnz d -2   {a=479006256, b=0, c=15, d=64}
10: inc a      {a=479006257, b=0, c=15, d=64}
11: dec d      {a=479006257, b=0, c=15, d=63}
9: jnz d -2   {a=479006257, b=0, c=15, d=63}
10: inc a      {a=479006258, b=0, c=15, d=63}
11: dec d      {a=479006258, b=0, c=15, d=62}
9: jnz d -2   {a=479006258, b=0, c=15, d=62}
10: inc a      {a=479006259, b=0, c=15, d=62}
11: dec d      {a=479006259, b=0, c=15, d=61}
9: jnz d -2   {a=479006259, b=0, c=15, d=61}
10: inc a      {a=479006260, b=0, c=15, d=61}
11: dec d      {a=479006260, b=0, c=15, d=60}
9: jnz d -2   {a=479006260, b=0, c=15, d=60}
10: inc a      {a=479006261, b=0, c=15, d=60}
11: dec d      {a=479006261, b=0, c=15, d=59}
9: jnz d -2   {a=479006261, b=0, c=15, d=59}
10: inc a      {a=479006262, b=0, c=15, d=59}
11: dec d      {a=479006262, b=0, c=15, d=58}
9: jnz d -2   {a=479006262, b=0, c=15, d=58}
10: inc a      {a=479006263, b=0, c=15, d=58}
11: dec d      {a=479006263, b=0, c=15, d=57}
9: jnz d -2   {a=479006263, b=0, c=15, d=57}
10: inc a      {a=479006264, b=0, c=15, d=57}
11: dec d      {a=479006264, b=0, c=15, d=56}
9: jnz d -2   {a=479006264, b=0, c=15, d=56}
10: inc a      {a=479006265, b=0, c=15, d=56}
11: dec d      {a=479006265, b=0, c=15, d=55}
9: jnz d -2   {a=479006265, b=0, c=15, d=55}
10: inc a      {a=479006266, b=0, c=15, d=55}
11: dec d      {a=479006266, b=0, c=15, d=54}
9: jnz d -2   {a=479006266, b=0, c=15, d=54}
10: inc a      {a=479006267, b=0, c=15, d=54}
11: dec d      {a=479006267, b=0, c=15, d=53}
9: jnz d -2   {a=479006267, b=0, c=15, d=53}
10: inc a      {a=479006268, b=0, c=15, d=53}
11: dec d      {a=479006268, b=0, c=15, d=52}
9: jnz d -2   {a=479006268, b=0, c=15, d=52}
10: inc a      {a=479006269, b=0, c=15, d=52}
11: dec d      {a=479006269, b=0, c=15, d=51}
9: jnz d -2   {a=479006269, b=0, c=15, d=51}
10: inc a      {a=479006270, b=0, c=15, d=51}
11: dec d      {a=479006270, b=0, c=15, d=50}
9: jnz d -2   {a=479006270, b=0, c=15, d=50}
10: inc a      {a=479006271, b=0, c=15, d=50}
11: dec d      {a=479006271, b=0, c=15, d=49}
9: jnz d -2   {a=479006271, b=0, c=15, d=49}
10: inc a      {a=479006272, b=0, c=15, d=49}
11: dec d      {a=479006272, b=0, c=15, d=48}
9: jnz d -2   {a=479006272, b=0, c=15, d=48}
10: inc a      {a=479006273, b=0, c=15, d=48}
11: dec d      {a=479006273, b=0, c=15, d=47}
9: jnz d -2   {a=479006273, b=0, c=15, d=47}
10: inc a      {a=479006274, b=0, c=15, d=47}
11: dec d      {a=479006274, b=0, c=15, d=46}
9: jnz d -2   {a=479006274, b=0, c=15, d=46}
10: inc a      {a=479006275, b=0, c=15, d=46}
11: dec d      {a=479006275, b=0, c=15, d=45}
9: jnz d -2   {a=479006275, b=0, c=15, d=45}
10: inc a      {a=479006276, b=0, c=15, d=45}
11: dec d      {a=479006276, b=0, c=15, d=44}
9: jnz d -2   {a=479006276, b=0, c=15, d=44}
10: inc a      {a=479006277, b=0, c=15, d=44}
11: dec d      {a=479006277, b=0, c=15, d=43}
9: jnz d -2   {a=479006277, b=0, c=15, d=43}
10: inc a      {a=479006278, b=0, c=15, d=43}
11: dec d      {a=479006278, b=0, c=15, d=42}
9: jnz d -2   {a=479006278, b=0, c=15, d=42}
10: inc a      {a=479006279, b=0, c=15, d=42}
11: dec d      {a=479006279, b=0, c=15, d=41}
9: jnz d -2   {a=479006279, b=0, c=15, d=41}
10: inc a      {a=479006280, b=0, c=15, d=41}
11: dec d      {a=479006280, b=0, c=15, d=40}
9: jnz d -2   {a=479006280, b=0, c=15, d=40}
10: inc a      {a=479006281, b=0, c=15, d=40}
11: dec d      {a=479006281, b=0, c=15, d=39}
9: jnz d -2   {a=479006281, b=0, c=15, d=39}
10: inc a      {a=479006282, b=0, c=15, d=39}
11: dec d      {a=479006282, b=0, c=15, d=38}
9: jnz d -2   {a=479006282, b=0, c=15, d=38}
10: inc a      {a=479006283, b=0, c=15, d=38}
11: dec d      {a=479006283, b=0, c=15, d=37}
9: jnz d -2   {a=479006283, b=0, c=15, d=37}
10: inc a      {a=479006284, b=0, c=15, d=37}
11: dec d      {a=479006284, b=0, c=15, d=36}
9: jnz d -2   {a=479006284, b=0, c=15, d=36}
10: inc a      {a=479006285, b=0, c=15, d=36}
11: dec d      {a=479006285, b=0, c=15, d=35}
9: jnz d -2   {a=479006285, b=0, c=15, d=35}
10: inc a      {a=479006286, b=0, c=15, d=35}
11: dec d      {a=479006286, b=0, c=15, d=34}
9: jnz d -2   {a=479006286, b=0, c=15, d=34}
10: inc a      {a=479006287, b=0, c=15, d=34}
11: dec d      {a=479006287, b=0, c=15, d=33}
9: jnz d -2   {a=479006287, b=0, c=15, d=33}
10: inc a      {a=479006288, b=0, c=15, d=33}
11: dec d      {a=479006288, b=0, c=15, d=32}
9: jnz d -2   {a=479006288, b=0, c=15, d=32}
10: inc a      {a=479006289, b=0, c=15, d=32}
11: dec d      {a=479006289, b=0, c=15, d=31}
9: jnz d -2   {a=479006289, b=0, c=15, d=31}
10: inc a      {a=479006290, b=0, c=15, d=31}
11: dec d      {a=479006290, b=0, c=15, d=30}
9: jnz d -2   {a=479006290, b=0, c=15, d=30}
10: inc a      {a=479006291, b=0, c=15, d=30}
11: dec d      {a=479006291, b=0, c=15, d=29}
9: jnz d -2   {a=479006291, b=0, c=15, d=29}
10: inc a      {a=479006292, b=0, c=15, d=29}
11: dec d      {a=479006292, b=0, c=15, d=28}
9: jnz d -2   {a=479006292, b=0, c=15, d=28}
10: inc a      {a=479006293, b=0, c=15, d=28}
11: dec d      {a=479006293, b=0, c=15, d=27}
9: jnz d -2   {a=479006293, b=0, c=15, d=27}
10: inc a      {a=479006294, b=0, c=15, d=27}
11: dec d      {a=479006294, b=0, c=15, d=26}
9: jnz d -2   {a=479006294, b=0, c=15, d=26}
10: inc a      {a=479006295, b=0, c=15, d=26}
11: dec d      {a=479006295, b=0, c=15, d=25}
9: jnz d -2   {a=479006295, b=0, c=15, d=25}
10: inc a      {a=479006296, b=0, c=15, d=25}
11: dec d      {a=479006296, b=0, c=15, d=24}
9: jnz d -2   {a=479006296, b=0, c=15, d=24}
10: inc a      {a=479006297, b=0, c=15, d=24}
11: dec d      {a=479006297, b=0, c=15, d=23}
9: jnz d -2   {a=479006297, b=0, c=15, d=23}
10: inc a      {a=479006298, b=0, c=15, d=23}
11: dec d      {a=479006298, b=0, c=15, d=22}
9: jnz d -2   {a=479006298, b=0, c=15, d=22}
10: inc a      {a=479006299, b=0, c=15, d=22}
11: dec d      {a=479006299, b=0, c=15, d=21}
9: jnz d -2   {a=479006299, b=0, c=15, d=21}
10: inc a      {a=479006300, b=0, c=15, d=21}
11: dec d      {a=479006300, b=0, c=15, d=20}
9: jnz d -2   {a=479006300, b=0, c=15, d=20}
10: inc a      {a=479006301, b=0, c=15, d=20}
11: dec d      {a=479006301, b=0, c=15, d=19}
9: jnz d -2   {a=479006301, b=0, c=15, d=19}
10: inc a      {a=479006302, b=0, c=15, d=19}
11: dec d      {a=479006302, b=0, c=15, d=18}
9: jnz d -2   {a=479006302, b=0, c=15, d=18}
10: inc a      {a=479006303, b=0, c=15, d=18}
11: dec d      {a=479006303, b=0, c=15, d=17}
9: jnz d -2   {a=479006303, b=0, c=15, d=17}
10: inc a      {a=479006304, b=0, c=15, d=17}
11: dec d      {a=479006304, b=0, c=15, d=16}
9: jnz d -2   {a=479006304, b=0, c=15, d=16}
10: inc a      {a=479006305, b=0, c=15, d=16}
11: dec d      {a=479006305, b=0, c=15, d=15}
9: jnz d -2   {a=479006305, b=0, c=15, d=15}
10: inc a      {a=479006306, b=0, c=15, d=15}
11: dec d      {a=479006306, b=0, c=15, d=14}
9: jnz d -2   {a=479006306, b=0, c=15, d=14}
10: inc a      {a=479006307, b=0, c=15, d=14}
11: dec d      {a=479006307, b=0, c=15, d=13}
9: jnz d -2   {a=479006307, b=0, c=15, d=13}
10: inc a      {a=479006308, b=0, c=15, d=13}
11: dec d      {a=479006308, b=0, c=15, d=12}
9: jnz d -2   {a=479006308, b=0, c=15, d=12}
10: inc a      {a=479006309, b=0, c=15, d=12}
11: dec d      {a=479006309, b=0, c=15, d=11}
9: jnz d -2   {a=479006309, b=0, c=15, d=11}
10: inc a      {a=479006310, b=0, c=15, d=11}
11: dec d      {a=479006310, b=0, c=15, d=10}
9: jnz d -2   {a=479006310, b=0, c=15, d=10}
10: inc a      {a=479006311, b=0, c=15, d=10}
11: dec d      {a=479006311, b=0, c=15, d=9}
9: jnz d -2   {a=479006311, b=0, c=15, d=9}
10: inc a      {a=479006312, b=0, c=15, d=9}
11: dec d      {a=479006312, b=0, c=15, d=8}
9: jnz d -2   {a=479006312, b=0, c=15, d=8}
10: inc a      {a=479006313, b=0, c=15, d=8}
11: dec d      {a=479006313, b=0, c=15, d=7}
9: jnz d -2   {a=479006313, b=0, c=15, d=7}
10: inc a      {a=479006314, b=0, c=15, d=7}
11: dec d      {a=479006314, b=0, c=15, d=6}
9: jnz d -2   {a=479006314, b=0, c=15, d=6}
10: inc a      {a=479006315, b=0, c=15, d=6}
11: dec d      {a=479006315, b=0, c=15, d=5}
9: jnz d -2   {a=479006315, b=0, c=15, d=5}
10: inc a      {a=479006316, b=0, c=15, d=5}
11: dec d      {a=479006316, b=0, c=15, d=4}
9: jnz d -2   {a=479006316, b=0, c=15, d=4}
10: inc a      {a=479006317, b=0, c=15, d=4}
11: dec d      {a=479006317, b=0, c=15, d=3}
9: jnz d -2   {a=479006317, b=0, c=15, d=3}
10: inc a      {a=479006318, b=0, c=15, d=3}
11: dec d      {a=479006318, b=0, c=15, d=2}
9: jnz d -2   {a=479006318, b=0, c=15, d=2}
10: inc a      {a=479006319, b=0, c=15, d=2}
11: dec d      {a=479006319, b=0, c=15, d=1}
9: jnz d -2   {a=479006319, b=0, c=15, d=1}
10: inc a      {a=479006320, b=0, c=15, d=1}
11: dec d      {a=479006320, b=0, c=15, d=0}
12: jnz d -2   {a=479006320, b=0, c=15, d=0}
13: dec c      {a=479006320, b=0, c=14, d=0}
8: jnz c -5   {a=479006320, b=0, c=14, d=0}
9: cpy 80 d   {a=479006320, b=0, c=14, d=80}
10: inc a      {a=479006321, b=0, c=14, d=80}
11: dec d      {a=479006321, b=0, c=14, d=79}
9: jnz d -2   {a=479006321, b=0, c=14, d=79}
10: inc a      {a=479006322, b=0, c=14, d=79}
11: dec d      {a=479006322, b=0, c=14, d=78}
9: jnz d -2   {a=479006322, b=0, c=14, d=78}
10: inc a      {a=479006323, b=0, c=14, d=78}
11: dec d      {a=479006323, b=0, c=14, d=77}
9: jnz d -2   {a=479006323, b=0, c=14, d=77}
10: inc a      {a=479006324, b=0, c=14, d=77}
11: dec d      {a=479006324, b=0, c=14, d=76}
9: jnz d -2   {a=479006324, b=0, c=14, d=76}
10: inc a      {a=479006325, b=0, c=14, d=76}
11: dec d      {a=479006325, b=0, c=14, d=75}
9: jnz d -2   {a=479006325, b=0, c=14, d=75}
10: inc a      {a=479006326, b=0, c=14, d=75}
11: dec d      {a=479006326, b=0, c=14, d=74}
9: jnz d -2   {a=479006326, b=0, c=14, d=74}
10: inc a      {a=479006327, b=0, c=14, d=74}
11: dec d      {a=479006327, b=0, c=14, d=73}
9: jnz d -2   {a=479006327, b=0, c=14, d=73}
10: inc a      {a=479006328, b=0, c=14, d=73}
11: dec d      {a=479006328, b=0, c=14, d=72}
9: jnz d -2   {a=479006328, b=0, c=14, d=72}
10: inc a      {a=479006329, b=0, c=14, d=72}
11: dec d      {a=479006329, b=0, c=14, d=71}
9: jnz d -2   {a=479006329, b=0, c=14, d=71}
10: inc a      {a=479006330, b=0, c=14, d=71}
11: dec d      {a=479006330, b=0, c=14, d=70}
9: jnz d -2   {a=479006330, b=0, c=14, d=70}
10: inc a      {a=479006331, b=0, c=14, d=70}
11: dec d      {a=479006331, b=0, c=14, d=69}
9: jnz d -2   {a=479006331, b=0, c=14, d=69}
10: inc a      {a=479006332, b=0, c=14, d=69}
11: dec d      {a=479006332, b=0, c=14, d=68}
9: jnz d -2   {a=479006332, b=0, c=14, d=68}
10: inc a      {a=479006333, b=0, c=14, d=68}
11: dec d      {a=479006333, b=0, c=14, d=67}
9: jnz d -2   {a=479006333, b=0, c=14, d=67}
10: inc a      {a=479006334, b=0, c=14, d=67}
11: dec d      {a=479006334, b=0, c=14, d=66}
9: jnz d -2   {a=479006334, b=0, c=14, d=66}
10: inc a      {a=479006335, b=0, c=14, d=66}
11: dec d      {a=479006335, b=0, c=14, d=65}
9: jnz d -2   {a=479006335, b=0, c=14, d=65}
10: inc a      {a=479006336, b=0, c=14, d=65}
11: dec d      {a=479006336, b=0, c=14, d=64}
9: jnz d -2   {a=479006336, b=0, c=14, d=64}
10: inc a      {a=479006337, b=0, c=14, d=64}
11: dec d      {a=479006337, b=0, c=14, d=63}
9: jnz d -2   {a=479006337, b=0, c=14, d=63}
10: inc a      {a=479006338, b=0, c=14, d=63}
11: dec d      {a=479006338, b=0, c=14, d=62}
9: jnz d -2   {a=479006338, b=0, c=14, d=62}
10: inc a      {a=479006339, b=0, c=14, d=62}
11: dec d      {a=479006339, b=0, c=14, d=61}
9: jnz d -2   {a=479006339, b=0, c=14, d=61}
10: inc a      {a=479006340, b=0, c=14, d=61}
11: dec d      {a=479006340, b=0, c=14, d=60}
9: jnz d -2   {a=479006340, b=0, c=14, d=60}
10: inc a      {a=479006341, b=0, c=14, d=60}
11: dec d      {a=479006341, b=0, c=14, d=59}
9: jnz d -2   {a=479006341, b=0, c=14, d=59}
10: inc a      {a=479006342, b=0, c=14, d=59}
11: dec d      {a=479006342, b=0, c=14, d=58}
9: jnz d -2   {a=479006342, b=0, c=14, d=58}
10: inc a      {a=479006343, b=0, c=14, d=58}
11: dec d      {a=479006343, b=0, c=14, d=57}
9: jnz d -2   {a=479006343, b=0, c=14, d=57}
10: inc a      {a=479006344, b=0, c=14, d=57}
11: dec d      {a=479006344, b=0, c=14, d=56}
9: jnz d -2   {a=479006344, b=0, c=14, d=56}
10: inc a      {a=479006345, b=0, c=14, d=56}
11: dec d      {a=479006345, b=0, c=14, d=55}
9: jnz d -2   {a=479006345, b=0, c=14, d=55}
10: inc a      {a=479006346, b=0, c=14, d=55}
11: dec d      {a=479006346, b=0, c=14, d=54}
9: jnz d -2   {a=479006346, b=0, c=14, d=54}
10: inc a      {a=479006347, b=0, c=14, d=54}
11: dec d      {a=479006347, b=0, c=14, d=53}
9: jnz d -2   {a=479006347, b=0, c=14, d=53}
10: inc a      {a=479006348, b=0, c=14, d=53}
11: dec d      {a=479006348, b=0, c=14, d=52}
9: jnz d -2   {a=479006348, b=0, c=14, d=52}
10: inc a      {a=479006349, b=0, c=14, d=52}
11: dec d      {a=479006349, b=0, c=14, d=51}
9: jnz d -2   {a=479006349, b=0, c=14, d=51}
10: inc a      {a=479006350, b=0, c=14, d=51}
11: dec d      {a=479006350, b=0, c=14, d=50}
9: jnz d -2   {a=479006350, b=0, c=14, d=50}
10: inc a      {a=479006351, b=0, c=14, d=50}
11: dec d      {a=479006351, b=0, c=14, d=49}
9: jnz d -2   {a=479006351, b=0, c=14, d=49}
10: inc a      {a=479006352, b=0, c=14, d=49}
11: dec d      {a=479006352, b=0, c=14, d=48}
9: jnz d -2   {a=479006352, b=0, c=14, d=48}
10: inc a      {a=479006353, b=0, c=14, d=48}
11: dec d      {a=479006353, b=0, c=14, d=47}
9: jnz d -2   {a=479006353, b=0, c=14, d=47}
10: inc a      {a=479006354, b=0, c=14, d=47}
11: dec d      {a=479006354, b=0, c=14, d=46}
9: jnz d -2   {a=479006354, b=0, c=14, d=46}
10: inc a      {a=479006355, b=0, c=14, d=46}
11: dec d      {a=479006355, b=0, c=14, d=45}
9: jnz d -2   {a=479006355, b=0, c=14, d=45}
10: inc a      {a=479006356, b=0, c=14, d=45}
11: dec d      {a=479006356, b=0, c=14, d=44}
9: jnz d -2   {a=479006356, b=0, c=14, d=44}
10: inc a      {a=479006357, b=0, c=14, d=44}
11: dec d      {a=479006357, b=0, c=14, d=43}
9: jnz d -2   {a=479006357, b=0, c=14, d=43}
10: inc a      {a=479006358, b=0, c=14, d=43}
11: dec d      {a=479006358, b=0, c=14, d=42}
9: jnz d -2   {a=479006358, b=0, c=14, d=42}
10: inc a      {a=479006359, b=0, c=14, d=42}
11: dec d      {a=479006359, b=0, c=14, d=41}
9: jnz d -2   {a=479006359, b=0, c=14, d=41}
10: inc a      {a=479006360, b=0, c=14, d=41}
11: dec d      {a=479006360, b=0, c=14, d=40}
9: jnz d -2   {a=479006360, b=0, c=14, d=40}
10: inc a      {a=479006361, b=0, c=14, d=40}
11: dec d      {a=479006361, b=0, c=14, d=39}
9: jnz d -2   {a=479006361, b=0, c=14, d=39}
10: inc a      {a=479006362, b=0, c=14, d=39}
11: dec d      {a=479006362, b=0, c=14, d=38}
9: jnz d -2   {a=479006362, b=0, c=14, d=38}
10: inc a      {a=479006363, b=0, c=14, d=38}
11: dec d      {a=479006363, b=0, c=14, d=37}
9: jnz d -2   {a=479006363, b=0, c=14, d=37}
10: inc a      {a=479006364, b=0, c=14, d=37}
11: dec d      {a=479006364, b=0, c=14, d=36}
9: jnz d -2   {a=479006364, b=0, c=14, d=36}
10: inc a      {a=479006365, b=0, c=14, d=36}
11: dec d      {a=479006365, b=0, c=14, d=35}
9: jnz d -2   {a=479006365, b=0, c=14, d=35}
10: inc a      {a=479006366, b=0, c=14, d=35}
11: dec d      {a=479006366, b=0, c=14, d=34}
9: jnz d -2   {a=479006366, b=0, c=14, d=34}
10: inc a      {a=479006367, b=0, c=14, d=34}
11: dec d      {a=479006367, b=0, c=14, d=33}
9: jnz d -2   {a=479006367, b=0, c=14, d=33}
10: inc a      {a=479006368, b=0, c=14, d=33}
11: dec d      {a=479006368, b=0, c=14, d=32}
9: jnz d -2   {a=479006368, b=0, c=14, d=32}
10: inc a      {a=479006369, b=0, c=14, d=32}
11: dec d      {a=479006369, b=0, c=14, d=31}
9: jnz d -2   {a=479006369, b=0, c=14, d=31}
10: inc a      {a=479006370, b=0, c=14, d=31}
11: dec d      {a=479006370, b=0, c=14, d=30}
9: jnz d -2   {a=479006370, b=0, c=14, d=30}
10: inc a      {a=479006371, b=0, c=14, d=30}
11: dec d      {a=479006371, b=0, c=14, d=29}
9: jnz d -2   {a=479006371, b=0, c=14, d=29}
10: inc a      {a=479006372, b=0, c=14, d=29}
11: dec d      {a=479006372, b=0, c=14, d=28}
9: jnz d -2   {a=479006372, b=0, c=14, d=28}
10: inc a      {a=479006373, b=0, c=14, d=28}
11: dec d      {a=479006373, b=0, c=14, d=27}
9: jnz d -2   {a=479006373, b=0, c=14, d=27}
10: inc a      {a=479006374, b=0, c=14, d=27}
11: dec d      {a=479006374, b=0, c=14, d=26}
9: jnz d -2   {a=479006374, b=0, c=14, d=26}
10: inc a      {a=479006375, b=0, c=14, d=26}
11: dec d      {a=479006375, b=0, c=14, d=25}
9: jnz d -2   {a=479006375, b=0, c=14, d=25}
10: inc a      {a=479006376, b=0, c=14, d=25}
11: dec d      {a=479006376, b=0, c=14, d=24}
9: jnz d -2   {a=479006376, b=0, c=14, d=24}
10: inc a      {a=479006377, b=0, c=14, d=24}
11: dec d      {a=479006377, b=0, c=14, d=23}
9: jnz d -2   {a=479006377, b=0, c=14, d=23}
10: inc a      {a=479006378, b=0, c=14, d=23}
11: dec d      {a=479006378, b=0, c=14, d=22}
9: jnz d -2   {a=479006378, b=0, c=14, d=22}
10: inc a      {a=479006379, b=0, c=14, d=22}
11: dec d      {a=479006379, b=0, c=14, d=21}
9: jnz d -2   {a=479006379, b=0, c=14, d=21}
10: inc a      {a=479006380, b=0, c=14, d=21}
11: dec d      {a=479006380, b=0, c=14, d=20}
9: jnz d -2   {a=479006380, b=0, c=14, d=20}
10: inc a      {a=479006381, b=0, c=14, d=20}
11: dec d      {a=479006381, b=0, c=14, d=19}
9: jnz d -2   {a=479006381, b=0, c=14, d=19}
10: inc a      {a=479006382, b=0, c=14, d=19}
11: dec d      {a=479006382, b=0, c=14, d=18}
9: jnz d -2   {a=479006382, b=0, c=14, d=18}
10: inc a      {a=479006383, b=0, c=14, d=18}
11: dec d      {a=479006383, b=0, c=14, d=17}
9: jnz d -2   {a=479006383, b=0, c=14, d=17}
10: inc a      {a=479006384, b=0, c=14, d=17}
11: dec d      {a=479006384, b=0, c=14, d=16}
9: jnz d -2   {a=479006384, b=0, c=14, d=16}
10: inc a      {a=479006385, b=0, c=14, d=16}
11: dec d      {a=479006385, b=0, c=14, d=15}
9: jnz d -2   {a=479006385, b=0, c=14, d=15}
10: inc a      {a=479006386, b=0, c=14, d=15}
11: dec d      {a=479006386, b=0, c=14, d=14}
9: jnz d -2   {a=479006386, b=0, c=14, d=14}
10: inc a      {a=479006387, b=0, c=14, d=14}
11: dec d      {a=479006387, b=0, c=14, d=13}
9: jnz d -2   {a=479006387, b=0, c=14, d=13}
10: inc a      {a=479006388, b=0, c=14, d=13}
11: dec d      {a=479006388, b=0, c=14, d=12}
9: jnz d -2   {a=479006388, b=0, c=14, d=12}
10: inc a      {a=479006389, b=0, c=14, d=12}
11: dec d      {a=479006389, b=0, c=14, d=11}
9: jnz d -2   {a=479006389, b=0, c=14, d=11}
10: inc a      {a=479006390, b=0, c=14, d=11}
11: dec d      {a=479006390, b=0, c=14, d=10}
9: jnz d -2   {a=479006390, b=0, c=14, d=10}
10: inc a      {a=479006391, b=0, c=14, d=10}
11: dec d      {a=479006391, b=0, c=14, d=9}
9: jnz d -2   {a=479006391, b=0, c=14, d=9}
10: inc a      {a=479006392, b=0, c=14, d=9}
11: dec d      {a=479006392, b=0, c=14, d=8}
9: jnz d -2   {a=479006392, b=0, c=14, d=8}
10: inc a      {a=479006393, b=0, c=14, d=8}
11: dec d      {a=479006393, b=0, c=14, d=7}
9: jnz d -2   {a=479006393, b=0, c=14, d=7}
10: inc a      {a=479006394, b=0, c=14, d=7}
11: dec d      {a=479006394, b=0, c=14, d=6}
9: jnz d -2   {a=479006394, b=0, c=14, d=6}
10: inc a      {a=479006395, b=0, c=14, d=6}
11: dec d      {a=479006395, b=0, c=14, d=5}
9: jnz d -2   {a=479006395, b=0, c=14, d=5}
10: inc a      {a=479006396, b=0, c=14, d=5}
11: dec d      {a=479006396, b=0, c=14, d=4}
9: jnz d -2   {a=479006396, b=0, c=14, d=4}
10: inc a      {a=479006397, b=0, c=14, d=4}
11: dec d      {a=479006397, b=0, c=14, d=3}
9: jnz d -2   {a=479006397, b=0, c=14, d=3}
10: inc a      {a=479006398, b=0, c=14, d=3}
11: dec d      {a=479006398, b=0, c=14, d=2}
9: jnz d -2   {a=479006398, b=0, c=14, d=2}
10: inc a      {a=479006399, b=0, c=14, d=2}
11: dec d      {a=479006399, b=0, c=14, d=1}
9: jnz d -2   {a=479006399, b=0, c=14, d=1}
10: inc a      {a=479006400, b=0, c=14, d=1}
11: dec d      {a=479006400, b=0, c=14, d=0}
12: jnz d -2   {a=479006400, b=0, c=14, d=0}
13: dec c      {a=479006400, b=0, c=13, d=0}
8: jnz c -5   {a=479006400, b=0, c=13, d=0}
9: cpy 80 d   {a=479006400, b=0, c=13, d=80}
10: inc a      {a=479006401, b=0, c=13, d=80}
11: dec d      {a=479006401, b=0, c=13, d=79}
9: jnz d -2   {a=479006401, b=0, c=13, d=79}
10: inc a      {a=479006402, b=0, c=13, d=79}
11: dec d      {a=479006402, b=0, c=13, d=78}
9: jnz d -2   {a=479006402, b=0, c=13, d=78}
10: inc a      {a=479006403, b=0, c=13, d=78}
11: dec d      {a=479006403, b=0, c=13, d=77}
9: jnz d -2   {a=479006403, b=0, c=13, d=77}
10: inc a      {a=479006404, b=0, c=13, d=77}
11: dec d      {a=479006404, b=0, c=13, d=76}
9: jnz d -2   {a=479006404, b=0, c=13, d=76}
10: inc a      {a=479006405, b=0, c=13, d=76}
11: dec d      {a=479006405, b=0, c=13, d=75}
9: jnz d -2   {a=479006405, b=0, c=13, d=75}
10: inc a      {a=479006406, b=0, c=13, d=75}
11: dec d      {a=479006406, b=0, c=13, d=74}
9: jnz d -2   {a=479006406, b=0, c=13, d=74}
10: inc a      {a=479006407, b=0, c=13, d=74}
11: dec d      {a=479006407, b=0, c=13, d=73}
9: jnz d -2   {a=479006407, b=0, c=13, d=73}
10: inc a      {a=479006408, b=0, c=13, d=73}
11: dec d      {a=479006408, b=0, c=13, d=72}
9: jnz d -2   {a=479006408, b=0, c=13, d=72}
10: inc a      {a=479006409, b=0, c=13, d=72}
11: dec d      {a=479006409, b=0, c=13, d=71}
9: jnz d -2   {a=479006409, b=0, c=13, d=71}
10: inc a      {a=479006410, b=0, c=13, d=71}
11: dec d      {a=479006410, b=0, c=13, d=70}
9: jnz d -2   {a=479006410, b=0, c=13, d=70}
10: inc a      {a=479006411, b=0, c=13, d=70}
11: dec d      {a=479006411, b=0, c=13, d=69}
9: jnz d -2   {a=479006411, b=0, c=13, d=69}
10: inc a      {a=479006412, b=0, c=13, d=69}
11: dec d      {a=479006412, b=0, c=13, d=68}
9: jnz d -2   {a=479006412, b=0, c=13, d=68}
10: inc a      {a=479006413, b=0, c=13, d=68}
11: dec d      {a=479006413, b=0, c=13, d=67}
9: jnz d -2   {a=479006413, b=0, c=13, d=67}
10: inc a      {a=479006414, b=0, c=13, d=67}
11: dec d      {a=479006414, b=0, c=13, d=66}
9: jnz d -2   {a=479006414, b=0, c=13, d=66}
10: inc a      {a=479006415, b=0, c=13, d=66}
11: dec d      {a=479006415, b=0, c=13, d=65}
9: jnz d -2   {a=479006415, b=0, c=13, d=65}
10: inc a      {a=479006416, b=0, c=13, d=65}
11: dec d      {a=479006416, b=0, c=13, d=64}
9: jnz d -2   {a=479006416, b=0, c=13, d=64}
10: inc a      {a=479006417, b=0, c=13, d=64}
11: dec d      {a=479006417, b=0, c=13, d=63}
9: jnz d -2   {a=479006417, b=0, c=13, d=63}
10: inc a      {a=479006418, b=0, c=13, d=63}
11: dec d      {a=479006418, b=0, c=13, d=62}
9: jnz d -2   {a=479006418, b=0, c=13, d=62}
10: inc a      {a=479006419, b=0, c=13, d=62}
11: dec d      {a=479006419, b=0, c=13, d=61}
9: jnz d -2   {a=479006419, b=0, c=13, d=61}
10: inc a      {a=479006420, b=0, c=13, d=61}
11: dec d      {a=479006420, b=0, c=13, d=60}
9: jnz d -2   {a=479006420, b=0, c=13, d=60}
10: inc a      {a=479006421, b=0, c=13, d=60}
11: dec d      {a=479006421, b=0, c=13, d=59}
9: jnz d -2   {a=479006421, b=0, c=13, d=59}
10: inc a      {a=479006422, b=0, c=13, d=59}
11: dec d      {a=479006422, b=0, c=13, d=58}
9: jnz d -2   {a=479006422, b=0, c=13, d=58}
10: inc a      {a=479006423, b=0, c=13, d=58}
11: dec d      {a=479006423, b=0, c=13, d=57}
9: jnz d -2   {a=479006423, b=0, c=13, d=57}
10: inc a      {a=479006424, b=0, c=13, d=57}
11: dec d      {a=479006424, b=0, c=13, d=56}
9: jnz d -2   {a=479006424, b=0, c=13, d=56}
10: inc a      {a=479006425, b=0, c=13, d=56}
11: dec d      {a=479006425, b=0, c=13, d=55}
9: jnz d -2   {a=479006425, b=0, c=13, d=55}
10: inc a      {a=479006426, b=0, c=13, d=55}
11: dec d      {a=479006426, b=0, c=13, d=54}
9: jnz d -2   {a=479006426, b=0, c=13, d=54}
10: inc a      {a=479006427, b=0, c=13, d=54}
11: dec d      {a=479006427, b=0, c=13, d=53}
9: jnz d -2   {a=479006427, b=0, c=13, d=53}
10: inc a      {a=479006428, b=0, c=13, d=53}
11: dec d      {a=479006428, b=0, c=13, d=52}
9: jnz d -2   {a=479006428, b=0, c=13, d=52}
10: inc a      {a=479006429, b=0, c=13, d=52}
11: dec d      {a=479006429, b=0, c=13, d=51}
9: jnz d -2   {a=479006429, b=0, c=13, d=51}
10: inc a      {a=479006430, b=0, c=13, d=51}
11: dec d      {a=479006430, b=0, c=13, d=50}
9: jnz d -2   {a=479006430, b=0, c=13, d=50}
10: inc a      {a=479006431, b=0, c=13, d=50}
11: dec d      {a=479006431, b=0, c=13, d=49}
9: jnz d -2   {a=479006431, b=0, c=13, d=49}
10: inc a      {a=479006432, b=0, c=13, d=49}
11: dec d      {a=479006432, b=0, c=13, d=48}
9: jnz d -2   {a=479006432, b=0, c=13, d=48}
10: inc a      {a=479006433, b=0, c=13, d=48}
11: dec d      {a=479006433, b=0, c=13, d=47}
9: jnz d -2   {a=479006433, b=0, c=13, d=47}
10: inc a      {a=479006434, b=0, c=13, d=47}
11: dec d      {a=479006434, b=0, c=13, d=46}
9: jnz d -2   {a=479006434, b=0, c=13, d=46}
10: inc a      {a=479006435, b=0, c=13, d=46}
11: dec d      {a=479006435, b=0, c=13, d=45}
9: jnz d -2   {a=479006435, b=0, c=13, d=45}
10: inc a      {a=479006436, b=0, c=13, d=45}
11: dec d      {a=479006436, b=0, c=13, d=44}
9: jnz d -2   {a=479006436, b=0, c=13, d=44}
10: inc a      {a=479006437, b=0, c=13, d=44}
11: dec d      {a=479006437, b=0, c=13, d=43}
9: jnz d -2   {a=479006437, b=0, c=13, d=43}
10: inc a      {a=479006438, b=0, c=13, d=43}
11: dec d      {a=479006438, b=0, c=13, d=42}
9: jnz d -2   {a=479006438, b=0, c=13, d=42}
10: inc a      {a=479006439, b=0, c=13, d=42}
11: dec d      {a=479006439, b=0, c=13, d=41}
9: jnz d -2   {a=479006439, b=0, c=13, d=41}
10: inc a      {a=479006440, b=0, c=13, d=41}
11: dec d      {a=479006440, b=0, c=13, d=40}
9: jnz d -2   {a=479006440, b=0, c=13, d=40}
10: inc a      {a=479006441, b=0, c=13, d=40}
11: dec d      {a=479006441, b=0, c=13, d=39}
9: jnz d -2   {a=479006441, b=0, c=13, d=39}
10: inc a      {a=479006442, b=0, c=13, d=39}
11: dec d      {a=479006442, b=0, c=13, d=38}
9: jnz d -2   {a=479006442, b=0, c=13, d=38}
10: inc a      {a=479006443, b=0, c=13, d=38}
11: dec d      {a=479006443, b=0, c=13, d=37}
9: jnz d -2   {a=479006443, b=0, c=13, d=37}
10: inc a      {a=479006444, b=0, c=13, d=37}
11: dec d      {a=479006444, b=0, c=13, d=36}
9: jnz d -2   {a=479006444, b=0, c=13, d=36}
10: inc a      {a=479006445, b=0, c=13, d=36}
11: dec d      {a=479006445, b=0, c=13, d=35}
9: jnz d -2   {a=479006445, b=0, c=13, d=35}
10: inc a      {a=479006446, b=0, c=13, d=35}
11: dec d      {a=479006446, b=0, c=13, d=34}
9: jnz d -2   {a=479006446, b=0, c=13, d=34}
10: inc a      {a=479006447, b=0, c=13, d=34}
11: dec d      {a=479006447, b=0, c=13, d=33}
9: jnz d -2   {a=479006447, b=0, c=13, d=33}
10: inc a      {a=479006448, b=0, c=13, d=33}
11: dec d      {a=479006448, b=0, c=13, d=32}
9: jnz d -2   {a=479006448, b=0, c=13, d=32}
10: inc a      {a=479006449, b=0, c=13, d=32}
11: dec d      {a=479006449, b=0, c=13, d=31}
9: jnz d -2   {a=479006449, b=0, c=13, d=31}
10: inc a      {a=479006450, b=0, c=13, d=31}
11: dec d      {a=479006450, b=0, c=13, d=30}
9: jnz d -2   {a=479006450, b=0, c=13, d=30}
10: inc a      {a=479006451, b=0, c=13, d=30}
11: dec d      {a=479006451, b=0, c=13, d=29}
9: jnz d -2   {a=479006451, b=0, c=13, d=29}
10: inc a      {a=479006452, b=0, c=13, d=29}
11: dec d      {a=479006452, b=0, c=13, d=28}
9: jnz d -2   {a=479006452, b=0, c=13, d=28}
10: inc a      {a=479006453, b=0, c=13, d=28}
11: dec d      {a=479006453, b=0, c=13, d=27}
9: jnz d -2   {a=479006453, b=0, c=13, d=27}
10: inc a      {a=479006454, b=0, c=13, d=27}
11: dec d      {a=479006454, b=0, c=13, d=26}
9: jnz d -2   {a=479006454, b=0, c=13, d=26}
10: inc a      {a=479006455, b=0, c=13, d=26}
11: dec d      {a=479006455, b=0, c=13, d=25}
9: jnz d -2   {a=479006455, b=0, c=13, d=25}
10: inc a      {a=479006456, b=0, c=13, d=25}
11: dec d      {a=479006456, b=0, c=13, d=24}
9: jnz d -2   {a=479006456, b=0, c=13, d=24}
10: inc a      {a=479006457, b=0, c=13, d=24}
11: dec d      {a=479006457, b=0, c=13, d=23}
9: jnz d -2   {a=479006457, b=0, c=13, d=23}
10: inc a      {a=479006458, b=0, c=13, d=23}
11: dec d      {a=479006458, b=0, c=13, d=22}
9: jnz d -2   {a=479006458, b=0, c=13, d=22}
10: inc a      {a=479006459, b=0, c=13, d=22}
11: dec d      {a=479006459, b=0, c=13, d=21}
9: jnz d -2   {a=479006459, b=0, c=13, d=21}
10: inc a      {a=479006460, b=0, c=13, d=21}
11: dec d      {a=479006460, b=0, c=13, d=20}
9: jnz d -2   {a=479006460, b=0, c=13, d=20}
10: inc a      {a=479006461, b=0, c=13, d=20}
11: dec d      {a=479006461, b=0, c=13, d=19}
9: jnz d -2   {a=479006461, b=0, c=13, d=19}
10: inc a      {a=479006462, b=0, c=13, d=19}
11: dec d      {a=479006462, b=0, c=13, d=18}
9: jnz d -2   {a=479006462, b=0, c=13, d=18}
10: inc a      {a=479006463, b=0, c=13, d=18}
11: dec d      {a=479006463, b=0, c=13, d=17}
9: jnz d -2   {a=479006463, b=0, c=13, d=17}
10: inc a      {a=479006464, b=0, c=13, d=17}
11: dec d      {a=479006464, b=0, c=13, d=16}
9: jnz d -2   {a=479006464, b=0, c=13, d=16}
10: inc a      {a=479006465, b=0, c=13, d=16}
11: dec d      {a=479006465, b=0, c=13, d=15}
9: jnz d -2   {a=479006465, b=0, c=13, d=15}
10: inc a      {a=479006466, b=0, c=13, d=15}
11: dec d      {a=479006466, b=0, c=13, d=14}
9: jnz d -2   {a=479006466, b=0, c=13, d=14}
10: inc a      {a=479006467, b=0, c=13, d=14}
11: dec d      {a=479006467, b=0, c=13, d=13}
9: jnz d -2   {a=479006467, b=0, c=13, d=13}
10: inc a      {a=479006468, b=0, c=13, d=13}
11: dec d      {a=479006468, b=0, c=13, d=12}
9: jnz d -2   {a=479006468, b=0, c=13, d=12}
10: inc a      {a=479006469, b=0, c=13, d=12}
11: dec d      {a=479006469, b=0, c=13, d=11}
9: jnz d -2   {a=479006469, b=0, c=13, d=11}
10: inc a      {a=479006470, b=0, c=13, d=11}
11: dec d      {a=479006470, b=0, c=13, d=10}
9: jnz d -2   {a=479006470, b=0, c=13, d=10}
10: inc a      {a=479006471, b=0, c=13, d=10}
11: dec d      {a=479006471, b=0, c=13, d=9}
9: jnz d -2   {a=479006471, b=0, c=13, d=9}
10: inc a      {a=479006472, b=0, c=13, d=9}
11: dec d      {a=479006472, b=0, c=13, d=8}
9: jnz d -2   {a=479006472, b=0, c=13, d=8}
10: inc a      {a=479006473, b=0, c=13, d=8}
11: dec d      {a=479006473, b=0, c=13, d=7}
9: jnz d -2   {a=479006473, b=0, c=13, d=7}
10: inc a      {a=479006474, b=0, c=13, d=7}
11: dec d      {a=479006474, b=0, c=13, d=6}
9: jnz d -2   {a=479006474, b=0, c=13, d=6}
10: inc a      {a=479006475, b=0, c=13, d=6}
11: dec d      {a=479006475, b=0, c=13, d=5}
9: jnz d -2   {a=479006475, b=0, c=13, d=5}
10: inc a      {a=479006476, b=0, c=13, d=5}
11: dec d      {a=479006476, b=0, c=13, d=4}
9: jnz d -2   {a=479006476, b=0, c=13, d=4}
10: inc a      {a=479006477, b=0, c=13, d=4}
11: dec d      {a=479006477, b=0, c=13, d=3}
9: jnz d -2   {a=479006477, b=0, c=13, d=3}
10: inc a      {a=479006478, b=0, c=13, d=3}
11: dec d      {a=479006478, b=0, c=13, d=2}
9: jnz d -2   {a=479006478, b=0, c=13, d=2}
10: inc a      {a=479006479, b=0, c=13, d=2}
11: dec d      {a=479006479, b=0, c=13, d=1}
9: jnz d -2   {a=479006479, b=0, c=13, d=1}
10: inc a      {a=479006480, b=0, c=13, d=1}
11: dec d      {a=479006480, b=0, c=13, d=0}
12: jnz d -2   {a=479006480, b=0, c=13, d=0}
13: dec c      {a=479006480, b=0, c=12, d=0}
8: jnz c -5   {a=479006480, b=0, c=12, d=0}
9: cpy 80 d   {a=479006480, b=0, c=12, d=80}
10: inc a      {a=479006481, b=0, c=12, d=80}
11: dec d      {a=479006481, b=0, c=12, d=79}
9: jnz d -2   {a=479006481, b=0, c=12, d=79}
10: inc a      {a=479006482, b=0, c=12, d=79}
11: dec d      {a=479006482, b=0, c=12, d=78}
9: jnz d -2   {a=479006482, b=0, c=12, d=78}
10: inc a      {a=479006483, b=0, c=12, d=78}
11: dec d      {a=479006483, b=0, c=12, d=77}
9: jnz d -2   {a=479006483, b=0, c=12, d=77}
10: inc a      {a=479006484, b=0, c=12, d=77}
11: dec d      {a=479006484, b=0, c=12, d=76}
9: jnz d -2   {a=479006484, b=0, c=12, d=76}
10: inc a      {a=479006485, b=0, c=12, d=76}
11: dec d      {a=479006485, b=0, c=12, d=75}
9: jnz d -2   {a=479006485, b=0, c=12, d=75}
10: inc a      {a=479006486, b=0, c=12, d=75}
11: dec d      {a=479006486, b=0, c=12, d=74}
9: jnz d -2   {a=479006486, b=0, c=12, d=74}
10: inc a      {a=479006487, b=0, c=12, d=74}
11: dec d      {a=479006487, b=0, c=12, d=73}
9: jnz d -2   {a=479006487, b=0, c=12, d=73}
10: inc a      {a=479006488, b=0, c=12, d=73}
11: dec d      {a=479006488, b=0, c=12, d=72}
9: jnz d -2   {a=479006488, b=0, c=12, d=72}
10: inc a      {a=479006489, b=0, c=12, d=72}
11: dec d      {a=479006489, b=0, c=12, d=71}
9: jnz d -2   {a=479006489, b=0, c=12, d=71}
10: inc a      {a=479006490, b=0, c=12, d=71}
11: dec d      {a=479006490, b=0, c=12, d=70}
9: jnz d -2   {a=479006490, b=0, c=12, d=70}
10: inc a      {a=479006491, b=0, c=12, d=70}
11: dec d      {a=479006491, b=0, c=12, d=69}
9: jnz d -2   {a=479006491, b=0, c=12, d=69}
10: inc a      {a=479006492, b=0, c=12, d=69}
11: dec d      {a=479006492, b=0, c=12, d=68}
9: jnz d -2   {a=479006492, b=0, c=12, d=68}
10: inc a      {a=479006493, b=0, c=12, d=68}
11: dec d      {a=479006493, b=0, c=12, d=67}
9: jnz d -2   {a=479006493, b=0, c=12, d=67}
10: inc a      {a=479006494, b=0, c=12, d=67}
11: dec d      {a=479006494, b=0, c=12, d=66}
9: jnz d -2   {a=479006494, b=0, c=12, d=66}
10: inc a      {a=479006495, b=0, c=12, d=66}
11: dec d      {a=479006495, b=0, c=12, d=65}
9: jnz d -2   {a=479006495, b=0, c=12, d=65}
10: inc a      {a=479006496, b=0, c=12, d=65}
11: dec d      {a=479006496, b=0, c=12, d=64}
9: jnz d -2   {a=479006496, b=0, c=12, d=64}
10: inc a      {a=479006497, b=0, c=12, d=64}
11: dec d      {a=479006497, b=0, c=12, d=63}
9: jnz d -2   {a=479006497, b=0, c=12, d=63}
10: inc a      {a=479006498, b=0, c=12, d=63}
11: dec d      {a=479006498, b=0, c=12, d=62}
9: jnz d -2   {a=479006498, b=0, c=12, d=62}
10: inc a      {a=479006499, b=0, c=12, d=62}
11: dec d      {a=479006499, b=0, c=12, d=61}
9: jnz d -2   {a=479006499, b=0, c=12, d=61}
10: inc a      {a=479006500, b=0, c=12, d=61}
11: dec d      {a=479006500, b=0, c=12, d=60}
9: jnz d -2   {a=479006500, b=0, c=12, d=60}
10: inc a      {a=479006501, b=0, c=12, d=60}
11: dec d      {a=479006501, b=0, c=12, d=59}
9: jnz d -2   {a=479006501, b=0, c=12, d=59}
10: inc a      {a=479006502, b=0, c=12, d=59}
11: dec d      {a=479006502, b=0, c=12, d=58}
9: jnz d -2   {a=479006502, b=0, c=12, d=58}
10: inc a      {a=479006503, b=0, c=12, d=58}
11: dec d      {a=479006503, b=0, c=12, d=57}
9: jnz d -2   {a=479006503, b=0, c=12, d=57}
10: inc a      {a=479006504, b=0, c=12, d=57}
11: dec d      {a=479006504, b=0, c=12, d=56}
9: jnz d -2   {a=479006504, b=0, c=12, d=56}
10: inc a      {a=479006505, b=0, c=12, d=56}
11: dec d      {a=479006505, b=0, c=12, d=55}
9: jnz d -2   {a=479006505, b=0, c=12, d=55}
10: inc a      {a=479006506, b=0, c=12, d=55}
11: dec d      {a=479006506, b=0, c=12, d=54}
9: jnz d -2   {a=479006506, b=0, c=12, d=54}
10: inc a      {a=479006507, b=0, c=12, d=54}
11: dec d      {a=479006507, b=0, c=12, d=53}
9: jnz d -2   {a=479006507, b=0, c=12, d=53}
10: inc a      {a=479006508, b=0, c=12, d=53}
11: dec d      {a=479006508, b=0, c=12, d=52}
9: jnz d -2   {a=479006508, b=0, c=12, d=52}
10: inc a      {a=479006509, b=0, c=12, d=52}
11: dec d      {a=479006509, b=0, c=12, d=51}
9: jnz d -2   {a=479006509, b=0, c=12, d=51}
10: inc a      {a=479006510, b=0, c=12, d=51}
11: dec d      {a=479006510, b=0, c=12, d=50}
9: jnz d -2   {a=479006510, b=0, c=12, d=50}
10: inc a      {a=479006511, b=0, c=12, d=50}
11: dec d      {a=479006511, b=0, c=12, d=49}
9: jnz d -2   {a=479006511, b=0, c=12, d=49}
10: inc a      {a=479006512, b=0, c=12, d=49}
11: dec d      {a=479006512, b=0, c=12, d=48}
9: jnz d -2   {a=479006512, b=0, c=12, d=48}
10: inc a      {a=479006513, b=0, c=12, d=48}
11: dec d      {a=479006513, b=0, c=12, d=47}
9: jnz d -2   {a=479006513, b=0, c=12, d=47}
10: inc a      {a=479006514, b=0, c=12, d=47}
11: dec d      {a=479006514, b=0, c=12, d=46}
9: jnz d -2   {a=479006514, b=0, c=12, d=46}
10: inc a      {a=479006515, b=0, c=12, d=46}
11: dec d      {a=479006515, b=0, c=12, d=45}
9: jnz d -2   {a=479006515, b=0, c=12, d=45}
10: inc a      {a=479006516, b=0, c=12, d=45}
11: dec d      {a=479006516, b=0, c=12, d=44}
9: jnz d -2   {a=479006516, b=0, c=12, d=44}
10: inc a      {a=479006517, b=0, c=12, d=44}
11: dec d      {a=479006517, b=0, c=12, d=43}
9: jnz d -2   {a=479006517, b=0, c=12, d=43}
10: inc a      {a=479006518, b=0, c=12, d=43}
11: dec d      {a=479006518, b=0, c=12, d=42}
9: jnz d -2   {a=479006518, b=0, c=12, d=42}
10: inc a      {a=479006519, b=0, c=12, d=42}
11: dec d      {a=479006519, b=0, c=12, d=41}
9: jnz d -2   {a=479006519, b=0, c=12, d=41}
10: inc a      {a=479006520, b=0, c=12, d=41}
11: dec d      {a=479006520, b=0, c=12, d=40}
9: jnz d -2   {a=479006520, b=0, c=12, d=40}
10: inc a      {a=479006521, b=0, c=12, d=40}
11: dec d      {a=479006521, b=0, c=12, d=39}
9: jnz d -2   {a=479006521, b=0, c=12, d=39}
10: inc a      {a=479006522, b=0, c=12, d=39}
11: dec d      {a=479006522, b=0, c=12, d=38}
9: jnz d -2   {a=479006522, b=0, c=12, d=38}
10: inc a      {a=479006523, b=0, c=12, d=38}
11: dec d      {a=479006523, b=0, c=12, d=37}
9: jnz d -2   {a=479006523, b=0, c=12, d=37}
10: inc a      {a=479006524, b=0, c=12, d=37}
11: dec d      {a=479006524, b=0, c=12, d=36}
9: jnz d -2   {a=479006524, b=0, c=12, d=36}
10: inc a      {a=479006525, b=0, c=12, d=36}
11: dec d      {a=479006525, b=0, c=12, d=35}
9: jnz d -2   {a=479006525, b=0, c=12, d=35}
10: inc a      {a=479006526, b=0, c=12, d=35}
11: dec d      {a=479006526, b=0, c=12, d=34}
9: jnz d -2   {a=479006526, b=0, c=12, d=34}
10: inc a      {a=479006527, b=0, c=12, d=34}
11: dec d      {a=479006527, b=0, c=12, d=33}
9: jnz d -2   {a=479006527, b=0, c=12, d=33}
10: inc a      {a=479006528, b=0, c=12, d=33}
11: dec d      {a=479006528, b=0, c=12, d=32}
9: jnz d -2   {a=479006528, b=0, c=12, d=32}
10: inc a      {a=479006529, b=0, c=12, d=32}
11: dec d      {a=479006529, b=0, c=12, d=31}
9: jnz d -2   {a=479006529, b=0, c=12, d=31}
10: inc a      {a=479006530, b=0, c=12, d=31}
11: dec d      {a=479006530, b=0, c=12, d=30}
9: jnz d -2   {a=479006530, b=0, c=12, d=30}
10: inc a      {a=479006531, b=0, c=12, d=30}
11: dec d      {a=479006531, b=0, c=12, d=29}
9: jnz d -2   {a=479006531, b=0, c=12, d=29}
10: inc a      {a=479006532, b=0, c=12, d=29}
11: dec d      {a=479006532, b=0, c=12, d=28}
9: jnz d -2   {a=479006532, b=0, c=12, d=28}
10: inc a      {a=479006533, b=0, c=12, d=28}
11: dec d      {a=479006533, b=0, c=12, d=27}
9: jnz d -2   {a=479006533, b=0, c=12, d=27}
10: inc a      {a=479006534, b=0, c=12, d=27}
11: dec d      {a=479006534, b=0, c=12, d=26}
9: jnz d -2   {a=479006534, b=0, c=12, d=26}
10: inc a      {a=479006535, b=0, c=12, d=26}
11: dec d      {a=479006535, b=0, c=12, d=25}
9: jnz d -2   {a=479006535, b=0, c=12, d=25}
10: inc a      {a=479006536, b=0, c=12, d=25}
11: dec d      {a=479006536, b=0, c=12, d=24}
9: jnz d -2   {a=479006536, b=0, c=12, d=24}
10: inc a      {a=479006537, b=0, c=12, d=24}
11: dec d      {a=479006537, b=0, c=12, d=23}
9: jnz d -2   {a=479006537, b=0, c=12, d=23}
10: inc a      {a=479006538, b=0, c=12, d=23}
11: dec d      {a=479006538, b=0, c=12, d=22}
9: jnz d -2   {a=479006538, b=0, c=12, d=22}
10: inc a      {a=479006539, b=0, c=12, d=22}
11: dec d      {a=479006539, b=0, c=12, d=21}
9: jnz d -2   {a=479006539, b=0, c=12, d=21}
10: inc a      {a=479006540, b=0, c=12, d=21}
11: dec d      {a=479006540, b=0, c=12, d=20}
9: jnz d -2   {a=479006540, b=0, c=12, d=20}
10: inc a      {a=479006541, b=0, c=12, d=20}
11: dec d      {a=479006541, b=0, c=12, d=19}
9: jnz d -2   {a=479006541, b=0, c=12, d=19}
10: inc a      {a=479006542, b=0, c=12, d=19}
11: dec d      {a=479006542, b=0, c=12, d=18}
9: jnz d -2   {a=479006542, b=0, c=12, d=18}
10: inc a      {a=479006543, b=0, c=12, d=18}
11: dec d      {a=479006543, b=0, c=12, d=17}
9: jnz d -2   {a=479006543, b=0, c=12, d=17}
10: inc a      {a=479006544, b=0, c=12, d=17}
11: dec d      {a=479006544, b=0, c=12, d=16}
9: jnz d -2   {a=479006544, b=0, c=12, d=16}
10: inc a      {a=479006545, b=0, c=12, d=16}
11: dec d      {a=479006545, b=0, c=12, d=15}
9: jnz d -2   {a=479006545, b=0, c=12, d=15}
10: inc a      {a=479006546, b=0, c=12, d=15}
11: dec d      {a=479006546, b=0, c=12, d=14}
9: jnz d -2   {a=479006546, b=0, c=12, d=14}
10: inc a      {a=479006547, b=0, c=12, d=14}
11: dec d      {a=479006547, b=0, c=12, d=13}
9: jnz d -2   {a=479006547, b=0, c=12, d=13}
10: inc a      {a=479006548, b=0, c=12, d=13}
11: dec d      {a=479006548, b=0, c=12, d=12}
9: jnz d -2   {a=479006548, b=0, c=12, d=12}
10: inc a      {a=479006549, b=0, c=12, d=12}
11: dec d      {a=479006549, b=0, c=12, d=11}
9: jnz d -2   {a=479006549, b=0, c=12, d=11}
10: inc a      {a=479006550, b=0, c=12, d=11}
11: dec d      {a=479006550, b=0, c=12, d=10}
9: jnz d -2   {a=479006550, b=0, c=12, d=10}
10: inc a      {a=479006551, b=0, c=12, d=10}
11: dec d      {a=479006551, b=0, c=12, d=9}
9: jnz d -2   {a=479006551, b=0, c=12, d=9}
10: inc a      {a=479006552, b=0, c=12, d=9}
11: dec d      {a=479006552, b=0, c=12, d=8}
9: jnz d -2   {a=479006552, b=0, c=12, d=8}
10: inc a      {a=479006553, b=0, c=12, d=8}
11: dec d      {a=479006553, b=0, c=12, d=7}
9: jnz d -2   {a=479006553, b=0, c=12, d=7}
10: inc a      {a=479006554, b=0, c=12, d=7}
11: dec d      {a=479006554, b=0, c=12, d=6}
9: jnz d -2   {a=479006554, b=0, c=12, d=6}
10: inc a      {a=479006555, b=0, c=12, d=6}
11: dec d      {a=479006555, b=0, c=12, d=5}
9: jnz d -2   {a=479006555, b=0, c=12, d=5}
10: inc a      {a=479006556, b=0, c=12, d=5}
11: dec d      {a=479006556, b=0, c=12, d=4}
9: jnz d -2   {a=479006556, b=0, c=12, d=4}
10: inc a      {a=479006557, b=0, c=12, d=4}
11: dec d      {a=479006557, b=0, c=12, d=3}
9: jnz d -2   {a=479006557, b=0, c=12, d=3}
10: inc a      {a=479006558, b=0, c=12, d=3}
11: dec d      {a=479006558, b=0, c=12, d=2}
9: jnz d -2   {a=479006558, b=0, c=12, d=2}
10: inc a      {a=479006559, b=0, c=12, d=2}
11: dec d      {a=479006559, b=0, c=12, d=1}
9: jnz d -2   {a=479006559, b=0, c=12, d=1}
10: inc a      {a=479006560, b=0, c=12, d=1}
11: dec d      {a=479006560, b=0, c=12, d=0}
12: jnz d -2   {a=479006560, b=0, c=12, d=0}
13: dec c      {a=479006560, b=0, c=11, d=0}
8: jnz c -5   {a=479006560, b=0, c=11, d=0}
9: cpy 80 d   {a=479006560, b=0, c=11, d=80}
10: inc a      {a=479006561, b=0, c=11, d=80}
11: dec d      {a=479006561, b=0, c=11, d=79}
9: jnz d -2   {a=479006561, b=0, c=11, d=79}
10: inc a      {a=479006562, b=0, c=11, d=79}
11: dec d      {a=479006562, b=0, c=11, d=78}
9: jnz d -2   {a=479006562, b=0, c=11, d=78}
10: inc a      {a=479006563, b=0, c=11, d=78}
11: dec d      {a=479006563, b=0, c=11, d=77}
9: jnz d -2   {a=479006563, b=0, c=11, d=77}
10: inc a      {a=479006564, b=0, c=11, d=77}
11: dec d      {a=479006564, b=0, c=11, d=76}
9: jnz d -2   {a=479006564, b=0, c=11, d=76}
10: inc a      {a=479006565, b=0, c=11, d=76}
11: dec d      {a=479006565, b=0, c=11, d=75}
9: jnz d -2   {a=479006565, b=0, c=11, d=75}
10: inc a      {a=479006566, b=0, c=11, d=75}
11: dec d      {a=479006566, b=0, c=11, d=74}
9: jnz d -2   {a=479006566, b=0, c=11, d=74}
10: inc a      {a=479006567, b=0, c=11, d=74}
11: dec d      {a=479006567, b=0, c=11, d=73}
9: jnz d -2   {a=479006567, b=0, c=11, d=73}
10: inc a      {a=479006568, b=0, c=11, d=73}
11: dec d      {a=479006568, b=0, c=11, d=72}
9: jnz d -2   {a=479006568, b=0, c=11, d=72}
10: inc a      {a=479006569, b=0, c=11, d=72}
11: dec d      {a=479006569, b=0, c=11, d=71}
9: jnz d -2   {a=479006569, b=0, c=11, d=71}
10: inc a      {a=479006570, b=0, c=11, d=71}
11: dec d      {a=479006570, b=0, c=11, d=70}
9: jnz d -2   {a=479006570, b=0, c=11, d=70}
10: inc a      {a=479006571, b=0, c=11, d=70}
11: dec d      {a=479006571, b=0, c=11, d=69}
9: jnz d -2   {a=479006571, b=0, c=11, d=69}
10: inc a      {a=479006572, b=0, c=11, d=69}
11: dec d      {a=479006572, b=0, c=11, d=68}
9: jnz d -2   {a=479006572, b=0, c=11, d=68}
10: inc a      {a=479006573, b=0, c=11, d=68}
11: dec d      {a=479006573, b=0, c=11, d=67}
9: jnz d -2   {a=479006573, b=0, c=11, d=67}
10: inc a      {a=479006574, b=0, c=11, d=67}
11: dec d      {a=479006574, b=0, c=11, d=66}
9: jnz d -2   {a=479006574, b=0, c=11, d=66}
10: inc a      {a=479006575, b=0, c=11, d=66}
11: dec d      {a=479006575, b=0, c=11, d=65}
9: jnz d -2   {a=479006575, b=0, c=11, d=65}
10: inc a      {a=479006576, b=0, c=11, d=65}
11: dec d      {a=479006576, b=0, c=11, d=64}
9: jnz d -2   {a=479006576, b=0, c=11, d=64}
10: inc a      {a=479006577, b=0, c=11, d=64}
11: dec d      {a=479006577, b=0, c=11, d=63}
9: jnz d -2   {a=479006577, b=0, c=11, d=63}
10: inc a      {a=479006578, b=0, c=11, d=63}
11: dec d      {a=479006578, b=0, c=11, d=62}
9: jnz d -2   {a=479006578, b=0, c=11, d=62}
10: inc a      {a=479006579, b=0, c=11, d=62}
11: dec d      {a=479006579, b=0, c=11, d=61}
9: jnz d -2   {a=479006579, b=0, c=11, d=61}
10: inc a      {a=479006580, b=0, c=11, d=61}
11: dec d      {a=479006580, b=0, c=11, d=60}
9: jnz d -2   {a=479006580, b=0, c=11, d=60}
10: inc a      {a=479006581, b=0, c=11, d=60}
11: dec d      {a=479006581, b=0, c=11, d=59}
9: jnz d -2   {a=479006581, b=0, c=11, d=59}
10: inc a      {a=479006582, b=0, c=11, d=59}
11: dec d      {a=479006582, b=0, c=11, d=58}
9: jnz d -2   {a=479006582, b=0, c=11, d=58}
10: inc a      {a=479006583, b=0, c=11, d=58}
11: dec d      {a=479006583, b=0, c=11, d=57}
9: jnz d -2   {a=479006583, b=0, c=11, d=57}
10: inc a      {a=479006584, b=0, c=11, d=57}
11: dec d      {a=479006584, b=0, c=11, d=56}
9: jnz d -2   {a=479006584, b=0, c=11, d=56}
10: inc a      {a=479006585, b=0, c=11, d=56}
11: dec d      {a=479006585, b=0, c=11, d=55}
9: jnz d -2   {a=479006585, b=0, c=11, d=55}
10: inc a      {a=479006586, b=0, c=11, d=55}
11: dec d      {a=479006586, b=0, c=11, d=54}
9: jnz d -2   {a=479006586, b=0, c=11, d=54}
10: inc a      {a=479006587, b=0, c=11, d=54}
11: dec d      {a=479006587, b=0, c=11, d=53}
9: jnz d -2   {a=479006587, b=0, c=11, d=53}
10: inc a      {a=479006588, b=0, c=11, d=53}
11: dec d      {a=479006588, b=0, c=11, d=52}
9: jnz d -2   {a=479006588, b=0, c=11, d=52}
10: inc a      {a=479006589, b=0, c=11, d=52}
11: dec d      {a=479006589, b=0, c=11, d=51}
9: jnz d -2   {a=479006589, b=0, c=11, d=51}
10: inc a      {a=479006590, b=0, c=11, d=51}
11: dec d      {a=479006590, b=0, c=11, d=50}
9: jnz d -2   {a=479006590, b=0, c=11, d=50}
10: inc a      {a=479006591, b=0, c=11, d=50}
11: dec d      {a=479006591, b=0, c=11, d=49}
9: jnz d -2   {a=479006591, b=0, c=11, d=49}
10: inc a      {a=479006592, b=0, c=11, d=49}
11: dec d      {a=479006592, b=0, c=11, d=48}
9: jnz d -2   {a=479006592, b=0, c=11, d=48}
10: inc a      {a=479006593, b=0, c=11, d=48}
11: dec d      {a=479006593, b=0, c=11, d=47}
9: jnz d -2   {a=479006593, b=0, c=11, d=47}
10: inc a      {a=479006594, b=0, c=11, d=47}
11: dec d      {a=479006594, b=0, c=11, d=46}
9: jnz d -2   {a=479006594, b=0, c=11, d=46}
10: inc a      {a=479006595, b=0, c=11, d=46}
11: dec d      {a=479006595, b=0, c=11, d=45}
9: jnz d -2   {a=479006595, b=0, c=11, d=45}
10: inc a      {a=479006596, b=0, c=11, d=45}
11: dec d      {a=479006596, b=0, c=11, d=44}
9: jnz d -2   {a=479006596, b=0, c=11, d=44}
10: inc a      {a=479006597, b=0, c=11, d=44}
11: dec d      {a=479006597, b=0, c=11, d=43}
9: jnz d -2   {a=479006597, b=0, c=11, d=43}
10: inc a      {a=479006598, b=0, c=11, d=43}
11: dec d      {a=479006598, b=0, c=11, d=42}
9: jnz d -2   {a=479006598, b=0, c=11, d=42}
10: inc a      {a=479006599, b=0, c=11, d=42}
11: dec d      {a=479006599, b=0, c=11, d=41}
9: jnz d -2   {a=479006599, b=0, c=11, d=41}
10: inc a      {a=479006600, b=0, c=11, d=41}
11: dec d      {a=479006600, b=0, c=11, d=40}
9: jnz d -2   {a=479006600, b=0, c=11, d=40}
10: inc a      {a=479006601, b=0, c=11, d=40}
11: dec d      {a=479006601, b=0, c=11, d=39}
9: jnz d -2   {a=479006601, b=0, c=11, d=39}
10: inc a      {a=479006602, b=0, c=11, d=39}
11: dec d      {a=479006602, b=0, c=11, d=38}
9: jnz d -2   {a=479006602, b=0, c=11, d=38}
10: inc a      {a=479006603, b=0, c=11, d=38}
11: dec d      {a=479006603, b=0, c=11, d=37}
9: jnz d -2   {a=479006603, b=0, c=11, d=37}
10: inc a      {a=479006604, b=0, c=11, d=37}
11: dec d      {a=479006604, b=0, c=11, d=36}
9: jnz d -2   {a=479006604, b=0, c=11, d=36}
10: inc a      {a=479006605, b=0, c=11, d=36}
11: dec d      {a=479006605, b=0, c=11, d=35}
9: jnz d -2   {a=479006605, b=0, c=11, d=35}
10: inc a      {a=479006606, b=0, c=11, d=35}
11: dec d      {a=479006606, b=0, c=11, d=34}
9: jnz d -2   {a=479006606, b=0, c=11, d=34}
10: inc a      {a=479006607, b=0, c=11, d=34}
11: dec d      {a=479006607, b=0, c=11, d=33}
9: jnz d -2   {a=479006607, b=0, c=11, d=33}
10: inc a      {a=479006608, b=0, c=11, d=33}
11: dec d      {a=479006608, b=0, c=11, d=32}
9: jnz d -2   {a=479006608, b=0, c=11, d=32}
10: inc a      {a=479006609, b=0, c=11, d=32}
11: dec d      {a=479006609, b=0, c=11, d=31}
9: jnz d -2   {a=479006609, b=0, c=11, d=31}
10: inc a      {a=479006610, b=0, c=11, d=31}
11: dec d      {a=479006610, b=0, c=11, d=30}
9: jnz d -2   {a=479006610, b=0, c=11, d=30}
10: inc a      {a=479006611, b=0, c=11, d=30}
11: dec d      {a=479006611, b=0, c=11, d=29}
9: jnz d -2   {a=479006611, b=0, c=11, d=29}
10: inc a      {a=479006612, b=0, c=11, d=29}
11: dec d      {a=479006612, b=0, c=11, d=28}
9: jnz d -2   {a=479006612, b=0, c=11, d=28}
10: inc a      {a=479006613, b=0, c=11, d=28}
11: dec d      {a=479006613, b=0, c=11, d=27}
9: jnz d -2   {a=479006613, b=0, c=11, d=27}
10: inc a      {a=479006614, b=0, c=11, d=27}
11: dec d      {a=479006614, b=0, c=11, d=26}
9: jnz d -2   {a=479006614, b=0, c=11, d=26}
10: inc a      {a=479006615, b=0, c=11, d=26}
11: dec d      {a=479006615, b=0, c=11, d=25}
9: jnz d -2   {a=479006615, b=0, c=11, d=25}
10: inc a      {a=479006616, b=0, c=11, d=25}
11: dec d      {a=479006616, b=0, c=11, d=24}
9: jnz d -2   {a=479006616, b=0, c=11, d=24}
10: inc a      {a=479006617, b=0, c=11, d=24}
11: dec d      {a=479006617, b=0, c=11, d=23}
9: jnz d -2   {a=479006617, b=0, c=11, d=23}
10: inc a      {a=479006618, b=0, c=11, d=23}
11: dec d      {a=479006618, b=0, c=11, d=22}
9: jnz d -2   {a=479006618, b=0, c=11, d=22}
10: inc a      {a=479006619, b=0, c=11, d=22}
11: dec d      {a=479006619, b=0, c=11, d=21}
9: jnz d -2   {a=479006619, b=0, c=11, d=21}
10: inc a      {a=479006620, b=0, c=11, d=21}
11: dec d      {a=479006620, b=0, c=11, d=20}
9: jnz d -2   {a=479006620, b=0, c=11, d=20}
10: inc a      {a=479006621, b=0, c=11, d=20}
11: dec d      {a=479006621, b=0, c=11, d=19}
9: jnz d -2   {a=479006621, b=0, c=11, d=19}
10: inc a      {a=479006622, b=0, c=11, d=19}
11: dec d      {a=479006622, b=0, c=11, d=18}
9: jnz d -2   {a=479006622, b=0, c=11, d=18}
10: inc a      {a=479006623, b=0, c=11, d=18}
11: dec d      {a=479006623, b=0, c=11, d=17}
9: jnz d -2   {a=479006623, b=0, c=11, d=17}
10: inc a      {a=479006624, b=0, c=11, d=17}
11: dec d      {a=479006624, b=0, c=11, d=16}
9: jnz d -2   {a=479006624, b=0, c=11, d=16}
10: inc a      {a=479006625, b=0, c=11, d=16}
11: dec d      {a=479006625, b=0, c=11, d=15}
9: jnz d -2   {a=479006625, b=0, c=11, d=15}
10: inc a      {a=479006626, b=0, c=11, d=15}
11: dec d      {a=479006626, b=0, c=11, d=14}
9: jnz d -2   {a=479006626, b=0, c=11, d=14}
10: inc a      {a=479006627, b=0, c=11, d=14}
11: dec d      {a=479006627, b=0, c=11, d=13}
9: jnz d -2   {a=479006627, b=0, c=11, d=13}
10: inc a      {a=479006628, b=0, c=11, d=13}
11: dec d      {a=479006628, b=0, c=11, d=12}
9: jnz d -2   {a=479006628, b=0, c=11, d=12}
10: inc a      {a=479006629, b=0, c=11, d=12}
11: dec d      {a=479006629, b=0, c=11, d=11}
9: jnz d -2   {a=479006629, b=0, c=11, d=11}
10: inc a      {a=479006630, b=0, c=11, d=11}
11: dec d      {a=479006630, b=0, c=11, d=10}
9: jnz d -2   {a=479006630, b=0, c=11, d=10}
10: inc a      {a=479006631, b=0, c=11, d=10}
11: dec d      {a=479006631, b=0, c=11, d=9}
9: jnz d -2   {a=479006631, b=0, c=11, d=9}
10: inc a      {a=479006632, b=0, c=11, d=9}
11: dec d      {a=479006632, b=0, c=11, d=8}
9: jnz d -2   {a=479006632, b=0, c=11, d=8}
10: inc a      {a=479006633, b=0, c=11, d=8}
11: dec d      {a=479006633, b=0, c=11, d=7}
9: jnz d -2   {a=479006633, b=0, c=11, d=7}
10: inc a      {a=479006634, b=0, c=11, d=7}
11: dec d      {a=479006634, b=0, c=11, d=6}
9: jnz d -2   {a=479006634, b=0, c=11, d=6}
10: inc a      {a=479006635, b=0, c=11, d=6}
11: dec d      {a=479006635, b=0, c=11, d=5}
9: jnz d -2   {a=479006635, b=0, c=11, d=5}
10: inc a      {a=479006636, b=0, c=11, d=5}
11: dec d      {a=479006636, b=0, c=11, d=4}
9: jnz d -2   {a=479006636, b=0, c=11, d=4}
10: inc a      {a=479006637, b=0, c=11, d=4}
11: dec d      {a=479006637, b=0, c=11, d=3}
9: jnz d -2   {a=479006637, b=0, c=11, d=3}
10: inc a      {a=479006638, b=0, c=11, d=3}
11: dec d      {a=479006638, b=0, c=11, d=2}
9: jnz d -2   {a=479006638, b=0, c=11, d=2}
10: inc a      {a=479006639, b=0, c=11, d=2}
11: dec d      {a=479006639, b=0, c=11, d=1}
9: jnz d -2   {a=479006639, b=0, c=11, d=1}
10: inc a      {a=479006640, b=0, c=11, d=1}
11: dec d      {a=479006640, b=0, c=11, d=0}
12: jnz d -2   {a=479006640, b=0, c=11, d=0}
13: dec c      {a=479006640, b=0, c=10, d=0}
8: jnz c -5   {a=479006640, b=0, c=10, d=0}
9: cpy 80 d   {a=479006640, b=0, c=10, d=80}
10: inc a      {a=479006641, b=0, c=10, d=80}
11: dec d      {a=479006641, b=0, c=10, d=79}
9: jnz d -2   {a=479006641, b=0, c=10, d=79}
10: inc a      {a=479006642, b=0, c=10, d=79}
11: dec d      {a=479006642, b=0, c=10, d=78}
9: jnz d -2   {a=479006642, b=0, c=10, d=78}
10: inc a      {a=479006643, b=0, c=10, d=78}
11: dec d      {a=479006643, b=0, c=10, d=77}
9: jnz d -2   {a=479006643, b=0, c=10, d=77}
10: inc a      {a=479006644, b=0, c=10, d=77}
11: dec d      {a=479006644, b=0, c=10, d=76}
9: jnz d -2   {a=479006644, b=0, c=10, d=76}
10: inc a      {a=479006645, b=0, c=10, d=76}
11: dec d      {a=479006645, b=0, c=10, d=75}
9: jnz d -2   {a=479006645, b=0, c=10, d=75}
10: inc a      {a=479006646, b=0, c=10, d=75}
11: dec d      {a=479006646, b=0, c=10, d=74}
9: jnz d -2   {a=479006646, b=0, c=10, d=74}
10: inc a      {a=479006647, b=0, c=10, d=74}
11: dec d      {a=479006647, b=0, c=10, d=73}
9: jnz d -2   {a=479006647, b=0, c=10, d=73}
10: inc a      {a=479006648, b=0, c=10, d=73}
11: dec d      {a=479006648, b=0, c=10, d=72}
9: jnz d -2   {a=479006648, b=0, c=10, d=72}
10: inc a      {a=479006649, b=0, c=10, d=72}
11: dec d      {a=479006649, b=0, c=10, d=71}
9: jnz d -2   {a=479006649, b=0, c=10, d=71}
10: inc a      {a=479006650, b=0, c=10, d=71}
11: dec d      {a=479006650, b=0, c=10, d=70}
9: jnz d -2   {a=479006650, b=0, c=10, d=70}
10: inc a      {a=479006651, b=0, c=10, d=70}
11: dec d      {a=479006651, b=0, c=10, d=69}
9: jnz d -2   {a=479006651, b=0, c=10, d=69}
10: inc a      {a=479006652, b=0, c=10, d=69}
11: dec d      {a=479006652, b=0, c=10, d=68}
9: jnz d -2   {a=479006652, b=0, c=10, d=68}
10: inc a      {a=479006653, b=0, c=10, d=68}
11: dec d      {a=479006653, b=0, c=10, d=67}
9: jnz d -2   {a=479006653, b=0, c=10, d=67}
10: inc a      {a=479006654, b=0, c=10, d=67}
11: dec d      {a=479006654, b=0, c=10, d=66}
9: jnz d -2   {a=479006654, b=0, c=10, d=66}
10: inc a      {a=479006655, b=0, c=10, d=66}
11: dec d      {a=479006655, b=0, c=10, d=65}
9: jnz d -2   {a=479006655, b=0, c=10, d=65}
10: inc a      {a=479006656, b=0, c=10, d=65}
11: dec d      {a=479006656, b=0, c=10, d=64}
9: jnz d -2   {a=479006656, b=0, c=10, d=64}
10: inc a      {a=479006657, b=0, c=10, d=64}
11: dec d      {a=479006657, b=0, c=10, d=63}
9: jnz d -2   {a=479006657, b=0, c=10, d=63}
10: inc a      {a=479006658, b=0, c=10, d=63}
11: dec d      {a=479006658, b=0, c=10, d=62}
9: jnz d -2   {a=479006658, b=0, c=10, d=62}
10: inc a      {a=479006659, b=0, c=10, d=62}
11: dec d      {a=479006659, b=0, c=10, d=61}
9: jnz d -2   {a=479006659, b=0, c=10, d=61}
10: inc a      {a=479006660, b=0, c=10, d=61}
11: dec d      {a=479006660, b=0, c=10, d=60}
9: jnz d -2   {a=479006660, b=0, c=10, d=60}
10: inc a      {a=479006661, b=0, c=10, d=60}
11: dec d      {a=479006661, b=0, c=10, d=59}
9: jnz d -2   {a=479006661, b=0, c=10, d=59}
10: inc a      {a=479006662, b=0, c=10, d=59}
11: dec d      {a=479006662, b=0, c=10, d=58}
9: jnz d -2   {a=479006662, b=0, c=10, d=58}
10: inc a      {a=479006663, b=0, c=10, d=58}
11: dec d      {a=479006663, b=0, c=10, d=57}
9: jnz d -2   {a=479006663, b=0, c=10, d=57}
10: inc a      {a=479006664, b=0, c=10, d=57}
11: dec d      {a=479006664, b=0, c=10, d=56}
9: jnz d -2   {a=479006664, b=0, c=10, d=56}
10: inc a      {a=479006665, b=0, c=10, d=56}
11: dec d      {a=479006665, b=0, c=10, d=55}
9: jnz d -2   {a=479006665, b=0, c=10, d=55}
10: inc a      {a=479006666, b=0, c=10, d=55}
11: dec d      {a=479006666, b=0, c=10, d=54}
9: jnz d -2   {a=479006666, b=0, c=10, d=54}
10: inc a      {a=479006667, b=0, c=10, d=54}
11: dec d      {a=479006667, b=0, c=10, d=53}
9: jnz d -2   {a=479006667, b=0, c=10, d=53}
10: inc a      {a=479006668, b=0, c=10, d=53}
11: dec d      {a=479006668, b=0, c=10, d=52}
9: jnz d -2   {a=479006668, b=0, c=10, d=52}
10: inc a      {a=479006669, b=0, c=10, d=52}
11: dec d      {a=479006669, b=0, c=10, d=51}
9: jnz d -2   {a=479006669, b=0, c=10, d=51}
10: inc a      {a=479006670, b=0, c=10, d=51}
11: dec d      {a=479006670, b=0, c=10, d=50}
9: jnz d -2   {a=479006670, b=0, c=10, d=50}
10: inc a      {a=479006671, b=0, c=10, d=50}
11: dec d      {a=479006671, b=0, c=10, d=49}
9: jnz d -2   {a=479006671, b=0, c=10, d=49}
10: inc a      {a=479006672, b=0, c=10, d=49}
11: dec d      {a=479006672, b=0, c=10, d=48}
9: jnz d -2   {a=479006672, b=0, c=10, d=48}
10: inc a      {a=479006673, b=0, c=10, d=48}
11: dec d      {a=479006673, b=0, c=10, d=47}
9: jnz d -2   {a=479006673, b=0, c=10, d=47}
10: inc a      {a=479006674, b=0, c=10, d=47}
11: dec d      {a=479006674, b=0, c=10, d=46}
9: jnz d -2   {a=479006674, b=0, c=10, d=46}
10: inc a      {a=479006675, b=0, c=10, d=46}
11: dec d      {a=479006675, b=0, c=10, d=45}
9: jnz d -2   {a=479006675, b=0, c=10, d=45}
10: inc a      {a=479006676, b=0, c=10, d=45}
11: dec d      {a=479006676, b=0, c=10, d=44}
9: jnz d -2   {a=479006676, b=0, c=10, d=44}
10: inc a      {a=479006677, b=0, c=10, d=44}
11: dec d      {a=479006677, b=0, c=10, d=43}
9: jnz d -2   {a=479006677, b=0, c=10, d=43}
10: inc a      {a=479006678, b=0, c=10, d=43}
11: dec d      {a=479006678, b=0, c=10, d=42}
9: jnz d -2   {a=479006678, b=0, c=10, d=42}
10: inc a      {a=479006679, b=0, c=10, d=42}
11: dec d      {a=479006679, b=0, c=10, d=41}
9: jnz d -2   {a=479006679, b=0, c=10, d=41}
10: inc a      {a=479006680, b=0, c=10, d=41}
11: dec d      {a=479006680, b=0, c=10, d=40}
9: jnz d -2   {a=479006680, b=0, c=10, d=40}
10: inc a      {a=479006681, b=0, c=10, d=40}
11: dec d      {a=479006681, b=0, c=10, d=39}
9: jnz d -2   {a=479006681, b=0, c=10, d=39}
10: inc a      {a=479006682, b=0, c=10, d=39}
11: dec d      {a=479006682, b=0, c=10, d=38}
9: jnz d -2   {a=479006682, b=0, c=10, d=38}
10: inc a      {a=479006683, b=0, c=10, d=38}
11: dec d      {a=479006683, b=0, c=10, d=37}
9: jnz d -2   {a=479006683, b=0, c=10, d=37}
10: inc a      {a=479006684, b=0, c=10, d=37}
11: dec d      {a=479006684, b=0, c=10, d=36}
9: jnz d -2   {a=479006684, b=0, c=10, d=36}
10: inc a      {a=479006685, b=0, c=10, d=36}
11: dec d      {a=479006685, b=0, c=10, d=35}
9: jnz d -2   {a=479006685, b=0, c=10, d=35}
10: inc a      {a=479006686, b=0, c=10, d=35}
11: dec d      {a=479006686, b=0, c=10, d=34}
9: jnz d -2   {a=479006686, b=0, c=10, d=34}
10: inc a      {a=479006687, b=0, c=10, d=34}
11: dec d      {a=479006687, b=0, c=10, d=33}
9: jnz d -2   {a=479006687, b=0, c=10, d=33}
10: inc a      {a=479006688, b=0, c=10, d=33}
11: dec d      {a=479006688, b=0, c=10, d=32}
9: jnz d -2   {a=479006688, b=0, c=10, d=32}
10: inc a      {a=479006689, b=0, c=10, d=32}
11: dec d      {a=479006689, b=0, c=10, d=31}
9: jnz d -2   {a=479006689, b=0, c=10, d=31}
10: inc a      {a=479006690, b=0, c=10, d=31}
11: dec d      {a=479006690, b=0, c=10, d=30}
9: jnz d -2   {a=479006690, b=0, c=10, d=30}
10: inc a      {a=479006691, b=0, c=10, d=30}
11: dec d      {a=479006691, b=0, c=10, d=29}
9: jnz d -2   {a=479006691, b=0, c=10, d=29}
10: inc a      {a=479006692, b=0, c=10, d=29}
11: dec d      {a=479006692, b=0, c=10, d=28}
9: jnz d -2   {a=479006692, b=0, c=10, d=28}
10: inc a      {a=479006693, b=0, c=10, d=28}
11: dec d      {a=479006693, b=0, c=10, d=27}
9: jnz d -2   {a=479006693, b=0, c=10, d=27}
10: inc a      {a=479006694, b=0, c=10, d=27}
11: dec d      {a=479006694, b=0, c=10, d=26}
9: jnz d -2   {a=479006694, b=0, c=10, d=26}
10: inc a      {a=479006695, b=0, c=10, d=26}
11: dec d      {a=479006695, b=0, c=10, d=25}
9: jnz d -2   {a=479006695, b=0, c=10, d=25}
10: inc a      {a=479006696, b=0, c=10, d=25}
11: dec d      {a=479006696, b=0, c=10, d=24}
9: jnz d -2   {a=479006696, b=0, c=10, d=24}
10: inc a      {a=479006697, b=0, c=10, d=24}
11: dec d      {a=479006697, b=0, c=10, d=23}
9: jnz d -2   {a=479006697, b=0, c=10, d=23}
10: inc a      {a=479006698, b=0, c=10, d=23}
11: dec d      {a=479006698, b=0, c=10, d=22}
9: jnz d -2   {a=479006698, b=0, c=10, d=22}
10: inc a      {a=479006699, b=0, c=10, d=22}
11: dec d      {a=479006699, b=0, c=10, d=21}
9: jnz d -2   {a=479006699, b=0, c=10, d=21}
10: inc a      {a=479006700, b=0, c=10, d=21}
11: dec d      {a=479006700, b=0, c=10, d=20}
9: jnz d -2   {a=479006700, b=0, c=10, d=20}
10: inc a      {a=479006701, b=0, c=10, d=20}
11: dec d      {a=479006701, b=0, c=10, d=19}
9: jnz d -2   {a=479006701, b=0, c=10, d=19}
10: inc a      {a=479006702, b=0, c=10, d=19}
11: dec d      {a=479006702, b=0, c=10, d=18}
9: jnz d -2   {a=479006702, b=0, c=10, d=18}
10: inc a      {a=479006703, b=0, c=10, d=18}
11: dec d      {a=479006703, b=0, c=10, d=17}
9: jnz d -2   {a=479006703, b=0, c=10, d=17}
10: inc a      {a=479006704, b=0, c=10, d=17}
11: dec d      {a=479006704, b=0, c=10, d=16}
9: jnz d -2   {a=479006704, b=0, c=10, d=16}
10: inc a      {a=479006705, b=0, c=10, d=16}
11: dec d      {a=479006705, b=0, c=10, d=15}
9: jnz d -2   {a=479006705, b=0, c=10, d=15}
10: inc a      {a=479006706, b=0, c=10, d=15}
11: dec d      {a=479006706, b=0, c=10, d=14}
9: jnz d -2   {a=479006706, b=0, c=10, d=14}
10: inc a      {a=479006707, b=0, c=10, d=14}
11: dec d      {a=479006707, b=0, c=10, d=13}
9: jnz d -2   {a=479006707, b=0, c=10, d=13}
10: inc a      {a=479006708, b=0, c=10, d=13}
11: dec d      {a=479006708, b=0, c=10, d=12}
9: jnz d -2   {a=479006708, b=0, c=10, d=12}
10: inc a      {a=479006709, b=0, c=10, d=12}
11: dec d      {a=479006709, b=0, c=10, d=11}
9: jnz d -2   {a=479006709, b=0, c=10, d=11}
10: inc a      {a=479006710, b=0, c=10, d=11}
11: dec d      {a=479006710, b=0, c=10, d=10}
9: jnz d -2   {a=479006710, b=0, c=10, d=10}
10: inc a      {a=479006711, b=0, c=10, d=10}
11: dec d      {a=479006711, b=0, c=10, d=9}
9: jnz d -2   {a=479006711, b=0, c=10, d=9}
10: inc a      {a=479006712, b=0, c=10, d=9}
11: dec d      {a=479006712, b=0, c=10, d=8}
9: jnz d -2   {a=479006712, b=0, c=10, d=8}
10: inc a      {a=479006713, b=0, c=10, d=8}
11: dec d      {a=479006713, b=0, c=10, d=7}
9: jnz d -2   {a=479006713, b=0, c=10, d=7}
10: inc a      {a=479006714, b=0, c=10, d=7}
11: dec d      {a=479006714, b=0, c=10, d=6}
9: jnz d -2   {a=479006714, b=0, c=10, d=6}
10: inc a      {a=479006715, b=0, c=10, d=6}
11: dec d      {a=479006715, b=0, c=10, d=5}
9: jnz d -2   {a=479006715, b=0, c=10, d=5}
10: inc a      {a=479006716, b=0, c=10, d=5}
11: dec d      {a=479006716, b=0, c=10, d=4}
9: jnz d -2   {a=479006716, b=0, c=10, d=4}
10: inc a      {a=479006717, b=0, c=10, d=4}
11: dec d      {a=479006717, b=0, c=10, d=3}
9: jnz d -2   {a=479006717, b=0, c=10, d=3}
10: inc a      {a=479006718, b=0, c=10, d=3}
11: dec d      {a=479006718, b=0, c=10, d=2}
9: jnz d -2   {a=479006718, b=0, c=10, d=2}
10: inc a      {a=479006719, b=0, c=10, d=2}
11: dec d      {a=479006719, b=0, c=10, d=1}
9: jnz d -2   {a=479006719, b=0, c=10, d=1}
10: inc a      {a=479006720, b=0, c=10, d=1}
11: dec d      {a=479006720, b=0, c=10, d=0}
12: jnz d -2   {a=479006720, b=0, c=10, d=0}
13: dec c      {a=479006720, b=0, c=9, d=0}
8: jnz c -5   {a=479006720, b=0, c=9, d=0}
9: cpy 80 d   {a=479006720, b=0, c=9, d=80}
10: inc a      {a=479006721, b=0, c=9, d=80}
11: dec d      {a=479006721, b=0, c=9, d=79}
9: jnz d -2   {a=479006721, b=0, c=9, d=79}
10: inc a      {a=479006722, b=0, c=9, d=79}
11: dec d      {a=479006722, b=0, c=9, d=78}
9: jnz d -2   {a=479006722, b=0, c=9, d=78}
10: inc a      {a=479006723, b=0, c=9, d=78}
11: dec d      {a=479006723, b=0, c=9, d=77}
9: jnz d -2   {a=479006723, b=0, c=9, d=77}
10: inc a      {a=479006724, b=0, c=9, d=77}
11: dec d      {a=479006724, b=0, c=9, d=76}
9: jnz d -2   {a=479006724, b=0, c=9, d=76}
10: inc a      {a=479006725, b=0, c=9, d=76}
11: dec d      {a=479006725, b=0, c=9, d=75}
9: jnz d -2   {a=479006725, b=0, c=9, d=75}
10: inc a      {a=479006726, b=0, c=9, d=75}
11: dec d      {a=479006726, b=0, c=9, d=74}
9: jnz d -2   {a=479006726, b=0, c=9, d=74}
10: inc a      {a=479006727, b=0, c=9, d=74}
11: dec d      {a=479006727, b=0, c=9, d=73}
9: jnz d -2   {a=479006727, b=0, c=9, d=73}
10: inc a      {a=479006728, b=0, c=9, d=73}
11: dec d      {a=479006728, b=0, c=9, d=72}
9: jnz d -2   {a=479006728, b=0, c=9, d=72}
10: inc a      {a=479006729, b=0, c=9, d=72}
11: dec d      {a=479006729, b=0, c=9, d=71}
9: jnz d -2   {a=479006729, b=0, c=9, d=71}
10: inc a      {a=479006730, b=0, c=9, d=71}
11: dec d      {a=479006730, b=0, c=9, d=70}
9: jnz d -2   {a=479006730, b=0, c=9, d=70}
10: inc a      {a=479006731, b=0, c=9, d=70}
11: dec d      {a=479006731, b=0, c=9, d=69}
9: jnz d -2   {a=479006731, b=0, c=9, d=69}
10: inc a      {a=479006732, b=0, c=9, d=69}
11: dec d      {a=479006732, b=0, c=9, d=68}
9: jnz d -2   {a=479006732, b=0, c=9, d=68}
10: inc a      {a=479006733, b=0, c=9, d=68}
11: dec d      {a=479006733, b=0, c=9, d=67}
9: jnz d -2   {a=479006733, b=0, c=9, d=67}
10: inc a      {a=479006734, b=0, c=9, d=67}
11: dec d      {a=479006734, b=0, c=9, d=66}
9: jnz d -2   {a=479006734, b=0, c=9, d=66}
10: inc a      {a=479006735, b=0, c=9, d=66}
11: dec d      {a=479006735, b=0, c=9, d=65}
9: jnz d -2   {a=479006735, b=0, c=9, d=65}
10: inc a      {a=479006736, b=0, c=9, d=65}
11: dec d      {a=479006736, b=0, c=9, d=64}
9: jnz d -2   {a=479006736, b=0, c=9, d=64}
10: inc a      {a=479006737, b=0, c=9, d=64}
11: dec d      {a=479006737, b=0, c=9, d=63}
9: jnz d -2   {a=479006737, b=0, c=9, d=63}
10: inc a      {a=479006738, b=0, c=9, d=63}
11: dec d      {a=479006738, b=0, c=9, d=62}
9: jnz d -2   {a=479006738, b=0, c=9, d=62}
10: inc a      {a=479006739, b=0, c=9, d=62}
11: dec d      {a=479006739, b=0, c=9, d=61}
9: jnz d -2   {a=479006739, b=0, c=9, d=61}
10: inc a      {a=479006740, b=0, c=9, d=61}
11: dec d      {a=479006740, b=0, c=9, d=60}
9: jnz d -2   {a=479006740, b=0, c=9, d=60}
10: inc a      {a=479006741, b=0, c=9, d=60}
11: dec d      {a=479006741, b=0, c=9, d=59}
9: jnz d -2   {a=479006741, b=0, c=9, d=59}
10: inc a      {a=479006742, b=0, c=9, d=59}
11: dec d      {a=479006742, b=0, c=9, d=58}
9: jnz d -2   {a=479006742, b=0, c=9, d=58}
10: inc a      {a=479006743, b=0, c=9, d=58}
11: dec d      {a=479006743, b=0, c=9, d=57}
9: jnz d -2   {a=479006743, b=0, c=9, d=57}
10: inc a      {a=479006744, b=0, c=9, d=57}
11: dec d      {a=479006744, b=0, c=9, d=56}
9: jnz d -2   {a=479006744, b=0, c=9, d=56}
10: inc a      {a=479006745, b=0, c=9, d=56}
11: dec d      {a=479006745, b=0, c=9, d=55}
9: jnz d -2   {a=479006745, b=0, c=9, d=55}
10: inc a      {a=479006746, b=0, c=9, d=55}
11: dec d      {a=479006746, b=0, c=9, d=54}
9: jnz d -2   {a=479006746, b=0, c=9, d=54}
10: inc a      {a=479006747, b=0, c=9, d=54}
11: dec d      {a=479006747, b=0, c=9, d=53}
9: jnz d -2   {a=479006747, b=0, c=9, d=53}
10: inc a      {a=479006748, b=0, c=9, d=53}
11: dec d      {a=479006748, b=0, c=9, d=52}
9: jnz d -2   {a=479006748, b=0, c=9, d=52}
10: inc a      {a=479006749, b=0, c=9, d=52}
11: dec d      {a=479006749, b=0, c=9, d=51}
9: jnz d -2   {a=479006749, b=0, c=9, d=51}
10: inc a      {a=479006750, b=0, c=9, d=51}
11: dec d      {a=479006750, b=0, c=9, d=50}
9: jnz d -2   {a=479006750, b=0, c=9, d=50}
10: inc a      {a=479006751, b=0, c=9, d=50}
11: dec d      {a=479006751, b=0, c=9, d=49}
9: jnz d -2   {a=479006751, b=0, c=9, d=49}
10: inc a      {a=479006752, b=0, c=9, d=49}
11: dec d      {a=479006752, b=0, c=9, d=48}
9: jnz d -2   {a=479006752, b=0, c=9, d=48}
10: inc a      {a=479006753, b=0, c=9, d=48}
11: dec d      {a=479006753, b=0, c=9, d=47}
9: jnz d -2   {a=479006753, b=0, c=9, d=47}
10: inc a      {a=479006754, b=0, c=9, d=47}
11: dec d      {a=479006754, b=0, c=9, d=46}
9: jnz d -2   {a=479006754, b=0, c=9, d=46}
10: inc a      {a=479006755, b=0, c=9, d=46}
11: dec d      {a=479006755, b=0, c=9, d=45}
9: jnz d -2   {a=479006755, b=0, c=9, d=45}
10: inc a      {a=479006756, b=0, c=9, d=45}
11: dec d      {a=479006756, b=0, c=9, d=44}
9: jnz d -2   {a=479006756, b=0, c=9, d=44}
10: inc a      {a=479006757, b=0, c=9, d=44}
11: dec d      {a=479006757, b=0, c=9, d=43}
9: jnz d -2   {a=479006757, b=0, c=9, d=43}
10: inc a      {a=479006758, b=0, c=9, d=43}
11: dec d      {a=479006758, b=0, c=9, d=42}
9: jnz d -2   {a=479006758, b=0, c=9, d=42}
10: inc a      {a=479006759, b=0, c=9, d=42}
11: dec d      {a=479006759, b=0, c=9, d=41}
9: jnz d -2   {a=479006759, b=0, c=9, d=41}
10: inc a      {a=479006760, b=0, c=9, d=41}
11: dec d      {a=479006760, b=0, c=9, d=40}
9: jnz d -2   {a=479006760, b=0, c=9, d=40}
10: inc a      {a=479006761, b=0, c=9, d=40}
11: dec d      {a=479006761, b=0, c=9, d=39}
9: jnz d -2   {a=479006761, b=0, c=9, d=39}
10: inc a      {a=479006762, b=0, c=9, d=39}
11: dec d      {a=479006762, b=0, c=9, d=38}
9: jnz d -2   {a=479006762, b=0, c=9, d=38}
10: inc a      {a=479006763, b=0, c=9, d=38}
11: dec d      {a=479006763, b=0, c=9, d=37}
9: jnz d -2   {a=479006763, b=0, c=9, d=37}
10: inc a      {a=479006764, b=0, c=9, d=37}
11: dec d      {a=479006764, b=0, c=9, d=36}
9: jnz d -2   {a=479006764, b=0, c=9, d=36}
10: inc a      {a=479006765, b=0, c=9, d=36}
11: dec d      {a=479006765, b=0, c=9, d=35}
9: jnz d -2   {a=479006765, b=0, c=9, d=35}
10: inc a      {a=479006766, b=0, c=9, d=35}
11: dec d      {a=479006766, b=0, c=9, d=34}
9: jnz d -2   {a=479006766, b=0, c=9, d=34}
10: inc a      {a=479006767, b=0, c=9, d=34}
11: dec d      {a=479006767, b=0, c=9, d=33}
9: jnz d -2   {a=479006767, b=0, c=9, d=33}
10: inc a      {a=479006768, b=0, c=9, d=33}
11: dec d      {a=479006768, b=0, c=9, d=32}
9: jnz d -2   {a=479006768, b=0, c=9, d=32}
10: inc a      {a=479006769, b=0, c=9, d=32}
11: dec d      {a=479006769, b=0, c=9, d=31}
9: jnz d -2   {a=479006769, b=0, c=9, d=31}
10: inc a      {a=479006770, b=0, c=9, d=31}
11: dec d      {a=479006770, b=0, c=9, d=30}
9: jnz d -2   {a=479006770, b=0, c=9, d=30}
10: inc a      {a=479006771, b=0, c=9, d=30}
11: dec d      {a=479006771, b=0, c=9, d=29}
9: jnz d -2   {a=479006771, b=0, c=9, d=29}
10: inc a      {a=479006772, b=0, c=9, d=29}
11: dec d      {a=479006772, b=0, c=9, d=28}
9: jnz d -2   {a=479006772, b=0, c=9, d=28}
10: inc a      {a=479006773, b=0, c=9, d=28}
11: dec d      {a=479006773, b=0, c=9, d=27}
9: jnz d -2   {a=479006773, b=0, c=9, d=27}
10: inc a      {a=479006774, b=0, c=9, d=27}
11: dec d      {a=479006774, b=0, c=9, d=26}
9: jnz d -2   {a=479006774, b=0, c=9, d=26}
10: inc a      {a=479006775, b=0, c=9, d=26}
11: dec d      {a=479006775, b=0, c=9, d=25}
9: jnz d -2   {a=479006775, b=0, c=9, d=25}
10: inc a      {a=479006776, b=0, c=9, d=25}
11: dec d      {a=479006776, b=0, c=9, d=24}
9: jnz d -2   {a=479006776, b=0, c=9, d=24}
10: inc a      {a=479006777, b=0, c=9, d=24}
11: dec d      {a=479006777, b=0, c=9, d=23}
9: jnz d -2   {a=479006777, b=0, c=9, d=23}
10: inc a      {a=479006778, b=0, c=9, d=23}
11: dec d      {a=479006778, b=0, c=9, d=22}
9: jnz d -2   {a=479006778, b=0, c=9, d=22}
10: inc a      {a=479006779, b=0, c=9, d=22}
11: dec d      {a=479006779, b=0, c=9, d=21}
9: jnz d -2   {a=479006779, b=0, c=9, d=21}
10: inc a      {a=479006780, b=0, c=9, d=21}
11: dec d      {a=479006780, b=0, c=9, d=20}
9: jnz d -2   {a=479006780, b=0, c=9, d=20}
10: inc a      {a=479006781, b=0, c=9, d=20}
11: dec d      {a=479006781, b=0, c=9, d=19}
9: jnz d -2   {a=479006781, b=0, c=9, d=19}
10: inc a      {a=479006782, b=0, c=9, d=19}
11: dec d      {a=479006782, b=0, c=9, d=18}
9: jnz d -2   {a=479006782, b=0, c=9, d=18}
10: inc a      {a=479006783, b=0, c=9, d=18}
11: dec d      {a=479006783, b=0, c=9, d=17}
9: jnz d -2   {a=479006783, b=0, c=9, d=17}
10: inc a      {a=479006784, b=0, c=9, d=17}
11: dec d      {a=479006784, b=0, c=9, d=16}
9: jnz d -2   {a=479006784, b=0, c=9, d=16}
10: inc a      {a=479006785, b=0, c=9, d=16}
11: dec d      {a=479006785, b=0, c=9, d=15}
9: jnz d -2   {a=479006785, b=0, c=9, d=15}
10: inc a      {a=479006786, b=0, c=9, d=15}
11: dec d      {a=479006786, b=0, c=9, d=14}
9: jnz d -2   {a=479006786, b=0, c=9, d=14}
10: inc a      {a=479006787, b=0, c=9, d=14}
11: dec d      {a=479006787, b=0, c=9, d=13}
9: jnz d -2   {a=479006787, b=0, c=9, d=13}
10: inc a      {a=479006788, b=0, c=9, d=13}
11: dec d      {a=479006788, b=0, c=9, d=12}
9: jnz d -2   {a=479006788, b=0, c=9, d=12}
10: inc a      {a=479006789, b=0, c=9, d=12}
11: dec d      {a=479006789, b=0, c=9, d=11}
9: jnz d -2   {a=479006789, b=0, c=9, d=11}
10: inc a      {a=479006790, b=0, c=9, d=11}
11: dec d      {a=479006790, b=0, c=9, d=10}
9: jnz d -2   {a=479006790, b=0, c=9, d=10}
10: inc a      {a=479006791, b=0, c=9, d=10}
11: dec d      {a=479006791, b=0, c=9, d=9}
9: jnz d -2   {a=479006791, b=0, c=9, d=9}
10: inc a      {a=479006792, b=0, c=9, d=9}
11: dec d      {a=479006792, b=0, c=9, d=8}
9: jnz d -2   {a=479006792, b=0, c=9, d=8}
10: inc a      {a=479006793, b=0, c=9, d=8}
11: dec d      {a=479006793, b=0, c=9, d=7}
9: jnz d -2   {a=479006793, b=0, c=9, d=7}
10: inc a      {a=479006794, b=0, c=9, d=7}
11: dec d      {a=479006794, b=0, c=9, d=6}
9: jnz d -2   {a=479006794, b=0, c=9, d=6}
10: inc a      {a=479006795, b=0, c=9, d=6}
11: dec d      {a=479006795, b=0, c=9, d=5}
9: jnz d -2   {a=479006795, b=0, c=9, d=5}
10: inc a      {a=479006796, b=0, c=9, d=5}
11: dec d      {a=479006796, b=0, c=9, d=4}
9: jnz d -2   {a=479006796, b=0, c=9, d=4}
10: inc a      {a=479006797, b=0, c=9, d=4}
11: dec d      {a=479006797, b=0, c=9, d=3}
9: jnz d -2   {a=479006797, b=0, c=9, d=3}
10: inc a      {a=479006798, b=0, c=9, d=3}
11: dec d      {a=479006798, b=0, c=9, d=2}
9: jnz d -2   {a=479006798, b=0, c=9, d=2}
10: inc a      {a=479006799, b=0, c=9, d=2}
11: dec d      {a=479006799, b=0, c=9, d=1}
9: jnz d -2   {a=479006799, b=0, c=9, d=1}
10: inc a      {a=479006800, b=0, c=9, d=1}
11: dec d      {a=479006800, b=0, c=9, d=0}
12: jnz d -2   {a=479006800, b=0, c=9, d=0}
13: dec c      {a=479006800, b=0, c=8, d=0}
8: jnz c -5   {a=479006800, b=0, c=8, d=0}
9: cpy 80 d   {a=479006800, b=0, c=8, d=80}
10: inc a      {a=479006801, b=0, c=8, d=80}
11: dec d      {a=479006801, b=0, c=8, d=79}
9: jnz d -2   {a=479006801, b=0, c=8, d=79}
10: inc a      {a=479006802, b=0, c=8, d=79}
11: dec d      {a=479006802, b=0, c=8, d=78}
9: jnz d -2   {a=479006802, b=0, c=8, d=78}
10: inc a      {a=479006803, b=0, c=8, d=78}
11: dec d      {a=479006803, b=0, c=8, d=77}
9: jnz d -2   {a=479006803, b=0, c=8, d=77}
10: inc a      {a=479006804, b=0, c=8, d=77}
11: dec d      {a=479006804, b=0, c=8, d=76}
9: jnz d -2   {a=479006804, b=0, c=8, d=76}
10: inc a      {a=479006805, b=0, c=8, d=76}
11: dec d      {a=479006805, b=0, c=8, d=75}
9: jnz d -2   {a=479006805, b=0, c=8, d=75}
10: inc a      {a=479006806, b=0, c=8, d=75}
11: dec d      {a=479006806, b=0, c=8, d=74}
9: jnz d -2   {a=479006806, b=0, c=8, d=74}
10: inc a      {a=479006807, b=0, c=8, d=74}
11: dec d      {a=479006807, b=0, c=8, d=73}
9: jnz d -2   {a=479006807, b=0, c=8, d=73}
10: inc a      {a=479006808, b=0, c=8, d=73}
11: dec d      {a=479006808, b=0, c=8, d=72}
9: jnz d -2   {a=479006808, b=0, c=8, d=72}
10: inc a      {a=479006809, b=0, c=8, d=72}
11: dec d      {a=479006809, b=0, c=8, d=71}
9: jnz d -2   {a=479006809, b=0, c=8, d=71}
10: inc a      {a=479006810, b=0, c=8, d=71}
11: dec d      {a=479006810, b=0, c=8, d=70}
9: jnz d -2   {a=479006810, b=0, c=8, d=70}
10: inc a      {a=479006811, b=0, c=8, d=70}
11: dec d      {a=479006811, b=0, c=8, d=69}
9: jnz d -2   {a=479006811, b=0, c=8, d=69}
10: inc a      {a=479006812, b=0, c=8, d=69}
11: dec d      {a=479006812, b=0, c=8, d=68}
9: jnz d -2   {a=479006812, b=0, c=8, d=68}
10: inc a      {a=479006813, b=0, c=8, d=68}
11: dec d      {a=479006813, b=0, c=8, d=67}
9: jnz d -2   {a=479006813, b=0, c=8, d=67}
10: inc a      {a=479006814, b=0, c=8, d=67}
11: dec d      {a=479006814, b=0, c=8, d=66}
9: jnz d -2   {a=479006814, b=0, c=8, d=66}
10: inc a      {a=479006815, b=0, c=8, d=66}
11: dec d      {a=479006815, b=0, c=8, d=65}
9: jnz d -2   {a=479006815, b=0, c=8, d=65}
10: inc a      {a=479006816, b=0, c=8, d=65}
11: dec d      {a=479006816, b=0, c=8, d=64}
9: jnz d -2   {a=479006816, b=0, c=8, d=64}
10: inc a      {a=479006817, b=0, c=8, d=64}
11: dec d      {a=479006817, b=0, c=8, d=63}
9: jnz d -2   {a=479006817, b=0, c=8, d=63}
10: inc a      {a=479006818, b=0, c=8, d=63}
11: dec d      {a=479006818, b=0, c=8, d=62}
9: jnz d -2   {a=479006818, b=0, c=8, d=62}
10: inc a      {a=479006819, b=0, c=8, d=62}
11: dec d      {a=479006819, b=0, c=8, d=61}
9: jnz d -2   {a=479006819, b=0, c=8, d=61}
10: inc a      {a=479006820, b=0, c=8, d=61}
11: dec d      {a=479006820, b=0, c=8, d=60}
9: jnz d -2   {a=479006820, b=0, c=8, d=60}
10: inc a      {a=479006821, b=0, c=8, d=60}
11: dec d      {a=479006821, b=0, c=8, d=59}
9: jnz d -2   {a=479006821, b=0, c=8, d=59}
10: inc a      {a=479006822, b=0, c=8, d=59}
11: dec d      {a=479006822, b=0, c=8, d=58}
9: jnz d -2   {a=479006822, b=0, c=8, d=58}
10: inc a      {a=479006823, b=0, c=8, d=58}
11: dec d      {a=479006823, b=0, c=8, d=57}
9: jnz d -2   {a=479006823, b=0, c=8, d=57}
10: inc a      {a=479006824, b=0, c=8, d=57}
11: dec d      {a=479006824, b=0, c=8, d=56}
9: jnz d -2   {a=479006824, b=0, c=8, d=56}
10: inc a      {a=479006825, b=0, c=8, d=56}
11: dec d      {a=479006825, b=0, c=8, d=55}
9: jnz d -2   {a=479006825, b=0, c=8, d=55}
10: inc a      {a=479006826, b=0, c=8, d=55}
11: dec d      {a=479006826, b=0, c=8, d=54}
9: jnz d -2   {a=479006826, b=0, c=8, d=54}
10: inc a      {a=479006827, b=0, c=8, d=54}
11: dec d      {a=479006827, b=0, c=8, d=53}
9: jnz d -2   {a=479006827, b=0, c=8, d=53}
10: inc a      {a=479006828, b=0, c=8, d=53}
11: dec d      {a=479006828, b=0, c=8, d=52}
9: jnz d -2   {a=479006828, b=0, c=8, d=52}
10: inc a      {a=479006829, b=0, c=8, d=52}
11: dec d      {a=479006829, b=0, c=8, d=51}
9: jnz d -2   {a=479006829, b=0, c=8, d=51}
10: inc a      {a=479006830, b=0, c=8, d=51}
11: dec d      {a=479006830, b=0, c=8, d=50}
9: jnz d -2   {a=479006830, b=0, c=8, d=50}
10: inc a      {a=479006831, b=0, c=8, d=50}
11: dec d      {a=479006831, b=0, c=8, d=49}
9: jnz d -2   {a=479006831, b=0, c=8, d=49}
10: inc a      {a=479006832, b=0, c=8, d=49}
11: dec d      {a=479006832, b=0, c=8, d=48}
9: jnz d -2   {a=479006832, b=0, c=8, d=48}
10: inc a      {a=479006833, b=0, c=8, d=48}
11: dec d      {a=479006833, b=0, c=8, d=47}
9: jnz d -2   {a=479006833, b=0, c=8, d=47}
10: inc a      {a=479006834, b=0, c=8, d=47}
11: dec d      {a=479006834, b=0, c=8, d=46}
9: jnz d -2   {a=479006834, b=0, c=8, d=46}
10: inc a      {a=479006835, b=0, c=8, d=46}
11: dec d      {a=479006835, b=0, c=8, d=45}
9: jnz d -2   {a=479006835, b=0, c=8, d=45}
10: inc a      {a=479006836, b=0, c=8, d=45}
11: dec d      {a=479006836, b=0, c=8, d=44}
9: jnz d -2   {a=479006836, b=0, c=8, d=44}
10: inc a      {a=479006837, b=0, c=8, d=44}
11: dec d      {a=479006837, b=0, c=8, d=43}
9: jnz d -2   {a=479006837, b=0, c=8, d=43}
10: inc a      {a=479006838, b=0, c=8, d=43}
11: dec d      {a=479006838, b=0, c=8, d=42}
9: jnz d -2   {a=479006838, b=0, c=8, d=42}
10: inc a      {a=479006839, b=0, c=8, d=42}
11: dec d      {a=479006839, b=0, c=8, d=41}
9: jnz d -2   {a=479006839, b=0, c=8, d=41}
10: inc a      {a=479006840, b=0, c=8, d=41}
11: dec d      {a=479006840, b=0, c=8, d=40}
9: jnz d -2   {a=479006840, b=0, c=8, d=40}
10: inc a      {a=479006841, b=0, c=8, d=40}
11: dec d      {a=479006841, b=0, c=8, d=39}
9: jnz d -2   {a=479006841, b=0, c=8, d=39}
10: inc a      {a=479006842, b=0, c=8, d=39}
11: dec d      {a=479006842, b=0, c=8, d=38}
9: jnz d -2   {a=479006842, b=0, c=8, d=38}
10: inc a      {a=479006843, b=0, c=8, d=38}
11: dec d      {a=479006843, b=0, c=8, d=37}
9: jnz d -2   {a=479006843, b=0, c=8, d=37}
10: inc a      {a=479006844, b=0, c=8, d=37}
11: dec d      {a=479006844, b=0, c=8, d=36}
9: jnz d -2   {a=479006844, b=0, c=8, d=36}
10: inc a      {a=479006845, b=0, c=8, d=36}
11: dec d      {a=479006845, b=0, c=8, d=35}
9: jnz d -2   {a=479006845, b=0, c=8, d=35}
10: inc a      {a=479006846, b=0, c=8, d=35}
11: dec d      {a=479006846, b=0, c=8, d=34}
9: jnz d -2   {a=479006846, b=0, c=8, d=34}
10: inc a      {a=479006847, b=0, c=8, d=34}
11: dec d      {a=479006847, b=0, c=8, d=33}
9: jnz d -2   {a=479006847, b=0, c=8, d=33}
10: inc a      {a=479006848, b=0, c=8, d=33}
11: dec d      {a=479006848, b=0, c=8, d=32}
9: jnz d -2   {a=479006848, b=0, c=8, d=32}
10: inc a      {a=479006849, b=0, c=8, d=32}
11: dec d      {a=479006849, b=0, c=8, d=31}
9: jnz d -2   {a=479006849, b=0, c=8, d=31}
10: inc a      {a=479006850, b=0, c=8, d=31}
11: dec d      {a=479006850, b=0, c=8, d=30}
9: jnz d -2   {a=479006850, b=0, c=8, d=30}
10: inc a      {a=479006851, b=0, c=8, d=30}
11: dec d      {a=479006851, b=0, c=8, d=29}
9: jnz d -2   {a=479006851, b=0, c=8, d=29}
10: inc a      {a=479006852, b=0, c=8, d=29}
11: dec d      {a=479006852, b=0, c=8, d=28}
9: jnz d -2   {a=479006852, b=0, c=8, d=28}
10: inc a      {a=479006853, b=0, c=8, d=28}
11: dec d      {a=479006853, b=0, c=8, d=27}
9: jnz d -2   {a=479006853, b=0, c=8, d=27}
10: inc a      {a=479006854, b=0, c=8, d=27}
11: dec d      {a=479006854, b=0, c=8, d=26}
9: jnz d -2   {a=479006854, b=0, c=8, d=26}
10: inc a      {a=479006855, b=0, c=8, d=26}
11: dec d      {a=479006855, b=0, c=8, d=25}
9: jnz d -2   {a=479006855, b=0, c=8, d=25}
10: inc a      {a=479006856, b=0, c=8, d=25}
11: dec d      {a=479006856, b=0, c=8, d=24}
9: jnz d -2   {a=479006856, b=0, c=8, d=24}
10: inc a      {a=479006857, b=0, c=8, d=24}
11: dec d      {a=479006857, b=0, c=8, d=23}
9: jnz d -2   {a=479006857, b=0, c=8, d=23}
10: inc a      {a=479006858, b=0, c=8, d=23}
11: dec d      {a=479006858, b=0, c=8, d=22}
9: jnz d -2   {a=479006858, b=0, c=8, d=22}
10: inc a      {a=479006859, b=0, c=8, d=22}
11: dec d      {a=479006859, b=0, c=8, d=21}
9: jnz d -2   {a=479006859, b=0, c=8, d=21}
10: inc a      {a=479006860, b=0, c=8, d=21}
11: dec d      {a=479006860, b=0, c=8, d=20}
9: jnz d -2   {a=479006860, b=0, c=8, d=20}
10: inc a      {a=479006861, b=0, c=8, d=20}
11: dec d      {a=479006861, b=0, c=8, d=19}
9: jnz d -2   {a=479006861, b=0, c=8, d=19}
10: inc a      {a=479006862, b=0, c=8, d=19}
11: dec d      {a=479006862, b=0, c=8, d=18}
9: jnz d -2   {a=479006862, b=0, c=8, d=18}
10: inc a      {a=479006863, b=0, c=8, d=18}
11: dec d      {a=479006863, b=0, c=8, d=17}
9: jnz d -2   {a=479006863, b=0, c=8, d=17}
10: inc a      {a=479006864, b=0, c=8, d=17}
11: dec d      {a=479006864, b=0, c=8, d=16}
9: jnz d -2   {a=479006864, b=0, c=8, d=16}
10: inc a      {a=479006865, b=0, c=8, d=16}
11: dec d      {a=479006865, b=0, c=8, d=15}
9: jnz d -2   {a=479006865, b=0, c=8, d=15}
10: inc a      {a=479006866, b=0, c=8, d=15}
11: dec d      {a=479006866, b=0, c=8, d=14}
9: jnz d -2   {a=479006866, b=0, c=8, d=14}
10: inc a      {a=479006867, b=0, c=8, d=14}
11: dec d      {a=479006867, b=0, c=8, d=13}
9: jnz d -2   {a=479006867, b=0, c=8, d=13}
10: inc a      {a=479006868, b=0, c=8, d=13}
11: dec d      {a=479006868, b=0, c=8, d=12}
9: jnz d -2   {a=479006868, b=0, c=8, d=12}
10: inc a      {a=479006869, b=0, c=8, d=12}
11: dec d      {a=479006869, b=0, c=8, d=11}
9: jnz d -2   {a=479006869, b=0, c=8, d=11}
10: inc a      {a=479006870, b=0, c=8, d=11}
11: dec d      {a=479006870, b=0, c=8, d=10}
9: jnz d -2   {a=479006870, b=0, c=8, d=10}
10: inc a      {a=479006871, b=0, c=8, d=10}
11: dec d      {a=479006871, b=0, c=8, d=9}
9: jnz d -2   {a=479006871, b=0, c=8, d=9}
10: inc a      {a=479006872, b=0, c=8, d=9}
11: dec d      {a=479006872, b=0, c=8, d=8}
9: jnz d -2   {a=479006872, b=0, c=8, d=8}
10: inc a      {a=479006873, b=0, c=8, d=8}
11: dec d      {a=479006873, b=0, c=8, d=7}
9: jnz d -2   {a=479006873, b=0, c=8, d=7}
10: inc a      {a=479006874, b=0, c=8, d=7}
11: dec d      {a=479006874, b=0, c=8, d=6}
9: jnz d -2   {a=479006874, b=0, c=8, d=6}
10: inc a      {a=479006875, b=0, c=8, d=6}
11: dec d      {a=479006875, b=0, c=8, d=5}
9: jnz d -2   {a=479006875, b=0, c=8, d=5}
10: inc a      {a=479006876, b=0, c=8, d=5}
11: dec d      {a=479006876, b=0, c=8, d=4}
9: jnz d -2   {a=479006876, b=0, c=8, d=4}
10: inc a      {a=479006877, b=0, c=8, d=4}
11: dec d      {a=479006877, b=0, c=8, d=3}
9: jnz d -2   {a=479006877, b=0, c=8, d=3}
10: inc a      {a=479006878, b=0, c=8, d=3}
11: dec d      {a=479006878, b=0, c=8, d=2}
9: jnz d -2   {a=479006878, b=0, c=8, d=2}
10: inc a      {a=479006879, b=0, c=8, d=2}
11: dec d      {a=479006879, b=0, c=8, d=1}
9: jnz d -2   {a=479006879, b=0, c=8, d=1}
10: inc a      {a=479006880, b=0, c=8, d=1}
11: dec d      {a=479006880, b=0, c=8, d=0}
12: jnz d -2   {a=479006880, b=0, c=8, d=0}
13: dec c      {a=479006880, b=0, c=7, d=0}
8: jnz c -5   {a=479006880, b=0, c=7, d=0}
9: cpy 80 d   {a=479006880, b=0, c=7, d=80}
10: inc a      {a=479006881, b=0, c=7, d=80}
11: dec d      {a=479006881, b=0, c=7, d=79}
9: jnz d -2   {a=479006881, b=0, c=7, d=79}
10: inc a      {a=479006882, b=0, c=7, d=79}
11: dec d      {a=479006882, b=0, c=7, d=78}
9: jnz d -2   {a=479006882, b=0, c=7, d=78}
10: inc a      {a=479006883, b=0, c=7, d=78}
11: dec d      {a=479006883, b=0, c=7, d=77}
9: jnz d -2   {a=479006883, b=0, c=7, d=77}
10: inc a      {a=479006884, b=0, c=7, d=77}
11: dec d      {a=479006884, b=0, c=7, d=76}
9: jnz d -2   {a=479006884, b=0, c=7, d=76}
10: inc a      {a=479006885, b=0, c=7, d=76}
11: dec d      {a=479006885, b=0, c=7, d=75}
9: jnz d -2   {a=479006885, b=0, c=7, d=75}
10: inc a      {a=479006886, b=0, c=7, d=75}
11: dec d      {a=479006886, b=0, c=7, d=74}
9: jnz d -2   {a=479006886, b=0, c=7, d=74}
10: inc a      {a=479006887, b=0, c=7, d=74}
11: dec d      {a=479006887, b=0, c=7, d=73}
9: jnz d -2   {a=479006887, b=0, c=7, d=73}
10: inc a      {a=479006888, b=0, c=7, d=73}
11: dec d      {a=479006888, b=0, c=7, d=72}
9: jnz d -2   {a=479006888, b=0, c=7, d=72}
10: inc a      {a=479006889, b=0, c=7, d=72}
11: dec d      {a=479006889, b=0, c=7, d=71}
9: jnz d -2   {a=479006889, b=0, c=7, d=71}
10: inc a      {a=479006890, b=0, c=7, d=71}
11: dec d      {a=479006890, b=0, c=7, d=70}
9: jnz d -2   {a=479006890, b=0, c=7, d=70}
10: inc a      {a=479006891, b=0, c=7, d=70}
11: dec d      {a=479006891, b=0, c=7, d=69}
9: jnz d -2   {a=479006891, b=0, c=7, d=69}
10: inc a      {a=479006892, b=0, c=7, d=69}
11: dec d      {a=479006892, b=0, c=7, d=68}
9: jnz d -2   {a=479006892, b=0, c=7, d=68}
10: inc a      {a=479006893, b=0, c=7, d=68}
11: dec d      {a=479006893, b=0, c=7, d=67}
9: jnz d -2   {a=479006893, b=0, c=7, d=67}
10: inc a      {a=479006894, b=0, c=7, d=67}
11: dec d      {a=479006894, b=0, c=7, d=66}
9: jnz d -2   {a=479006894, b=0, c=7, d=66}
10: inc a      {a=479006895, b=0, c=7, d=66}
11: dec d      {a=479006895, b=0, c=7, d=65}
9: jnz d -2   {a=479006895, b=0, c=7, d=65}
10: inc a      {a=479006896, b=0, c=7, d=65}
11: dec d      {a=479006896, b=0, c=7, d=64}
9: jnz d -2   {a=479006896, b=0, c=7, d=64}
10: inc a      {a=479006897, b=0, c=7, d=64}
11: dec d      {a=479006897, b=0, c=7, d=63}
9: jnz d -2   {a=479006897, b=0, c=7, d=63}
10: inc a      {a=479006898, b=0, c=7, d=63}
11: dec d      {a=479006898, b=0, c=7, d=62}
9: jnz d -2   {a=479006898, b=0, c=7, d=62}
10: inc a      {a=479006899, b=0, c=7, d=62}
11: dec d      {a=479006899, b=0, c=7, d=61}
9: jnz d -2   {a=479006899, b=0, c=7, d=61}
10: inc a      {a=479006900, b=0, c=7, d=61}
11: dec d      {a=479006900, b=0, c=7, d=60}
9: jnz d -2   {a=479006900, b=0, c=7, d=60}
10: inc a      {a=479006901, b=0, c=7, d=60}
11: dec d      {a=479006901, b=0, c=7, d=59}
9: jnz d -2   {a=479006901, b=0, c=7, d=59}
10: inc a      {a=479006902, b=0, c=7, d=59}
11: dec d      {a=479006902, b=0, c=7, d=58}
9: jnz d -2   {a=479006902, b=0, c=7, d=58}
10: inc a      {a=479006903, b=0, c=7, d=58}
11: dec d      {a=479006903, b=0, c=7, d=57}
9: jnz d -2   {a=479006903, b=0, c=7, d=57}
10: inc a      {a=479006904, b=0, c=7, d=57}
11: dec d      {a=479006904, b=0, c=7, d=56}
9: jnz d -2   {a=479006904, b=0, c=7, d=56}
10: inc a      {a=479006905, b=0, c=7, d=56}
11: dec d      {a=479006905, b=0, c=7, d=55}
9: jnz d -2   {a=479006905, b=0, c=7, d=55}
10: inc a      {a=479006906, b=0, c=7, d=55}
11: dec d      {a=479006906, b=0, c=7, d=54}
9: jnz d -2   {a=479006906, b=0, c=7, d=54}
10: inc a      {a=479006907, b=0, c=7, d=54}
11: dec d      {a=479006907, b=0, c=7, d=53}
9: jnz d -2   {a=479006907, b=0, c=7, d=53}
10: inc a      {a=479006908, b=0, c=7, d=53}
11: dec d      {a=479006908, b=0, c=7, d=52}
9: jnz d -2   {a=479006908, b=0, c=7, d=52}
10: inc a      {a=479006909, b=0, c=7, d=52}
11: dec d      {a=479006909, b=0, c=7, d=51}
9: jnz d -2   {a=479006909, b=0, c=7, d=51}
10: inc a      {a=479006910, b=0, c=7, d=51}
11: dec d      {a=479006910, b=0, c=7, d=50}
9: jnz d -2   {a=479006910, b=0, c=7, d=50}
10: inc a      {a=479006911, b=0, c=7, d=50}
11: dec d      {a=479006911, b=0, c=7, d=49}
9: jnz d -2   {a=479006911, b=0, c=7, d=49}
10: inc a      {a=479006912, b=0, c=7, d=49}
11: dec d      {a=479006912, b=0, c=7, d=48}
9: jnz d -2   {a=479006912, b=0, c=7, d=48}
10: inc a      {a=479006913, b=0, c=7, d=48}
11: dec d      {a=479006913, b=0, c=7, d=47}
9: jnz d -2   {a=479006913, b=0, c=7, d=47}
10: inc a      {a=479006914, b=0, c=7, d=47}
11: dec d      {a=479006914, b=0, c=7, d=46}
9: jnz d -2   {a=479006914, b=0, c=7, d=46}
10: inc a      {a=479006915, b=0, c=7, d=46}
11: dec d      {a=479006915, b=0, c=7, d=45}
9: jnz d -2   {a=479006915, b=0, c=7, d=45}
10: inc a      {a=479006916, b=0, c=7, d=45}
11: dec d      {a=479006916, b=0, c=7, d=44}
9: jnz d -2   {a=479006916, b=0, c=7, d=44}
10: inc a      {a=479006917, b=0, c=7, d=44}
11: dec d      {a=479006917, b=0, c=7, d=43}
9: jnz d -2   {a=479006917, b=0, c=7, d=43}
10: inc a      {a=479006918, b=0, c=7, d=43}
11: dec d      {a=479006918, b=0, c=7, d=42}
9: jnz d -2   {a=479006918, b=0, c=7, d=42}
10: inc a      {a=479006919, b=0, c=7, d=42}
11: dec d      {a=479006919, b=0, c=7, d=41}
9: jnz d -2   {a=479006919, b=0, c=7, d=41}
10: inc a      {a=479006920, b=0, c=7, d=41}
11: dec d      {a=479006920, b=0, c=7, d=40}
9: jnz d -2   {a=479006920, b=0, c=7, d=40}
10: inc a      {a=479006921, b=0, c=7, d=40}
11: dec d      {a=479006921, b=0, c=7, d=39}
9: jnz d -2   {a=479006921, b=0, c=7, d=39}
10: inc a      {a=479006922, b=0, c=7, d=39}
11: dec d      {a=479006922, b=0, c=7, d=38}
9: jnz d -2   {a=479006922, b=0, c=7, d=38}
10: inc a      {a=479006923, b=0, c=7, d=38}
11: dec d      {a=479006923, b=0, c=7, d=37}
9: jnz d -2   {a=479006923, b=0, c=7, d=37}
10: inc a      {a=479006924, b=0, c=7, d=37}
11: dec d      {a=479006924, b=0, c=7, d=36}
9: jnz d -2   {a=479006924, b=0, c=7, d=36}
10: inc a      {a=479006925, b=0, c=7, d=36}
11: dec d      {a=479006925, b=0, c=7, d=35}
9: jnz d -2   {a=479006925, b=0, c=7, d=35}
10: inc a      {a=479006926, b=0, c=7, d=35}
11: dec d      {a=479006926, b=0, c=7, d=34}
9: jnz d -2   {a=479006926, b=0, c=7, d=34}
10: inc a      {a=479006927, b=0, c=7, d=34}
11: dec d      {a=479006927, b=0, c=7, d=33}
9: jnz d -2   {a=479006927, b=0, c=7, d=33}
10: inc a      {a=479006928, b=0, c=7, d=33}
11: dec d      {a=479006928, b=0, c=7, d=32}
9: jnz d -2   {a=479006928, b=0, c=7, d=32}
10: inc a      {a=479006929, b=0, c=7, d=32}
11: dec d      {a=479006929, b=0, c=7, d=31}
9: jnz d -2   {a=479006929, b=0, c=7, d=31}
10: inc a      {a=479006930, b=0, c=7, d=31}
11: dec d      {a=479006930, b=0, c=7, d=30}
9: jnz d -2   {a=479006930, b=0, c=7, d=30}
10: inc a      {a=479006931, b=0, c=7, d=30}
11: dec d      {a=479006931, b=0, c=7, d=29}
9: jnz d -2   {a=479006931, b=0, c=7, d=29}
10: inc a      {a=479006932, b=0, c=7, d=29}
11: dec d      {a=479006932, b=0, c=7, d=28}
9: jnz d -2   {a=479006932, b=0, c=7, d=28}
10: inc a      {a=479006933, b=0, c=7, d=28}
11: dec d      {a=479006933, b=0, c=7, d=27}
9: jnz d -2   {a=479006933, b=0, c=7, d=27}
10: inc a      {a=479006934, b=0, c=7, d=27}
11: dec d      {a=479006934, b=0, c=7, d=26}
9: jnz d -2   {a=479006934, b=0, c=7, d=26}
10: inc a      {a=479006935, b=0, c=7, d=26}
11: dec d      {a=479006935, b=0, c=7, d=25}
9: jnz d -2   {a=479006935, b=0, c=7, d=25}
10: inc a      {a=479006936, b=0, c=7, d=25}
11: dec d      {a=479006936, b=0, c=7, d=24}
9: jnz d -2   {a=479006936, b=0, c=7, d=24}
10: inc a      {a=479006937, b=0, c=7, d=24}
11: dec d      {a=479006937, b=0, c=7, d=23}
9: jnz d -2   {a=479006937, b=0, c=7, d=23}
10: inc a      {a=479006938, b=0, c=7, d=23}
11: dec d      {a=479006938, b=0, c=7, d=22}
9: jnz d -2   {a=479006938, b=0, c=7, d=22}
10: inc a      {a=479006939, b=0, c=7, d=22}
11: dec d      {a=479006939, b=0, c=7, d=21}
9: jnz d -2   {a=479006939, b=0, c=7, d=21}
10: inc a      {a=479006940, b=0, c=7, d=21}
11: dec d      {a=479006940, b=0, c=7, d=20}
9: jnz d -2   {a=479006940, b=0, c=7, d=20}
10: inc a      {a=479006941, b=0, c=7, d=20}
11: dec d      {a=479006941, b=0, c=7, d=19}
9: jnz d -2   {a=479006941, b=0, c=7, d=19}
10: inc a      {a=479006942, b=0, c=7, d=19}
11: dec d      {a=479006942, b=0, c=7, d=18}
9: jnz d -2   {a=479006942, b=0, c=7, d=18}
10: inc a      {a=479006943, b=0, c=7, d=18}
11: dec d      {a=479006943, b=0, c=7, d=17}
9: jnz d -2   {a=479006943, b=0, c=7, d=17}
10: inc a      {a=479006944, b=0, c=7, d=17}
11: dec d      {a=479006944, b=0, c=7, d=16}
9: jnz d -2   {a=479006944, b=0, c=7, d=16}
10: inc a      {a=479006945, b=0, c=7, d=16}
11: dec d      {a=479006945, b=0, c=7, d=15}
9: jnz d -2   {a=479006945, b=0, c=7, d=15}
10: inc a      {a=479006946, b=0, c=7, d=15}
11: dec d      {a=479006946, b=0, c=7, d=14}
9: jnz d -2   {a=479006946, b=0, c=7, d=14}
10: inc a      {a=479006947, b=0, c=7, d=14}
11: dec d      {a=479006947, b=0, c=7, d=13}
9: jnz d -2   {a=479006947, b=0, c=7, d=13}
10: inc a      {a=479006948, b=0, c=7, d=13}
11: dec d      {a=479006948, b=0, c=7, d=12}
9: jnz d -2   {a=479006948, b=0, c=7, d=12}
10: inc a      {a=479006949, b=0, c=7, d=12}
11: dec d      {a=479006949, b=0, c=7, d=11}
9: jnz d -2   {a=479006949, b=0, c=7, d=11}
10: inc a      {a=479006950, b=0, c=7, d=11}
11: dec d      {a=479006950, b=0, c=7, d=10}
9: jnz d -2   {a=479006950, b=0, c=7, d=10}
10: inc a      {a=479006951, b=0, c=7, d=10}
11: dec d      {a=479006951, b=0, c=7, d=9}
9: jnz d -2   {a=479006951, b=0, c=7, d=9}
10: inc a      {a=479006952, b=0, c=7, d=9}
11: dec d      {a=479006952, b=0, c=7, d=8}
9: jnz d -2   {a=479006952, b=0, c=7, d=8}
10: inc a      {a=479006953, b=0, c=7, d=8}
11: dec d      {a=479006953, b=0, c=7, d=7}
9: jnz d -2   {a=479006953, b=0, c=7, d=7}
10: inc a      {a=479006954, b=0, c=7, d=7}
11: dec d      {a=479006954, b=0, c=7, d=6}
9: jnz d -2   {a=479006954, b=0, c=7, d=6}
10: inc a      {a=479006955, b=0, c=7, d=6}
11: dec d      {a=479006955, b=0, c=7, d=5}
9: jnz d -2   {a=479006955, b=0, c=7, d=5}
10: inc a      {a=479006956, b=0, c=7, d=5}
11: dec d      {a=479006956, b=0, c=7, d=4}
9: jnz d -2   {a=479006956, b=0, c=7, d=4}
10: inc a      {a=479006957, b=0, c=7, d=4}
11: dec d      {a=479006957, b=0, c=7, d=3}
9: jnz d -2   {a=479006957, b=0, c=7, d=3}
10: inc a      {a=479006958, b=0, c=7, d=3}
11: dec d      {a=479006958, b=0, c=7, d=2}
9: jnz d -2   {a=479006958, b=0, c=7, d=2}
10: inc a      {a=479006959, b=0, c=7, d=2}
11: dec d      {a=479006959, b=0, c=7, d=1}
9: jnz d -2   {a=479006959, b=0, c=7, d=1}
10: inc a      {a=479006960, b=0, c=7, d=1}
11: dec d      {a=479006960, b=0, c=7, d=0}
12: jnz d -2   {a=479006960, b=0, c=7, d=0}
13: dec c      {a=479006960, b=0, c=6, d=0}
8: jnz c -5   {a=479006960, b=0, c=6, d=0}
9: cpy 80 d   {a=479006960, b=0, c=6, d=80}
10: inc a      {a=479006961, b=0, c=6, d=80}
11: dec d      {a=479006961, b=0, c=6, d=79}
9: jnz d -2   {a=479006961, b=0, c=6, d=79}
10: inc a      {a=479006962, b=0, c=6, d=79}
11: dec d      {a=479006962, b=0, c=6, d=78}
9: jnz d -2   {a=479006962, b=0, c=6, d=78}
10: inc a      {a=479006963, b=0, c=6, d=78}
11: dec d      {a=479006963, b=0, c=6, d=77}
9: jnz d -2   {a=479006963, b=0, c=6, d=77}
10: inc a      {a=479006964, b=0, c=6, d=77}
11: dec d      {a=479006964, b=0, c=6, d=76}
9: jnz d -2   {a=479006964, b=0, c=6, d=76}
10: inc a      {a=479006965, b=0, c=6, d=76}
11: dec d      {a=479006965, b=0, c=6, d=75}
9: jnz d -2   {a=479006965, b=0, c=6, d=75}
10: inc a      {a=479006966, b=0, c=6, d=75}
11: dec d      {a=479006966, b=0, c=6, d=74}
9: jnz d -2   {a=479006966, b=0, c=6, d=74}
10: inc a      {a=479006967, b=0, c=6, d=74}
11: dec d      {a=479006967, b=0, c=6, d=73}
9: jnz d -2   {a=479006967, b=0, c=6, d=73}
10: inc a      {a=479006968, b=0, c=6, d=73}
11: dec d      {a=479006968, b=0, c=6, d=72}
9: jnz d -2   {a=479006968, b=0, c=6, d=72}
10: inc a      {a=479006969, b=0, c=6, d=72}
11: dec d      {a=479006969, b=0, c=6, d=71}
9: jnz d -2   {a=479006969, b=0, c=6, d=71}
10: inc a      {a=479006970, b=0, c=6, d=71}
11: dec d      {a=479006970, b=0, c=6, d=70}
9: jnz d -2   {a=479006970, b=0, c=6, d=70}
10: inc a      {a=479006971, b=0, c=6, d=70}
11: dec d      {a=479006971, b=0, c=6, d=69}
9: jnz d -2   {a=479006971, b=0, c=6, d=69}
10: inc a      {a=479006972, b=0, c=6, d=69}
11: dec d      {a=479006972, b=0, c=6, d=68}
9: jnz d -2   {a=479006972, b=0, c=6, d=68}
10: inc a      {a=479006973, b=0, c=6, d=68}
11: dec d      {a=479006973, b=0, c=6, d=67}
9: jnz d -2   {a=479006973, b=0, c=6, d=67}
10: inc a      {a=479006974, b=0, c=6, d=67}
11: dec d      {a=479006974, b=0, c=6, d=66}
9: jnz d -2   {a=479006974, b=0, c=6, d=66}
10: inc a      {a=479006975, b=0, c=6, d=66}
11: dec d      {a=479006975, b=0, c=6, d=65}
9: jnz d -2   {a=479006975, b=0, c=6, d=65}
10: inc a      {a=479006976, b=0, c=6, d=65}
11: dec d      {a=479006976, b=0, c=6, d=64}
9: jnz d -2   {a=479006976, b=0, c=6, d=64}
10: inc a      {a=479006977, b=0, c=6, d=64}
11: dec d      {a=479006977, b=0, c=6, d=63}
9: jnz d -2   {a=479006977, b=0, c=6, d=63}
10: inc a      {a=479006978, b=0, c=6, d=63}
11: dec d      {a=479006978, b=0, c=6, d=62}
9: jnz d -2   {a=479006978, b=0, c=6, d=62}
10: inc a      {a=479006979, b=0, c=6, d=62}
11: dec d      {a=479006979, b=0, c=6, d=61}
9: jnz d -2   {a=479006979, b=0, c=6, d=61}
10: inc a      {a=479006980, b=0, c=6, d=61}
11: dec d      {a=479006980, b=0, c=6, d=60}
9: jnz d -2   {a=479006980, b=0, c=6, d=60}
10: inc a      {a=479006981, b=0, c=6, d=60}
11: dec d      {a=479006981, b=0, c=6, d=59}
9: jnz d -2   {a=479006981, b=0, c=6, d=59}
10: inc a      {a=479006982, b=0, c=6, d=59}
11: dec d      {a=479006982, b=0, c=6, d=58}
9: jnz d -2   {a=479006982, b=0, c=6, d=58}
10: inc a      {a=479006983, b=0, c=6, d=58}
11: dec d      {a=479006983, b=0, c=6, d=57}
9: jnz d -2   {a=479006983, b=0, c=6, d=57}
10: inc a      {a=479006984, b=0, c=6, d=57}
11: dec d      {a=479006984, b=0, c=6, d=56}
9: jnz d -2   {a=479006984, b=0, c=6, d=56}
10: inc a      {a=479006985, b=0, c=6, d=56}
11: dec d      {a=479006985, b=0, c=6, d=55}
9: jnz d -2   {a=479006985, b=0, c=6, d=55}
10: inc a      {a=479006986, b=0, c=6, d=55}
11: dec d      {a=479006986, b=0, c=6, d=54}
9: jnz d -2   {a=479006986, b=0, c=6, d=54}
10: inc a      {a=479006987, b=0, c=6, d=54}
11: dec d      {a=479006987, b=0, c=6, d=53}
9: jnz d -2   {a=479006987, b=0, c=6, d=53}
10: inc a      {a=479006988, b=0, c=6, d=53}
11: dec d      {a=479006988, b=0, c=6, d=52}
9: jnz d -2   {a=479006988, b=0, c=6, d=52}
10: inc a      {a=479006989, b=0, c=6, d=52}
11: dec d      {a=479006989, b=0, c=6, d=51}
9: jnz d -2   {a=479006989, b=0, c=6, d=51}
10: inc a      {a=479006990, b=0, c=6, d=51}
11: dec d      {a=479006990, b=0, c=6, d=50}
9: jnz d -2   {a=479006990, b=0, c=6, d=50}
10: inc a      {a=479006991, b=0, c=6, d=50}
11: dec d      {a=479006991, b=0, c=6, d=49}
9: jnz d -2   {a=479006991, b=0, c=6, d=49}
10: inc a      {a=479006992, b=0, c=6, d=49}
11: dec d      {a=479006992, b=0, c=6, d=48}
9: jnz d -2   {a=479006992, b=0, c=6, d=48}
10: inc a      {a=479006993, b=0, c=6, d=48}
11: dec d      {a=479006993, b=0, c=6, d=47}
9: jnz d -2   {a=479006993, b=0, c=6, d=47}
10: inc a      {a=479006994, b=0, c=6, d=47}
11: dec d      {a=479006994, b=0, c=6, d=46}
9: jnz d -2   {a=479006994, b=0, c=6, d=46}
10: inc a      {a=479006995, b=0, c=6, d=46}
11: dec d      {a=479006995, b=0, c=6, d=45}
9: jnz d -2   {a=479006995, b=0, c=6, d=45}
10: inc a      {a=479006996, b=0, c=6, d=45}
11: dec d      {a=479006996, b=0, c=6, d=44}
9: jnz d -2   {a=479006996, b=0, c=6, d=44}
10: inc a      {a=479006997, b=0, c=6, d=44}
11: dec d      {a=479006997, b=0, c=6, d=43}
9: jnz d -2   {a=479006997, b=0, c=6, d=43}
10: inc a      {a=479006998, b=0, c=6, d=43}
11: dec d      {a=479006998, b=0, c=6, d=42}
9: jnz d -2   {a=479006998, b=0, c=6, d=42}
10: inc a      {a=479006999, b=0, c=6, d=42}
11: dec d      {a=479006999, b=0, c=6, d=41}
9: jnz d -2   {a=479006999, b=0, c=6, d=41}
10: inc a      {a=479007000, b=0, c=6, d=41}
11: dec d      {a=479007000, b=0, c=6, d=40}
9: jnz d -2   {a=479007000, b=0, c=6, d=40}
10: inc a      {a=479007001, b=0, c=6, d=40}
11: dec d      {a=479007001, b=0, c=6, d=39}
9: jnz d -2   {a=479007001, b=0, c=6, d=39}
10: inc a      {a=479007002, b=0, c=6, d=39}
11: dec d      {a=479007002, b=0, c=6, d=38}
9: jnz d -2   {a=479007002, b=0, c=6, d=38}
10: inc a      {a=479007003, b=0, c=6, d=38}
11: dec d      {a=479007003, b=0, c=6, d=37}
9: jnz d -2   {a=479007003, b=0, c=6, d=37}
10: inc a      {a=479007004, b=0, c=6, d=37}
11: dec d      {a=479007004, b=0, c=6, d=36}
9: jnz d -2   {a=479007004, b=0, c=6, d=36}
10: inc a      {a=479007005, b=0, c=6, d=36}
11: dec d      {a=479007005, b=0, c=6, d=35}
9: jnz d -2   {a=479007005, b=0, c=6, d=35}
10: inc a      {a=479007006, b=0, c=6, d=35}
11: dec d      {a=479007006, b=0, c=6, d=34}
9: jnz d -2   {a=479007006, b=0, c=6, d=34}
10: inc a      {a=479007007, b=0, c=6, d=34}
11: dec d      {a=479007007, b=0, c=6, d=33}
9: jnz d -2   {a=479007007, b=0, c=6, d=33}
10: inc a      {a=479007008, b=0, c=6, d=33}
11: dec d      {a=479007008, b=0, c=6, d=32}
9: jnz d -2   {a=479007008, b=0, c=6, d=32}
10: inc a      {a=479007009, b=0, c=6, d=32}
11: dec d      {a=479007009, b=0, c=6, d=31}
9: jnz d -2   {a=479007009, b=0, c=6, d=31}
10: inc a      {a=479007010, b=0, c=6, d=31}
11: dec d      {a=479007010, b=0, c=6, d=30}
9: jnz d -2   {a=479007010, b=0, c=6, d=30}
10: inc a      {a=479007011, b=0, c=6, d=30}
11: dec d      {a=479007011, b=0, c=6, d=29}
9: jnz d -2   {a=479007011, b=0, c=6, d=29}
10: inc a      {a=479007012, b=0, c=6, d=29}
11: dec d      {a=479007012, b=0, c=6, d=28}
9: jnz d -2   {a=479007012, b=0, c=6, d=28}
10: inc a      {a=479007013, b=0, c=6, d=28}
11: dec d      {a=479007013, b=0, c=6, d=27}
9: jnz d -2   {a=479007013, b=0, c=6, d=27}
10: inc a      {a=479007014, b=0, c=6, d=27}
11: dec d      {a=479007014, b=0, c=6, d=26}
9: jnz d -2   {a=479007014, b=0, c=6, d=26}
10: inc a      {a=479007015, b=0, c=6, d=26}
11: dec d      {a=479007015, b=0, c=6, d=25}
9: jnz d -2   {a=479007015, b=0, c=6, d=25}
10: inc a      {a=479007016, b=0, c=6, d=25}
11: dec d      {a=479007016, b=0, c=6, d=24}
9: jnz d -2   {a=479007016, b=0, c=6, d=24}
10: inc a      {a=479007017, b=0, c=6, d=24}
11: dec d      {a=479007017, b=0, c=6, d=23}
9: jnz d -2   {a=479007017, b=0, c=6, d=23}
10: inc a      {a=479007018, b=0, c=6, d=23}
11: dec d      {a=479007018, b=0, c=6, d=22}
9: jnz d -2   {a=479007018, b=0, c=6, d=22}
10: inc a      {a=479007019, b=0, c=6, d=22}
11: dec d      {a=479007019, b=0, c=6, d=21}
9: jnz d -2   {a=479007019, b=0, c=6, d=21}
10: inc a      {a=479007020, b=0, c=6, d=21}
11: dec d      {a=479007020, b=0, c=6, d=20}
9: jnz d -2   {a=479007020, b=0, c=6, d=20}
10: inc a      {a=479007021, b=0, c=6, d=20}
11: dec d      {a=479007021, b=0, c=6, d=19}
9: jnz d -2   {a=479007021, b=0, c=6, d=19}
10: inc a      {a=479007022, b=0, c=6, d=19}
11: dec d      {a=479007022, b=0, c=6, d=18}
9: jnz d -2   {a=479007022, b=0, c=6, d=18}
10: inc a      {a=479007023, b=0, c=6, d=18}
11: dec d      {a=479007023, b=0, c=6, d=17}
9: jnz d -2   {a=479007023, b=0, c=6, d=17}
10: inc a      {a=479007024, b=0, c=6, d=17}
11: dec d      {a=479007024, b=0, c=6, d=16}
9: jnz d -2   {a=479007024, b=0, c=6, d=16}
10: inc a      {a=479007025, b=0, c=6, d=16}
11: dec d      {a=479007025, b=0, c=6, d=15}
9: jnz d -2   {a=479007025, b=0, c=6, d=15}
10: inc a      {a=479007026, b=0, c=6, d=15}
11: dec d      {a=479007026, b=0, c=6, d=14}
9: jnz d -2   {a=479007026, b=0, c=6, d=14}
10: inc a      {a=479007027, b=0, c=6, d=14}
11: dec d      {a=479007027, b=0, c=6, d=13}
9: jnz d -2   {a=479007027, b=0, c=6, d=13}
10: inc a      {a=479007028, b=0, c=6, d=13}
11: dec d      {a=479007028, b=0, c=6, d=12}
9: jnz d -2   {a=479007028, b=0, c=6, d=12}
10: inc a      {a=479007029, b=0, c=6, d=12}
11: dec d      {a=479007029, b=0, c=6, d=11}
9: jnz d -2   {a=479007029, b=0, c=6, d=11}
10: inc a      {a=479007030, b=0, c=6, d=11}
11: dec d      {a=479007030, b=0, c=6, d=10}
9: jnz d -2   {a=479007030, b=0, c=6, d=10}
10: inc a      {a=479007031, b=0, c=6, d=10}
11: dec d      {a=479007031, b=0, c=6, d=9}
9: jnz d -2   {a=479007031, b=0, c=6, d=9}
10: inc a      {a=479007032, b=0, c=6, d=9}
11: dec d      {a=479007032, b=0, c=6, d=8}
9: jnz d -2   {a=479007032, b=0, c=6, d=8}
10: inc a      {a=479007033, b=0, c=6, d=8}
11: dec d      {a=479007033, b=0, c=6, d=7}
9: jnz d -2   {a=479007033, b=0, c=6, d=7}
10: inc a      {a=479007034, b=0, c=6, d=7}
11: dec d      {a=479007034, b=0, c=6, d=6}
9: jnz d -2   {a=479007034, b=0, c=6, d=6}
10: inc a      {a=479007035, b=0, c=6, d=6}
11: dec d      {a=479007035, b=0, c=6, d=5}
9: jnz d -2   {a=479007035, b=0, c=6, d=5}
10: inc a      {a=479007036, b=0, c=6, d=5}
11: dec d      {a=479007036, b=0, c=6, d=4}
9: jnz d -2   {a=479007036, b=0, c=6, d=4}
10: inc a      {a=479007037, b=0, c=6, d=4}
11: dec d      {a=479007037, b=0, c=6, d=3}
9: jnz d -2   {a=479007037, b=0, c=6, d=3}
10: inc a      {a=479007038, b=0, c=6, d=3}
11: dec d      {a=479007038, b=0, c=6, d=2}
9: jnz d -2   {a=479007038, b=0, c=6, d=2}
10: inc a      {a=479007039, b=0, c=6, d=2}
11: dec d      {a=479007039, b=0, c=6, d=1}
9: jnz d -2   {a=479007039, b=0, c=6, d=1}
10: inc a      {a=479007040, b=0, c=6, d=1}
11: dec d      {a=479007040, b=0, c=6, d=0}
12: jnz d -2   {a=479007040, b=0, c=6, d=0}
13: dec c      {a=479007040, b=0, c=5, d=0}
8: jnz c -5   {a=479007040, b=0, c=5, d=0}
9: cpy 80 d   {a=479007040, b=0, c=5, d=80}
10: inc a      {a=479007041, b=0, c=5, d=80}
11: dec d      {a=479007041, b=0, c=5, d=79}
9: jnz d -2   {a=479007041, b=0, c=5, d=79}
10: inc a      {a=479007042, b=0, c=5, d=79}
11: dec d      {a=479007042, b=0, c=5, d=78}
9: jnz d -2   {a=479007042, b=0, c=5, d=78}
10: inc a      {a=479007043, b=0, c=5, d=78}
11: dec d      {a=479007043, b=0, c=5, d=77}
9: jnz d -2   {a=479007043, b=0, c=5, d=77}
10: inc a      {a=479007044, b=0, c=5, d=77}
11: dec d      {a=479007044, b=0, c=5, d=76}
9: jnz d -2   {a=479007044, b=0, c=5, d=76}
10: inc a      {a=479007045, b=0, c=5, d=76}
11: dec d      {a=479007045, b=0, c=5, d=75}
9: jnz d -2   {a=479007045, b=0, c=5, d=75}
10: inc a      {a=479007046, b=0, c=5, d=75}
11: dec d      {a=479007046, b=0, c=5, d=74}
9: jnz d -2   {a=479007046, b=0, c=5, d=74}
10: inc a      {a=479007047, b=0, c=5, d=74}
11: dec d      {a=479007047, b=0, c=5, d=73}
9: jnz d -2   {a=479007047, b=0, c=5, d=73}
10: inc a      {a=479007048, b=0, c=5, d=73}
11: dec d      {a=479007048, b=0, c=5, d=72}
9: jnz d -2   {a=479007048, b=0, c=5, d=72}
10: inc a      {a=479007049, b=0, c=5, d=72}
11: dec d      {a=479007049, b=0, c=5, d=71}
9: jnz d -2   {a=479007049, b=0, c=5, d=71}
10: inc a      {a=479007050, b=0, c=5, d=71}
11: dec d      {a=479007050, b=0, c=5, d=70}
9: jnz d -2   {a=479007050, b=0, c=5, d=70}
10: inc a      {a=479007051, b=0, c=5, d=70}
11: dec d      {a=479007051, b=0, c=5, d=69}
9: jnz d -2   {a=479007051, b=0, c=5, d=69}
10: inc a      {a=479007052, b=0, c=5, d=69}
11: dec d      {a=479007052, b=0, c=5, d=68}
9: jnz d -2   {a=479007052, b=0, c=5, d=68}
10: inc a      {a=479007053, b=0, c=5, d=68}
11: dec d      {a=479007053, b=0, c=5, d=67}
9: jnz d -2   {a=479007053, b=0, c=5, d=67}
10: inc a      {a=479007054, b=0, c=5, d=67}
11: dec d      {a=479007054, b=0, c=5, d=66}
9: jnz d -2   {a=479007054, b=0, c=5, d=66}
10: inc a      {a=479007055, b=0, c=5, d=66}
11: dec d      {a=479007055, b=0, c=5, d=65}
9: jnz d -2   {a=479007055, b=0, c=5, d=65}
10: inc a      {a=479007056, b=0, c=5, d=65}
11: dec d      {a=479007056, b=0, c=5, d=64}
9: jnz d -2   {a=479007056, b=0, c=5, d=64}
10: inc a      {a=479007057, b=0, c=5, d=64}
11: dec d      {a=479007057, b=0, c=5, d=63}
9: jnz d -2   {a=479007057, b=0, c=5, d=63}
10: inc a      {a=479007058, b=0, c=5, d=63}
11: dec d      {a=479007058, b=0, c=5, d=62}
9: jnz d -2   {a=479007058, b=0, c=5, d=62}
10: inc a      {a=479007059, b=0, c=5, d=62}
11: dec d      {a=479007059, b=0, c=5, d=61}
9: jnz d -2   {a=479007059, b=0, c=5, d=61}
10: inc a      {a=479007060, b=0, c=5, d=61}
11: dec d      {a=479007060, b=0, c=5, d=60}
9: jnz d -2   {a=479007060, b=0, c=5, d=60}
10: inc a      {a=479007061, b=0, c=5, d=60}
11: dec d      {a=479007061, b=0, c=5, d=59}
9: jnz d -2   {a=479007061, b=0, c=5, d=59}
10: inc a      {a=479007062, b=0, c=5, d=59}
11: dec d      {a=479007062, b=0, c=5, d=58}
9: jnz d -2   {a=479007062, b=0, c=5, d=58}
10: inc a      {a=479007063, b=0, c=5, d=58}
11: dec d      {a=479007063, b=0, c=5, d=57}
9: jnz d -2   {a=479007063, b=0, c=5, d=57}
10: inc a      {a=479007064, b=0, c=5, d=57}
11: dec d      {a=479007064, b=0, c=5, d=56}
9: jnz d -2   {a=479007064, b=0, c=5, d=56}
10: inc a      {a=479007065, b=0, c=5, d=56}
11: dec d      {a=479007065, b=0, c=5, d=55}
9: jnz d -2   {a=479007065, b=0, c=5, d=55}
10: inc a      {a=479007066, b=0, c=5, d=55}
11: dec d      {a=479007066, b=0, c=5, d=54}
9: jnz d -2   {a=479007066, b=0, c=5, d=54}
10: inc a      {a=479007067, b=0, c=5, d=54}
11: dec d      {a=479007067, b=0, c=5, d=53}
9: jnz d -2   {a=479007067, b=0, c=5, d=53}
10: inc a      {a=479007068, b=0, c=5, d=53}
11: dec d      {a=479007068, b=0, c=5, d=52}
9: jnz d -2   {a=479007068, b=0, c=5, d=52}
10: inc a      {a=479007069, b=0, c=5, d=52}
11: dec d      {a=479007069, b=0, c=5, d=51}
9: jnz d -2   {a=479007069, b=0, c=5, d=51}
10: inc a      {a=479007070, b=0, c=5, d=51}
11: dec d      {a=479007070, b=0, c=5, d=50}
9: jnz d -2   {a=479007070, b=0, c=5, d=50}
10: inc a      {a=479007071, b=0, c=5, d=50}
11: dec d      {a=479007071, b=0, c=5, d=49}
9: jnz d -2   {a=479007071, b=0, c=5, d=49}
10: inc a      {a=479007072, b=0, c=5, d=49}
11: dec d      {a=479007072, b=0, c=5, d=48}
9: jnz d -2   {a=479007072, b=0, c=5, d=48}
10: inc a      {a=479007073, b=0, c=5, d=48}
11: dec d      {a=479007073, b=0, c=5, d=47}
9: jnz d -2   {a=479007073, b=0, c=5, d=47}
10: inc a      {a=479007074, b=0, c=5, d=47}
11: dec d      {a=479007074, b=0, c=5, d=46}
9: jnz d -2   {a=479007074, b=0, c=5, d=46}
10: inc a      {a=479007075, b=0, c=5, d=46}
11: dec d      {a=479007075, b=0, c=5, d=45}
9: jnz d -2   {a=479007075, b=0, c=5, d=45}
10: inc a      {a=479007076, b=0, c=5, d=45}
11: dec d      {a=479007076, b=0, c=5, d=44}
9: jnz d -2   {a=479007076, b=0, c=5, d=44}
10: inc a      {a=479007077, b=0, c=5, d=44}
11: dec d      {a=479007077, b=0, c=5, d=43}
9: jnz d -2   {a=479007077, b=0, c=5, d=43}
10: inc a      {a=479007078, b=0, c=5, d=43}
11: dec d      {a=479007078, b=0, c=5, d=42}
9: jnz d -2   {a=479007078, b=0, c=5, d=42}
10: inc a      {a=479007079, b=0, c=5, d=42}
11: dec d      {a=479007079, b=0, c=5, d=41}
9: jnz d -2   {a=479007079, b=0, c=5, d=41}
10: inc a      {a=479007080, b=0, c=5, d=41}
11: dec d      {a=479007080, b=0, c=5, d=40}
9: jnz d -2   {a=479007080, b=0, c=5, d=40}
10: inc a      {a=479007081, b=0, c=5, d=40}
11: dec d      {a=479007081, b=0, c=5, d=39}
9: jnz d -2   {a=479007081, b=0, c=5, d=39}
10: inc a      {a=479007082, b=0, c=5, d=39}
11: dec d      {a=479007082, b=0, c=5, d=38}
9: jnz d -2   {a=479007082, b=0, c=5, d=38}
10: inc a      {a=479007083, b=0, c=5, d=38}
11: dec d      {a=479007083, b=0, c=5, d=37}
9: jnz d -2   {a=479007083, b=0, c=5, d=37}
10: inc a      {a=479007084, b=0, c=5, d=37}
11: dec d      {a=479007084, b=0, c=5, d=36}
9: jnz d -2   {a=479007084, b=0, c=5, d=36}
10: inc a      {a=479007085, b=0, c=5, d=36}
11: dec d      {a=479007085, b=0, c=5, d=35}
9: jnz d -2   {a=479007085, b=0, c=5, d=35}
10: inc a      {a=479007086, b=0, c=5, d=35}
11: dec d      {a=479007086, b=0, c=5, d=34}
9: jnz d -2   {a=479007086, b=0, c=5, d=34}
10: inc a      {a=479007087, b=0, c=5, d=34}
11: dec d      {a=479007087, b=0, c=5, d=33}
9: jnz d -2   {a=479007087, b=0, c=5, d=33}
10: inc a      {a=479007088, b=0, c=5, d=33}
11: dec d      {a=479007088, b=0, c=5, d=32}
9: jnz d -2   {a=479007088, b=0, c=5, d=32}
10: inc a      {a=479007089, b=0, c=5, d=32}
11: dec d      {a=479007089, b=0, c=5, d=31}
9: jnz d -2   {a=479007089, b=0, c=5, d=31}
10: inc a      {a=479007090, b=0, c=5, d=31}
11: dec d      {a=479007090, b=0, c=5, d=30}
9: jnz d -2   {a=479007090, b=0, c=5, d=30}
10: inc a      {a=479007091, b=0, c=5, d=30}
11: dec d      {a=479007091, b=0, c=5, d=29}
9: jnz d -2   {a=479007091, b=0, c=5, d=29}
10: inc a      {a=479007092, b=0, c=5, d=29}
11: dec d      {a=479007092, b=0, c=5, d=28}
9: jnz d -2   {a=479007092, b=0, c=5, d=28}
10: inc a      {a=479007093, b=0, c=5, d=28}
11: dec d      {a=479007093, b=0, c=5, d=27}
9: jnz d -2   {a=479007093, b=0, c=5, d=27}
10: inc a      {a=479007094, b=0, c=5, d=27}
11: dec d      {a=479007094, b=0, c=5, d=26}
9: jnz d -2   {a=479007094, b=0, c=5, d=26}
10: inc a      {a=479007095, b=0, c=5, d=26}
11: dec d      {a=479007095, b=0, c=5, d=25}
9: jnz d -2   {a=479007095, b=0, c=5, d=25}
10: inc a      {a=479007096, b=0, c=5, d=25}
11: dec d      {a=479007096, b=0, c=5, d=24}
9: jnz d -2   {a=479007096, b=0, c=5, d=24}
10: inc a      {a=479007097, b=0, c=5, d=24}
11: dec d      {a=479007097, b=0, c=5, d=23}
9: jnz d -2   {a=479007097, b=0, c=5, d=23}
10: inc a      {a=479007098, b=0, c=5, d=23}
11: dec d      {a=479007098, b=0, c=5, d=22}
9: jnz d -2   {a=479007098, b=0, c=5, d=22}
10: inc a      {a=479007099, b=0, c=5, d=22}
11: dec d      {a=479007099, b=0, c=5, d=21}
9: jnz d -2   {a=479007099, b=0, c=5, d=21}
10: inc a      {a=479007100, b=0, c=5, d=21}
11: dec d      {a=479007100, b=0, c=5, d=20}
9: jnz d -2   {a=479007100, b=0, c=5, d=20}
10: inc a      {a=479007101, b=0, c=5, d=20}
11: dec d      {a=479007101, b=0, c=5, d=19}
9: jnz d -2   {a=479007101, b=0, c=5, d=19}
10: inc a      {a=479007102, b=0, c=5, d=19}
11: dec d      {a=479007102, b=0, c=5, d=18}
9: jnz d -2   {a=479007102, b=0, c=5, d=18}
10: inc a      {a=479007103, b=0, c=5, d=18}
11: dec d      {a=479007103, b=0, c=5, d=17}
9: jnz d -2   {a=479007103, b=0, c=5, d=17}
10: inc a      {a=479007104, b=0, c=5, d=17}
11: dec d      {a=479007104, b=0, c=5, d=16}
9: jnz d -2   {a=479007104, b=0, c=5, d=16}
10: inc a      {a=479007105, b=0, c=5, d=16}
11: dec d      {a=479007105, b=0, c=5, d=15}
9: jnz d -2   {a=479007105, b=0, c=5, d=15}
10: inc a      {a=479007106, b=0, c=5, d=15}
11: dec d      {a=479007106, b=0, c=5, d=14}
9: jnz d -2   {a=479007106, b=0, c=5, d=14}
10: inc a      {a=479007107, b=0, c=5, d=14}
11: dec d      {a=479007107, b=0, c=5, d=13}
9: jnz d -2   {a=479007107, b=0, c=5, d=13}
10: inc a      {a=479007108, b=0, c=5, d=13}
11: dec d      {a=479007108, b=0, c=5, d=12}
9: jnz d -2   {a=479007108, b=0, c=5, d=12}
10: inc a      {a=479007109, b=0, c=5, d=12}
11: dec d      {a=479007109, b=0, c=5, d=11}
9: jnz d -2   {a=479007109, b=0, c=5, d=11}
10: inc a      {a=479007110, b=0, c=5, d=11}
11: dec d      {a=479007110, b=0, c=5, d=10}
9: jnz d -2   {a=479007110, b=0, c=5, d=10}
10: inc a      {a=479007111, b=0, c=5, d=10}
11: dec d      {a=479007111, b=0, c=5, d=9}
9: jnz d -2   {a=479007111, b=0, c=5, d=9}
10: inc a      {a=479007112, b=0, c=5, d=9}
11: dec d      {a=479007112, b=0, c=5, d=8}
9: jnz d -2   {a=479007112, b=0, c=5, d=8}
10: inc a      {a=479007113, b=0, c=5, d=8}
11: dec d      {a=479007113, b=0, c=5, d=7}
9: jnz d -2   {a=479007113, b=0, c=5, d=7}
10: inc a      {a=479007114, b=0, c=5, d=7}
11: dec d      {a=479007114, b=0, c=5, d=6}
9: jnz d -2   {a=479007114, b=0, c=5, d=6}
10: inc a      {a=479007115, b=0, c=5, d=6}
11: dec d      {a=479007115, b=0, c=5, d=5}
9: jnz d -2   {a=479007115, b=0, c=5, d=5}
10: inc a      {a=479007116, b=0, c=5, d=5}
11: dec d      {a=479007116, b=0, c=5, d=4}
9: jnz d -2   {a=479007116, b=0, c=5, d=4}
10: inc a      {a=479007117, b=0, c=5, d=4}
11: dec d      {a=479007117, b=0, c=5, d=3}
9: jnz d -2   {a=479007117, b=0, c=5, d=3}
10: inc a      {a=479007118, b=0, c=5, d=3}
11: dec d      {a=479007118, b=0, c=5, d=2}
9: jnz d -2   {a=479007118, b=0, c=5, d=2}
10: inc a      {a=479007119, b=0, c=5, d=2}
11: dec d      {a=479007119, b=0, c=5, d=1}
9: jnz d -2   {a=479007119, b=0, c=5, d=1}
10: inc a      {a=479007120, b=0, c=5, d=1}
11: dec d      {a=479007120, b=0, c=5, d=0}
12: jnz d -2   {a=479007120, b=0, c=5, d=0}
13: dec c      {a=479007120, b=0, c=4, d=0}
8: jnz c -5   {a=479007120, b=0, c=4, d=0}
9: cpy 80 d   {a=479007120, b=0, c=4, d=80}
10: inc a      {a=479007121, b=0, c=4, d=80}
11: dec d      {a=479007121, b=0, c=4, d=79}
9: jnz d -2   {a=479007121, b=0, c=4, d=79}
10: inc a      {a=479007122, b=0, c=4, d=79}
11: dec d      {a=479007122, b=0, c=4, d=78}
9: jnz d -2   {a=479007122, b=0, c=4, d=78}
10: inc a      {a=479007123, b=0, c=4, d=78}
11: dec d      {a=479007123, b=0, c=4, d=77}
9: jnz d -2   {a=479007123, b=0, c=4, d=77}
10: inc a      {a=479007124, b=0, c=4, d=77}
11: dec d      {a=479007124, b=0, c=4, d=76}
9: jnz d -2   {a=479007124, b=0, c=4, d=76}
10: inc a      {a=479007125, b=0, c=4, d=76}
11: dec d      {a=479007125, b=0, c=4, d=75}
9: jnz d -2   {a=479007125, b=0, c=4, d=75}
10: inc a      {a=479007126, b=0, c=4, d=75}
11: dec d      {a=479007126, b=0, c=4, d=74}
9: jnz d -2   {a=479007126, b=0, c=4, d=74}
10: inc a      {a=479007127, b=0, c=4, d=74}
11: dec d      {a=479007127, b=0, c=4, d=73}
9: jnz d -2   {a=479007127, b=0, c=4, d=73}
10: inc a      {a=479007128, b=0, c=4, d=73}
11: dec d      {a=479007128, b=0, c=4, d=72}
9: jnz d -2   {a=479007128, b=0, c=4, d=72}
10: inc a      {a=479007129, b=0, c=4, d=72}
11: dec d      {a=479007129, b=0, c=4, d=71}
9: jnz d -2   {a=479007129, b=0, c=4, d=71}
10: inc a      {a=479007130, b=0, c=4, d=71}
11: dec d      {a=479007130, b=0, c=4, d=70}
9: jnz d -2   {a=479007130, b=0, c=4, d=70}
10: inc a      {a=479007131, b=0, c=4, d=70}
11: dec d      {a=479007131, b=0, c=4, d=69}
9: jnz d -2   {a=479007131, b=0, c=4, d=69}
10: inc a      {a=479007132, b=0, c=4, d=69}
11: dec d      {a=479007132, b=0, c=4, d=68}
9: jnz d -2   {a=479007132, b=0, c=4, d=68}
10: inc a      {a=479007133, b=0, c=4, d=68}
11: dec d      {a=479007133, b=0, c=4, d=67}
9: jnz d -2   {a=479007133, b=0, c=4, d=67}
10: inc a      {a=479007134, b=0, c=4, d=67}
11: dec d      {a=479007134, b=0, c=4, d=66}
9: jnz d -2   {a=479007134, b=0, c=4, d=66}
10: inc a      {a=479007135, b=0, c=4, d=66}
11: dec d      {a=479007135, b=0, c=4, d=65}
9: jnz d -2   {a=479007135, b=0, c=4, d=65}
10: inc a      {a=479007136, b=0, c=4, d=65}
11: dec d      {a=479007136, b=0, c=4, d=64}
9: jnz d -2   {a=479007136, b=0, c=4, d=64}
10: inc a      {a=479007137, b=0, c=4, d=64}
11: dec d      {a=479007137, b=0, c=4, d=63}
9: jnz d -2   {a=479007137, b=0, c=4, d=63}
10: inc a      {a=479007138, b=0, c=4, d=63}
11: dec d      {a=479007138, b=0, c=4, d=62}
9: jnz d -2   {a=479007138, b=0, c=4, d=62}
10: inc a      {a=479007139, b=0, c=4, d=62}
11: dec d      {a=479007139, b=0, c=4, d=61}
9: jnz d -2   {a=479007139, b=0, c=4, d=61}
10: inc a      {a=479007140, b=0, c=4, d=61}
11: dec d      {a=479007140, b=0, c=4, d=60}
9: jnz d -2   {a=479007140, b=0, c=4, d=60}
10: inc a      {a=479007141, b=0, c=4, d=60}
11: dec d      {a=479007141, b=0, c=4, d=59}
9: jnz d -2   {a=479007141, b=0, c=4, d=59}
10: inc a      {a=479007142, b=0, c=4, d=59}
11: dec d      {a=479007142, b=0, c=4, d=58}
9: jnz d -2   {a=479007142, b=0, c=4, d=58}
10: inc a      {a=479007143, b=0, c=4, d=58}
11: dec d      {a=479007143, b=0, c=4, d=57}
9: jnz d -2   {a=479007143, b=0, c=4, d=57}
10: inc a      {a=479007144, b=0, c=4, d=57}
11: dec d      {a=479007144, b=0, c=4, d=56}
9: jnz d -2   {a=479007144, b=0, c=4, d=56}
10: inc a      {a=479007145, b=0, c=4, d=56}
11: dec d      {a=479007145, b=0, c=4, d=55}
9: jnz d -2   {a=479007145, b=0, c=4, d=55}
10: inc a      {a=479007146, b=0, c=4, d=55}
11: dec d      {a=479007146, b=0, c=4, d=54}
9: jnz d -2   {a=479007146, b=0, c=4, d=54}
10: inc a      {a=479007147, b=0, c=4, d=54}
11: dec d      {a=479007147, b=0, c=4, d=53}
9: jnz d -2   {a=479007147, b=0, c=4, d=53}
10: inc a      {a=479007148, b=0, c=4, d=53}
11: dec d      {a=479007148, b=0, c=4, d=52}
9: jnz d -2   {a=479007148, b=0, c=4, d=52}
10: inc a      {a=479007149, b=0, c=4, d=52}
11: dec d      {a=479007149, b=0, c=4, d=51}
9: jnz d -2   {a=479007149, b=0, c=4, d=51}
10: inc a      {a=479007150, b=0, c=4, d=51}
11: dec d      {a=479007150, b=0, c=4, d=50}
9: jnz d -2   {a=479007150, b=0, c=4, d=50}
10: inc a      {a=479007151, b=0, c=4, d=50}
11: dec d      {a=479007151, b=0, c=4, d=49}
9: jnz d -2   {a=479007151, b=0, c=4, d=49}
10: inc a      {a=479007152, b=0, c=4, d=49}
11: dec d      {a=479007152, b=0, c=4, d=48}
9: jnz d -2   {a=479007152, b=0, c=4, d=48}
10: inc a      {a=479007153, b=0, c=4, d=48}
11: dec d      {a=479007153, b=0, c=4, d=47}
9: jnz d -2   {a=479007153, b=0, c=4, d=47}
10: inc a      {a=479007154, b=0, c=4, d=47}
11: dec d      {a=479007154, b=0, c=4, d=46}
9: jnz d -2   {a=479007154, b=0, c=4, d=46}
10: inc a      {a=479007155, b=0, c=4, d=46}
11: dec d      {a=479007155, b=0, c=4, d=45}
9: jnz d -2   {a=479007155, b=0, c=4, d=45}
10: inc a      {a=479007156, b=0, c=4, d=45}
11: dec d      {a=479007156, b=0, c=4, d=44}
9: jnz d -2   {a=479007156, b=0, c=4, d=44}
10: inc a      {a=479007157, b=0, c=4, d=44}
11: dec d      {a=479007157, b=0, c=4, d=43}
9: jnz d -2   {a=479007157, b=0, c=4, d=43}
10: inc a      {a=479007158, b=0, c=4, d=43}
11: dec d      {a=479007158, b=0, c=4, d=42}
9: jnz d -2   {a=479007158, b=0, c=4, d=42}
10: inc a      {a=479007159, b=0, c=4, d=42}
11: dec d      {a=479007159, b=0, c=4, d=41}
9: jnz d -2   {a=479007159, b=0, c=4, d=41}
10: inc a      {a=479007160, b=0, c=4, d=41}
11: dec d      {a=479007160, b=0, c=4, d=40}
9: jnz d -2   {a=479007160, b=0, c=4, d=40}
10: inc a      {a=479007161, b=0, c=4, d=40}
11: dec d      {a=479007161, b=0, c=4, d=39}
9: jnz d -2   {a=479007161, b=0, c=4, d=39}
10: inc a      {a=479007162, b=0, c=4, d=39}
11: dec d      {a=479007162, b=0, c=4, d=38}
9: jnz d -2   {a=479007162, b=0, c=4, d=38}
10: inc a      {a=479007163, b=0, c=4, d=38}
11: dec d      {a=479007163, b=0, c=4, d=37}
9: jnz d -2   {a=479007163, b=0, c=4, d=37}
10: inc a      {a=479007164, b=0, c=4, d=37}
11: dec d      {a=479007164, b=0, c=4, d=36}
9: jnz d -2   {a=479007164, b=0, c=4, d=36}
10: inc a      {a=479007165, b=0, c=4, d=36}
11: dec d      {a=479007165, b=0, c=4, d=35}
9: jnz d -2   {a=479007165, b=0, c=4, d=35}
10: inc a      {a=479007166, b=0, c=4, d=35}
11: dec d      {a=479007166, b=0, c=4, d=34}
9: jnz d -2   {a=479007166, b=0, c=4, d=34}
10: inc a      {a=479007167, b=0, c=4, d=34}
11: dec d      {a=479007167, b=0, c=4, d=33}
9: jnz d -2   {a=479007167, b=0, c=4, d=33}
10: inc a      {a=479007168, b=0, c=4, d=33}
11: dec d      {a=479007168, b=0, c=4, d=32}
9: jnz d -2   {a=479007168, b=0, c=4, d=32}
10: inc a      {a=479007169, b=0, c=4, d=32}
11: dec d      {a=479007169, b=0, c=4, d=31}
9: jnz d -2   {a=479007169, b=0, c=4, d=31}
10: inc a      {a=479007170, b=0, c=4, d=31}
11: dec d      {a=479007170, b=0, c=4, d=30}
9: jnz d -2   {a=479007170, b=0, c=4, d=30}
10: inc a      {a=479007171, b=0, c=4, d=30}
11: dec d      {a=479007171, b=0, c=4, d=29}
9: jnz d -2   {a=479007171, b=0, c=4, d=29}
10: inc a      {a=479007172, b=0, c=4, d=29}
11: dec d      {a=479007172, b=0, c=4, d=28}
9: jnz d -2   {a=479007172, b=0, c=4, d=28}
10: inc a      {a=479007173, b=0, c=4, d=28}
11: dec d      {a=479007173, b=0, c=4, d=27}
9: jnz d -2   {a=479007173, b=0, c=4, d=27}
10: inc a      {a=479007174, b=0, c=4, d=27}
11: dec d      {a=479007174, b=0, c=4, d=26}
9: jnz d -2   {a=479007174, b=0, c=4, d=26}
10: inc a      {a=479007175, b=0, c=4, d=26}
11: dec d      {a=479007175, b=0, c=4, d=25}
9: jnz d -2   {a=479007175, b=0, c=4, d=25}
10: inc a      {a=479007176, b=0, c=4, d=25}
11: dec d      {a=479007176, b=0, c=4, d=24}
9: jnz d -2   {a=479007176, b=0, c=4, d=24}
10: inc a      {a=479007177, b=0, c=4, d=24}
11: dec d      {a=479007177, b=0, c=4, d=23}
9: jnz d -2   {a=479007177, b=0, c=4, d=23}
10: inc a      {a=479007178, b=0, c=4, d=23}
11: dec d      {a=479007178, b=0, c=4, d=22}
9: jnz d -2   {a=479007178, b=0, c=4, d=22}
10: inc a      {a=479007179, b=0, c=4, d=22}
11: dec d      {a=479007179, b=0, c=4, d=21}
9: jnz d -2   {a=479007179, b=0, c=4, d=21}
10: inc a      {a=479007180, b=0, c=4, d=21}
11: dec d      {a=479007180, b=0, c=4, d=20}
9: jnz d -2   {a=479007180, b=0, c=4, d=20}
10: inc a      {a=479007181, b=0, c=4, d=20}
11: dec d      {a=479007181, b=0, c=4, d=19}
9: jnz d -2   {a=479007181, b=0, c=4, d=19}
10: inc a      {a=479007182, b=0, c=4, d=19}
11: dec d      {a=479007182, b=0, c=4, d=18}
9: jnz d -2   {a=479007182, b=0, c=4, d=18}
10: inc a      {a=479007183, b=0, c=4, d=18}
11: dec d      {a=479007183, b=0, c=4, d=17}
9: jnz d -2   {a=479007183, b=0, c=4, d=17}
10: inc a      {a=479007184, b=0, c=4, d=17}
11: dec d      {a=479007184, b=0, c=4, d=16}
9: jnz d -2   {a=479007184, b=0, c=4, d=16}
10: inc a      {a=479007185, b=0, c=4, d=16}
11: dec d      {a=479007185, b=0, c=4, d=15}
9: jnz d -2   {a=479007185, b=0, c=4, d=15}
10: inc a      {a=479007186, b=0, c=4, d=15}
11: dec d      {a=479007186, b=0, c=4, d=14}
9: jnz d -2   {a=479007186, b=0, c=4, d=14}
10: inc a      {a=479007187, b=0, c=4, d=14}
11: dec d      {a=479007187, b=0, c=4, d=13}
9: jnz d -2   {a=479007187, b=0, c=4, d=13}
10: inc a      {a=479007188, b=0, c=4, d=13}
11: dec d      {a=479007188, b=0, c=4, d=12}
9: jnz d -2   {a=479007188, b=0, c=4, d=12}
10: inc a      {a=479007189, b=0, c=4, d=12}
11: dec d      {a=479007189, b=0, c=4, d=11}
9: jnz d -2   {a=479007189, b=0, c=4, d=11}
10: inc a      {a=479007190, b=0, c=4, d=11}
11: dec d      {a=479007190, b=0, c=4, d=10}
9: jnz d -2   {a=479007190, b=0, c=4, d=10}
10: inc a      {a=479007191, b=0, c=4, d=10}
11: dec d      {a=479007191, b=0, c=4, d=9}
9: jnz d -2   {a=479007191, b=0, c=4, d=9}
10: inc a      {a=479007192, b=0, c=4, d=9}
11: dec d      {a=479007192, b=0, c=4, d=8}
9: jnz d -2   {a=479007192, b=0, c=4, d=8}
10: inc a      {a=479007193, b=0, c=4, d=8}
11: dec d      {a=479007193, b=0, c=4, d=7}
9: jnz d -2   {a=479007193, b=0, c=4, d=7}
10: inc a      {a=479007194, b=0, c=4, d=7}
11: dec d      {a=479007194, b=0, c=4, d=6}
9: jnz d -2   {a=479007194, b=0, c=4, d=6}
10: inc a      {a=479007195, b=0, c=4, d=6}
11: dec d      {a=479007195, b=0, c=4, d=5}
9: jnz d -2   {a=479007195, b=0, c=4, d=5}
10: inc a      {a=479007196, b=0, c=4, d=5}
11: dec d      {a=479007196, b=0, c=4, d=4}
9: jnz d -2   {a=479007196, b=0, c=4, d=4}
10: inc a      {a=479007197, b=0, c=4, d=4}
11: dec d      {a=479007197, b=0, c=4, d=3}
9: jnz d -2   {a=479007197, b=0, c=4, d=3}
10: inc a      {a=479007198, b=0, c=4, d=3}
11: dec d      {a=479007198, b=0, c=4, d=2}
9: jnz d -2   {a=479007198, b=0, c=4, d=2}
10: inc a      {a=479007199, b=0, c=4, d=2}
11: dec d      {a=479007199, b=0, c=4, d=1}
9: jnz d -2   {a=479007199, b=0, c=4, d=1}
10: inc a      {a=479007200, b=0, c=4, d=1}
11: dec d      {a=479007200, b=0, c=4, d=0}
12: jnz d -2   {a=479007200, b=0, c=4, d=0}
13: dec c      {a=479007200, b=0, c=3, d=0}
8: jnz c -5   {a=479007200, b=0, c=3, d=0}
9: cpy 80 d   {a=479007200, b=0, c=3, d=80}
10: inc a      {a=479007201, b=0, c=3, d=80}
11: dec d      {a=479007201, b=0, c=3, d=79}
9: jnz d -2   {a=479007201, b=0, c=3, d=79}
10: inc a      {a=479007202, b=0, c=3, d=79}
11: dec d      {a=479007202, b=0, c=3, d=78}
9: jnz d -2   {a=479007202, b=0, c=3, d=78}
10: inc a      {a=479007203, b=0, c=3, d=78}
11: dec d      {a=479007203, b=0, c=3, d=77}
9: jnz d -2   {a=479007203, b=0, c=3, d=77}
10: inc a      {a=479007204, b=0, c=3, d=77}
11: dec d      {a=479007204, b=0, c=3, d=76}
9: jnz d -2   {a=479007204, b=0, c=3, d=76}
10: inc a      {a=479007205, b=0, c=3, d=76}
11: dec d      {a=479007205, b=0, c=3, d=75}
9: jnz d -2   {a=479007205, b=0, c=3, d=75}
10: inc a      {a=479007206, b=0, c=3, d=75}
11: dec d      {a=479007206, b=0, c=3, d=74}
9: jnz d -2   {a=479007206, b=0, c=3, d=74}
10: inc a      {a=479007207, b=0, c=3, d=74}
11: dec d      {a=479007207, b=0, c=3, d=73}
9: jnz d -2   {a=479007207, b=0, c=3, d=73}
10: inc a      {a=479007208, b=0, c=3, d=73}
11: dec d      {a=479007208, b=0, c=3, d=72}
9: jnz d -2   {a=479007208, b=0, c=3, d=72}
10: inc a      {a=479007209, b=0, c=3, d=72}
11: dec d      {a=479007209, b=0, c=3, d=71}
9: jnz d -2   {a=479007209, b=0, c=3, d=71}
10: inc a      {a=479007210, b=0, c=3, d=71}
11: dec d      {a=479007210, b=0, c=3, d=70}
9: jnz d -2   {a=479007210, b=0, c=3, d=70}
10: inc a      {a=479007211, b=0, c=3, d=70}
11: dec d      {a=479007211, b=0, c=3, d=69}
9: jnz d -2   {a=479007211, b=0, c=3, d=69}
10: inc a      {a=479007212, b=0, c=3, d=69}
11: dec d      {a=479007212, b=0, c=3, d=68}
9: jnz d -2   {a=479007212, b=0, c=3, d=68}
10: inc a      {a=479007213, b=0, c=3, d=68}
11: dec d      {a=479007213, b=0, c=3, d=67}
9: jnz d -2   {a=479007213, b=0, c=3, d=67}
10: inc a      {a=479007214, b=0, c=3, d=67}
11: dec d      {a=479007214, b=0, c=3, d=66}
9: jnz d -2   {a=479007214, b=0, c=3, d=66}
10: inc a      {a=479007215, b=0, c=3, d=66}
11: dec d      {a=479007215, b=0, c=3, d=65}
9: jnz d -2   {a=479007215, b=0, c=3, d=65}
10: inc a      {a=479007216, b=0, c=3, d=65}
11: dec d      {a=479007216, b=0, c=3, d=64}
9: jnz d -2   {a=479007216, b=0, c=3, d=64}
10: inc a      {a=479007217, b=0, c=3, d=64}
11: dec d      {a=479007217, b=0, c=3, d=63}
9: jnz d -2   {a=479007217, b=0, c=3, d=63}
10: inc a      {a=479007218, b=0, c=3, d=63}
11: dec d      {a=479007218, b=0, c=3, d=62}
9: jnz d -2   {a=479007218, b=0, c=3, d=62}
10: inc a      {a=479007219, b=0, c=3, d=62}
11: dec d      {a=479007219, b=0, c=3, d=61}
9: jnz d -2   {a=479007219, b=0, c=3, d=61}
10: inc a      {a=479007220, b=0, c=3, d=61}
11: dec d      {a=479007220, b=0, c=3, d=60}
9: jnz d -2   {a=479007220, b=0, c=3, d=60}
10: inc a      {a=479007221, b=0, c=3, d=60}
11: dec d      {a=479007221, b=0, c=3, d=59}
9: jnz d -2   {a=479007221, b=0, c=3, d=59}
10: inc a      {a=479007222, b=0, c=3, d=59}
11: dec d      {a=479007222, b=0, c=3, d=58}
9: jnz d -2   {a=479007222, b=0, c=3, d=58}
10: inc a      {a=479007223, b=0, c=3, d=58}
11: dec d      {a=479007223, b=0, c=3, d=57}
9: jnz d -2   {a=479007223, b=0, c=3, d=57}
10: inc a      {a=479007224, b=0, c=3, d=57}
11: dec d      {a=479007224, b=0, c=3, d=56}
9: jnz d -2   {a=479007224, b=0, c=3, d=56}
10: inc a      {a=479007225, b=0, c=3, d=56}
11: dec d      {a=479007225, b=0, c=3, d=55}
9: jnz d -2   {a=479007225, b=0, c=3, d=55}
10: inc a      {a=479007226, b=0, c=3, d=55}
11: dec d      {a=479007226, b=0, c=3, d=54}
9: jnz d -2   {a=479007226, b=0, c=3, d=54}
10: inc a      {a=479007227, b=0, c=3, d=54}
11: dec d      {a=479007227, b=0, c=3, d=53}
9: jnz d -2   {a=479007227, b=0, c=3, d=53}
10: inc a      {a=479007228, b=0, c=3, d=53}
11: dec d      {a=479007228, b=0, c=3, d=52}
9: jnz d -2   {a=479007228, b=0, c=3, d=52}
10: inc a      {a=479007229, b=0, c=3, d=52}
11: dec d      {a=479007229, b=0, c=3, d=51}
9: jnz d -2   {a=479007229, b=0, c=3, d=51}
10: inc a      {a=479007230, b=0, c=3, d=51}
11: dec d      {a=479007230, b=0, c=3, d=50}
9: jnz d -2   {a=479007230, b=0, c=3, d=50}
10: inc a      {a=479007231, b=0, c=3, d=50}
11: dec d      {a=479007231, b=0, c=3, d=49}
9: jnz d -2   {a=479007231, b=0, c=3, d=49}
10: inc a      {a=479007232, b=0, c=3, d=49}
11: dec d      {a=479007232, b=0, c=3, d=48}
9: jnz d -2   {a=479007232, b=0, c=3, d=48}
10: inc a      {a=479007233, b=0, c=3, d=48}
11: dec d      {a=479007233, b=0, c=3, d=47}
9: jnz d -2   {a=479007233, b=0, c=3, d=47}
10: inc a      {a=479007234, b=0, c=3, d=47}
11: dec d      {a=479007234, b=0, c=3, d=46}
9: jnz d -2   {a=479007234, b=0, c=3, d=46}
10: inc a      {a=479007235, b=0, c=3, d=46}
11: dec d      {a=479007235, b=0, c=3, d=45}
9: jnz d -2   {a=479007235, b=0, c=3, d=45}
10: inc a      {a=479007236, b=0, c=3, d=45}
11: dec d      {a=479007236, b=0, c=3, d=44}
9: jnz d -2   {a=479007236, b=0, c=3, d=44}
10: inc a      {a=479007237, b=0, c=3, d=44}
11: dec d      {a=479007237, b=0, c=3, d=43}
9: jnz d -2   {a=479007237, b=0, c=3, d=43}
10: inc a      {a=479007238, b=0, c=3, d=43}
11: dec d      {a=479007238, b=0, c=3, d=42}
9: jnz d -2   {a=479007238, b=0, c=3, d=42}
10: inc a      {a=479007239, b=0, c=3, d=42}
11: dec d      {a=479007239, b=0, c=3, d=41}
9: jnz d -2   {a=479007239, b=0, c=3, d=41}
10: inc a      {a=479007240, b=0, c=3, d=41}
11: dec d      {a=479007240, b=0, c=3, d=40}
9: jnz d -2   {a=479007240, b=0, c=3, d=40}
10: inc a      {a=479007241, b=0, c=3, d=40}
11: dec d      {a=479007241, b=0, c=3, d=39}
9: jnz d -2   {a=479007241, b=0, c=3, d=39}
10: inc a      {a=479007242, b=0, c=3, d=39}
11: dec d      {a=479007242, b=0, c=3, d=38}
9: jnz d -2   {a=479007242, b=0, c=3, d=38}
10: inc a      {a=479007243, b=0, c=3, d=38}
11: dec d      {a=479007243, b=0, c=3, d=37}
9: jnz d -2   {a=479007243, b=0, c=3, d=37}
10: inc a      {a=479007244, b=0, c=3, d=37}
11: dec d      {a=479007244, b=0, c=3, d=36}
9: jnz d -2   {a=479007244, b=0, c=3, d=36}
10: inc a      {a=479007245, b=0, c=3, d=36}
11: dec d      {a=479007245, b=0, c=3, d=35}
9: jnz d -2   {a=479007245, b=0, c=3, d=35}
10: inc a      {a=479007246, b=0, c=3, d=35}
11: dec d      {a=479007246, b=0, c=3, d=34}
9: jnz d -2   {a=479007246, b=0, c=3, d=34}
10: inc a      {a=479007247, b=0, c=3, d=34}
11: dec d      {a=479007247, b=0, c=3, d=33}
9: jnz d -2   {a=479007247, b=0, c=3, d=33}
10: inc a      {a=479007248, b=0, c=3, d=33}
11: dec d      {a=479007248, b=0, c=3, d=32}
9: jnz d -2   {a=479007248, b=0, c=3, d=32}
10: inc a      {a=479007249, b=0, c=3, d=32}
11: dec d      {a=479007249, b=0, c=3, d=31}
9: jnz d -2   {a=479007249, b=0, c=3, d=31}
10: inc a      {a=479007250, b=0, c=3, d=31}
11: dec d      {a=479007250, b=0, c=3, d=30}
9: jnz d -2   {a=479007250, b=0, c=3, d=30}
10: inc a      {a=479007251, b=0, c=3, d=30}
11: dec d      {a=479007251, b=0, c=3, d=29}
9: jnz d -2   {a=479007251, b=0, c=3, d=29}
10: inc a      {a=479007252, b=0, c=3, d=29}
11: dec d      {a=479007252, b=0, c=3, d=28}
9: jnz d -2   {a=479007252, b=0, c=3, d=28}
10: inc a      {a=479007253, b=0, c=3, d=28}
11: dec d      {a=479007253, b=0, c=3, d=27}
9: jnz d -2   {a=479007253, b=0, c=3, d=27}
10: inc a      {a=479007254, b=0, c=3, d=27}
11: dec d      {a=479007254, b=0, c=3, d=26}
9: jnz d -2   {a=479007254, b=0, c=3, d=26}
10: inc a      {a=479007255, b=0, c=3, d=26}
11: dec d      {a=479007255, b=0, c=3, d=25}
9: jnz d -2   {a=479007255, b=0, c=3, d=25}
10: inc a      {a=479007256, b=0, c=3, d=25}
11: dec d      {a=479007256, b=0, c=3, d=24}
9: jnz d -2   {a=479007256, b=0, c=3, d=24}
10: inc a      {a=479007257, b=0, c=3, d=24}
11: dec d      {a=479007257, b=0, c=3, d=23}
9: jnz d -2   {a=479007257, b=0, c=3, d=23}
10: inc a      {a=479007258, b=0, c=3, d=23}
11: dec d      {a=479007258, b=0, c=3, d=22}
9: jnz d -2   {a=479007258, b=0, c=3, d=22}
10: inc a      {a=479007259, b=0, c=3, d=22}
11: dec d      {a=479007259, b=0, c=3, d=21}
9: jnz d -2   {a=479007259, b=0, c=3, d=21}
10: inc a      {a=479007260, b=0, c=3, d=21}
11: dec d      {a=479007260, b=0, c=3, d=20}
9: jnz d -2   {a=479007260, b=0, c=3, d=20}
10: inc a      {a=479007261, b=0, c=3, d=20}
11: dec d      {a=479007261, b=0, c=3, d=19}
9: jnz d -2   {a=479007261, b=0, c=3, d=19}
10: inc a      {a=479007262, b=0, c=3, d=19}
11: dec d      {a=479007262, b=0, c=3, d=18}
9: jnz d -2   {a=479007262, b=0, c=3, d=18}
10: inc a      {a=479007263, b=0, c=3, d=18}
11: dec d      {a=479007263, b=0, c=3, d=17}
9: jnz d -2   {a=479007263, b=0, c=3, d=17}
10: inc a      {a=479007264, b=0, c=3, d=17}
11: dec d      {a=479007264, b=0, c=3, d=16}
9: jnz d -2   {a=479007264, b=0, c=3, d=16}
10: inc a      {a=479007265, b=0, c=3, d=16}
11: dec d      {a=479007265, b=0, c=3, d=15}
9: jnz d -2   {a=479007265, b=0, c=3, d=15}
10: inc a      {a=479007266, b=0, c=3, d=15}
11: dec d      {a=479007266, b=0, c=3, d=14}
9: jnz d -2   {a=479007266, b=0, c=3, d=14}
10: inc a      {a=479007267, b=0, c=3, d=14}
11: dec d      {a=479007267, b=0, c=3, d=13}
9: jnz d -2   {a=479007267, b=0, c=3, d=13}
10: inc a      {a=479007268, b=0, c=3, d=13}
11: dec d      {a=479007268, b=0, c=3, d=12}
9: jnz d -2   {a=479007268, b=0, c=3, d=12}
10: inc a      {a=479007269, b=0, c=3, d=12}
11: dec d      {a=479007269, b=0, c=3, d=11}
9: jnz d -2   {a=479007269, b=0, c=3, d=11}
10: inc a      {a=479007270, b=0, c=3, d=11}
11: dec d      {a=479007270, b=0, c=3, d=10}
9: jnz d -2   {a=479007270, b=0, c=3, d=10}
10: inc a      {a=479007271, b=0, c=3, d=10}
11: dec d      {a=479007271, b=0, c=3, d=9}
9: jnz d -2   {a=479007271, b=0, c=3, d=9}
10: inc a      {a=479007272, b=0, c=3, d=9}
11: dec d      {a=479007272, b=0, c=3, d=8}
9: jnz d -2   {a=479007272, b=0, c=3, d=8}
10: inc a      {a=479007273, b=0, c=3, d=8}
11: dec d      {a=479007273, b=0, c=3, d=7}
9: jnz d -2   {a=479007273, b=0, c=3, d=7}
10: inc a      {a=479007274, b=0, c=3, d=7}
11: dec d      {a=479007274, b=0, c=3, d=6}
9: jnz d -2   {a=479007274, b=0, c=3, d=6}
10: inc a      {a=479007275, b=0, c=3, d=6}
11: dec d      {a=479007275, b=0, c=3, d=5}
9: jnz d -2   {a=479007275, b=0, c=3, d=5}
10: inc a      {a=479007276, b=0, c=3, d=5}
11: dec d      {a=479007276, b=0, c=3, d=4}
9: jnz d -2   {a=479007276, b=0, c=3, d=4}
10: inc a      {a=479007277, b=0, c=3, d=4}
11: dec d      {a=479007277, b=0, c=3, d=3}
9: jnz d -2   {a=479007277, b=0, c=3, d=3}
10: inc a      {a=479007278, b=0, c=3, d=3}
11: dec d      {a=479007278, b=0, c=3, d=2}
9: jnz d -2   {a=479007278, b=0, c=3, d=2}
10: inc a      {a=479007279, b=0, c=3, d=2}
11: dec d      {a=479007279, b=0, c=3, d=1}
9: jnz d -2   {a=479007279, b=0, c=3, d=1}
10: inc a      {a=479007280, b=0, c=3, d=1}
11: dec d      {a=479007280, b=0, c=3, d=0}
12: jnz d -2   {a=479007280, b=0, c=3, d=0}
13: dec c      {a=479007280, b=0, c=2, d=0}
8: jnz c -5   {a=479007280, b=0, c=2, d=0}
9: cpy 80 d   {a=479007280, b=0, c=2, d=80}
10: inc a      {a=479007281, b=0, c=2, d=80}
11: dec d      {a=479007281, b=0, c=2, d=79}
9: jnz d -2   {a=479007281, b=0, c=2, d=79}
10: inc a      {a=479007282, b=0, c=2, d=79}
11: dec d      {a=479007282, b=0, c=2, d=78}
9: jnz d -2   {a=479007282, b=0, c=2, d=78}
10: inc a      {a=479007283, b=0, c=2, d=78}
11: dec d      {a=479007283, b=0, c=2, d=77}
9: jnz d -2   {a=479007283, b=0, c=2, d=77}
10: inc a      {a=479007284, b=0, c=2, d=77}
11: dec d      {a=479007284, b=0, c=2, d=76}
9: jnz d -2   {a=479007284, b=0, c=2, d=76}
10: inc a      {a=479007285, b=0, c=2, d=76}
11: dec d      {a=479007285, b=0, c=2, d=75}
9: jnz d -2   {a=479007285, b=0, c=2, d=75}
10: inc a      {a=479007286, b=0, c=2, d=75}
11: dec d      {a=479007286, b=0, c=2, d=74}
9: jnz d -2   {a=479007286, b=0, c=2, d=74}
10: inc a      {a=479007287, b=0, c=2, d=74}
11: dec d      {a=479007287, b=0, c=2, d=73}
9: jnz d -2   {a=479007287, b=0, c=2, d=73}
10: inc a      {a=479007288, b=0, c=2, d=73}
11: dec d      {a=479007288, b=0, c=2, d=72}
9: jnz d -2   {a=479007288, b=0, c=2, d=72}
10: inc a      {a=479007289, b=0, c=2, d=72}
11: dec d      {a=479007289, b=0, c=2, d=71}
9: jnz d -2   {a=479007289, b=0, c=2, d=71}
10: inc a      {a=479007290, b=0, c=2, d=71}
11: dec d      {a=479007290, b=0, c=2, d=70}
9: jnz d -2   {a=479007290, b=0, c=2, d=70}
10: inc a      {a=479007291, b=0, c=2, d=70}
11: dec d      {a=479007291, b=0, c=2, d=69}
9: jnz d -2   {a=479007291, b=0, c=2, d=69}
10: inc a      {a=479007292, b=0, c=2, d=69}
11: dec d      {a=479007292, b=0, c=2, d=68}
9: jnz d -2   {a=479007292, b=0, c=2, d=68}
10: inc a      {a=479007293, b=0, c=2, d=68}
11: dec d      {a=479007293, b=0, c=2, d=67}
9: jnz d -2   {a=479007293, b=0, c=2, d=67}
10: inc a      {a=479007294, b=0, c=2, d=67}
11: dec d      {a=479007294, b=0, c=2, d=66}
9: jnz d -2   {a=479007294, b=0, c=2, d=66}
10: inc a      {a=479007295, b=0, c=2, d=66}
11: dec d      {a=479007295, b=0, c=2, d=65}
9: jnz d -2   {a=479007295, b=0, c=2, d=65}
10: inc a      {a=479007296, b=0, c=2, d=65}
11: dec d      {a=479007296, b=0, c=2, d=64}
9: jnz d -2   {a=479007296, b=0, c=2, d=64}
10: inc a      {a=479007297, b=0, c=2, d=64}
11: dec d      {a=479007297, b=0, c=2, d=63}
9: jnz d -2   {a=479007297, b=0, c=2, d=63}
10: inc a      {a=479007298, b=0, c=2, d=63}
11: dec d      {a=479007298, b=0, c=2, d=62}
9: jnz d -2   {a=479007298, b=0, c=2, d=62}
10: inc a      {a=479007299, b=0, c=2, d=62}
11: dec d      {a=479007299, b=0, c=2, d=61}
9: jnz d -2   {a=479007299, b=0, c=2, d=61}
10: inc a      {a=479007300, b=0, c=2, d=61}
11: dec d      {a=479007300, b=0, c=2, d=60}
9: jnz d -2   {a=479007300, b=0, c=2, d=60}
10: inc a      {a=479007301, b=0, c=2, d=60}
11: dec d      {a=479007301, b=0, c=2, d=59}
9: jnz d -2   {a=479007301, b=0, c=2, d=59}
10: inc a      {a=479007302, b=0, c=2, d=59}
11: dec d      {a=479007302, b=0, c=2, d=58}
9: jnz d -2   {a=479007302, b=0, c=2, d=58}
10: inc a      {a=479007303, b=0, c=2, d=58}
11: dec d      {a=479007303, b=0, c=2, d=57}
9: jnz d -2   {a=479007303, b=0, c=2, d=57}
10: inc a      {a=479007304, b=0, c=2, d=57}
11: dec d      {a=479007304, b=0, c=2, d=56}
9: jnz d -2   {a=479007304, b=0, c=2, d=56}
10: inc a      {a=479007305, b=0, c=2, d=56}
11: dec d      {a=479007305, b=0, c=2, d=55}
9: jnz d -2   {a=479007305, b=0, c=2, d=55}
10: inc a      {a=479007306, b=0, c=2, d=55}
11: dec d      {a=479007306, b=0, c=2, d=54}
9: jnz d -2   {a=479007306, b=0, c=2, d=54}
10: inc a      {a=479007307, b=0, c=2, d=54}
11: dec d      {a=479007307, b=0, c=2, d=53}
9: jnz d -2   {a=479007307, b=0, c=2, d=53}
10: inc a      {a=479007308, b=0, c=2, d=53}
11: dec d      {a=479007308, b=0, c=2, d=52}
9: jnz d -2   {a=479007308, b=0, c=2, d=52}
10: inc a      {a=479007309, b=0, c=2, d=52}
11: dec d      {a=479007309, b=0, c=2, d=51}
9: jnz d -2   {a=479007309, b=0, c=2, d=51}
10: inc a      {a=479007310, b=0, c=2, d=51}
11: dec d      {a=479007310, b=0, c=2, d=50}
9: jnz d -2   {a=479007310, b=0, c=2, d=50}
10: inc a      {a=479007311, b=0, c=2, d=50}
11: dec d      {a=479007311, b=0, c=2, d=49}
9: jnz d -2   {a=479007311, b=0, c=2, d=49}
10: inc a      {a=479007312, b=0, c=2, d=49}
11: dec d      {a=479007312, b=0, c=2, d=48}
9: jnz d -2   {a=479007312, b=0, c=2, d=48}
10: inc a      {a=479007313, b=0, c=2, d=48}
11: dec d      {a=479007313, b=0, c=2, d=47}
9: jnz d -2   {a=479007313, b=0, c=2, d=47}
10: inc a      {a=479007314, b=0, c=2, d=47}
11: dec d      {a=479007314, b=0, c=2, d=46}
9: jnz d -2   {a=479007314, b=0, c=2, d=46}
10: inc a      {a=479007315, b=0, c=2, d=46}
11: dec d      {a=479007315, b=0, c=2, d=45}
9: jnz d -2   {a=479007315, b=0, c=2, d=45}
10: inc a      {a=479007316, b=0, c=2, d=45}
11: dec d      {a=479007316, b=0, c=2, d=44}
9: jnz d -2   {a=479007316, b=0, c=2, d=44}
10: inc a      {a=479007317, b=0, c=2, d=44}
11: dec d      {a=479007317, b=0, c=2, d=43}
9: jnz d -2   {a=479007317, b=0, c=2, d=43}
10: inc a      {a=479007318, b=0, c=2, d=43}
11: dec d      {a=479007318, b=0, c=2, d=42}
9: jnz d -2   {a=479007318, b=0, c=2, d=42}
10: inc a      {a=479007319, b=0, c=2, d=42}
11: dec d      {a=479007319, b=0, c=2, d=41}
9: jnz d -2   {a=479007319, b=0, c=2, d=41}
10: inc a      {a=479007320, b=0, c=2, d=41}
11: dec d      {a=479007320, b=0, c=2, d=40}
9: jnz d -2   {a=479007320, b=0, c=2, d=40}
10: inc a      {a=479007321, b=0, c=2, d=40}
11: dec d      {a=479007321, b=0, c=2, d=39}
9: jnz d -2   {a=479007321, b=0, c=2, d=39}
10: inc a      {a=479007322, b=0, c=2, d=39}
11: dec d      {a=479007322, b=0, c=2, d=38}
9: jnz d -2   {a=479007322, b=0, c=2, d=38}
10: inc a      {a=479007323, b=0, c=2, d=38}
11: dec d      {a=479007323, b=0, c=2, d=37}
9: jnz d -2   {a=479007323, b=0, c=2, d=37}
10: inc a      {a=479007324, b=0, c=2, d=37}
11: dec d      {a=479007324, b=0, c=2, d=36}
9: jnz d -2   {a=479007324, b=0, c=2, d=36}
10: inc a      {a=479007325, b=0, c=2, d=36}
11: dec d      {a=479007325, b=0, c=2, d=35}
9: jnz d -2   {a=479007325, b=0, c=2, d=35}
10: inc a      {a=479007326, b=0, c=2, d=35}
11: dec d      {a=479007326, b=0, c=2, d=34}
9: jnz d -2   {a=479007326, b=0, c=2, d=34}
10: inc a      {a=479007327, b=0, c=2, d=34}
11: dec d      {a=479007327, b=0, c=2, d=33}
9: jnz d -2   {a=479007327, b=0, c=2, d=33}
10: inc a      {a=479007328, b=0, c=2, d=33}
11: dec d      {a=479007328, b=0, c=2, d=32}
9: jnz d -2   {a=479007328, b=0, c=2, d=32}
10: inc a      {a=479007329, b=0, c=2, d=32}
11: dec d      {a=479007329, b=0, c=2, d=31}
9: jnz d -2   {a=479007329, b=0, c=2, d=31}
10: inc a      {a=479007330, b=0, c=2, d=31}
11: dec d      {a=479007330, b=0, c=2, d=30}
9: jnz d -2   {a=479007330, b=0, c=2, d=30}
10: inc a      {a=479007331, b=0, c=2, d=30}
11: dec d      {a=479007331, b=0, c=2, d=29}
9: jnz d -2   {a=479007331, b=0, c=2, d=29}
10: inc a      {a=479007332, b=0, c=2, d=29}
11: dec d      {a=479007332, b=0, c=2, d=28}
9: jnz d -2   {a=479007332, b=0, c=2, d=28}
10: inc a      {a=479007333, b=0, c=2, d=28}
11: dec d      {a=479007333, b=0, c=2, d=27}
9: jnz d -2   {a=479007333, b=0, c=2, d=27}
10: inc a      {a=479007334, b=0, c=2, d=27}
11: dec d      {a=479007334, b=0, c=2, d=26}
9: jnz d -2   {a=479007334, b=0, c=2, d=26}
10: inc a      {a=479007335, b=0, c=2, d=26}
11: dec d      {a=479007335, b=0, c=2, d=25}
9: jnz d -2   {a=479007335, b=0, c=2, d=25}
10: inc a      {a=479007336, b=0, c=2, d=25}
11: dec d      {a=479007336, b=0, c=2, d=24}
9: jnz d -2   {a=479007336, b=0, c=2, d=24}
10: inc a      {a=479007337, b=0, c=2, d=24}
11: dec d      {a=479007337, b=0, c=2, d=23}
9: jnz d -2   {a=479007337, b=0, c=2, d=23}
10: inc a      {a=479007338, b=0, c=2, d=23}
11: dec d      {a=479007338, b=0, c=2, d=22}
9: jnz d -2   {a=479007338, b=0, c=2, d=22}
10: inc a      {a=479007339, b=0, c=2, d=22}
11: dec d      {a=479007339, b=0, c=2, d=21}
9: jnz d -2   {a=479007339, b=0, c=2, d=21}
10: inc a      {a=479007340, b=0, c=2, d=21}
11: dec d      {a=479007340, b=0, c=2, d=20}
9: jnz d -2   {a=479007340, b=0, c=2, d=20}
10: inc a      {a=479007341, b=0, c=2, d=20}
11: dec d      {a=479007341, b=0, c=2, d=19}
9: jnz d -2   {a=479007341, b=0, c=2, d=19}
10: inc a      {a=479007342, b=0, c=2, d=19}
11: dec d      {a=479007342, b=0, c=2, d=18}
9: jnz d -2   {a=479007342, b=0, c=2, d=18}
10: inc a      {a=479007343, b=0, c=2, d=18}
11: dec d      {a=479007343, b=0, c=2, d=17}
9: jnz d -2   {a=479007343, b=0, c=2, d=17}
10: inc a      {a=479007344, b=0, c=2, d=17}
11: dec d      {a=479007344, b=0, c=2, d=16}
9: jnz d -2   {a=479007344, b=0, c=2, d=16}
10: inc a      {a=479007345, b=0, c=2, d=16}
11: dec d      {a=479007345, b=0, c=2, d=15}
9: jnz d -2   {a=479007345, b=0, c=2, d=15}
10: inc a      {a=479007346, b=0, c=2, d=15}
11: dec d      {a=479007346, b=0, c=2, d=14}
9: jnz d -2   {a=479007346, b=0, c=2, d=14}
10: inc a      {a=479007347, b=0, c=2, d=14}
11: dec d      {a=479007347, b=0, c=2, d=13}
9: jnz d -2   {a=479007347, b=0, c=2, d=13}
10: inc a      {a=479007348, b=0, c=2, d=13}
11: dec d      {a=479007348, b=0, c=2, d=12}
9: jnz d -2   {a=479007348, b=0, c=2, d=12}
10: inc a      {a=479007349, b=0, c=2, d=12}
11: dec d      {a=479007349, b=0, c=2, d=11}
9: jnz d -2   {a=479007349, b=0, c=2, d=11}
10: inc a      {a=479007350, b=0, c=2, d=11}
11: dec d      {a=479007350, b=0, c=2, d=10}
9: jnz d -2   {a=479007350, b=0, c=2, d=10}
10: inc a      {a=479007351, b=0, c=2, d=10}
11: dec d      {a=479007351, b=0, c=2, d=9}
9: jnz d -2   {a=479007351, b=0, c=2, d=9}
10: inc a      {a=479007352, b=0, c=2, d=9}
11: dec d      {a=479007352, b=0, c=2, d=8}
9: jnz d -2   {a=479007352, b=0, c=2, d=8}
10: inc a      {a=479007353, b=0, c=2, d=8}
11: dec d      {a=479007353, b=0, c=2, d=7}
9: jnz d -2   {a=479007353, b=0, c=2, d=7}
10: inc a      {a=479007354, b=0, c=2, d=7}
11: dec d      {a=479007354, b=0, c=2, d=6}
9: jnz d -2   {a=479007354, b=0, c=2, d=6}
10: inc a      {a=479007355, b=0, c=2, d=6}
11: dec d      {a=479007355, b=0, c=2, d=5}
9: jnz d -2   {a=479007355, b=0, c=2, d=5}
10: inc a      {a=479007356, b=0, c=2, d=5}
11: dec d      {a=479007356, b=0, c=2, d=4}
9: jnz d -2   {a=479007356, b=0, c=2, d=4}
10: inc a      {a=479007357, b=0, c=2, d=4}
11: dec d      {a=479007357, b=0, c=2, d=3}
9: jnz d -2   {a=479007357, b=0, c=2, d=3}
10: inc a      {a=479007358, b=0, c=2, d=3}
11: dec d      {a=479007358, b=0, c=2, d=2}
9: jnz d -2   {a=479007358, b=0, c=2, d=2}
10: inc a      {a=479007359, b=0, c=2, d=2}
11: dec d      {a=479007359, b=0, c=2, d=1}
9: jnz d -2   {a=479007359, b=0, c=2, d=1}
10: inc a      {a=479007360, b=0, c=2, d=1}
11: dec d      {a=479007360, b=0, c=2, d=0}
12: jnz d -2   {a=479007360, b=0, c=2, d=0}
13: dec c      {a=479007360, b=0, c=1, d=0}
8: jnz c -5   {a=479007360, b=0, c=1, d=0}
9: cpy 80 d   {a=479007360, b=0, c=1, d=80}
10: inc a      {a=479007361, b=0, c=1, d=80}
11: dec d      {a=479007361, b=0, c=1, d=79}
9: jnz d -2   {a=479007361, b=0, c=1, d=79}
10: inc a      {a=479007362, b=0, c=1, d=79}
11: dec d      {a=479007362, b=0, c=1, d=78}
9: jnz d -2   {a=479007362, b=0, c=1, d=78}
10: inc a      {a=479007363, b=0, c=1, d=78}
11: dec d      {a=479007363, b=0, c=1, d=77}
9: jnz d -2   {a=479007363, b=0, c=1, d=77}
10: inc a      {a=479007364, b=0, c=1, d=77}
11: dec d      {a=479007364, b=0, c=1, d=76}
9: jnz d -2   {a=479007364, b=0, c=1, d=76}
10: inc a      {a=479007365, b=0, c=1, d=76}
11: dec d      {a=479007365, b=0, c=1, d=75}
9: jnz d -2   {a=479007365, b=0, c=1, d=75}
10: inc a      {a=479007366, b=0, c=1, d=75}
11: dec d      {a=479007366, b=0, c=1, d=74}
9: jnz d -2   {a=479007366, b=0, c=1, d=74}
10: inc a      {a=479007367, b=0, c=1, d=74}
11: dec d      {a=479007367, b=0, c=1, d=73}
9: jnz d -2   {a=479007367, b=0, c=1, d=73}
10: inc a      {a=479007368, b=0, c=1, d=73}
11: dec d      {a=479007368, b=0, c=1, d=72}
9: jnz d -2   {a=479007368, b=0, c=1, d=72}
10: inc a      {a=479007369, b=0, c=1, d=72}
11: dec d      {a=479007369, b=0, c=1, d=71}
9: jnz d -2   {a=479007369, b=0, c=1, d=71}
10: inc a      {a=479007370, b=0, c=1, d=71}
11: dec d      {a=479007370, b=0, c=1, d=70}
9: jnz d -2   {a=479007370, b=0, c=1, d=70}
10: inc a      {a=479007371, b=0, c=1, d=70}
11: dec d      {a=479007371, b=0, c=1, d=69}
9: jnz d -2   {a=479007371, b=0, c=1, d=69}
10: inc a      {a=479007372, b=0, c=1, d=69}
11: dec d      {a=479007372, b=0, c=1, d=68}
9: jnz d -2   {a=479007372, b=0, c=1, d=68}
10: inc a      {a=479007373, b=0, c=1, d=68}
11: dec d      {a=479007373, b=0, c=1, d=67}
9: jnz d -2   {a=479007373, b=0, c=1, d=67}
10: inc a      {a=479007374, b=0, c=1, d=67}
11: dec d      {a=479007374, b=0, c=1, d=66}
9: jnz d -2   {a=479007374, b=0, c=1, d=66}
10: inc a      {a=479007375, b=0, c=1, d=66}
11: dec d      {a=479007375, b=0, c=1, d=65}
9: jnz d -2   {a=479007375, b=0, c=1, d=65}
10: inc a      {a=479007376, b=0, c=1, d=65}
11: dec d      {a=479007376, b=0, c=1, d=64}
9: jnz d -2   {a=479007376, b=0, c=1, d=64}
10: inc a      {a=479007377, b=0, c=1, d=64}
11: dec d      {a=479007377, b=0, c=1, d=63}
9: jnz d -2   {a=479007377, b=0, c=1, d=63}
10: inc a      {a=479007378, b=0, c=1, d=63}
11: dec d      {a=479007378, b=0, c=1, d=62}
9: jnz d -2   {a=479007378, b=0, c=1, d=62}
10: inc a      {a=479007379, b=0, c=1, d=62}
11: dec d      {a=479007379, b=0, c=1, d=61}
9: jnz d -2   {a=479007379, b=0, c=1, d=61}
10: inc a      {a=479007380, b=0, c=1, d=61}
11: dec d      {a=479007380, b=0, c=1, d=60}
9: jnz d -2   {a=479007380, b=0, c=1, d=60}
10: inc a      {a=479007381, b=0, c=1, d=60}
11: dec d      {a=479007381, b=0, c=1, d=59}
9: jnz d -2   {a=479007381, b=0, c=1, d=59}
10: inc a      {a=479007382, b=0, c=1, d=59}
11: dec d      {a=479007382, b=0, c=1, d=58}
9: jnz d -2   {a=479007382, b=0, c=1, d=58}
10: inc a      {a=479007383, b=0, c=1, d=58}
11: dec d      {a=479007383, b=0, c=1, d=57}
9: jnz d -2   {a=479007383, b=0, c=1, d=57}
10: inc a      {a=479007384, b=0, c=1, d=57}
11: dec d      {a=479007384, b=0, c=1, d=56}
9: jnz d -2   {a=479007384, b=0, c=1, d=56}
10: inc a      {a=479007385, b=0, c=1, d=56}
11: dec d      {a=479007385, b=0, c=1, d=55}
9: jnz d -2   {a=479007385, b=0, c=1, d=55}
10: inc a      {a=479007386, b=0, c=1, d=55}
11: dec d      {a=479007386, b=0, c=1, d=54}
9: jnz d -2   {a=479007386, b=0, c=1, d=54}
10: inc a      {a=479007387, b=0, c=1, d=54}
11: dec d      {a=479007387, b=0, c=1, d=53}
9: jnz d -2   {a=479007387, b=0, c=1, d=53}
10: inc a      {a=479007388, b=0, c=1, d=53}
11: dec d      {a=479007388, b=0, c=1, d=52}
9: jnz d -2   {a=479007388, b=0, c=1, d=52}
10: inc a      {a=479007389, b=0, c=1, d=52}
11: dec d      {a=479007389, b=0, c=1, d=51}
9: jnz d -2   {a=479007389, b=0, c=1, d=51}
10: inc a      {a=479007390, b=0, c=1, d=51}
11: dec d      {a=479007390, b=0, c=1, d=50}
9: jnz d -2   {a=479007390, b=0, c=1, d=50}
10: inc a      {a=479007391, b=0, c=1, d=50}
11: dec d      {a=479007391, b=0, c=1, d=49}
9: jnz d -2   {a=479007391, b=0, c=1, d=49}
10: inc a      {a=479007392, b=0, c=1, d=49}
11: dec d      {a=479007392, b=0, c=1, d=48}
9: jnz d -2   {a=479007392, b=0, c=1, d=48}
10: inc a      {a=479007393, b=0, c=1, d=48}
11: dec d      {a=479007393, b=0, c=1, d=47}
9: jnz d -2   {a=479007393, b=0, c=1, d=47}
10: inc a      {a=479007394, b=0, c=1, d=47}
11: dec d      {a=479007394, b=0, c=1, d=46}
9: jnz d -2   {a=479007394, b=0, c=1, d=46}
10: inc a      {a=479007395, b=0, c=1, d=46}
11: dec d      {a=479007395, b=0, c=1, d=45}
9: jnz d -2   {a=479007395, b=0, c=1, d=45}
10: inc a      {a=479007396, b=0, c=1, d=45}
11: dec d      {a=479007396, b=0, c=1, d=44}
9: jnz d -2   {a=479007396, b=0, c=1, d=44}
10: inc a      {a=479007397, b=0, c=1, d=44}
11: dec d      {a=479007397, b=0, c=1, d=43}
9: jnz d -2   {a=479007397, b=0, c=1, d=43}
10: inc a      {a=479007398, b=0, c=1, d=43}
11: dec d      {a=479007398, b=0, c=1, d=42}
9: jnz d -2   {a=479007398, b=0, c=1, d=42}
10: inc a      {a=479007399, b=0, c=1, d=42}
11: dec d      {a=479007399, b=0, c=1, d=41}
9: jnz d -2   {a=479007399, b=0, c=1, d=41}
10: inc a      {a=479007400, b=0, c=1, d=41}
11: dec d      {a=479007400, b=0, c=1, d=40}
9: jnz d -2   {a=479007400, b=0, c=1, d=40}
10: inc a      {a=479007401, b=0, c=1, d=40}
11: dec d      {a=479007401, b=0, c=1, d=39}
9: jnz d -2   {a=479007401, b=0, c=1, d=39}
10: inc a      {a=479007402, b=0, c=1, d=39}
11: dec d      {a=479007402, b=0, c=1, d=38}
9: jnz d -2   {a=479007402, b=0, c=1, d=38}
10: inc a      {a=479007403, b=0, c=1, d=38}
11: dec d      {a=479007403, b=0, c=1, d=37}
9: jnz d -2   {a=479007403, b=0, c=1, d=37}
10: inc a      {a=479007404, b=0, c=1, d=37}
11: dec d      {a=479007404, b=0, c=1, d=36}
9: jnz d -2   {a=479007404, b=0, c=1, d=36}
10: inc a      {a=479007405, b=0, c=1, d=36}
11: dec d      {a=479007405, b=0, c=1, d=35}
9: jnz d -2   {a=479007405, b=0, c=1, d=35}
10: inc a      {a=479007406, b=0, c=1, d=35}
11: dec d      {a=479007406, b=0, c=1, d=34}
9: jnz d -2   {a=479007406, b=0, c=1, d=34}
10: inc a      {a=479007407, b=0, c=1, d=34}
11: dec d      {a=479007407, b=0, c=1, d=33}
9: jnz d -2   {a=479007407, b=0, c=1, d=33}
10: inc a      {a=479007408, b=0, c=1, d=33}
11: dec d      {a=479007408, b=0, c=1, d=32}
9: jnz d -2   {a=479007408, b=0, c=1, d=32}
10: inc a      {a=479007409, b=0, c=1, d=32}
11: dec d      {a=479007409, b=0, c=1, d=31}
9: jnz d -2   {a=479007409, b=0, c=1, d=31}
10: inc a      {a=479007410, b=0, c=1, d=31}
11: dec d      {a=479007410, b=0, c=1, d=30}
9: jnz d -2   {a=479007410, b=0, c=1, d=30}
10: inc a      {a=479007411, b=0, c=1, d=30}
11: dec d      {a=479007411, b=0, c=1, d=29}
9: jnz d -2   {a=479007411, b=0, c=1, d=29}
10: inc a      {a=479007412, b=0, c=1, d=29}
11: dec d      {a=479007412, b=0, c=1, d=28}
9: jnz d -2   {a=479007412, b=0, c=1, d=28}
10: inc a      {a=479007413, b=0, c=1, d=28}
11: dec d      {a=479007413, b=0, c=1, d=27}
9: jnz d -2   {a=479007413, b=0, c=1, d=27}
10: inc a      {a=479007414, b=0, c=1, d=27}
11: dec d      {a=479007414, b=0, c=1, d=26}
9: jnz d -2   {a=479007414, b=0, c=1, d=26}
10: inc a      {a=479007415, b=0, c=1, d=26}
11: dec d      {a=479007415, b=0, c=1, d=25}
9: jnz d -2   {a=479007415, b=0, c=1, d=25}
10: inc a      {a=479007416, b=0, c=1, d=25}
11: dec d      {a=479007416, b=0, c=1, d=24}
9: jnz d -2   {a=479007416, b=0, c=1, d=24}
10: inc a      {a=479007417, b=0, c=1, d=24}
11: dec d      {a=479007417, b=0, c=1, d=23}
9: jnz d -2   {a=479007417, b=0, c=1, d=23}
10: inc a      {a=479007418, b=0, c=1, d=23}
11: dec d      {a=479007418, b=0, c=1, d=22}
9: jnz d -2   {a=479007418, b=0, c=1, d=22}
10: inc a      {a=479007419, b=0, c=1, d=22}
11: dec d      {a=479007419, b=0, c=1, d=21}
9: jnz d -2   {a=479007419, b=0, c=1, d=21}
10: inc a      {a=479007420, b=0, c=1, d=21}
11: dec d      {a=479007420, b=0, c=1, d=20}
9: jnz d -2   {a=479007420, b=0, c=1, d=20}
10: inc a      {a=479007421, b=0, c=1, d=20}
11: dec d      {a=479007421, b=0, c=1, d=19}
9: jnz d -2   {a=479007421, b=0, c=1, d=19}
10: inc a      {a=479007422, b=0, c=1, d=19}
11: dec d      {a=479007422, b=0, c=1, d=18}
9: jnz d -2   {a=479007422, b=0, c=1, d=18}
10: inc a      {a=479007423, b=0, c=1, d=18}
11: dec d      {a=479007423, b=0, c=1, d=17}
9: jnz d -2   {a=479007423, b=0, c=1, d=17}
10: inc a      {a=479007424, b=0, c=1, d=17}
11: dec d      {a=479007424, b=0, c=1, d=16}
9: jnz d -2   {a=479007424, b=0, c=1, d=16}
10: inc a      {a=479007425, b=0, c=1, d=16}
11: dec d      {a=479007425, b=0, c=1, d=15}
9: jnz d -2   {a=479007425, b=0, c=1, d=15}
10: inc a      {a=479007426, b=0, c=1, d=15}
11: dec d      {a=479007426, b=0, c=1, d=14}
9: jnz d -2   {a=479007426, b=0, c=1, d=14}
10: inc a      {a=479007427, b=0, c=1, d=14}
11: dec d      {a=479007427, b=0, c=1, d=13}
9: jnz d -2   {a=479007427, b=0, c=1, d=13}
10: inc a      {a=479007428, b=0, c=1, d=13}
11: dec d      {a=479007428, b=0, c=1, d=12}
9: jnz d -2   {a=479007428, b=0, c=1, d=12}
10: inc a      {a=479007429, b=0, c=1, d=12}
11: dec d      {a=479007429, b=0, c=1, d=11}
9: jnz d -2   {a=479007429, b=0, c=1, d=11}
10: inc a      {a=479007430, b=0, c=1, d=11}
11: dec d      {a=479007430, b=0, c=1, d=10}
9: jnz d -2   {a=479007430, b=0, c=1, d=10}
10: inc a      {a=479007431, b=0, c=1, d=10}
11: dec d      {a=479007431, b=0, c=1, d=9}
9: jnz d -2   {a=479007431, b=0, c=1, d=9}
10: inc a      {a=479007432, b=0, c=1, d=9}
11: dec d      {a=479007432, b=0, c=1, d=8}
9: jnz d -2   {a=479007432, b=0, c=1, d=8}
10: inc a      {a=479007433, b=0, c=1, d=8}
11: dec d      {a=479007433, b=0, c=1, d=7}
9: jnz d -2   {a=479007433, b=0, c=1, d=7}
10: inc a      {a=479007434, b=0, c=1, d=7}
11: dec d      {a=479007434, b=0, c=1, d=6}
9: jnz d -2   {a=479007434, b=0, c=1, d=6}
10: inc a      {a=479007435, b=0, c=1, d=6}
11: dec d      {a=479007435, b=0, c=1, d=5}
9: jnz d -2   {a=479007435, b=0, c=1, d=5}
10: inc a      {a=479007436, b=0, c=1, d=5}
11: dec d      {a=479007436, b=0, c=1, d=4}
9: jnz d -2   {a=479007436, b=0, c=1, d=4}
10: inc a      {a=479007437, b=0, c=1, d=4}
11: dec d      {a=479007437, b=0, c=1, d=3}
9: jnz d -2   {a=479007437, b=0, c=1, d=3}
10: inc a      {a=479007438, b=0, c=1, d=3}
11: dec d      {a=479007438, b=0, c=1, d=2}
9: jnz d -2   {a=479007438, b=0, c=1, d=2}
10: inc a      {a=479007439, b=0, c=1, d=2}
11: dec d      {a=479007439, b=0, c=1, d=1}
9: jnz d -2   {a=479007439, b=0, c=1, d=1}
10: inc a      {a=479007440, b=0, c=1, d=1}
11: dec d      {a=479007440, b=0, c=1, d=0}
12: jnz d -2   {a=479007440, b=0, c=1, d=0}
13: dec c      {a=479007440, b=0, c=0, d=0}
14: jnz c -5   {a=479007440, b=0, c=0, d=0}
479007440
Done!
